{"/Users/thara/Desktop/share/20190104_IstanbulJS_Coverage_Issue/11_SolutionB/typescript_v2/src/Test/0_Statement/0_Normal/Normal.tsx": {"path":"/Users/thara/Desktop/share/20190104_IstanbulJS_Coverage_Issue/11_SolutionB/typescript_v2/src/Test/0_Statement/0_Normal/Normal.tsx","statementMap":{"0":{"start":{"line":2,"column":2},"end":{"line":2,"column":8}},"1":{"start":{"line":3,"column":22},"end":{"line":3,"column":60}}},"fnMap":{"0":{"name":"(anonymous_0)","decl":{"start":{"line":1,"column":15},"end":{"line":1,"column":25}},"loc":{"start":{"line":1,"column":26},"end":{"line":4,"column":1}},"line":1}},"branchMap":{},"s":{"0":1,"1":0},"f":{"0":1},"b":{},"_coverageSchema":"332fd63041d2c1bcb487cc26dd0d5f7d97098a6c","hash":"052eb2fe99c56b0026459d08a6f47801d7b05f3f"}
,"/Users/thara/Desktop/share/20190104_IstanbulJS_Coverage_Issue/11_SolutionB/typescript_v2/src/Test/0_Statement/1_Split/Split.tsx": {"path":"/Users/thara/Desktop/share/20190104_IstanbulJS_Coverage_Issue/11_SolutionB/typescript_v2/src/Test/0_Statement/1_Split/Split.tsx","statementMap":{"0":{"start":{"line":2,"column":2},"end":{"line":2,"column":8}},"1":{"start":{"line":3,"column":22},"end":{"line":6,"column":14}}},"fnMap":{"0":{"name":"(anonymous_0)","decl":{"start":{"line":1,"column":15},"end":{"line":1,"column":25}},"loc":{"start":{"line":1,"column":26},"end":{"line":7,"column":1}},"line":1}},"branchMap":{},"s":{"0":1,"1":0},"f":{"0":1},"b":{},"_coverageSchema":"332fd63041d2c1bcb487cc26dd0d5f7d97098a6c","hash":"61b6934ed7e931439c6b60d426ffb143b26622de"}
,"/Users/thara/Desktop/share/20190104_IstanbulJS_Coverage_Issue/11_SolutionB/typescript_v2/src/Test/0_Statement/2_Nested/Nested.tsx": {"path":"/Users/thara/Desktop/share/20190104_IstanbulJS_Coverage_Issue/11_SolutionB/typescript_v2/src/Test/0_Statement/2_Nested/Nested.tsx","statementMap":{"0":{"start":{"line":2,"column":2},"end":{"line":2,"column":8}}},"fnMap":{"0":{"name":"(anonymous_0)","decl":{"start":{"line":1,"column":15},"end":{"line":1,"column":25}},"loc":{"start":{"line":1,"column":26},"end":{"line":5,"column":1}},"line":1}},"branchMap":{},"s":{"0":1},"f":{"0":1},"b":{},"_coverageSchema":"332fd63041d2c1bcb487cc26dd0d5f7d97098a6c","hash":"a42771ab23a92e97e5a544d16eca95d42c036eae"}
,"/Users/thara/Desktop/share/20190104_IstanbulJS_Coverage_Issue/11_SolutionB/typescript_v2/src/Test/0_Statement/3_Abuse/Abuse.tsx": {"path":"/Users/thara/Desktop/share/20190104_IstanbulJS_Coverage_Issue/11_SolutionB/typescript_v2/src/Test/0_Statement/3_Abuse/Abuse.tsx","statementMap":{"0":{"start":{"line":2,"column":2},"end":{"line":2,"column":8}},"1":{"start":{"line":3,"column":22},"end":{"line":3,"column":60}},"2":{"start":{"line":3,"column":77},"end":{"line":3,"column":118}}},"fnMap":{"0":{"name":"(anonymous_0)","decl":{"start":{"line":1,"column":15},"end":{"line":1,"column":25}},"loc":{"start":{"line":1,"column":26},"end":{"line":4,"column":1}},"line":1}},"branchMap":{},"s":{"0":1,"1":0,"2":0},"f":{"0":1},"b":{},"_coverageSchema":"332fd63041d2c1bcb487cc26dd0d5f7d97098a6c","hash":"586890be4203ed9b5304b923880fc1d0ea9f738e"}
,"/Users/thara/Desktop/share/20190104_IstanbulJS_Coverage_Issue/11_SolutionB/typescript_v2/src/Test/1_Branch/0_Normal/ConditionalOperator.tsx": {"path":"/Users/thara/Desktop/share/20190104_IstanbulJS_Coverage_Issue/11_SolutionB/typescript_v2/src/Test/1_Branch/0_Normal/ConditionalOperator.tsx","statementMap":{"0":{"start":{"line":2,"column":32},"end":{"line":2,"column":52}},"1":{"start":{"line":3,"column":32},"end":{"line":3,"column":52}}},"fnMap":{"0":{"name":"(anonymous_0)","decl":{"start":{"line":1,"column":15},"end":{"line":1,"column":25}},"loc":{"start":{"line":1,"column":26},"end":{"line":4,"column":1}},"line":1}},"branchMap":{"0":{"loc":{"start":{"line":2,"column":32},"end":{"line":2,"column":52}},"type":"cond-expr","locations":[{"start":{"line":2,"column":39},"end":{"line":2,"column":44}},{"start":{"line":2,"column":47},"end":{"line":2,"column":52}}],"line":2},"1":{"loc":{"start":{"line":3,"column":32},"end":{"line":3,"column":52}},"type":"cond-expr","locations":[{"start":{"line":3,"column":40},"end":{"line":3,"column":44}},{"start":{"line":3,"column":47},"end":{"line":3,"column":52}}],"line":3}},"s":{"0":1,"1":1},"f":{"0":1},"b":{"0":[1,0],"1":[0,1]},"_coverageSchema":"332fd63041d2c1bcb487cc26dd0d5f7d97098a6c","hash":"f307fbbfe0e169c1f400b4b633983d2133dfae72"}
,"/Users/thara/Desktop/share/20190104_IstanbulJS_Coverage_Issue/11_SolutionB/typescript_v2/src/Test/1_Branch/0_Normal/If.tsx": {"path":"/Users/thara/Desktop/share/20190104_IstanbulJS_Coverage_Issue/11_SolutionB/typescript_v2/src/Test/1_Branch/0_Normal/If.tsx","statementMap":{"0":{"start":{"line":3,"column":2},"end":{"line":5,"column":3}},"1":{"start":{"line":4,"column":4},"end":{"line":4,"column":9}},"2":{"start":{"line":8,"column":2},"end":{"line":12,"column":3}},"3":{"start":{"line":9,"column":4},"end":{"line":9,"column":9}},"4":{"start":{"line":11,"column":4},"end":{"line":11,"column":9}},"5":{"start":{"line":14,"column":2},"end":{"line":18,"column":3}},"6":{"start":{"line":15,"column":4},"end":{"line":15,"column":9}},"7":{"start":{"line":17,"column":4},"end":{"line":17,"column":9}},"8":{"start":{"line":21,"column":2},"end":{"line":25,"column":3}},"9":{"start":{"line":22,"column":4},"end":{"line":22,"column":9}},"10":{"start":{"line":23,"column":9},"end":{"line":25,"column":3}},"11":{"start":{"line":24,"column":4},"end":{"line":24,"column":9}},"12":{"start":{"line":27,"column":2},"end":{"line":31,"column":3}},"13":{"start":{"line":28,"column":4},"end":{"line":28,"column":9}},"14":{"start":{"line":29,"column":9},"end":{"line":31,"column":3}},"15":{"start":{"line":30,"column":4},"end":{"line":30,"column":9}},"16":{"start":{"line":33,"column":2},"end":{"line":37,"column":3}},"17":{"start":{"line":34,"column":4},"end":{"line":34,"column":9}},"18":{"start":{"line":35,"column":9},"end":{"line":37,"column":3}},"19":{"start":{"line":36,"column":4},"end":{"line":36,"column":9}},"20":{"start":{"line":40,"column":2},"end":{"line":46,"column":3}},"21":{"start":{"line":41,"column":4},"end":{"line":41,"column":9}},"22":{"start":{"line":42,"column":9},"end":{"line":46,"column":3}},"23":{"start":{"line":43,"column":4},"end":{"line":43,"column":9}},"24":{"start":{"line":45,"column":4},"end":{"line":45,"column":9}},"25":{"start":{"line":48,"column":2},"end":{"line":54,"column":3}},"26":{"start":{"line":49,"column":4},"end":{"line":49,"column":9}},"27":{"start":{"line":50,"column":9},"end":{"line":54,"column":3}},"28":{"start":{"line":51,"column":4},"end":{"line":51,"column":9}},"29":{"start":{"line":53,"column":4},"end":{"line":53,"column":9}},"30":{"start":{"line":56,"column":2},"end":{"line":62,"column":3}},"31":{"start":{"line":57,"column":4},"end":{"line":57,"column":9}},"32":{"start":{"line":58,"column":9},"end":{"line":62,"column":3}},"33":{"start":{"line":59,"column":4},"end":{"line":59,"column":9}},"34":{"start":{"line":61,"column":4},"end":{"line":61,"column":9}}},"fnMap":{"0":{"name":"(anonymous_0)","decl":{"start":{"line":1,"column":15},"end":{"line":1,"column":25}},"loc":{"start":{"line":1,"column":26},"end":{"line":63,"column":1}},"line":1}},"branchMap":{"0":{"loc":{"start":{"line":3,"column":2},"end":{"line":5,"column":3}},"type":"if","locations":[{"start":{"line":3,"column":2},"end":{"line":5,"column":3}},{"start":{"line":3,"column":2},"end":{"line":5,"column":3}}],"line":3},"1":{"loc":{"start":{"line":8,"column":2},"end":{"line":12,"column":3}},"type":"if","locations":[{"start":{"line":8,"column":2},"end":{"line":12,"column":3}},{"start":{"line":8,"column":2},"end":{"line":12,"column":3}}],"line":8},"2":{"loc":{"start":{"line":14,"column":2},"end":{"line":18,"column":3}},"type":"if","locations":[{"start":{"line":14,"column":2},"end":{"line":18,"column":3}},{"start":{"line":14,"column":2},"end":{"line":18,"column":3}}],"line":14},"3":{"loc":{"start":{"line":21,"column":2},"end":{"line":25,"column":3}},"type":"if","locations":[{"start":{"line":21,"column":2},"end":{"line":25,"column":3}},{"start":{"line":21,"column":2},"end":{"line":25,"column":3}}],"line":21},"4":{"loc":{"start":{"line":23,"column":9},"end":{"line":25,"column":3}},"type":"if","locations":[{"start":{"line":23,"column":9},"end":{"line":25,"column":3}},{"start":{"line":23,"column":9},"end":{"line":25,"column":3}}],"line":23},"5":{"loc":{"start":{"line":27,"column":2},"end":{"line":31,"column":3}},"type":"if","locations":[{"start":{"line":27,"column":2},"end":{"line":31,"column":3}},{"start":{"line":27,"column":2},"end":{"line":31,"column":3}}],"line":27},"6":{"loc":{"start":{"line":29,"column":9},"end":{"line":31,"column":3}},"type":"if","locations":[{"start":{"line":29,"column":9},"end":{"line":31,"column":3}},{"start":{"line":29,"column":9},"end":{"line":31,"column":3}}],"line":29},"7":{"loc":{"start":{"line":33,"column":2},"end":{"line":37,"column":3}},"type":"if","locations":[{"start":{"line":33,"column":2},"end":{"line":37,"column":3}},{"start":{"line":33,"column":2},"end":{"line":37,"column":3}}],"line":33},"8":{"loc":{"start":{"line":35,"column":9},"end":{"line":37,"column":3}},"type":"if","locations":[{"start":{"line":35,"column":9},"end":{"line":37,"column":3}},{"start":{"line":35,"column":9},"end":{"line":37,"column":3}}],"line":35},"9":{"loc":{"start":{"line":40,"column":2},"end":{"line":46,"column":3}},"type":"if","locations":[{"start":{"line":40,"column":2},"end":{"line":46,"column":3}},{"start":{"line":40,"column":2},"end":{"line":46,"column":3}}],"line":40},"10":{"loc":{"start":{"line":42,"column":9},"end":{"line":46,"column":3}},"type":"if","locations":[{"start":{"line":42,"column":9},"end":{"line":46,"column":3}},{"start":{"line":42,"column":9},"end":{"line":46,"column":3}}],"line":42},"11":{"loc":{"start":{"line":48,"column":2},"end":{"line":54,"column":3}},"type":"if","locations":[{"start":{"line":48,"column":2},"end":{"line":54,"column":3}},{"start":{"line":48,"column":2},"end":{"line":54,"column":3}}],"line":48},"12":{"loc":{"start":{"line":50,"column":9},"end":{"line":54,"column":3}},"type":"if","locations":[{"start":{"line":50,"column":9},"end":{"line":54,"column":3}},{"start":{"line":50,"column":9},"end":{"line":54,"column":3}}],"line":50},"13":{"loc":{"start":{"line":56,"column":2},"end":{"line":62,"column":3}},"type":"if","locations":[{"start":{"line":56,"column":2},"end":{"line":62,"column":3}},{"start":{"line":56,"column":2},"end":{"line":62,"column":3}}],"line":56},"14":{"loc":{"start":{"line":58,"column":9},"end":{"line":62,"column":3}},"type":"if","locations":[{"start":{"line":58,"column":9},"end":{"line":62,"column":3}},{"start":{"line":58,"column":9},"end":{"line":62,"column":3}}],"line":58}},"s":{"0":1,"1":0,"2":1,"3":0,"4":1,"5":1,"6":1,"7":0,"8":1,"9":0,"10":1,"11":0,"12":1,"13":0,"14":1,"15":1,"16":1,"17":1,"18":0,"19":0,"20":1,"21":0,"22":1,"23":0,"24":1,"25":1,"26":0,"27":1,"28":1,"29":0,"30":1,"31":1,"32":0,"33":0,"34":0},"f":{"0":1},"b":{"0":[0,1],"1":[0,1],"2":[1,0],"3":[0,1],"4":[0,1],"5":[0,1],"6":[1,0],"7":[1,0],"8":[0,0],"9":[0,1],"10":[0,1],"11":[0,1],"12":[1,0],"13":[1,0],"14":[0,0]},"_coverageSchema":"332fd63041d2c1bcb487cc26dd0d5f7d97098a6c","hash":"32f89c5cfea79a236e87d8bd2f07eb804119412e"}
,"/Users/thara/Desktop/share/20190104_IstanbulJS_Coverage_Issue/11_SolutionB/typescript_v2/src/Test/1_Branch/0_Normal/ShortCircuitEvaluation.tsx": {"path":"/Users/thara/Desktop/share/20190104_IstanbulJS_Coverage_Issue/11_SolutionB/typescript_v2/src/Test/1_Branch/0_Normal/ShortCircuitEvaluation.tsx","statementMap":{"0":{"start":{"line":2,"column":32},"end":{"line":2,"column":46}}},"fnMap":{"0":{"name":"(anonymous_0)","decl":{"start":{"line":1,"column":15},"end":{"line":1,"column":25}},"loc":{"start":{"line":1,"column":26},"end":{"line":3,"column":1}},"line":1}},"branchMap":{"0":{"loc":{"start":{"line":2,"column":32},"end":{"line":2,"column":46}},"type":"binary-expr","locations":[{"start":{"line":2,"column":32},"end":{"line":2,"column":37}},{"start":{"line":2,"column":41},"end":{"line":2,"column":46}}],"line":2}},"s":{"0":1},"f":{"0":1},"b":{"0":[1,0]},"_coverageSchema":"332fd63041d2c1bcb487cc26dd0d5f7d97098a6c","hash":"09595e3750d79ae03d05cd259bab4fa128575a0d"}
,"/Users/thara/Desktop/share/20190104_IstanbulJS_Coverage_Issue/11_SolutionB/typescript_v2/src/Test/1_Branch/0_Normal/Switch.tsx": {"path":"/Users/thara/Desktop/share/20190104_IstanbulJS_Coverage_Issue/11_SolutionB/typescript_v2/src/Test/1_Branch/0_Normal/Switch.tsx","statementMap":{"0":{"start":{"line":2,"column":19},"end":{"line":4,"column":3}},"1":{"start":{"line":7,"column":2},"end":{"line":11,"column":3}},"2":{"start":{"line":9,"column":6},"end":{"line":9,"column":11}},"3":{"start":{"line":10,"column":6},"end":{"line":10,"column":11}},"4":{"start":{"line":14,"column":2},"end":{"line":21,"column":3}},"5":{"start":{"line":16,"column":6},"end":{"line":16,"column":11}},"6":{"start":{"line":17,"column":6},"end":{"line":17,"column":11}},"7":{"start":{"line":19,"column":6},"end":{"line":19,"column":11}},"8":{"start":{"line":20,"column":6},"end":{"line":20,"column":11}},"9":{"start":{"line":24,"column":2},"end":{"line":34,"column":3}},"10":{"start":{"line":26,"column":6},"end":{"line":26,"column":11}},"11":{"start":{"line":27,"column":6},"end":{"line":27,"column":11}},"12":{"start":{"line":29,"column":6},"end":{"line":29,"column":11}},"13":{"start":{"line":30,"column":6},"end":{"line":30,"column":11}},"14":{"start":{"line":32,"column":6},"end":{"line":32,"column":11}},"15":{"start":{"line":33,"column":6},"end":{"line":33,"column":11}}},"fnMap":{"0":{"name":"(anonymous_0)","decl":{"start":{"line":1,"column":15},"end":{"line":1,"column":25}},"loc":{"start":{"line":1,"column":26},"end":{"line":35,"column":1}},"line":1}},"branchMap":{"0":{"loc":{"start":{"line":7,"column":2},"end":{"line":11,"column":3}},"type":"switch","locations":[{"start":{"line":8,"column":4},"end":{"line":10,"column":12}}],"line":7},"1":{"loc":{"start":{"line":14,"column":2},"end":{"line":21,"column":3}},"type":"switch","locations":[{"start":{"line":15,"column":4},"end":{"line":17,"column":12}},{"start":{"line":18,"column":4},"end":{"line":20,"column":12}}],"line":14},"2":{"loc":{"start":{"line":24,"column":2},"end":{"line":34,"column":3}},"type":"switch","locations":[{"start":{"line":25,"column":4},"end":{"line":27,"column":12}},{"start":{"line":28,"column":4},"end":{"line":30,"column":12}},{"start":{"line":31,"column":4},"end":{"line":33,"column":12}}],"line":24}},"s":{"0":1,"1":1,"2":0,"3":0,"4":1,"5":1,"6":1,"7":0,"8":0,"9":1,"10":1,"11":1,"12":0,"13":0,"14":0,"15":0},"f":{"0":1},"b":{"0":[0],"1":[1,0],"2":[1,0,0]},"_coverageSchema":"332fd63041d2c1bcb487cc26dd0d5f7d97098a6c","hash":"ad61c6d426f88612318fc54624a18503500e19d7"}
,"/Users/thara/Desktop/share/20190104_IstanbulJS_Coverage_Issue/11_SolutionB/typescript_v2/src/Test/1_Branch/1_Split/ConditionalOperator.tsx": {"path":"/Users/thara/Desktop/share/20190104_IstanbulJS_Coverage_Issue/11_SolutionB/typescript_v2/src/Test/1_Branch/1_Split/ConditionalOperator.tsx","statementMap":{},"fnMap":{"0":{"name":"(anonymous_0)","decl":{"start":{"line":1,"column":15},"end":{"line":1,"column":25}},"loc":{"start":{"line":1,"column":26},"end":{"line":5,"column":1}},"line":1}},"branchMap":{},"s":{},"f":{"0":1},"b":{},"_coverageSchema":"332fd63041d2c1bcb487cc26dd0d5f7d97098a6c","hash":"2cfaa821fe2b5ca5ecad87e0e4ec5a5efc4be4ca"}
,"/Users/thara/Desktop/share/20190104_IstanbulJS_Coverage_Issue/11_SolutionB/typescript_v2/src/Test/1_Branch/1_Split/If.tsx": {"path":"/Users/thara/Desktop/share/20190104_IstanbulJS_Coverage_Issue/11_SolutionB/typescript_v2/src/Test/1_Branch/1_Split/If.tsx","statementMap":{"0":{"start":{"line":3,"column":2},"end":{"line":5,"column":3}},"1":{"start":{"line":4,"column":4},"end":{"line":4,"column":9}},"2":{"start":{"line":8,"column":2},"end":{"line":12,"column":3}},"3":{"start":{"line":9,"column":4},"end":{"line":9,"column":9}},"4":{"start":{"line":11,"column":4},"end":{"line":11,"column":9}},"5":{"start":{"line":14,"column":2},"end":{"line":18,"column":3}},"6":{"start":{"line":15,"column":4},"end":{"line":15,"column":9}},"7":{"start":{"line":17,"column":4},"end":{"line":17,"column":9}},"8":{"start":{"line":21,"column":2},"end":{"line":25,"column":3}},"9":{"start":{"line":22,"column":4},"end":{"line":22,"column":9}},"10":{"start":{"line":23,"column":9},"end":{"line":25,"column":3}},"11":{"start":{"line":24,"column":4},"end":{"line":24,"column":9}},"12":{"start":{"line":27,"column":2},"end":{"line":31,"column":3}},"13":{"start":{"line":28,"column":4},"end":{"line":28,"column":9}},"14":{"start":{"line":29,"column":9},"end":{"line":31,"column":3}},"15":{"start":{"line":30,"column":4},"end":{"line":30,"column":9}},"16":{"start":{"line":33,"column":2},"end":{"line":39,"column":3}},"17":{"start":{"line":34,"column":4},"end":{"line":34,"column":9}},"18":{"start":{"line":35,"column":9},"end":{"line":39,"column":3}},"19":{"start":{"line":38,"column":4},"end":{"line":38,"column":9}},"20":{"start":{"line":42,"column":2},"end":{"line":48,"column":3}},"21":{"start":{"line":43,"column":4},"end":{"line":43,"column":9}},"22":{"start":{"line":44,"column":9},"end":{"line":48,"column":3}},"23":{"start":{"line":45,"column":4},"end":{"line":45,"column":9}},"24":{"start":{"line":47,"column":4},"end":{"line":47,"column":9}},"25":{"start":{"line":50,"column":2},"end":{"line":56,"column":3}},"26":{"start":{"line":51,"column":4},"end":{"line":51,"column":9}},"27":{"start":{"line":52,"column":9},"end":{"line":56,"column":3}},"28":{"start":{"line":53,"column":4},"end":{"line":53,"column":9}},"29":{"start":{"line":55,"column":4},"end":{"line":55,"column":9}},"30":{"start":{"line":58,"column":2},"end":{"line":66,"column":3}},"31":{"start":{"line":59,"column":4},"end":{"line":59,"column":9}},"32":{"start":{"line":60,"column":9},"end":{"line":66,"column":3}},"33":{"start":{"line":63,"column":4},"end":{"line":63,"column":9}},"34":{"start":{"line":65,"column":4},"end":{"line":65,"column":9}}},"fnMap":{"0":{"name":"(anonymous_0)","decl":{"start":{"line":1,"column":15},"end":{"line":1,"column":25}},"loc":{"start":{"line":1,"column":26},"end":{"line":67,"column":1}},"line":1}},"branchMap":{"0":{"loc":{"start":{"line":3,"column":2},"end":{"line":5,"column":3}},"type":"if","locations":[{"start":{"line":3,"column":2},"end":{"line":5,"column":3}},{"start":{"line":3,"column":2},"end":{"line":5,"column":3}}],"line":3},"1":{"loc":{"start":{"line":8,"column":2},"end":{"line":12,"column":3}},"type":"if","locations":[{"start":{"line":8,"column":2},"end":{"line":12,"column":3}},{"start":{"line":8,"column":2},"end":{"line":12,"column":3}}],"line":8},"2":{"loc":{"start":{"line":14,"column":2},"end":{"line":18,"column":3}},"type":"if","locations":[{"start":{"line":14,"column":2},"end":{"line":18,"column":3}},{"start":{"line":14,"column":2},"end":{"line":18,"column":3}}],"line":14},"3":{"loc":{"start":{"line":21,"column":2},"end":{"line":25,"column":3}},"type":"if","locations":[{"start":{"line":21,"column":2},"end":{"line":25,"column":3}},{"start":{"line":21,"column":2},"end":{"line":25,"column":3}}],"line":21},"4":{"loc":{"start":{"line":23,"column":9},"end":{"line":25,"column":3}},"type":"if","locations":[{"start":{"line":23,"column":9},"end":{"line":25,"column":3}},{"start":{"line":23,"column":9},"end":{"line":25,"column":3}}],"line":23},"5":{"loc":{"start":{"line":27,"column":2},"end":{"line":31,"column":3}},"type":"if","locations":[{"start":{"line":27,"column":2},"end":{"line":31,"column":3}},{"start":{"line":27,"column":2},"end":{"line":31,"column":3}}],"line":27},"6":{"loc":{"start":{"line":29,"column":9},"end":{"line":31,"column":3}},"type":"if","locations":[{"start":{"line":29,"column":9},"end":{"line":31,"column":3}},{"start":{"line":29,"column":9},"end":{"line":31,"column":3}}],"line":29},"7":{"loc":{"start":{"line":33,"column":2},"end":{"line":39,"column":3}},"type":"if","locations":[{"start":{"line":33,"column":2},"end":{"line":39,"column":3}},{"start":{"line":33,"column":2},"end":{"line":39,"column":3}}],"line":33},"8":{"loc":{"start":{"line":35,"column":9},"end":{"line":39,"column":3}},"type":"if","locations":[{"start":{"line":35,"column":9},"end":{"line":39,"column":3}},{"start":{"line":35,"column":9},"end":{"line":39,"column":3}}],"line":35},"9":{"loc":{"start":{"line":42,"column":2},"end":{"line":48,"column":3}},"type":"if","locations":[{"start":{"line":42,"column":2},"end":{"line":48,"column":3}},{"start":{"line":42,"column":2},"end":{"line":48,"column":3}}],"line":42},"10":{"loc":{"start":{"line":44,"column":9},"end":{"line":48,"column":3}},"type":"if","locations":[{"start":{"line":44,"column":9},"end":{"line":48,"column":3}},{"start":{"line":44,"column":9},"end":{"line":48,"column":3}}],"line":44},"11":{"loc":{"start":{"line":50,"column":2},"end":{"line":56,"column":3}},"type":"if","locations":[{"start":{"line":50,"column":2},"end":{"line":56,"column":3}},{"start":{"line":50,"column":2},"end":{"line":56,"column":3}}],"line":50},"12":{"loc":{"start":{"line":52,"column":9},"end":{"line":56,"column":3}},"type":"if","locations":[{"start":{"line":52,"column":9},"end":{"line":56,"column":3}},{"start":{"line":52,"column":9},"end":{"line":56,"column":3}}],"line":52},"13":{"loc":{"start":{"line":58,"column":2},"end":{"line":66,"column":3}},"type":"if","locations":[{"start":{"line":58,"column":2},"end":{"line":66,"column":3}},{"start":{"line":58,"column":2},"end":{"line":66,"column":3}}],"line":58},"14":{"loc":{"start":{"line":60,"column":9},"end":{"line":66,"column":3}},"type":"if","locations":[{"start":{"line":60,"column":9},"end":{"line":66,"column":3}},{"start":{"line":60,"column":9},"end":{"line":66,"column":3}}],"line":60}},"s":{"0":1,"1":0,"2":1,"3":0,"4":1,"5":1,"6":1,"7":0,"8":1,"9":0,"10":1,"11":0,"12":1,"13":0,"14":1,"15":1,"16":1,"17":1,"18":0,"19":0,"20":1,"21":0,"22":1,"23":0,"24":1,"25":1,"26":0,"27":1,"28":1,"29":0,"30":1,"31":1,"32":0,"33":0,"34":0},"f":{"0":1},"b":{"0":[0,1],"1":[0,1],"2":[1,0],"3":[0,1],"4":[0,1],"5":[0,1],"6":[1,0],"7":[1,0],"8":[0,0],"9":[0,1],"10":[0,1],"11":[0,1],"12":[1,0],"13":[1,0],"14":[0,0]},"_coverageSchema":"332fd63041d2c1bcb487cc26dd0d5f7d97098a6c","hash":"8333dc261a0e1331129bca61636a8df82319809a"}
,"/Users/thara/Desktop/share/20190104_IstanbulJS_Coverage_Issue/11_SolutionB/typescript_v2/src/Test/1_Branch/1_Split/ShortCircuitEvaluation.tsx": {"path":"/Users/thara/Desktop/share/20190104_IstanbulJS_Coverage_Issue/11_SolutionB/typescript_v2/src/Test/1_Branch/1_Split/ShortCircuitEvaluation.tsx","statementMap":{},"fnMap":{"0":{"name":"(anonymous_0)","decl":{"start":{"line":1,"column":15},"end":{"line":1,"column":25}},"loc":{"start":{"line":1,"column":26},"end":{"line":4,"column":1}},"line":1}},"branchMap":{},"s":{},"f":{"0":1},"b":{},"_coverageSchema":"332fd63041d2c1bcb487cc26dd0d5f7d97098a6c","hash":"2336a6d2db7436c07e18705d8414dde4daa83356"}
,"/Users/thara/Desktop/share/20190104_IstanbulJS_Coverage_Issue/11_SolutionB/typescript_v2/src/Test/1_Branch/1_Split/Switch.tsx": {"path":"/Users/thara/Desktop/share/20190104_IstanbulJS_Coverage_Issue/11_SolutionB/typescript_v2/src/Test/1_Branch/1_Split/Switch.tsx","statementMap":{"0":{"start":{"line":2,"column":19},"end":{"line":4,"column":3}},"1":{"start":{"line":7,"column":2},"end":{"line":12,"column":3}},"2":{"start":{"line":10,"column":8},"end":{"line":10,"column":13}},"3":{"start":{"line":11,"column":8},"end":{"line":11,"column":13}},"4":{"start":{"line":15,"column":2},"end":{"line":24,"column":3}},"5":{"start":{"line":18,"column":8},"end":{"line":18,"column":13}},"6":{"start":{"line":19,"column":8},"end":{"line":19,"column":13}},"7":{"start":{"line":22,"column":8},"end":{"line":22,"column":13}},"8":{"start":{"line":23,"column":8},"end":{"line":23,"column":13}},"9":{"start":{"line":27,"column":2},"end":{"line":40,"column":3}},"10":{"start":{"line":30,"column":8},"end":{"line":30,"column":13}},"11":{"start":{"line":31,"column":8},"end":{"line":31,"column":13}},"12":{"start":{"line":34,"column":8},"end":{"line":34,"column":13}},"13":{"start":{"line":35,"column":8},"end":{"line":35,"column":13}},"14":{"start":{"line":38,"column":8},"end":{"line":38,"column":13}},"15":{"start":{"line":39,"column":8},"end":{"line":39,"column":13}}},"fnMap":{"0":{"name":"(anonymous_0)","decl":{"start":{"line":1,"column":15},"end":{"line":1,"column":25}},"loc":{"start":{"line":1,"column":26},"end":{"line":41,"column":1}},"line":1}},"branchMap":{"0":{"loc":{"start":{"line":7,"column":2},"end":{"line":12,"column":3}},"type":"switch","locations":[{"start":{"line":8,"column":4},"end":{"line":11,"column":14}}],"line":7},"1":{"loc":{"start":{"line":15,"column":2},"end":{"line":24,"column":3}},"type":"switch","locations":[{"start":{"line":16,"column":4},"end":{"line":19,"column":14}},{"start":{"line":20,"column":4},"end":{"line":23,"column":14}}],"line":15},"2":{"loc":{"start":{"line":27,"column":2},"end":{"line":40,"column":3}},"type":"switch","locations":[{"start":{"line":28,"column":4},"end":{"line":31,"column":14}},{"start":{"line":32,"column":4},"end":{"line":35,"column":14}},{"start":{"line":36,"column":4},"end":{"line":39,"column":14}}],"line":27}},"s":{"0":1,"1":1,"2":0,"3":0,"4":1,"5":1,"6":1,"7":0,"8":0,"9":1,"10":1,"11":1,"12":0,"13":0,"14":0,"15":0},"f":{"0":1},"b":{"0":[0],"1":[1,0],"2":[1,0,0]},"_coverageSchema":"332fd63041d2c1bcb487cc26dd0d5f7d97098a6c","hash":"8f7eb8674b5bca8f903cb2ee464806b1fca96e00"}
,"/Users/thara/Desktop/share/20190104_IstanbulJS_Coverage_Issue/11_SolutionB/typescript_v2/src/Test/1_Branch/2_Nested/ConditionalOperator.tsx": {"path":"/Users/thara/Desktop/share/20190104_IstanbulJS_Coverage_Issue/11_SolutionB/typescript_v2/src/Test/1_Branch/2_Nested/ConditionalOperator.tsx","statementMap":{"0":{"start":{"line":2,"column":32},"end":{"line":2,"column":69}},"1":{"start":{"line":3,"column":32},"end":{"line":3,"column":69}}},"fnMap":{"0":{"name":"(anonymous_0)","decl":{"start":{"line":1,"column":15},"end":{"line":1,"column":25}},"loc":{"start":{"line":1,"column":26},"end":{"line":4,"column":1}},"line":1}},"branchMap":{"0":{"loc":{"start":{"line":2,"column":32},"end":{"line":2,"column":69}},"type":"cond-expr","locations":[{"start":{"line":2,"column":40},"end":{"line":2,"column":60}},{"start":{"line":2,"column":64},"end":{"line":2,"column":69}}],"line":2},"1":{"loc":{"start":{"line":2,"column":40},"end":{"line":2,"column":60}},"type":"cond-expr","locations":[{"start":{"line":2,"column":47},"end":{"line":2,"column":52}},{"start":{"line":2,"column":55},"end":{"line":2,"column":60}}],"line":2},"2":{"loc":{"start":{"line":3,"column":32},"end":{"line":3,"column":69}},"type":"cond-expr","locations":[{"start":{"line":3,"column":40},"end":{"line":3,"column":44}},{"start":{"line":3,"column":48},"end":{"line":3,"column":68}}],"line":3},"3":{"loc":{"start":{"line":3,"column":48},"end":{"line":3,"column":68}},"type":"cond-expr","locations":[{"start":{"line":3,"column":56},"end":{"line":3,"column":60}},{"start":{"line":3,"column":63},"end":{"line":3,"column":68}}],"line":3}},"s":{"0":1,"1":1},"f":{"0":1},"b":{"0":[1,0],"1":[1,0],"2":[0,1],"3":[0,1]},"_coverageSchema":"332fd63041d2c1bcb487cc26dd0d5f7d97098a6c","hash":"1a43f896f539dd8d0a5fe1e1ca6e8240d3966f85"}
,"/Users/thara/Desktop/share/20190104_IstanbulJS_Coverage_Issue/11_SolutionB/typescript_v2/src/Test/1_Branch/2_Nested/If.tsx": {"path":"/Users/thara/Desktop/share/20190104_IstanbulJS_Coverage_Issue/11_SolutionB/typescript_v2/src/Test/1_Branch/2_Nested/If.tsx","statementMap":{"0":{"start":{"line":3,"column":2},"end":{"line":7,"column":3}},"1":{"start":{"line":4,"column":4},"end":{"line":6,"column":5}},"2":{"start":{"line":5,"column":6},"end":{"line":5,"column":11}},"3":{"start":{"line":10,"column":2},"end":{"line":16,"column":3}},"4":{"start":{"line":11,"column":4},"end":{"line":15,"column":5}},"5":{"start":{"line":12,"column":6},"end":{"line":12,"column":11}},"6":{"start":{"line":14,"column":6},"end":{"line":14,"column":11}},"7":{"start":{"line":18,"column":2},"end":{"line":24,"column":3}},"8":{"start":{"line":19,"column":4},"end":{"line":23,"column":5}},"9":{"start":{"line":20,"column":6},"end":{"line":20,"column":11}},"10":{"start":{"line":22,"column":6},"end":{"line":22,"column":11}},"11":{"start":{"line":27,"column":2},"end":{"line":33,"column":3}},"12":{"start":{"line":28,"column":4},"end":{"line":32,"column":5}},"13":{"start":{"line":29,"column":6},"end":{"line":29,"column":11}},"14":{"start":{"line":30,"column":11},"end":{"line":32,"column":5}},"15":{"start":{"line":31,"column":6},"end":{"line":31,"column":11}},"16":{"start":{"line":35,"column":2},"end":{"line":41,"column":3}},"17":{"start":{"line":36,"column":4},"end":{"line":40,"column":5}},"18":{"start":{"line":37,"column":6},"end":{"line":37,"column":11}},"19":{"start":{"line":38,"column":11},"end":{"line":40,"column":5}},"20":{"start":{"line":39,"column":6},"end":{"line":39,"column":11}},"21":{"start":{"line":44,"column":2},"end":{"line":50,"column":3}},"22":{"start":{"line":45,"column":4},"end":{"line":49,"column":5}},"23":{"start":{"line":46,"column":6},"end":{"line":46,"column":11}},"24":{"start":{"line":47,"column":11},"end":{"line":49,"column":5}},"25":{"start":{"line":48,"column":6},"end":{"line":48,"column":11}},"26":{"start":{"line":53,"column":2},"end":{"line":61,"column":3}},"27":{"start":{"line":54,"column":4},"end":{"line":60,"column":5}},"28":{"start":{"line":55,"column":6},"end":{"line":55,"column":11}},"29":{"start":{"line":56,"column":11},"end":{"line":60,"column":5}},"30":{"start":{"line":57,"column":6},"end":{"line":57,"column":11}},"31":{"start":{"line":59,"column":6},"end":{"line":59,"column":11}},"32":{"start":{"line":63,"column":2},"end":{"line":71,"column":3}},"33":{"start":{"line":64,"column":4},"end":{"line":70,"column":5}},"34":{"start":{"line":65,"column":6},"end":{"line":65,"column":11}},"35":{"start":{"line":66,"column":11},"end":{"line":70,"column":5}},"36":{"start":{"line":67,"column":6},"end":{"line":67,"column":11}},"37":{"start":{"line":69,"column":6},"end":{"line":69,"column":11}},"38":{"start":{"line":73,"column":2},"end":{"line":81,"column":3}},"39":{"start":{"line":74,"column":4},"end":{"line":80,"column":5}},"40":{"start":{"line":75,"column":6},"end":{"line":75,"column":11}},"41":{"start":{"line":76,"column":11},"end":{"line":80,"column":5}},"42":{"start":{"line":77,"column":6},"end":{"line":77,"column":11}},"43":{"start":{"line":79,"column":6},"end":{"line":79,"column":11}}},"fnMap":{"0":{"name":"(anonymous_0)","decl":{"start":{"line":1,"column":15},"end":{"line":1,"column":25}},"loc":{"start":{"line":1,"column":26},"end":{"line":82,"column":1}},"line":1}},"branchMap":{"0":{"loc":{"start":{"line":3,"column":2},"end":{"line":7,"column":3}},"type":"if","locations":[{"start":{"line":3,"column":2},"end":{"line":7,"column":3}},{"start":{"line":3,"column":2},"end":{"line":7,"column":3}}],"line":3},"1":{"loc":{"start":{"line":4,"column":4},"end":{"line":6,"column":5}},"type":"if","locations":[{"start":{"line":4,"column":4},"end":{"line":6,"column":5}},{"start":{"line":4,"column":4},"end":{"line":6,"column":5}}],"line":4},"2":{"loc":{"start":{"line":10,"column":2},"end":{"line":16,"column":3}},"type":"if","locations":[{"start":{"line":10,"column":2},"end":{"line":16,"column":3}},{"start":{"line":10,"column":2},"end":{"line":16,"column":3}}],"line":10},"3":{"loc":{"start":{"line":11,"column":4},"end":{"line":15,"column":5}},"type":"if","locations":[{"start":{"line":11,"column":4},"end":{"line":15,"column":5}},{"start":{"line":11,"column":4},"end":{"line":15,"column":5}}],"line":11},"4":{"loc":{"start":{"line":18,"column":2},"end":{"line":24,"column":3}},"type":"if","locations":[{"start":{"line":18,"column":2},"end":{"line":24,"column":3}},{"start":{"line":18,"column":2},"end":{"line":24,"column":3}}],"line":18},"5":{"loc":{"start":{"line":19,"column":4},"end":{"line":23,"column":5}},"type":"if","locations":[{"start":{"line":19,"column":4},"end":{"line":23,"column":5}},{"start":{"line":19,"column":4},"end":{"line":23,"column":5}}],"line":19},"6":{"loc":{"start":{"line":27,"column":2},"end":{"line":33,"column":3}},"type":"if","locations":[{"start":{"line":27,"column":2},"end":{"line":33,"column":3}},{"start":{"line":27,"column":2},"end":{"line":33,"column":3}}],"line":27},"7":{"loc":{"start":{"line":28,"column":4},"end":{"line":32,"column":5}},"type":"if","locations":[{"start":{"line":28,"column":4},"end":{"line":32,"column":5}},{"start":{"line":28,"column":4},"end":{"line":32,"column":5}}],"line":28},"8":{"loc":{"start":{"line":30,"column":11},"end":{"line":32,"column":5}},"type":"if","locations":[{"start":{"line":30,"column":11},"end":{"line":32,"column":5}},{"start":{"line":30,"column":11},"end":{"line":32,"column":5}}],"line":30},"9":{"loc":{"start":{"line":35,"column":2},"end":{"line":41,"column":3}},"type":"if","locations":[{"start":{"line":35,"column":2},"end":{"line":41,"column":3}},{"start":{"line":35,"column":2},"end":{"line":41,"column":3}}],"line":35},"10":{"loc":{"start":{"line":36,"column":4},"end":{"line":40,"column":5}},"type":"if","locations":[{"start":{"line":36,"column":4},"end":{"line":40,"column":5}},{"start":{"line":36,"column":4},"end":{"line":40,"column":5}}],"line":36},"11":{"loc":{"start":{"line":38,"column":11},"end":{"line":40,"column":5}},"type":"if","locations":[{"start":{"line":38,"column":11},"end":{"line":40,"column":5}},{"start":{"line":38,"column":11},"end":{"line":40,"column":5}}],"line":38},"12":{"loc":{"start":{"line":44,"column":2},"end":{"line":50,"column":3}},"type":"if","locations":[{"start":{"line":44,"column":2},"end":{"line":50,"column":3}},{"start":{"line":44,"column":2},"end":{"line":50,"column":3}}],"line":44},"13":{"loc":{"start":{"line":45,"column":4},"end":{"line":49,"column":5}},"type":"if","locations":[{"start":{"line":45,"column":4},"end":{"line":49,"column":5}},{"start":{"line":45,"column":4},"end":{"line":49,"column":5}}],"line":45},"14":{"loc":{"start":{"line":47,"column":11},"end":{"line":49,"column":5}},"type":"if","locations":[{"start":{"line":47,"column":11},"end":{"line":49,"column":5}},{"start":{"line":47,"column":11},"end":{"line":49,"column":5}}],"line":47},"15":{"loc":{"start":{"line":53,"column":2},"end":{"line":61,"column":3}},"type":"if","locations":[{"start":{"line":53,"column":2},"end":{"line":61,"column":3}},{"start":{"line":53,"column":2},"end":{"line":61,"column":3}}],"line":53},"16":{"loc":{"start":{"line":54,"column":4},"end":{"line":60,"column":5}},"type":"if","locations":[{"start":{"line":54,"column":4},"end":{"line":60,"column":5}},{"start":{"line":54,"column":4},"end":{"line":60,"column":5}}],"line":54},"17":{"loc":{"start":{"line":56,"column":11},"end":{"line":60,"column":5}},"type":"if","locations":[{"start":{"line":56,"column":11},"end":{"line":60,"column":5}},{"start":{"line":56,"column":11},"end":{"line":60,"column":5}}],"line":56},"18":{"loc":{"start":{"line":63,"column":2},"end":{"line":71,"column":3}},"type":"if","locations":[{"start":{"line":63,"column":2},"end":{"line":71,"column":3}},{"start":{"line":63,"column":2},"end":{"line":71,"column":3}}],"line":63},"19":{"loc":{"start":{"line":64,"column":4},"end":{"line":70,"column":5}},"type":"if","locations":[{"start":{"line":64,"column":4},"end":{"line":70,"column":5}},{"start":{"line":64,"column":4},"end":{"line":70,"column":5}}],"line":64},"20":{"loc":{"start":{"line":66,"column":11},"end":{"line":70,"column":5}},"type":"if","locations":[{"start":{"line":66,"column":11},"end":{"line":70,"column":5}},{"start":{"line":66,"column":11},"end":{"line":70,"column":5}}],"line":66},"21":{"loc":{"start":{"line":73,"column":2},"end":{"line":81,"column":3}},"type":"if","locations":[{"start":{"line":73,"column":2},"end":{"line":81,"column":3}},{"start":{"line":73,"column":2},"end":{"line":81,"column":3}}],"line":73},"22":{"loc":{"start":{"line":74,"column":4},"end":{"line":80,"column":5}},"type":"if","locations":[{"start":{"line":74,"column":4},"end":{"line":80,"column":5}},{"start":{"line":74,"column":4},"end":{"line":80,"column":5}}],"line":74},"23":{"loc":{"start":{"line":76,"column":11},"end":{"line":80,"column":5}},"type":"if","locations":[{"start":{"line":76,"column":11},"end":{"line":80,"column":5}},{"start":{"line":76,"column":11},"end":{"line":80,"column":5}}],"line":76}},"s":{"0":1,"1":0,"2":0,"3":1,"4":0,"5":0,"6":0,"7":1,"8":0,"9":0,"10":0,"11":1,"12":0,"13":0,"14":0,"15":0,"16":1,"17":0,"18":0,"19":0,"20":0,"21":1,"22":0,"23":0,"24":0,"25":0,"26":1,"27":0,"28":0,"29":0,"30":0,"31":0,"32":1,"33":0,"34":0,"35":0,"36":0,"37":0,"38":1,"39":0,"40":0,"41":0,"42":0,"43":0},"f":{"0":1},"b":{"0":[0,1],"1":[0,0],"2":[0,1],"3":[0,0],"4":[0,1],"5":[0,0],"6":[0,1],"7":[0,0],"8":[0,0],"9":[0,1],"10":[0,0],"11":[0,0],"12":[0,1],"13":[0,0],"14":[0,0],"15":[0,1],"16":[0,0],"17":[0,0],"18":[0,1],"19":[0,0],"20":[0,0],"21":[0,1],"22":[0,0],"23":[0,0]},"_coverageSchema":"332fd63041d2c1bcb487cc26dd0d5f7d97098a6c","hash":"948cbbf622e1a4436b4b61905e8c28701fb6e3de"}
,"/Users/thara/Desktop/share/20190104_IstanbulJS_Coverage_Issue/11_SolutionB/typescript_v2/src/Test/1_Branch/2_Nested/ShortCircuitEvaluation.tsx": {"path":"/Users/thara/Desktop/share/20190104_IstanbulJS_Coverage_Issue/11_SolutionB/typescript_v2/src/Test/1_Branch/2_Nested/ShortCircuitEvaluation.tsx","statementMap":{},"fnMap":{"0":{"name":"(anonymous_0)","decl":{"start":{"line":1,"column":15},"end":{"line":1,"column":25}},"loc":{"start":{"line":1,"column":26},"end":{"line":4,"column":1}},"line":1}},"branchMap":{},"s":{},"f":{"0":1},"b":{},"_coverageSchema":"332fd63041d2c1bcb487cc26dd0d5f7d97098a6c","hash":"759462e688cfd78c3905b37b0605d213ff64926e"}
,"/Users/thara/Desktop/share/20190104_IstanbulJS_Coverage_Issue/11_SolutionB/typescript_v2/src/Test/1_Branch/2_Nested/Switch.tsx": {"path":"/Users/thara/Desktop/share/20190104_IstanbulJS_Coverage_Issue/11_SolutionB/typescript_v2/src/Test/1_Branch/2_Nested/Switch.tsx","statementMap":{"0":{"start":{"line":2,"column":19},"end":{"line":4,"column":3}},"1":{"start":{"line":7,"column":2},"end":{"line":15,"column":3}},"2":{"start":{"line":9,"column":6},"end":{"line":13,"column":7}},"3":{"start":{"line":11,"column":10},"end":{"line":11,"column":15}},"4":{"start":{"line":12,"column":10},"end":{"line":12,"column":15}},"5":{"start":{"line":14,"column":6},"end":{"line":14,"column":11}},"6":{"start":{"line":18,"column":2},"end":{"line":29,"column":3}},"7":{"start":{"line":20,"column":6},"end":{"line":27,"column":7}},"8":{"start":{"line":22,"column":10},"end":{"line":22,"column":15}},"9":{"start":{"line":23,"column":10},"end":{"line":23,"column":15}},"10":{"start":{"line":25,"column":10},"end":{"line":25,"column":15}},"11":{"start":{"line":26,"column":10},"end":{"line":26,"column":15}},"12":{"start":{"line":28,"column":6},"end":{"line":28,"column":11}},"13":{"start":{"line":32,"column":2},"end":{"line":46,"column":3}},"14":{"start":{"line":34,"column":6},"end":{"line":44,"column":7}},"15":{"start":{"line":36,"column":10},"end":{"line":36,"column":15}},"16":{"start":{"line":37,"column":10},"end":{"line":37,"column":15}},"17":{"start":{"line":39,"column":10},"end":{"line":39,"column":15}},"18":{"start":{"line":40,"column":10},"end":{"line":40,"column":15}},"19":{"start":{"line":42,"column":10},"end":{"line":42,"column":15}},"20":{"start":{"line":43,"column":10},"end":{"line":43,"column":15}},"21":{"start":{"line":45,"column":6},"end":{"line":45,"column":11}}},"fnMap":{"0":{"name":"(anonymous_0)","decl":{"start":{"line":1,"column":15},"end":{"line":1,"column":25}},"loc":{"start":{"line":1,"column":26},"end":{"line":47,"column":1}},"line":1}},"branchMap":{"0":{"loc":{"start":{"line":7,"column":2},"end":{"line":15,"column":3}},"type":"switch","locations":[{"start":{"line":8,"column":4},"end":{"line":14,"column":12}}],"line":7},"1":{"loc":{"start":{"line":9,"column":6},"end":{"line":13,"column":7}},"type":"switch","locations":[{"start":{"line":10,"column":8},"end":{"line":12,"column":16}}],"line":9},"2":{"loc":{"start":{"line":18,"column":2},"end":{"line":29,"column":3}},"type":"switch","locations":[{"start":{"line":19,"column":4},"end":{"line":28,"column":12}}],"line":18},"3":{"loc":{"start":{"line":20,"column":6},"end":{"line":27,"column":7}},"type":"switch","locations":[{"start":{"line":21,"column":8},"end":{"line":23,"column":16}},{"start":{"line":24,"column":8},"end":{"line":26,"column":16}}],"line":20},"4":{"loc":{"start":{"line":32,"column":2},"end":{"line":46,"column":3}},"type":"switch","locations":[{"start":{"line":33,"column":4},"end":{"line":45,"column":12}}],"line":32},"5":{"loc":{"start":{"line":34,"column":6},"end":{"line":44,"column":7}},"type":"switch","locations":[{"start":{"line":35,"column":8},"end":{"line":37,"column":16}},{"start":{"line":38,"column":8},"end":{"line":40,"column":16}},{"start":{"line":41,"column":8},"end":{"line":43,"column":16}}],"line":34}},"s":{"0":1,"1":1,"2":0,"3":0,"4":0,"5":0,"6":1,"7":0,"8":0,"9":0,"10":0,"11":0,"12":0,"13":1,"14":0,"15":0,"16":0,"17":0,"18":0,"19":0,"20":0,"21":0},"f":{"0":1},"b":{"0":[0],"1":[0],"2":[0],"3":[0,0],"4":[0],"5":[0,0,0]},"_coverageSchema":"332fd63041d2c1bcb487cc26dd0d5f7d97098a6c","hash":"4e5d0138d5b4a00ec3a60a29776db0e8e7395271"}
,"/Users/thara/Desktop/share/20190104_IstanbulJS_Coverage_Issue/11_SolutionB/typescript_v2/src/Test/1_Branch/3_Abuse/ConditionalOperator.tsx": {"path":"/Users/thara/Desktop/share/20190104_IstanbulJS_Coverage_Issue/11_SolutionB/typescript_v2/src/Test/1_Branch/3_Abuse/ConditionalOperator.tsx","statementMap":{"0":{"start":{"line":2,"column":32},"end":{"line":2,"column":52}},"1":{"start":{"line":2,"column":87},"end":{"line":2,"column":110}},"2":{"start":{"line":3,"column":32},"end":{"line":3,"column":52}},"3":{"start":{"line":3,"column":87},"end":{"line":3,"column":110}}},"fnMap":{"0":{"name":"(anonymous_0)","decl":{"start":{"line":1,"column":15},"end":{"line":1,"column":25}},"loc":{"start":{"line":1,"column":26},"end":{"line":4,"column":1}},"line":1}},"branchMap":{"0":{"loc":{"start":{"line":2,"column":32},"end":{"line":2,"column":52}},"type":"cond-expr","locations":[{"start":{"line":2,"column":39},"end":{"line":2,"column":44}},{"start":{"line":2,"column":47},"end":{"line":2,"column":52}}],"line":2},"1":{"loc":{"start":{"line":2,"column":87},"end":{"line":2,"column":110}},"type":"cond-expr","locations":[{"start":{"line":2,"column":94},"end":{"line":2,"column":102}},{"start":{"line":2,"column":105},"end":{"line":2,"column":110}}],"line":2},"2":{"loc":{"start":{"line":3,"column":32},"end":{"line":3,"column":52}},"type":"cond-expr","locations":[{"start":{"line":3,"column":40},"end":{"line":3,"column":44}},{"start":{"line":3,"column":47},"end":{"line":3,"column":52}}],"line":3},"3":{"loc":{"start":{"line":3,"column":87},"end":{"line":3,"column":110}},"type":"cond-expr","locations":[{"start":{"line":3,"column":95},"end":{"line":3,"column":99}},{"start":{"line":3,"column":102},"end":{"line":3,"column":110}}],"line":3}},"s":{"0":1,"1":1,"2":1,"3":1},"f":{"0":1},"b":{"0":[1,0],"1":[1,0],"2":[0,1],"3":[0,1]},"_coverageSchema":"332fd63041d2c1bcb487cc26dd0d5f7d97098a6c","hash":"bf125931f9168a8f6192fe352a9df9008ef22b91"}
,"/Users/thara/Desktop/share/20190104_IstanbulJS_Coverage_Issue/11_SolutionB/typescript_v2/src/Test/1_Branch/3_Abuse/If.tsx": {"path":"/Users/thara/Desktop/share/20190104_IstanbulJS_Coverage_Issue/11_SolutionB/typescript_v2/src/Test/1_Branch/3_Abuse/If.tsx","statementMap":{"0":{"start":{"line":3,"column":2},"end":{"line":3,"column":23}},"1":{"start":{"line":3,"column":15},"end":{"line":3,"column":20}},"2":{"start":{"line":3,"column":24},"end":{"line":3,"column":45}},"3":{"start":{"line":3,"column":37},"end":{"line":3,"column":42}},"4":{"start":{"line":6,"column":2},"end":{"line":6,"column":39}},"5":{"start":{"line":6,"column":15},"end":{"line":6,"column":20}},"6":{"start":{"line":6,"column":31},"end":{"line":6,"column":36}},"7":{"start":{"line":6,"column":40},"end":{"line":6,"column":77}},"8":{"start":{"line":6,"column":53},"end":{"line":6,"column":58}},"9":{"start":{"line":6,"column":69},"end":{"line":6,"column":74}},"10":{"start":{"line":8,"column":2},"end":{"line":8,"column":38}},"11":{"start":{"line":8,"column":14},"end":{"line":8,"column":19}},"12":{"start":{"line":8,"column":30},"end":{"line":8,"column":35}},"13":{"start":{"line":8,"column":39},"end":{"line":8,"column":75}},"14":{"start":{"line":8,"column":51},"end":{"line":8,"column":56}},"15":{"start":{"line":8,"column":67},"end":{"line":8,"column":72}},"16":{"start":{"line":11,"column":2},"end":{"line":11,"column":50}},"17":{"start":{"line":11,"column":15},"end":{"line":11,"column":20}},"18":{"start":{"line":11,"column":29},"end":{"line":11,"column":50}},"19":{"start":{"line":11,"column":42},"end":{"line":11,"column":47}},"20":{"start":{"line":11,"column":51},"end":{"line":11,"column":99}},"21":{"start":{"line":11,"column":64},"end":{"line":11,"column":69}},"22":{"start":{"line":11,"column":78},"end":{"line":11,"column":99}},"23":{"start":{"line":11,"column":91},"end":{"line":11,"column":96}},"24":{"start":{"line":13,"column":2},"end":{"line":13,"column":49}},"25":{"start":{"line":13,"column":15},"end":{"line":13,"column":20}},"26":{"start":{"line":13,"column":29},"end":{"line":13,"column":49}},"27":{"start":{"line":13,"column":41},"end":{"line":13,"column":46}},"28":{"start":{"line":13,"column":50},"end":{"line":13,"column":97}},"29":{"start":{"line":13,"column":63},"end":{"line":13,"column":68}},"30":{"start":{"line":13,"column":77},"end":{"line":13,"column":97}},"31":{"start":{"line":13,"column":89},"end":{"line":13,"column":94}},"32":{"start":{"line":15,"column":2},"end":{"line":15,"column":49}},"33":{"start":{"line":15,"column":14},"end":{"line":15,"column":19}},"34":{"start":{"line":15,"column":28},"end":{"line":15,"column":49}},"35":{"start":{"line":15,"column":41},"end":{"line":15,"column":46}},"36":{"start":{"line":15,"column":50},"end":{"line":15,"column":97}},"37":{"start":{"line":15,"column":62},"end":{"line":15,"column":67}},"38":{"start":{"line":15,"column":76},"end":{"line":15,"column":97}},"39":{"start":{"line":15,"column":89},"end":{"line":15,"column":94}},"40":{"start":{"line":18,"column":2},"end":{"line":18,"column":66}},"41":{"start":{"line":18,"column":15},"end":{"line":18,"column":20}},"42":{"start":{"line":18,"column":29},"end":{"line":18,"column":66}},"43":{"start":{"line":18,"column":42},"end":{"line":18,"column":47}},"44":{"start":{"line":18,"column":58},"end":{"line":18,"column":63}},"45":{"start":{"line":18,"column":67},"end":{"line":18,"column":131}},"46":{"start":{"line":18,"column":80},"end":{"line":18,"column":85}},"47":{"start":{"line":18,"column":94},"end":{"line":18,"column":131}},"48":{"start":{"line":18,"column":107},"end":{"line":18,"column":112}},"49":{"start":{"line":18,"column":123},"end":{"line":18,"column":128}},"50":{"start":{"line":20,"column":2},"end":{"line":20,"column":65}},"51":{"start":{"line":20,"column":15},"end":{"line":20,"column":20}},"52":{"start":{"line":20,"column":29},"end":{"line":20,"column":65}},"53":{"start":{"line":20,"column":41},"end":{"line":20,"column":46}},"54":{"start":{"line":20,"column":57},"end":{"line":20,"column":62}},"55":{"start":{"line":20,"column":66},"end":{"line":20,"column":129}},"56":{"start":{"line":20,"column":79},"end":{"line":20,"column":84}},"57":{"start":{"line":20,"column":93},"end":{"line":20,"column":129}},"58":{"start":{"line":20,"column":105},"end":{"line":20,"column":110}},"59":{"start":{"line":20,"column":121},"end":{"line":20,"column":126}},"60":{"start":{"line":22,"column":2},"end":{"line":22,"column":65}},"61":{"start":{"line":22,"column":14},"end":{"line":22,"column":19}},"62":{"start":{"line":22,"column":28},"end":{"line":22,"column":65}},"63":{"start":{"line":22,"column":41},"end":{"line":22,"column":46}},"64":{"start":{"line":22,"column":57},"end":{"line":22,"column":62}},"65":{"start":{"line":22,"column":66},"end":{"line":22,"column":129}},"66":{"start":{"line":22,"column":78},"end":{"line":22,"column":83}},"67":{"start":{"line":22,"column":92},"end":{"line":22,"column":129}},"68":{"start":{"line":22,"column":105},"end":{"line":22,"column":110}},"69":{"start":{"line":22,"column":121},"end":{"line":22,"column":126}}},"fnMap":{"0":{"name":"(anonymous_0)","decl":{"start":{"line":1,"column":15},"end":{"line":1,"column":25}},"loc":{"start":{"line":1,"column":26},"end":{"line":23,"column":1}},"line":1}},"branchMap":{"0":{"loc":{"start":{"line":3,"column":2},"end":{"line":3,"column":23}},"type":"if","locations":[{"start":{"line":3,"column":2},"end":{"line":3,"column":23}},{"start":{"line":3,"column":2},"end":{"line":3,"column":23}}],"line":3},"1":{"loc":{"start":{"line":3,"column":24},"end":{"line":3,"column":45}},"type":"if","locations":[{"start":{"line":3,"column":24},"end":{"line":3,"column":45}},{"start":{"line":3,"column":24},"end":{"line":3,"column":45}}],"line":3},"2":{"loc":{"start":{"line":6,"column":2},"end":{"line":6,"column":39}},"type":"if","locations":[{"start":{"line":6,"column":2},"end":{"line":6,"column":39}},{"start":{"line":6,"column":2},"end":{"line":6,"column":39}}],"line":6},"3":{"loc":{"start":{"line":6,"column":40},"end":{"line":6,"column":77}},"type":"if","locations":[{"start":{"line":6,"column":40},"end":{"line":6,"column":77}},{"start":{"line":6,"column":40},"end":{"line":6,"column":77}}],"line":6},"4":{"loc":{"start":{"line":8,"column":2},"end":{"line":8,"column":38}},"type":"if","locations":[{"start":{"line":8,"column":2},"end":{"line":8,"column":38}},{"start":{"line":8,"column":2},"end":{"line":8,"column":38}}],"line":8},"5":{"loc":{"start":{"line":8,"column":39},"end":{"line":8,"column":75}},"type":"if","locations":[{"start":{"line":8,"column":39},"end":{"line":8,"column":75}},{"start":{"line":8,"column":39},"end":{"line":8,"column":75}}],"line":8},"6":{"loc":{"start":{"line":11,"column":2},"end":{"line":11,"column":50}},"type":"if","locations":[{"start":{"line":11,"column":2},"end":{"line":11,"column":50}},{"start":{"line":11,"column":2},"end":{"line":11,"column":50}}],"line":11},"7":{"loc":{"start":{"line":11,"column":29},"end":{"line":11,"column":50}},"type":"if","locations":[{"start":{"line":11,"column":29},"end":{"line":11,"column":50}},{"start":{"line":11,"column":29},"end":{"line":11,"column":50}}],"line":11},"8":{"loc":{"start":{"line":11,"column":51},"end":{"line":11,"column":99}},"type":"if","locations":[{"start":{"line":11,"column":51},"end":{"line":11,"column":99}},{"start":{"line":11,"column":51},"end":{"line":11,"column":99}}],"line":11},"9":{"loc":{"start":{"line":11,"column":78},"end":{"line":11,"column":99}},"type":"if","locations":[{"start":{"line":11,"column":78},"end":{"line":11,"column":99}},{"start":{"line":11,"column":78},"end":{"line":11,"column":99}}],"line":11},"10":{"loc":{"start":{"line":13,"column":2},"end":{"line":13,"column":49}},"type":"if","locations":[{"start":{"line":13,"column":2},"end":{"line":13,"column":49}},{"start":{"line":13,"column":2},"end":{"line":13,"column":49}}],"line":13},"11":{"loc":{"start":{"line":13,"column":29},"end":{"line":13,"column":49}},"type":"if","locations":[{"start":{"line":13,"column":29},"end":{"line":13,"column":49}},{"start":{"line":13,"column":29},"end":{"line":13,"column":49}}],"line":13},"12":{"loc":{"start":{"line":13,"column":50},"end":{"line":13,"column":97}},"type":"if","locations":[{"start":{"line":13,"column":50},"end":{"line":13,"column":97}},{"start":{"line":13,"column":50},"end":{"line":13,"column":97}}],"line":13},"13":{"loc":{"start":{"line":13,"column":77},"end":{"line":13,"column":97}},"type":"if","locations":[{"start":{"line":13,"column":77},"end":{"line":13,"column":97}},{"start":{"line":13,"column":77},"end":{"line":13,"column":97}}],"line":13},"14":{"loc":{"start":{"line":15,"column":2},"end":{"line":15,"column":49}},"type":"if","locations":[{"start":{"line":15,"column":2},"end":{"line":15,"column":49}},{"start":{"line":15,"column":2},"end":{"line":15,"column":49}}],"line":15},"15":{"loc":{"start":{"line":15,"column":28},"end":{"line":15,"column":49}},"type":"if","locations":[{"start":{"line":15,"column":28},"end":{"line":15,"column":49}},{"start":{"line":15,"column":28},"end":{"line":15,"column":49}}],"line":15},"16":{"loc":{"start":{"line":15,"column":50},"end":{"line":15,"column":97}},"type":"if","locations":[{"start":{"line":15,"column":50},"end":{"line":15,"column":97}},{"start":{"line":15,"column":50},"end":{"line":15,"column":97}}],"line":15},"17":{"loc":{"start":{"line":15,"column":76},"end":{"line":15,"column":97}},"type":"if","locations":[{"start":{"line":15,"column":76},"end":{"line":15,"column":97}},{"start":{"line":15,"column":76},"end":{"line":15,"column":97}}],"line":15},"18":{"loc":{"start":{"line":18,"column":2},"end":{"line":18,"column":66}},"type":"if","locations":[{"start":{"line":18,"column":2},"end":{"line":18,"column":66}},{"start":{"line":18,"column":2},"end":{"line":18,"column":66}}],"line":18},"19":{"loc":{"start":{"line":18,"column":29},"end":{"line":18,"column":66}},"type":"if","locations":[{"start":{"line":18,"column":29},"end":{"line":18,"column":66}},{"start":{"line":18,"column":29},"end":{"line":18,"column":66}}],"line":18},"20":{"loc":{"start":{"line":18,"column":67},"end":{"line":18,"column":131}},"type":"if","locations":[{"start":{"line":18,"column":67},"end":{"line":18,"column":131}},{"start":{"line":18,"column":67},"end":{"line":18,"column":131}}],"line":18},"21":{"loc":{"start":{"line":18,"column":94},"end":{"line":18,"column":131}},"type":"if","locations":[{"start":{"line":18,"column":94},"end":{"line":18,"column":131}},{"start":{"line":18,"column":94},"end":{"line":18,"column":131}}],"line":18},"22":{"loc":{"start":{"line":20,"column":2},"end":{"line":20,"column":65}},"type":"if","locations":[{"start":{"line":20,"column":2},"end":{"line":20,"column":65}},{"start":{"line":20,"column":2},"end":{"line":20,"column":65}}],"line":20},"23":{"loc":{"start":{"line":20,"column":29},"end":{"line":20,"column":65}},"type":"if","locations":[{"start":{"line":20,"column":29},"end":{"line":20,"column":65}},{"start":{"line":20,"column":29},"end":{"line":20,"column":65}}],"line":20},"24":{"loc":{"start":{"line":20,"column":66},"end":{"line":20,"column":129}},"type":"if","locations":[{"start":{"line":20,"column":66},"end":{"line":20,"column":129}},{"start":{"line":20,"column":66},"end":{"line":20,"column":129}}],"line":20},"25":{"loc":{"start":{"line":20,"column":93},"end":{"line":20,"column":129}},"type":"if","locations":[{"start":{"line":20,"column":93},"end":{"line":20,"column":129}},{"start":{"line":20,"column":93},"end":{"line":20,"column":129}}],"line":20},"26":{"loc":{"start":{"line":22,"column":2},"end":{"line":22,"column":65}},"type":"if","locations":[{"start":{"line":22,"column":2},"end":{"line":22,"column":65}},{"start":{"line":22,"column":2},"end":{"line":22,"column":65}}],"line":22},"27":{"loc":{"start":{"line":22,"column":28},"end":{"line":22,"column":65}},"type":"if","locations":[{"start":{"line":22,"column":28},"end":{"line":22,"column":65}},{"start":{"line":22,"column":28},"end":{"line":22,"column":65}}],"line":22},"28":{"loc":{"start":{"line":22,"column":66},"end":{"line":22,"column":129}},"type":"if","locations":[{"start":{"line":22,"column":66},"end":{"line":22,"column":129}},{"start":{"line":22,"column":66},"end":{"line":22,"column":129}}],"line":22},"29":{"loc":{"start":{"line":22,"column":92},"end":{"line":22,"column":129}},"type":"if","locations":[{"start":{"line":22,"column":92},"end":{"line":22,"column":129}},{"start":{"line":22,"column":92},"end":{"line":22,"column":129}}],"line":22}},"s":{"0":1,"1":0,"2":1,"3":0,"4":1,"5":0,"6":1,"7":1,"8":0,"9":1,"10":1,"11":1,"12":0,"13":1,"14":1,"15":0,"16":1,"17":0,"18":1,"19":0,"20":1,"21":0,"22":1,"23":0,"24":1,"25":0,"26":1,"27":1,"28":1,"29":0,"30":1,"31":1,"32":1,"33":1,"34":0,"35":0,"36":1,"37":1,"38":0,"39":0,"40":1,"41":0,"42":1,"43":0,"44":1,"45":1,"46":0,"47":1,"48":0,"49":1,"50":1,"51":0,"52":1,"53":1,"54":0,"55":1,"56":0,"57":1,"58":1,"59":0,"60":1,"61":1,"62":0,"63":0,"64":0,"65":1,"66":1,"67":0,"68":0,"69":0},"f":{"0":1},"b":{"0":[0,1],"1":[0,1],"2":[0,1],"3":[0,1],"4":[1,0],"5":[1,0],"6":[0,1],"7":[0,1],"8":[0,1],"9":[0,1],"10":[0,1],"11":[1,0],"12":[0,1],"13":[1,0],"14":[1,0],"15":[0,0],"16":[1,0],"17":[0,0],"18":[0,1],"19":[0,1],"20":[0,1],"21":[0,1],"22":[0,1],"23":[1,0],"24":[0,1],"25":[1,0],"26":[1,0],"27":[0,0],"28":[1,0],"29":[0,0]},"_coverageSchema":"332fd63041d2c1bcb487cc26dd0d5f7d97098a6c","hash":"a01acc139771062222a99d581b54fde3b4c6152d"}
,"/Users/thara/Desktop/share/20190104_IstanbulJS_Coverage_Issue/11_SolutionB/typescript_v2/src/Test/1_Branch/3_Abuse/ShortCircuitEvaluation.tsx": {"path":"/Users/thara/Desktop/share/20190104_IstanbulJS_Coverage_Issue/11_SolutionB/typescript_v2/src/Test/1_Branch/3_Abuse/ShortCircuitEvaluation.tsx","statementMap":{"0":{"start":{"line":2,"column":32},"end":{"line":2,"column":46}},"1":{"start":{"line":2,"column":81},"end":{"line":2,"column":98}}},"fnMap":{"0":{"name":"(anonymous_0)","decl":{"start":{"line":1,"column":15},"end":{"line":1,"column":25}},"loc":{"start":{"line":1,"column":26},"end":{"line":3,"column":1}},"line":1}},"branchMap":{"0":{"loc":{"start":{"line":2,"column":32},"end":{"line":2,"column":46}},"type":"binary-expr","locations":[{"start":{"line":2,"column":32},"end":{"line":2,"column":37}},{"start":{"line":2,"column":41},"end":{"line":2,"column":46}}],"line":2},"1":{"loc":{"start":{"line":2,"column":81},"end":{"line":2,"column":98}},"type":"binary-expr","locations":[{"start":{"line":2,"column":81},"end":{"line":2,"column":89}},{"start":{"line":2,"column":93},"end":{"line":2,"column":98}}],"line":2}},"s":{"0":1,"1":1},"f":{"0":1},"b":{"0":[1,0],"1":[1,0]},"_coverageSchema":"332fd63041d2c1bcb487cc26dd0d5f7d97098a6c","hash":"5320dfd2e4f44cae3d66bd935c03c1251d26a103"}
,"/Users/thara/Desktop/share/20190104_IstanbulJS_Coverage_Issue/11_SolutionB/typescript_v2/src/Test/1_Branch/3_Abuse/Switch.tsx": {"path":"/Users/thara/Desktop/share/20190104_IstanbulJS_Coverage_Issue/11_SolutionB/typescript_v2/src/Test/1_Branch/3_Abuse/Switch.tsx","statementMap":{"0":{"start":{"line":2,"column":19},"end":{"line":4,"column":3}},"1":{"start":{"line":7,"column":2},"end":{"line":7,"column":47}},"2":{"start":{"line":7,"column":32},"end":{"line":7,"column":37}},"3":{"start":{"line":7,"column":39},"end":{"line":7,"column":44}},"4":{"start":{"line":7,"column":48},"end":{"line":7,"column":93}},"5":{"start":{"line":7,"column":78},"end":{"line":7,"column":83}},"6":{"start":{"line":7,"column":85},"end":{"line":7,"column":90}},"7":{"start":{"line":10,"column":2},"end":{"line":10,"column":70}},"8":{"start":{"line":10,"column":32},"end":{"line":10,"column":37}},"9":{"start":{"line":10,"column":39},"end":{"line":10,"column":44}},"10":{"start":{"line":10,"column":55},"end":{"line":10,"column":60}},"11":{"start":{"line":10,"column":62},"end":{"line":10,"column":67}},"12":{"start":{"line":10,"column":71},"end":{"line":10,"column":139}},"13":{"start":{"line":10,"column":101},"end":{"line":10,"column":106}},"14":{"start":{"line":10,"column":108},"end":{"line":10,"column":113}},"15":{"start":{"line":10,"column":124},"end":{"line":10,"column":129}},"16":{"start":{"line":10,"column":131},"end":{"line":10,"column":136}},"17":{"start":{"line":13,"column":2},"end":{"line":13,"column":109}},"18":{"start":{"line":13,"column":32},"end":{"line":13,"column":37}},"19":{"start":{"line":13,"column":39},"end":{"line":13,"column":44}},"20":{"start":{"line":13,"column":71},"end":{"line":13,"column":76}},"21":{"start":{"line":13,"column":78},"end":{"line":13,"column":83}},"22":{"start":{"line":13,"column":94},"end":{"line":13,"column":99}},"23":{"start":{"line":13,"column":101},"end":{"line":13,"column":106}},"24":{"start":{"line":13,"column":110},"end":{"line":13,"column":217}},"25":{"start":{"line":13,"column":140},"end":{"line":13,"column":145}},"26":{"start":{"line":13,"column":147},"end":{"line":13,"column":152}},"27":{"start":{"line":13,"column":179},"end":{"line":13,"column":184}},"28":{"start":{"line":13,"column":186},"end":{"line":13,"column":191}},"29":{"start":{"line":13,"column":202},"end":{"line":13,"column":207}},"30":{"start":{"line":13,"column":209},"end":{"line":13,"column":214}}},"fnMap":{"0":{"name":"(anonymous_0)","decl":{"start":{"line":1,"column":15},"end":{"line":1,"column":25}},"loc":{"start":{"line":1,"column":26},"end":{"line":14,"column":1}},"line":1}},"branchMap":{"0":{"loc":{"start":{"line":7,"column":2},"end":{"line":7,"column":47}},"type":"switch","locations":[{"start":{"line":7,"column":20},"end":{"line":7,"column":45}}],"line":7},"1":{"loc":{"start":{"line":7,"column":48},"end":{"line":7,"column":93}},"type":"switch","locations":[{"start":{"line":7,"column":66},"end":{"line":7,"column":91}}],"line":7},"2":{"loc":{"start":{"line":10,"column":2},"end":{"line":10,"column":70}},"type":"switch","locations":[{"start":{"line":10,"column":20},"end":{"line":10,"column":45}},{"start":{"line":10,"column":46},"end":{"line":10,"column":68}}],"line":10},"3":{"loc":{"start":{"line":10,"column":71},"end":{"line":10,"column":139}},"type":"switch","locations":[{"start":{"line":10,"column":89},"end":{"line":10,"column":114}},{"start":{"line":10,"column":115},"end":{"line":10,"column":137}}],"line":10},"4":{"loc":{"start":{"line":13,"column":2},"end":{"line":13,"column":109}},"type":"switch","locations":[{"start":{"line":13,"column":20},"end":{"line":13,"column":45}},{"start":{"line":13,"column":46},"end":{"line":13,"column":84}},{"start":{"line":13,"column":85},"end":{"line":13,"column":107}}],"line":13},"5":{"loc":{"start":{"line":13,"column":110},"end":{"line":13,"column":217}},"type":"switch","locations":[{"start":{"line":13,"column":128},"end":{"line":13,"column":153}},{"start":{"line":13,"column":154},"end":{"line":13,"column":192}},{"start":{"line":13,"column":193},"end":{"line":13,"column":215}}],"line":13}},"s":{"0":1,"1":1,"2":0,"3":0,"4":1,"5":0,"6":0,"7":1,"8":1,"9":1,"10":0,"11":0,"12":1,"13":1,"14":1,"15":0,"16":0,"17":1,"18":1,"19":1,"20":0,"21":0,"22":0,"23":0,"24":1,"25":1,"26":1,"27":0,"28":0,"29":0,"30":0},"f":{"0":1},"b":{"0":[0],"1":[0],"2":[1,0],"3":[1,0],"4":[1,0,0],"5":[1,0,0]},"_coverageSchema":"332fd63041d2c1bcb487cc26dd0d5f7d97098a6c","hash":"d14cced2f86416381419c3cd45a3e4eb662370af"}
,"/Users/thara/Desktop/share/20190104_IstanbulJS_Coverage_Issue/11_SolutionB/typescript_v2/src/Test/2_Function/0_Normal/ArrowFunction.tsx": {"path":"/Users/thara/Desktop/share/20190104_IstanbulJS_Coverage_Issue/11_SolutionB/typescript_v2/src/Test/2_Function/0_Normal/ArrowFunction.tsx","statementMap":{"0":{"start":{"line":3,"column":26},"end":{"line":3,"column":57}},"1":{"start":{"line":3,"column":42},"end":{"line":3,"column":54}},"2":{"start":{"line":4,"column":26},"end":{"line":6,"column":3}},"3":{"start":{"line":5,"column":4},"end":{"line":5,"column":16}},"4":{"start":{"line":7,"column":26},"end":{"line":7,"column":45}},"5":{"start":{"line":7,"column":40},"end":{"line":7,"column":45}},"6":{"start":{"line":8,"column":26},"end":{"line":8,"column":56}},"7":{"start":{"line":8,"column":41},"end":{"line":8,"column":55}},"8":{"start":{"line":9,"column":26},"end":{"line":11,"column":4}},"9":{"start":{"line":9,"column":41},"end":{"line":11,"column":3}},"10":{"start":{"line":14,"column":26},"end":{"line":14,"column":68}},"11":{"start":{"line":14,"column":53},"end":{"line":14,"column":65}},"12":{"start":{"line":15,"column":26},"end":{"line":17,"column":3}},"13":{"start":{"line":16,"column":4},"end":{"line":16,"column":16}},"14":{"start":{"line":18,"column":26},"end":{"line":18,"column":56}},"15":{"start":{"line":18,"column":51},"end":{"line":18,"column":56}},"16":{"start":{"line":19,"column":26},"end":{"line":19,"column":67}},"17":{"start":{"line":19,"column":52},"end":{"line":19,"column":66}},"18":{"start":{"line":20,"column":26},"end":{"line":22,"column":4}},"19":{"start":{"line":20,"column":52},"end":{"line":22,"column":3}},"20":{"start":{"line":25,"column":26},"end":{"line":25,"column":81}},"21":{"start":{"line":25,"column":66},"end":{"line":25,"column":78}},"22":{"start":{"line":26,"column":26},"end":{"line":28,"column":3}},"23":{"start":{"line":27,"column":4},"end":{"line":27,"column":16}},"24":{"start":{"line":29,"column":26},"end":{"line":29,"column":69}},"25":{"start":{"line":29,"column":64},"end":{"line":29,"column":69}},"26":{"start":{"line":30,"column":26},"end":{"line":30,"column":80}},"27":{"start":{"line":30,"column":65},"end":{"line":30,"column":79}},"28":{"start":{"line":31,"column":26},"end":{"line":33,"column":4}},"29":{"start":{"line":31,"column":65},"end":{"line":33,"column":3}},"30":{"start":{"line":36,"column":26},"end":{"line":36,"column":95}},"31":{"start":{"line":36,"column":80},"end":{"line":36,"column":92}},"32":{"start":{"line":37,"column":26},"end":{"line":39,"column":3}},"33":{"start":{"line":38,"column":4},"end":{"line":38,"column":16}},"34":{"start":{"line":40,"column":26},"end":{"line":40,"column":83}},"35":{"start":{"line":40,"column":78},"end":{"line":40,"column":83}},"36":{"start":{"line":41,"column":26},"end":{"line":41,"column":94}},"37":{"start":{"line":41,"column":79},"end":{"line":41,"column":93}},"38":{"start":{"line":42,"column":26},"end":{"line":44,"column":4}},"39":{"start":{"line":42,"column":79},"end":{"line":44,"column":3}}},"fnMap":{"0":{"name":"(anonymous_0)","decl":{"start":{"line":1,"column":15},"end":{"line":1,"column":25}},"loc":{"start":{"line":1,"column":26},"end":{"line":45,"column":1}},"line":1},"1":{"name":"(anonymous_1)","decl":{"start":{"line":3,"column":26},"end":{"line":3,"column":28}},"loc":{"start":{"line":3,"column":40},"end":{"line":3,"column":57}},"line":3},"2":{"name":"(anonymous_2)","decl":{"start":{"line":4,"column":26},"end":{"line":4,"column":28}},"loc":{"start":{"line":4,"column":40},"end":{"line":6,"column":3}},"line":4},"3":{"name":"(anonymous_3)","decl":{"start":{"line":7,"column":26},"end":{"line":7,"column":28}},"loc":{"start":{"line":7,"column":40},"end":{"line":7,"column":45}},"line":7},"4":{"name":"(anonymous_4)","decl":{"start":{"line":8,"column":26},"end":{"line":8,"column":28}},"loc":{"start":{"line":8,"column":40},"end":{"line":8,"column":56}},"line":8},"5":{"name":"(anonymous_5)","decl":{"start":{"line":9,"column":26},"end":{"line":9,"column":28}},"loc":{"start":{"line":9,"column":40},"end":{"line":11,"column":4}},"line":9},"6":{"name":"(anonymous_6)","decl":{"start":{"line":14,"column":26},"end":{"line":14,"column":39}},"loc":{"start":{"line":14,"column":51},"end":{"line":14,"column":68}},"line":14},"7":{"name":"(anonymous_7)","decl":{"start":{"line":15,"column":26},"end":{"line":15,"column":39}},"loc":{"start":{"line":15,"column":51},"end":{"line":17,"column":3}},"line":15},"8":{"name":"(anonymous_8)","decl":{"start":{"line":18,"column":26},"end":{"line":18,"column":39}},"loc":{"start":{"line":18,"column":51},"end":{"line":18,"column":56}},"line":18},"9":{"name":"(anonymous_9)","decl":{"start":{"line":19,"column":26},"end":{"line":19,"column":39}},"loc":{"start":{"line":19,"column":51},"end":{"line":19,"column":67}},"line":19},"10":{"name":"(anonymous_10)","decl":{"start":{"line":20,"column":26},"end":{"line":20,"column":39}},"loc":{"start":{"line":20,"column":51},"end":{"line":22,"column":4}},"line":20},"11":{"name":"(anonymous_11)","decl":{"start":{"line":25,"column":26},"end":{"line":25,"column":52}},"loc":{"start":{"line":25,"column":64},"end":{"line":25,"column":81}},"line":25},"12":{"name":"(anonymous_12)","decl":{"start":{"line":26,"column":26},"end":{"line":26,"column":52}},"loc":{"start":{"line":26,"column":64},"end":{"line":28,"column":3}},"line":26},"13":{"name":"(anonymous_13)","decl":{"start":{"line":29,"column":26},"end":{"line":29,"column":52}},"loc":{"start":{"line":29,"column":64},"end":{"line":29,"column":69}},"line":29},"14":{"name":"(anonymous_14)","decl":{"start":{"line":30,"column":26},"end":{"line":30,"column":52}},"loc":{"start":{"line":30,"column":64},"end":{"line":30,"column":80}},"line":30},"15":{"name":"(anonymous_15)","decl":{"start":{"line":31,"column":26},"end":{"line":31,"column":52}},"loc":{"start":{"line":31,"column":64},"end":{"line":33,"column":4}},"line":31},"16":{"name":"(anonymous_16)","decl":{"start":{"line":36,"column":26},"end":{"line":36,"column":66}},"loc":{"start":{"line":36,"column":78},"end":{"line":36,"column":95}},"line":36},"17":{"name":"(anonymous_17)","decl":{"start":{"line":37,"column":26},"end":{"line":37,"column":66}},"loc":{"start":{"line":37,"column":78},"end":{"line":39,"column":3}},"line":37},"18":{"name":"(anonymous_18)","decl":{"start":{"line":40,"column":26},"end":{"line":40,"column":66}},"loc":{"start":{"line":40,"column":78},"end":{"line":40,"column":83}},"line":40},"19":{"name":"(anonymous_19)","decl":{"start":{"line":41,"column":26},"end":{"line":41,"column":66}},"loc":{"start":{"line":41,"column":78},"end":{"line":41,"column":94}},"line":41},"20":{"name":"(anonymous_20)","decl":{"start":{"line":42,"column":26},"end":{"line":42,"column":66}},"loc":{"start":{"line":42,"column":78},"end":{"line":44,"column":4}},"line":42}},"branchMap":{"0":{"loc":{"start":{"line":36,"column":27},"end":{"line":36,"column":45}},"type":"default-arg","locations":[{"start":{"line":36,"column":41},"end":{"line":36,"column":45}}],"line":36},"1":{"loc":{"start":{"line":36,"column":47},"end":{"line":36,"column":65}},"type":"default-arg","locations":[{"start":{"line":36,"column":61},"end":{"line":36,"column":65}}],"line":36},"2":{"loc":{"start":{"line":37,"column":27},"end":{"line":37,"column":45}},"type":"default-arg","locations":[{"start":{"line":37,"column":41},"end":{"line":37,"column":45}}],"line":37},"3":{"loc":{"start":{"line":37,"column":47},"end":{"line":37,"column":65}},"type":"default-arg","locations":[{"start":{"line":37,"column":61},"end":{"line":37,"column":65}}],"line":37},"4":{"loc":{"start":{"line":40,"column":27},"end":{"line":40,"column":45}},"type":"default-arg","locations":[{"start":{"line":40,"column":41},"end":{"line":40,"column":45}}],"line":40},"5":{"loc":{"start":{"line":40,"column":47},"end":{"line":40,"column":65}},"type":"default-arg","locations":[{"start":{"line":40,"column":61},"end":{"line":40,"column":65}}],"line":40},"6":{"loc":{"start":{"line":41,"column":27},"end":{"line":41,"column":45}},"type":"default-arg","locations":[{"start":{"line":41,"column":41},"end":{"line":41,"column":45}}],"line":41},"7":{"loc":{"start":{"line":41,"column":47},"end":{"line":41,"column":65}},"type":"default-arg","locations":[{"start":{"line":41,"column":61},"end":{"line":41,"column":65}}],"line":41},"8":{"loc":{"start":{"line":42,"column":27},"end":{"line":42,"column":45}},"type":"default-arg","locations":[{"start":{"line":42,"column":41},"end":{"line":42,"column":45}}],"line":42},"9":{"loc":{"start":{"line":42,"column":47},"end":{"line":42,"column":65}},"type":"default-arg","locations":[{"start":{"line":42,"column":61},"end":{"line":42,"column":65}}],"line":42}},"s":{"0":1,"1":0,"2":1,"3":0,"4":1,"5":0,"6":1,"7":0,"8":1,"9":0,"10":1,"11":0,"12":1,"13":0,"14":1,"15":0,"16":1,"17":0,"18":1,"19":0,"20":1,"21":0,"22":1,"23":0,"24":1,"25":0,"26":1,"27":0,"28":1,"29":0,"30":1,"31":0,"32":1,"33":0,"34":1,"35":0,"36":1,"37":0,"38":1,"39":0},"f":{"0":1,"1":0,"2":0,"3":0,"4":0,"5":0,"6":0,"7":0,"8":0,"9":0,"10":0,"11":0,"12":0,"13":0,"14":0,"15":0,"16":0,"17":0,"18":0,"19":0,"20":0},"b":{"0":[0],"1":[0],"2":[0],"3":[0],"4":[0],"5":[0],"6":[0],"7":[0],"8":[0],"9":[0]},"_coverageSchema":"332fd63041d2c1bcb487cc26dd0d5f7d97098a6c","hash":"f68f138be540a2a50eaafdd79fca648851b9e5d0"}
,"/Users/thara/Desktop/share/20190104_IstanbulJS_Coverage_Issue/11_SolutionB/typescript_v2/src/Test/2_Function/0_Normal/ClassMethod.tsx": {"path":"/Users/thara/Desktop/share/20190104_IstanbulJS_Coverage_Issue/11_SolutionB/typescript_v2/src/Test/2_Function/0_Normal/ClassMethod.tsx","statementMap":{"0":{"start":{"line":3,"column":35},"end":{"line":3,"column":47}},"1":{"start":{"line":5,"column":4},"end":{"line":5,"column":16}},"2":{"start":{"line":9,"column":46},"end":{"line":9,"column":58}},"3":{"start":{"line":11,"column":4},"end":{"line":11,"column":16}},"4":{"start":{"line":15,"column":59},"end":{"line":15,"column":71}},"5":{"start":{"line":17,"column":4},"end":{"line":17,"column":16}},"6":{"start":{"line":21,"column":73},"end":{"line":21,"column":85}},"7":{"start":{"line":23,"column":4},"end":{"line":23,"column":16}}},"fnMap":{"0":{"name":"classMethod01","decl":{"start":{"line":3,"column":2},"end":{"line":3,"column":24}},"loc":{"start":{"line":3,"column":33},"end":{"line":3,"column":50}},"line":3},"1":{"name":"classMethod02","decl":{"start":{"line":4,"column":2},"end":{"line":4,"column":24}},"loc":{"start":{"line":4,"column":33},"end":{"line":6,"column":3}},"line":4},"2":{"name":"classMethod11","decl":{"start":{"line":9,"column":2},"end":{"line":9,"column":35}},"loc":{"start":{"line":9,"column":44},"end":{"line":9,"column":61}},"line":9},"3":{"name":"classMethod12","decl":{"start":{"line":10,"column":2},"end":{"line":10,"column":35}},"loc":{"start":{"line":10,"column":44},"end":{"line":12,"column":3}},"line":10},"4":{"name":"classMethod21","decl":{"start":{"line":15,"column":2},"end":{"line":15,"column":48}},"loc":{"start":{"line":15,"column":57},"end":{"line":15,"column":74}},"line":15},"5":{"name":"classMethod22","decl":{"start":{"line":16,"column":2},"end":{"line":16,"column":48}},"loc":{"start":{"line":16,"column":57},"end":{"line":18,"column":3}},"line":16},"6":{"name":"classMethod31","decl":{"start":{"line":21,"column":2},"end":{"line":21,"column":62}},"loc":{"start":{"line":21,"column":71},"end":{"line":21,"column":88}},"line":21},"7":{"name":"classMethod32","decl":{"start":{"line":22,"column":2},"end":{"line":22,"column":62}},"loc":{"start":{"line":22,"column":71},"end":{"line":24,"column":3}},"line":22},"8":{"name":"(anonymous_8)","decl":{"start":{"line":26,"column":15},"end":{"line":26,"column":25}},"loc":{"start":{"line":26,"column":26},"end":{"line":28,"column":1}},"line":26}},"branchMap":{"0":{"loc":{"start":{"line":21,"column":23},"end":{"line":21,"column":41}},"type":"default-arg","locations":[{"start":{"line":21,"column":37},"end":{"line":21,"column":41}}],"line":21},"1":{"loc":{"start":{"line":21,"column":43},"end":{"line":21,"column":61}},"type":"default-arg","locations":[{"start":{"line":21,"column":57},"end":{"line":21,"column":61}}],"line":21},"2":{"loc":{"start":{"line":22,"column":23},"end":{"line":22,"column":41}},"type":"default-arg","locations":[{"start":{"line":22,"column":37},"end":{"line":22,"column":41}}],"line":22},"3":{"loc":{"start":{"line":22,"column":43},"end":{"line":22,"column":61}},"type":"default-arg","locations":[{"start":{"line":22,"column":57},"end":{"line":22,"column":61}}],"line":22}},"s":{"0":0,"1":0,"2":0,"3":0,"4":0,"5":0,"6":0,"7":0},"f":{"0":0,"1":0,"2":0,"3":0,"4":0,"5":0,"6":0,"7":0,"8":1},"b":{"0":[0],"1":[0],"2":[0],"3":[0]},"_coverageSchema":"332fd63041d2c1bcb487cc26dd0d5f7d97098a6c","hash":"d21039487686426ee3a56d82e1cf96ae1cedaf42"}
,"/Users/thara/Desktop/share/20190104_IstanbulJS_Coverage_Issue/11_SolutionB/typescript_v2/src/Test/2_Function/0_Normal/FunctionDeclaration.tsx": {"path":"/Users/thara/Desktop/share/20190104_IstanbulJS_Coverage_Issue/11_SolutionB/typescript_v2/src/Test/2_Function/0_Normal/FunctionDeclaration.tsx","statementMap":{"0":{"start":{"line":3,"column":45},"end":{"line":3,"column":57}},"1":{"start":{"line":5,"column":4},"end":{"line":5,"column":16}},"2":{"start":{"line":9,"column":56},"end":{"line":9,"column":68}},"3":{"start":{"line":11,"column":4},"end":{"line":11,"column":16}},"4":{"start":{"line":15,"column":69},"end":{"line":15,"column":81}},"5":{"start":{"line":17,"column":4},"end":{"line":17,"column":16}},"6":{"start":{"line":21,"column":83},"end":{"line":21,"column":95}},"7":{"start":{"line":23,"column":4},"end":{"line":23,"column":16}}},"fnMap":{"0":{"name":"(anonymous_0)","decl":{"start":{"line":1,"column":15},"end":{"line":1,"column":25}},"loc":{"start":{"line":1,"column":26},"end":{"line":25,"column":1}},"line":1},"1":{"name":"functionDeclaration01","decl":{"start":{"line":3,"column":2},"end":{"line":3,"column":34}},"loc":{"start":{"line":3,"column":43},"end":{"line":3,"column":60}},"line":3},"2":{"name":"functionDeclaration02","decl":{"start":{"line":4,"column":2},"end":{"line":4,"column":34}},"loc":{"start":{"line":4,"column":43},"end":{"line":6,"column":3}},"line":4},"3":{"name":"functionDeclaration11","decl":{"start":{"line":9,"column":2},"end":{"line":9,"column":45}},"loc":{"start":{"line":9,"column":54},"end":{"line":9,"column":71}},"line":9},"4":{"name":"functionDeclaration12","decl":{"start":{"line":10,"column":2},"end":{"line":10,"column":45}},"loc":{"start":{"line":10,"column":54},"end":{"line":12,"column":3}},"line":10},"5":{"name":"functionDeclaration21","decl":{"start":{"line":15,"column":2},"end":{"line":15,"column":58}},"loc":{"start":{"line":15,"column":67},"end":{"line":15,"column":84}},"line":15},"6":{"name":"functionDeclaration22","decl":{"start":{"line":16,"column":2},"end":{"line":16,"column":58}},"loc":{"start":{"line":16,"column":67},"end":{"line":18,"column":3}},"line":16},"7":{"name":"functionDeclaration31","decl":{"start":{"line":21,"column":2},"end":{"line":21,"column":72}},"loc":{"start":{"line":21,"column":81},"end":{"line":21,"column":98}},"line":21},"8":{"name":"functionDeclaration32","decl":{"start":{"line":22,"column":2},"end":{"line":22,"column":72}},"loc":{"start":{"line":22,"column":81},"end":{"line":24,"column":3}},"line":22}},"branchMap":{"0":{"loc":{"start":{"line":21,"column":33},"end":{"line":21,"column":51}},"type":"default-arg","locations":[{"start":{"line":21,"column":47},"end":{"line":21,"column":51}}],"line":21},"1":{"loc":{"start":{"line":21,"column":53},"end":{"line":21,"column":71}},"type":"default-arg","locations":[{"start":{"line":21,"column":67},"end":{"line":21,"column":71}}],"line":21},"2":{"loc":{"start":{"line":22,"column":33},"end":{"line":22,"column":51}},"type":"default-arg","locations":[{"start":{"line":22,"column":47},"end":{"line":22,"column":51}}],"line":22},"3":{"loc":{"start":{"line":22,"column":53},"end":{"line":22,"column":71}},"type":"default-arg","locations":[{"start":{"line":22,"column":67},"end":{"line":22,"column":71}}],"line":22}},"s":{"0":0,"1":0,"2":0,"3":0,"4":0,"5":0,"6":0,"7":0},"f":{"0":1,"1":0,"2":0,"3":0,"4":0,"5":0,"6":0,"7":0,"8":0},"b":{"0":[0],"1":[0],"2":[0],"3":[0]},"_coverageSchema":"332fd63041d2c1bcb487cc26dd0d5f7d97098a6c","hash":"c2f6fa8fd05346f39e409d7751447746c6e3a7a3"}
[...]
:{"start":{"line":31,"column":4},"end":{"line":31,"column":16}}},"fnMap":{"0":{"name":"(anonymous_0)","decl":{"start":{"line":1,"column":15},"end":{"line":1,"column":25}},"loc":{"start":{"line":1,"column":26},"end":{"line":33,"column":1}},"line":1},"1":{"name":"functionDeclaration01a","decl":{"start":{"line":3,"column":2},"end":{"line":3,"column":35}},"loc":{"start":{"line":3,"column":44},"end":{"line":3,"column":61}},"line":3},"2":{"name":"functionDeclaration01b","decl":{"start":{"line":3,"column":63},"end":{"line":3,"column":96}},"loc":{"start":{"line":3,"column":105},"end":{"line":3,"column":122}},"line":3},"3":{"name":"functionDeclaration02a","decl":{"start":{"line":4,"column":2},"end":{"line":4,"column":35}},"loc":{"start":{"line":4,"column":44},"end":{"line":6,"column":3}},"line":4},"4":{"name":"functionDeclaration02b","decl":{"start":{"line":6,"column":5},"end":{"line":6,"column":38}},"loc":{"start":{"line":6,"column":47},"end":{"line":8,"column":3}},"line":6},"5":{"name":"functionDeclaration11a","decl":{"start":{"line":11,"column":2},"end":{"line":11,"column":46}},"loc":{"start":{"line":11,"column":55},"end":{"line":11,"column":72}},"line":11},"6":{"name":"functionDeclaration11b","decl":{"start":{"line":11,"column":74},"end":{"line":11,"column":118}},"loc":{"start":{"line":11,"column":127},"end":{"line":11,"column":144}},"line":11},"7":{"name":"functionDeclaration12a","decl":{"start":{"line":12,"column":2},"end":{"line":12,"column":46}},"loc":{"start":{"line":12,"column":55},"end":{"line":14,"column":3}},"line":12},"8":{"name":"functionDeclaration12b","decl":{"start":{"line":14,"column":5},"end":{"line":14,"column":49}},"loc":{"start":{"line":14,"column":58},"end":{"line":16,"column":3}},"line":14},"9":{"name":"functionDeclaration21a","decl":{"start":{"line":19,"column":2},"end":{"line":19,"column":59}},"loc":{"start":{"line":19,"column":68},"end":{"line":19,"column":85}},"line":19},"10":{"name":"functionDeclaration21b","decl":{"start":{"line":19,"column":87},"end":{"line":19,"column":144}},"loc":{"start":{"line":19,"column":153},"end":{"line":19,"column":170}},"line":19},"11":{"name":"functionDeclaration22a","decl":{"start":{"line":20,"column":2},"end":{"line":20,"column":59}},"loc":{"start":{"line":20,"column":68},"end":{"line":22,"column":3}},"line":20},"12":{"name":"functionDeclaration22b","decl":{"start":{"line":22,"column":5},"end":{"line":22,"column":62}},"loc":{"start":{"line":22,"column":71},"end":{"line":24,"column":3}},"line":22},"13":{"name":"functionDeclaration31a","decl":{"start":{"line":27,"column":2},"end":{"line":27,"column":73}},"loc":{"start":{"line":27,"column":82},"end":{"line":27,"column":99}},"line":27},"14":{"name":"functionDeclaration31b","decl":{"start":{"line":27,"column":101},"end":{"line":27,"column":172}},"loc":{"start":{"line":27,"column":181},"end":{"line":27,"column":198}},"line":27},"15":{"name":"functionDeclaration32a","decl":{"start":{"line":28,"column":2},"end":{"line":28,"column":73}},"loc":{"start":{"line":28,"column":82},"end":{"line":30,"column":3}},"line":28},"16":{"name":"functionDeclaration32b","decl":{"start":{"line":30,"column":5},"end":{"line":30,"column":76}},"loc":{"start":{"line":30,"column":85},"end":{"line":32,"column":3}},"line":30}},"branchMap":{"0":{"loc":{"start":{"line":27,"column":34},"end":{"line":27,"column":52}},"type":"default-arg","locations":[{"start":{"line":27,"column":48},"end":{"line":27,"column":52}}],"line":27},"1":{"loc":{"start":{"line":27,"column":54},"end":{"line":27,"column":72}},"type":"default-arg","locations":[{"start":{"line":27,"column":68},"end":{"line":27,"column":72}}],"line":27},"2":{"loc":{"start":{"line":27,"column":133},"end":{"line":27,"column":151}},"type":"default-arg","locations":[{"start":{"line":27,"column":147},"end":{"line":27,"column":151}}],"line":27},"3":{"loc":{"start":{"line":27,"column":153},"end":{"line":27,"column":171}},"type":"default-arg","locations":[{"start":{"line":27,"column":167},"end":{"line":27,"column":171}}],"line":27},"4":{"loc":{"start":{"line":28,"column":34},"end":{"line":28,"column":52}},"type":"default-arg","locations":[{"start":{"line":28,"column":48},"end":{"line":28,"column":52}}],"line":28},"5":{"loc":{"start":{"line":28,"column":54},"end":{"line":28,"column":72}},"type":"default-arg","locations":[{"start":{"line":28,"column":68},"end":{"line":28,"column":72}}],"line":28},"6":{"loc":{"start":{"line":30,"column":37},"end":{"line":30,"column":55}},"type":"default-arg","locations":[{"start":{"line":30,"column":51},"end":{"line":30,"column":55}}],"line":30},"7":{"loc":{"start":{"line":30,"column":57},"end":{"line":30,"column":75}},"type":"default-arg","locations":[{"start":{"line":30,"column":71},"end":{"line":30,"column":75}}],"line":30}},"s":{"0":0,"1":0,"2":0,"3":0,"4":0,"5":0,"6":0,"7":0,"8":0,"9":0,"10":0,"11":0,"12":0,"13":0,"14":0,"15":0},"f":{"0":1,"1":0,"2":0,"3":0,"4":0,"5":0,"6":0,"7":0,"8":0,"9":0,"10":0,"11":0,"12":0,"13":0,"14":0,"15":0,"16":0},"b":{"0":[0],"1":[0],"2":[0],"3":[0],"4":[0],"5":[0],"6":[0],"7":[0]},"_coverageSchema":"332fd63041d2c1bcb487cc26dd0d5f7d97098a6c","hash":"e3b96a75a5506d160dd30036c717a1c3056d73b2"}
,"/Users/thara/Desktop/share/20190104_IstanbulJS_Coverage_Issue/11_SolutionB/typescript_v2/src/Test/2_Function/3_Abuse/FunctionExpression.tsx": {"path":"/Users/thara/Desktop/share/20190104_IstanbulJS_Coverage_Issue/11_SolutionB/typescript_v2/src/Test/2_Function/3_Abuse/FunctionExpression.tsx","statementMap":{"0":{"start":{"line":4,"column":41},"end":{"line":4,"column":77}},"1":{"start":{"line":4,"column":62},"end":{"line":4,"column":74}},"2":{"start":{"line":4,"column":118},"end":{"line":4,"column":154}},"3":{"start":{"line":4,"column":139},"end":{"line":4,"column":151}},"4":{"start":{"line":5,"column":41},"end":{"line":7,"column":3}},"5":{"start":{"line":6,"column":4},"end":{"line":6,"column":16}},"6":{"start":{"line":7,"column":44},"end":{"line":9,"column":3}},"7":{"start":{"line":8,"column":4},"end":{"line":8,"column":16}},"8":{"start":{"line":12,"column":41},"end":{"line":12,"column":88}},"9":{"start":{"line":12,"column":73},"end":{"line":12,"column":85}},"10":{"start":{"line":12,"column":129},"end":{"line":12,"column":176}},"11":{"start":{"line":12,"column":161},"end":{"line":12,"column":173}},"12":{"start":{"line":13,"column":41},"end":{"line":15,"column":3}},"13":{"start":{"line":14,"column":4},"end":{"line":14,"column":16}},"14":{"start":{"line":15,"column":44},"end":{"line":17,"column":3}},"15":{"start":{"line":16,"column":4},"end":{"line":16,"column":16}},"16":{"start":{"line":20,"column":41},"end":{"line":20,"column":101}},"17":{"start":{"line":20,"column":86},"end":{"line":20,"column":98}},"18":{"start":{"line":20,"column":142},"end":{"line":20,"column":202}},"19":{"start":{"line":20,"column":187},"end":{"line":20,"column":199}},"20":{"start":{"line":21,"column":41},"end":{"line":23,"column":3}},"21":{"start":{"line":22,"column":4},"end":{"line":22,"column":16}},"22":{"start":{"line":23,"column":44},"end":{"line":25,"column":3}},"23":{"start":{"line":24,"column":4},"end":{"line":24,"column":16}},"24":{"start":{"line":28,"column":41},"end":{"line":28,"column":115}},"25":{"start":{"line":28,"column":100},"end":{"line":28,"column":112}},"26":{"start":{"line":28,"column":156},"end":{"line":28,"column":230}},"27":{"start":{"line":28,"column":215},"end":{"line":28,"column":227}},"28":{"start":{"line":29,"column":41},"end":{"line":31,"column":3}},"29":{"start":{"line":30,"column":4},"end":{"line":30,"column":16}},"30":{"start":{"line":31,"column":44},"end":{"line":33,"column":3}},"31":{"start":{"line":32,"column":4},"end":{"line":32,"column":16}},"32":{"start":{"line":37,"column":37},"end":{"line":37,"column":100}},"33":{"start":{"line":37,"column":85},"end":{"line":37,"column":97}},"34":{"start":{"line":37,"column":137},"end":{"line":37,"column":200}},"35":{"start":{"line":37,"column":185},"end":{"line":37,"column":197}},"36":{"start":{"line":38,"column":37},"end":{"line":40,"column":3}},"37":{"start":{"line":39,"column":4},"end":{"line":39,"column":16}},"38":{"start":{"line":40,"column":40},"end":{"line":42,"column":3}},"39":{"start":{"line":41,"column":4},"end":{"line":41,"column":16}},"40":{"start":{"line":45,"column":37},"end":{"line":45,"column":111}},"41":{"start":{"line":45,"column":96},"end":{"line":45,"column":108}},"42":{"start":{"line":45,"column":148},"end":{"line":45,"column":222}},"43":{"start":{"line":45,"column":207},"end":{"line":45,"column":219}},"44":{"start":{"line":46,"column":37},"end":{"line":48,"column":3}},"45":{"start":{"line":47,"column":4},"end":{"line":47,"column":16}},"46":{"start":{"line":48,"column":40},"end":{"line":50,"column":3}},"47":{"start":{"line":49,"column":4},"end":{"line":49,"column":16}},"48":{"start":{"line":53,"column":37},"end":{"line":53,"column":124}},"49":{"start":{"line":53,"column":109},"end":{"line":53,"column":121}},"50":{"start":{"line":53,"column":161},"end":{"line":53,"column":248}},"51":{"start":{"line":53,"column":233},"end":{"line":53,"column":245}},"52":{"start":{"line":54,"column":37},"end":{"line":56,"column":3}},"53":{"start":{"line":55,"column":4},"end":{"line":55,"column":16}},"54":{"start":{"line":56,"column":40},"end":{"line":58,"column":3}},"55":{"start":{"line":57,"column":4},"end":{"line":57,"column":16}},"56":{"start":{"line":61,"column":37},"end":{"line":61,"column":138}},"57":{"start":{"line":61,"column":123},"end":{"line":61,"column":135}},"58":{"start":{"line":61,"column":175},"end":{"line":61,"column":276}},"59":{"start":{"line":61,"column":261},"end":{"line":61,"column":273}},"60":{"start":{"line":62,"column":37},"end":{"line":64,"column":3}},"61":{"start":{"line":63,"column":4},"end":{"line":63,"column":16}},"62":{"start":{"line":64,"column":40},"end":{"line":66,"column":3}},"63":{"start":{"line":65,"column":4},"end":{"line":65,"column":16}}},"fnMap":{"0":{"name":"(anonymous_0)","decl":{"start":{"line":1,"column":15},"end":{"line":1,"column":25}},"loc":{"start":{"line":1,"column":26},"end":{"line":67,"column":1}},"line":1},"1":{"name":"(anonymous_1)","decl":{"start":{"line":4,"column":41},"end":{"line":4,"column":51}},"loc":{"start":{"line":4,"column":60},"end":{"line":4,"column":77}},"line":4},"2":{"name":"(anonymous_2)","decl":{"start":{"line":4,"column":118},"end":{"line":4,"column":128}},"loc":{"start":{"line":4,"column":137},"end":{"line":4,"column":154}},"line":4},"3":{"name":"(anonymous_3)","decl":{"start":{"line":5,"column":41},"end":{"line":5,"column":51}},"loc":{"start":{"line":5,"column":60},"end":{"line":7,"column":3}},"line":5},"4":{"name":"(anonymous_4)","decl":{"start":{"line":7,"column":44},"end":{"line":7,"column":54}},"loc":{"start":{"line":7,"column":63},"end":{"line":9,"column":3}},"line":7},"5":{"name":"(anonymous_5)","decl":{"start":{"line":12,"column":41},"end":{"line":12,"column":62}},"loc":{"start":{"line":12,"column":71},"end":{"line":12,"column":88}},"line":12},"6":{"name":"(anonymous_6)","decl":{"start":{"line":12,"column":129},"end":{"line":12,"column":150}},"loc":{"start":{"line":12,"column":159},"end":{"line":12,"column":176}},"line":12},"7":{"name":"(anonymous_7)","decl":{"start":{"line":13,"column":41},"end":{"line":13,"column":62}},"loc":{"start":{"line":13,"column":71},"end":{"line":15,"column":3}},"line":13},"8":{"name":"(anonymous_8)","decl":{"start":{"line":15,"column":44},"end":{"line":15,"column":65}},"loc":{"start":{"line":15,"column":74},"end":{"line":17,"column":3}},"line":15},"9":{"name":"(anonymous_9)","decl":{"start":{"line":20,"column":41},"end":{"line":20,"column":75}},"loc":{"start":{"line":20,"column":84},"end":{"line":20,"column":101}},"line":20},"10":{"name":"(anonymous_10)","decl":{"start":{"line":20,"column":142},"end":{"line":20,"column":176}},"loc":{"start":{"line":20,"column":185},"end":{"line":20,"column":202}},"line":20},"11":{"name":"(anonymous_11)","decl":{"start":{"line":21,"column":41},"end":{"line":21,"column":75}},"loc":{"start":{"line":21,"column":84},"end":{"line":23,"column":3}},"line":21},"12":{"name":"(anonymous_12)","decl":{"start":{"line":23,"column":44},"end":{"line":23,"column":78}},"loc":{"start":{"line":23,"column":87},"end":{"line":25,"column":3}},"line":23},"13":{"name":"(anonymous_13)","decl":{"start":{"line":28,"column":41},"end":{"line":28,"column":89}},"loc":{"start":{"line":28,"column":98},"end":{"line":28,"column":115}},"line":28},"14":{"name":"(anonymous_14)","decl":{"start":{"line":28,"column":156},"end":{"line":28,"column":204}},"loc":{"start":{"line":28,"column":213},"end":{"line":28,"column":230}},"line":28},"15":{"name":"(anonymous_15)","decl":{"start":{"line":29,"column":41},"end":{"line":29,"column":89}},"loc":{"start":{"line":29,"column":98},"end":{"line":31,"column":3}},"line":29},"16":{"name":"(anonymous_16)","decl":{"start":{"line":31,"column":44},"end":{"line":31,"column":92}},"loc":{"start":{"line":31,"column":101},"end":{"line":33,"column":3}},"line":31},"17":{"name":"functionExpressionNamed01a","decl":{"start":{"line":37,"column":37},"end":{"line":37,"column":74}},"loc":{"start":{"line":37,"column":83},"end":{"line":37,"column":100}},"line":37},"18":{"name":"functionExpressionNamed01b","decl":{"start":{"line":37,"column":137},"end":{"line":37,"column":174}},"loc":{"start":{"line":37,"column":183},"end":{"line":37,"column":200}},"line":37},"19":{"name":"functionExpressionNamed02a","decl":{"start":{"line":38,"column":37},"end":{"line":38,"column":74}},"loc":{"start":{"line":38,"column":83},"end":{"line":40,"column":3}},"line":38},"20":{"name":"functionExpressionNamed02b","decl":{"start":{"line":40,"column":40},"end":{"line":40,"column":77}},"loc":{"start":{"line":40,"column":86},"end":{"line":42,"column":3}},"line":40},"21":{"name":"functionExpressionNamed11a","decl":{"start":{"line":45,"column":37},"end":{"line":45,"column":85}},"loc":{"start":{"line":45,"column":94},"end":{"line":45,"column":111}},"line":45},"22":{"name":"functionExpressionNamed11b","decl":{"start":{"line":45,"column":148},"end":{"line":45,"column":196}},"loc":{"start":{"line":45,"column":205},"end":{"line":45,"column":222}},"line":45},"23":{"name":"functionExpressionNamed12a","decl":{"start":{"line":46,"column":37},"end":{"line":46,"column":85}},"loc":{"start":{"line":46,"column":94},"end":{"line":48,"column":3}},"line":46},"24":{"name":"functionExpressionNamed12b","decl":{"start":{"line":48,"column":40},"end":{"line":48,"column":88}},"loc":{"start":{"line":48,"column":97},"end":{"line":50,"column":3}},"line":48},"25":{"name":"functionExpressionNamed21a","decl":{"start":{"line":53,"column":37},"end":{"line":53,"column":98}},"loc":{"start":{"line":53,"column":107},"end":{"line":53,"column":124}},"line":53},"26":{"name":"functionExpressionNamed21b","decl":{"start":{"line":53,"column":161},"end":{"line":53,"column":222}},"loc":{"start":{"line":53,"column":231},"end":{"line":53,"column":248}},"line":53},"27":{"name":"functionExpressionNamed22a","decl":{"start":{"line":54,"column":37},"end":{"line":54,"column":98}},"loc":{"start":{"line":54,"column":107},"end":{"line":56,"column":3}},"line":54},"28":{"name":"functionExpressionNamed22b","decl":{"start":{"line":56,"column":40},"end":{"line":56,"column":101}},"loc":{"start":{"line":56,"column":110},"end":{"line":58,"column":3}},"line":56},"29":{"name":"functionExpressionNamed31a","decl":{"start":{"line":61,"column":37},"end":{"line":61,"column":112}},"loc":{"start":{"line":61,"column":121},"end":{"line":61,"column":138}},"line":61},"30":{"name":"functionExpressionNamed31b","decl":{"start":{"line":61,"column":175},"end":{"line":61,"column":250}},"loc":{"start":{"line":61,"column":259},"end":{"line":61,"column":276}},"line":61},"31":{"name":"functionExpressionNamed32a","decl":{"start":{"line":62,"column":37},"end":{"line":62,"column":112}},"loc":{"start":{"line":62,"column":121},"end":{"line":64,"column":3}},"line":62},"32":{"name":"functionExpressionNamed32b","decl":{"start":{"line":64,"column":40},"end":{"line":64,"column":115}},"loc":{"start":{"line":64,"column":124},"end":{"line":66,"column":3}},"line":64}},"branchMap":{"0":{"loc":{"start":{"line":28,"column":50},"end":{"line":28,"column":68}},"type":"default-arg","locations":[{"start":{"line":28,"column":64},"end":{"line":28,"column":68}}],"line":28},"1":{"loc":{"start":{"line":28,"column":70},"end":{"line":28,"column":88}},"type":"default-arg","locations":[{"start":{"line":28,"column":84},"end":{"line":28,"column":88}}],"line":28},"2":{"loc":{"start":{"line":28,"column":165},"end":{"line":28,"column":183}},"type":"default-arg","locations":[{"start":{"line":28,"column":179},"end":{"line":28,"column":183}}],"line":28},"3":{"loc":{"start":{"line":28,"column":185},"end":{"line":28,"column":203}},"type":"default-arg","locations":[{"start":{"line":28,"column":199},"end":{"line":28,"column":203}}],"line":28},"4":{"loc":{"start":{"line":29,"column":50},"end":{"line":29,"column":68}},"type":"default-arg","locations":[{"start":{"line":29,"column":64},"end":{"line":29,"column":68}}],"line":29},"5":{"loc":{"start":{"line":29,"column":70},"end":{"line":29,"column":88}},"type":"default-arg","locations":[{"start":{"line":29,"column":84},"end":{"line":29,"column":88}}],"line":29},"6":{"loc":{"start":{"line":31,"column":53},"end":{"line":31,"column":71}},"type":"default-arg","locations":[{"start":{"line":31,"column":67},"end":{"line":31,"column":71}}],"line":31},"7":{"loc":{"start":{"line":31,"column":73},"end":{"line":31,"column":91}},"type":"default-arg","locations":[{"start":{"line":31,"column":87},"end":{"line":31,"column":91}}],"line":31},"8":{"loc":{"start":{"line":61,"column":73},"end":{"line":61,"column":91}},"type":"default-arg","locations":[{"start":{"line":61,"column":87},"end":{"line":61,"column":91}}],"line":61},"9":{"loc":{"start":{"line":61,"column":93},"end":{"line":61,"column":111}},"type":"default-arg","locations":[{"start":{"line":61,"column":107},"end":{"line":61,"column":111}}],"line":61},"10":{"loc":{"start":{"line":61,"column":211},"end":{"line":61,"column":229}},"type":"default-arg","locations":[{"start":{"line":61,"column":225},"end":{"line":61,"column":229}}],"line":61},"11":{"loc":{"start":{"line":61,"column":231},"end":{"line":61,"column":249}},"type":"default-arg","locations":[{"start":{"line":61,"column":245},"end":{"line":61,"column":249}}],"line":61},"12":{"loc":{"start":{"line":62,"column":73},"end":{"line":62,"column":91}},"type":"default-arg","locations":[{"start":{"line":62,"column":87},"end":{"line":62,"column":91}}],"line":62},"13":{"loc":{"start":{"line":62,"column":93},"end":{"line":62,"column":111}},"type":"default-arg","locations":[{"start":{"line":62,"column":107},"end":{"line":62,"column":111}}],"line":62},"14":{"loc":{"start":{"line":64,"column":76},"end":{"line":64,"column":94}},"type":"default-arg","locations":[{"start":{"line":64,"column":90},"end":{"line":64,"column":94}}],"line":64},"15":{"loc":{"start":{"line":64,"column":96},"end":{"line":64,"column":114}},"type":"default-arg","locations":[{"start":{"line":64,"column":110},"end":{"line":64,"column":114}}],"line":64}},"s":{"0":1,"1":0,"2":1,"3":0,"4":1,"5":0,"6":1,"7":0,"8":1,"9":0,"10":1,"11":0,"12":1,"13":0,"14":1,"15":0,"16":1,"17":0,"18":1,"19":0,"20":1,"21":0,"22":1,"23":0,"24":1,"25":0,"26":1,"27":0,"28":1,"29":0,"30":1,"31":0,"32":1,"33":0,"34":1,"35":0,"36":1,"37":0,"38":1,"39":0,"40":1,"41":0,"42":1,"43":0,"44":1,"45":0,"46":1,"47":0,"48":1,"49":0,"50":1,"51":0,"52":1,"53":0,"54":1,"55":0,"56":1,"57":0,"58":1,"59":0,"60":1,"61":0,"62":1,"63":0},"f":{"0":1,"1":0,"2":0,"3":0,"4":0,"5":0,"6":0,"7":0,"8":0,"9":0,"10":0,"11":0,"12":0,"13":0,"14":0,"15":0,"16":0,"17":0,"18":0,"19":0,"20":0,"21":0,"22":0,"23":0,"24":0,"25":0,"26":0,"27":0,"28":0,"29":0,"30":0,"31":0,"32":0},"b":{"0":[0],"1":[0],"2":[0],"3":[0],"4":[0],"5":[0],"6":[0],"7":[0],"8":[0],"9":[0],"10":[0],"11":[0],"12":[0],"13":[0],"14":[0],"15":[0]},"_coverageSchema":"332fd63041d2c1bcb487cc26dd0d5f7d97098a6c","hash":"7b2734d34f7991e25d9f12115111af87ce9e5783"}
}
