TN:
SF:/Users/thara/share/20190104_IstanbulJS_Coverage_Issue/20_Fix/typescript_v2/src/Test/0_Statement/0_Normal/Normal.tsx
FN:1,default_1
FNF:1
FNH:1
FNDA:1,default_1
DA:1,1
DA:2,1
DA:3,0
LF:3
LH:2
BRF:0
BRH:0
end_of_record
TN:
SF:/Users/thara/share/20190104_IstanbulJS_Coverage_Issue/20_Fix/typescript_v2/src/Test/0_Statement/1_Split/Split.tsx
FN:1,default_1
FNF:1
FNH:1
FNDA:1,default_1
DA:1,1
DA:2,1
DA:3,0
LF:3
LH:2
BRF:0
BRH:0
end_of_record
TN:
SF:/Users/thara/share/20190104_IstanbulJS_Coverage_Issue/20_Fix/typescript_v2/src/Test/0_Statement/2_Nested/Nested.tsx
FN:1,default_1
FNF:1
FNH:1
FNDA:1,default_1
DA:1,1
DA:2,1
LF:2
LH:2
BRF:0
BRH:0
end_of_record
TN:
SF:/Users/thara/share/20190104_IstanbulJS_Coverage_Issue/20_Fix/typescript_v2/src/Test/0_Statement/3_Abuse/Abuse.tsx
FN:1,default_1
FNF:1
FNH:1
FNDA:1,default_1
DA:1,1
DA:2,1
DA:3,0
LF:3
LH:2
BRF:0
BRH:0
end_of_record
TN:
SF:/Users/thara/share/20190104_IstanbulJS_Coverage_Issue/20_Fix/typescript_v2/src/Test/1_Branch/0_Normal/ConditionalOperator.tsx
FN:1,default_1
FNF:1
FNH:1
FNDA:1,default_1
DA:1,1
DA:2,1
DA:3,1
LF:3
LH:3
BRDA:2,0,0,1
BRDA:2,0,1,0
BRDA:3,1,0,0
BRDA:3,1,1,1
BRF:4
BRH:2
end_of_record
TN:
SF:/Users/thara/share/20190104_IstanbulJS_Coverage_Issue/20_Fix/typescript_v2/src/Test/1_Branch/0_Normal/If.tsx
FN:1,default_1
FNF:1
FNH:1
FNDA:1,default_1
DA:1,1
DA:3,1
DA:4,0
DA:8,1
DA:9,0
DA:11,1
DA:14,1
DA:15,1
DA:17,0
DA:21,1
DA:22,0
DA:23,1
DA:24,0
DA:27,1
DA:28,0
DA:29,1
DA:30,1
DA:33,1
DA:34,1
DA:35,0
DA:36,0
DA:40,1
DA:41,0
DA:42,1
DA:43,0
DA:45,1
DA:48,1
DA:49,0
DA:50,1
DA:51,1
DA:53,0
DA:56,1
DA:57,1
DA:58,0
DA:59,0
DA:61,0
LF:36
LH:21
BRDA:3,0,0,0
BRDA:3,0,1,1
BRDA:8,1,0,0
BRDA:8,1,1,1
BRDA:14,2,0,1
BRDA:14,2,1,0
BRDA:21,3,0,0
BRDA:21,3,1,1
BRDA:23,4,0,0
BRDA:23,4,1,1
BRDA:27,5,0,0
BRDA:27,5,1,1
BRDA:29,6,0,1
BRDA:29,6,1,0
BRDA:33,7,0,1
BRDA:33,7,1,0
BRDA:35,8,0,0
BRDA:35,8,1,0
BRDA:40,9,0,0
BRDA:40,9,1,1
BRDA:42,10,0,0
BRDA:42,10,1,1
BRDA:48,11,0,0
BRDA:48,11,1,1
BRDA:50,12,0,1
BRDA:50,12,1,0
BRDA:56,13,0,1
BRDA:56,13,1,0
BRDA:58,14,0,0
BRDA:58,14,1,0
BRF:30
BRH:13
end_of_record
TN:
SF:/Users/thara/share/20190104_IstanbulJS_Coverage_Issue/20_Fix/typescript_v2/src/Test/1_Branch/0_Normal/ShortCircuitEvaluation.tsx
FN:1,default_1
FNF:1
FNH:1
FNDA:1,default_1
DA:1,1
DA:2,1
LF:2
LH:2
BRDA:2,0,0,1
BRDA:2,0,1,0
BRF:2
BRH:1
end_of_record
TN:
SF:/Users/thara/share/20190104_IstanbulJS_Coverage_Issue/20_Fix/typescript_v2/src/Test/1_Branch/0_Normal/Switch.tsx
FN:1,default_1
FNF:1
FNH:1
FNDA:1,default_1
DA:1,1
DA:2,1
DA:7,1
DA:9,0
DA:10,0
DA:14,1
DA:16,1
DA:17,1
DA:19,0
DA:20,0
DA:24,1
DA:26,1
DA:27,1
DA:29,0
DA:30,0
DA:32,0
DA:33,0
LF:17
LH:9
BRDA:8,0,0,0
BRDA:15,1,0,1
BRDA:15,1,1,0
BRDA:25,2,0,1
BRDA:25,2,1,0
BRDA:25,2,2,0
BRF:6
BRH:2
end_of_record
TN:
SF:/Users/thara/share/20190104_IstanbulJS_Coverage_Issue/20_Fix/typescript_v2/src/Test/1_Branch/1_Split/ConditionalOperator.tsx
FN:1,default_1
FNF:1
FNH:1
FNDA:1,default_1
DA:1,1
LF:1
LH:1
BRF:0
BRH:0
end_of_record
TN:
SF:/Users/thara/share/20190104_IstanbulJS_Coverage_Issue/20_Fix/typescript_v2/src/Test/1_Branch/1_Split/If.tsx
FN:1,default_1
FNF:1
FNH:1
FNDA:1,default_1
DA:1,1
DA:3,1
DA:4,0
DA:8,1
DA:9,0
DA:11,1
DA:14,1
DA:15,1
DA:17,0
DA:21,1
DA:22,0
DA:23,1
DA:24,0
DA:27,1
DA:28,0
DA:29,1
DA:30,1
DA:33,1
DA:34,1
DA:35,0
DA:38,0
DA:42,1
DA:43,0
DA:44,1
DA:45,0
DA:47,1
DA:50,1
DA:51,0
DA:52,1
DA:53,1
DA:55,0
DA:58,1
DA:59,1
DA:60,0
DA:63,0
DA:65,0
LF:36
LH:21
BRDA:3,0,0,0
BRDA:3,0,1,1
BRDA:8,1,0,0
BRDA:8,1,1,1
BRDA:14,2,0,1
BRDA:14,2,1,0
BRDA:21,3,0,0
BRDA:21,3,1,1
BRDA:23,4,0,0
BRDA:23,4,1,1
BRDA:27,5,0,0
BRDA:27,5,1,1
BRDA:29,6,0,1
BRDA:29,6,1,0
BRDA:33,7,0,1
BRDA:33,7,1,0
BRDA:35,8,0,0
BRDA:35,8,1,0
BRDA:42,9,0,0
BRDA:42,9,1,1
BRDA:44,10,0,0
BRDA:44,10,1,1
BRDA:50,11,0,0
BRDA:50,11,1,1
BRDA:52,12,0,1
BRDA:52,12,1,0
BRDA:58,13,0,1
BRDA:58,13,1,0
BRDA:60,14,0,0
BRDA:60,14,1,0
BRF:30
BRH:13
end_of_record
TN:
SF:/Users/thara/share/20190104_IstanbulJS_Coverage_Issue/20_Fix/typescript_v2/src/Test/1_Branch/1_Split/ShortCircuitEvaluation.tsx
FN:1,default_1
FNF:1
FNH:1
FNDA:1,default_1
DA:1,1
LF:1
LH:1
BRF:0
BRH:0
end_of_record
TN:
SF:/Users/thara/share/20190104_IstanbulJS_Coverage_Issue/20_Fix/typescript_v2/src/Test/1_Branch/1_Split/Switch.tsx
FN:1,default_1
FNF:1
FNH:1
FNDA:1,default_1
DA:1,1
DA:2,1
DA:7,1
DA:10,0
DA:11,0
DA:15,1
DA:18,1
DA:19,1
DA:22,0
DA:23,0
DA:27,1
DA:30,1
DA:31,1
DA:34,0
DA:35,0
DA:38,0
DA:39,0
LF:17
LH:9
BRDA:8,0,0,0
BRDA:16,1,0,1
BRDA:16,1,1,0
BRDA:28,2,0,1
BRDA:28,2,1,0
BRDA:28,2,2,0
BRF:6
BRH:2
end_of_record
TN:
SF:/Users/thara/share/20190104_IstanbulJS_Coverage_Issue/20_Fix/typescript_v2/src/Test/1_Branch/2_Nested/ConditionalOperator.tsx
FN:1,default_1
FNF:1
FNH:1
FNDA:1,default_1
DA:1,1
DA:2,1
DA:3,1
LF:3
LH:3
BRDA:2,0,0,1
BRDA:2,0,1,0
BRDA:2,1,0,1
BRDA:2,1,1,0
BRDA:3,2,0,0
BRDA:3,2,1,1
BRDA:3,3,0,0
BRDA:3,3,1,1
BRF:8
BRH:4
end_of_record
TN:
SF:/Users/thara/share/20190104_IstanbulJS_Coverage_Issue/20_Fix/typescript_v2/src/Test/1_Branch/2_Nested/If.tsx
FN:1,default_1
FNF:1
FNH:1
FNDA:1,default_1
DA:1,1
DA:3,1
DA:4,0
DA:5,0
DA:10,1
DA:11,0
DA:12,0
DA:14,0
DA:18,1
DA:19,0
DA:20,0
DA:22,0
DA:27,1
DA:28,0
DA:29,0
DA:30,0
DA:31,0
DA:35,1
DA:36,0
DA:37,0
DA:38,0
DA:39,0
DA:44,1
DA:45,0
DA:46,0
DA:47,0
DA:48,0
DA:53,1
DA:54,0
DA:55,0
DA:56,0
DA:57,0
DA:59,0
DA:63,1
DA:64,0
DA:65,0
DA:66,0
DA:67,0
DA:69,0
DA:73,1
DA:74,0
DA:75,0
DA:76,0
DA:77,0
DA:79,0
LF:45
LH:10
BRDA:3,0,0,0
BRDA:3,0,1,1
BRDA:4,1,0,0
BRDA:4,1,1,0
BRDA:10,2,0,0
BRDA:10,2,1,1
BRDA:11,3,0,0
BRDA:11,3,1,0
BRDA:18,4,0,0
BRDA:18,4,1,1
BRDA:19,5,0,0
BRDA:19,5,1,0
BRDA:27,6,0,0
BRDA:27,6,1,1
BRDA:28,7,0,0
BRDA:28,7,1,0
BRDA:30,8,0,0
BRDA:30,8,1,0
BRDA:35,9,0,0
BRDA:35,9,1,1
BRDA:36,10,0,0
BRDA:36,10,1,0
BRDA:38,11,0,0
BRDA:38,11,1,0
BRDA:44,12,0,0
BRDA:44,12,1,1
BRDA:45,13,0,0
BRDA:45,13,1,0
BRDA:47,14,0,0
BRDA:47,14,1,0
BRDA:53,15,0,0
BRDA:53,15,1,1
BRDA:54,16,0,0
BRDA:54,16,1,0
BRDA:56,17,0,0
BRDA:56,17,1,0
BRDA:63,18,0,0
BRDA:63,18,1,1
BRDA:64,19,0,0
BRDA:64,19,1,0
BRDA:66,20,0,0
BRDA:66,20,1,0
BRDA:73,21,0,0
BRDA:73,21,1,1
BRDA:74,22,0,0
BRDA:74,22,1,0
BRDA:76,23,0,0
BRDA:76,23,1,0
BRF:48
BRH:9
end_of_record
TN:
SF:/Users/thara/share/20190104_IstanbulJS_Coverage_Issue/20_Fix/typescript_v2/src/Test/1_Branch/2_Nested/ShortCircuitEvaluation.tsx
FN:1,default_1
FNF:1
FNH:1
FNDA:1,default_1
DA:1,1
LF:1
LH:1
BRF:0
BRH:0
end_of_record
TN:
SF:/Users/thara/share/20190104_IstanbulJS_Coverage_Issue/20_Fix/typescript_v2/src/Test/1_Branch/2_Nested/Switch.tsx
FN:1,default_1
FNF:1
FNH:1
FNDA:1,default_1
DA:1,1
DA:2,1
DA:7,1
DA:9,0
DA:11,0
DA:12,0
DA:14,0
DA:18,1
DA:20,0
DA:22,0
DA:23,0
DA:25,0
DA:26,0
DA:28,0
DA:32,1
DA:34,0
DA:36,0
DA:37,0
DA:39,0
DA:40,0
DA:42,0
DA:43,0
DA:45,0
LF:23
LH:5
BRDA:8,0,0,0
BRDA:10,1,0,0
BRDA:19,2,0,0
BRDA:21,3,0,0
BRDA:21,3,1,0
BRDA:33,4,0,0
BRDA:35,5,0,0
BRDA:35,5,1,0
BRDA:35,5,2,0
BRF:9
BRH:0
end_of_record
TN:
SF:/Users/thara/share/20190104_IstanbulJS_Coverage_Issue/20_Fix/typescript_v2/src/Test/1_Branch/3_Abuse/ConditionalOperator.tsx
FN:1,default_1
FNF:1
FNH:1
FNDA:1,default_1
DA:1,1
DA:2,1
DA:3,1
LF:3
LH:3
BRDA:2,0,0,1
BRDA:2,0,1,0
BRDA:2,1,0,1
BRDA:2,1,1,0
BRDA:3,2,0,0
BRDA:3,2,1,1
BRDA:3,3,0,0
BRDA:3,3,1,1
BRF:8
BRH:4
end_of_record
TN:
SF:/Users/thara/share/20190104_IstanbulJS_Coverage_Issue/20_Fix/typescript_v2/src/Test/1_Branch/3_Abuse/If.tsx
FN:1,default_1
FNF:1
FNH:1
FNDA:1,default_1
DA:1,1
DA:3,1
DA:6,1
DA:8,1
DA:11,1
DA:13,1
DA:15,1
DA:18,1
DA:20,1
DA:22,1
LF:10
LH:10
BRDA:3,0,0,0
BRDA:3,0,1,1
BRDA:3,1,0,0
BRDA:3,1,1,1
BRDA:6,2,0,0
BRDA:6,2,1,1
BRDA:6,3,0,0
BRDA:6,3,1,1
BRDA:8,4,0,1
BRDA:8,4,1,0
BRDA:8,5,0,1
BRDA:8,5,1,0
BRDA:11,6,0,0
BRDA:11,6,1,1
BRDA:11,7,0,0
BRDA:11,7,1,1
BRDA:11,8,0,0
BRDA:11,8,1,1
BRDA:11,9,0,0
BRDA:11,9,1,1
BRDA:13,10,0,0
BRDA:13,10,1,1
BRDA:13,11,0,1
BRDA:13,11,1,0
BRDA:13,12,0,0
BRDA:13,12,1,1
BRDA:13,13,0,1
BRDA:13,13,1,0
BRDA:15,14,0,1
BRDA:15,14,1,0
BRDA:15,15,0,0
BRDA:15,15,1,0
BRDA:15,16,0,1
BRDA:15,16,1,0
BRDA:15,17,0,0
BRDA:15,17,1,0
BRDA:18,18,0,0
BRDA:18,18,1,1
BRDA:18,19,0,0
BRDA:18,19,1,1
BRDA:18,20,0,0
BRDA:18,20,1,1
BRDA:18,21,0,0
BRDA:18,21,1,1
BRDA:20,22,0,0
BRDA:20,22,1,1
BRDA:20,23,0,1
BRDA:20,23,1,0
BRDA:20,24,0,0
BRDA:20,24,1,1
BRDA:20,25,0,1
BRDA:20,25,1,0
BRDA:22,26,0,1
BRDA:22,26,1,0
BRDA:22,27,0,0
BRDA:22,27,1,0
BRDA:22,28,0,1
BRDA:22,28,1,0
BRDA:22,29,0,0
BRDA:22,29,1,0
BRF:60
BRH:26
end_of_record
TN:
SF:/Users/thara/share/20190104_IstanbulJS_Coverage_Issue/20_Fix/typescript_v2/src/Test/1_Branch/3_Abuse/ShortCircuitEvaluation.tsx
FN:1,default_1
FNF:1
FNH:1
FNDA:1,default_1
DA:1,1
DA:2,1
LF:2
LH:2
BRDA:2,0,0,1
BRDA:2,0,1,0
BRDA:2,1,0,1
BRDA:2,1,1,0
BRF:4
BRH:2
end_of_record
TN:
SF:/Users/thara/share/20190104_IstanbulJS_Coverage_Issue/20_Fix/typescript_v2/src/Test/1_Branch/3_Abuse/Switch.tsx
FN:1,default_1
FNF:1
FNH:1
FNDA:1,default_1
DA:1,1
DA:2,1
DA:7,1
DA:10,1
DA:13,1
LF:5
LH:5
BRDA:7,0,0,0
BRDA:7,1,0,0
BRDA:10,2,0,1
BRDA:10,2,1,0
BRDA:10,3,0,1
BRDA:10,3,1,0
BRDA:13,4,0,1
BRDA:13,4,1,0
BRDA:13,4,2,0
BRDA:13,5,0,1
BRDA:13,5,1,0
BRDA:13,5,2,0
BRF:12
BRH:4
end_of_record
TN:
SF:/Users/thara/share/20190104_IstanbulJS_Coverage_Issue/20_Fix/typescript_v2/src/Test/2_Function/0_Normal/ArrowFunction.tsx
FN:1,default_1
FN:3,(anonymous_1)
FN:4,(anonymous_2)
FN:7,(anonymous_3)
FN:8,(anonymous_4)
FN:9,(anonymous_5)
FN:14,(anonymous_6)
FN:15,(anonymous_7)
FN:18,(anonymous_8)
FN:19,(anonymous_9)
FN:20,(anonymous_10)
FN:25,(anonymous_11)
FN:26,(anonymous_12)
FN:29,(anonymous_13)
FN:30,(anonymous_14)
FN:31,(anonymous_15)
FN:36,(anonymous_16)
FN:37,(anonymous_17)
FN:40,(anonymous_18)
FN:41,(anonymous_19)
FN:42,(anonymous_20)
FNF:21
FNH:1
FNDA:1,default_1
FNDA:0,(anonymous_1)
FNDA:0,(anonymous_2)
FNDA:0,(anonymous_3)
FNDA:0,(anonymous_4)
FNDA:0,(anonymous_5)
FNDA:0,(anonymous_6)
FNDA:0,(anonymous_7)
FNDA:0,(anonymous_8)
FNDA:0,(anonymous_9)
FNDA:0,(anonymous_10)
FNDA:0,(anonymous_11)
FNDA:0,(anonymous_12)
FNDA:0,(anonymous_13)
FNDA:0,(anonymous_14)
FNDA:0,(anonymous_15)
FNDA:0,(anonymous_16)
FNDA:0,(anonymous_17)
FNDA:0,(anonymous_18)
FNDA:0,(anonymous_19)
FNDA:0,(anonymous_20)
DA:1,1
DA:3,1
DA:4,1
DA:5,0
DA:7,1
DA:8,1
DA:9,1
DA:14,1
DA:15,1
DA:16,0
DA:18,1
DA:19,1
DA:20,1
DA:25,1
DA:26,1
DA:27,0
DA:29,1
DA:30,1
DA:31,1
DA:36,1
DA:37,1
DA:38,0
DA:40,1
DA:41,1
DA:42,1
LF:25
LH:21
BRDA:36,0,0,0
BRDA:36,1,0,0
BRDA:37,2,0,0
BRDA:37,3,0,0
BRDA:40,4,0,0
BRDA:40,5,0,0
BRDA:41,6,0,0
BRDA:41,7,0,0
BRDA:42,8,0,0
BRDA:42,9,0,0
BRF:10
BRH:0
end_of_record
TN:
SF:/Users/thara/share/20190104_IstanbulJS_Coverage_Issue/20_Fix/typescript_v2/src/Test/2_Function/0_Normal/ClassMethod.tsx
FN:3,classMethod01
FN:4,classMethod02
FN:9,classMethod11
FN:10,classMethod12
FN:15,classMethod21
FN:16,classMethod22
FN:21,classMethod31
FN:22,classMethod32
FN:26,default_1
FNF:9
FNH:1
FNDA:0,classMethod01
FNDA:0,classMethod02
FNDA:0,classMethod11
FNDA:0,classMethod12
FNDA:0,classMethod21
FNDA:0,classMethod22
FNDA:0,classMethod31
FNDA:0,classMethod32
FNDA:1,default_1
DA:3,0
DA:5,0
DA:9,0
DA:11,0
DA:15,0
DA:17,0
DA:21,0
DA:23,0
DA:26,1
LF:9
LH:1
BRDA:21,0,0,0
BRDA:21,1,0,0
BRDA:22,2,0,0
BRDA:22,3,0,0
BRF:4
BRH:0
end_of_record
TN:
SF:/Users/thara/share/20190104_IstanbulJS_Coverage_Issue/20_Fix/typescript_v2/src/Test/2_Function/0_Normal/FunctionDeclaration.tsx
FN:1,default_1
FN:3,functionDeclaration01
FN:4,functionDeclaration02
FN:9,functionDeclaration11
FN:10,functionDeclaration12
FN:15,functionDeclaration21
FN:16,functionDeclaration22
FN:21,functionDeclaration31
FN:22,functionDeclaration32
FNF:9
FNH:1
FNDA:1,default_1
FNDA:0,functionDeclaration01
FNDA:0,functionDeclaration02
FNDA:0,functionDeclaration11
FNDA:0,functionDeclaration12
FNDA:0,functionDeclaration21
FNDA:0,functionDeclaration22
FNDA:0,functionDeclaration31
FNDA:0,functionDeclaration32
DA:1,1
DA:3,0
DA:5,0
DA:9,0
DA:11,0
DA:15,0
DA:17,0
DA:21,0
DA:23,0
LF:9
LH:1
BRDA:21,0,0,0
BRDA:21,1,0,0
BRDA:22,2,0,0
BRDA:22,3,0,0
BRF:4
BRH:0
end_of_record
TN:
SF:/Users/thara/share/20190104_IstanbulJS_Coverage_Issue/20_Fix/typescript_v2/src/Test/2_Function/0_Normal/FunctionExpression.tsx
FN:1,default_1
FN:4,(anonymous_1)
FN:5,(anonymous_2)
FN:10,(anonymous_3)
FN:11,(anonymous_4)
FN:16,(anonymous_5)
FN:17,(anonymous_6)
FN:22,(anonymous_7)
FN:23,(anonymous_8)
FN:29,functionExpressionNamed01
FN:30,functionExpressionNamed02
FN:35,functionExpressionNamed11
FN:36,functionExpressionNamed12
FN:41,functionExpressionNamed21
FN:42,functionExpressionNamed22
FN:47,functionExpressionNamed31
FN:48,functionExpressionNamed32
FNF:17
FNH:1
FNDA:1,default_1
FNDA:0,(anonymous_1)
FNDA:0,(anonymous_2)
FNDA:0,(anonymous_3)
FNDA:0,(anonymous_4)
FNDA:0,(anonymous_5)
FNDA:0,(anonymous_6)
FNDA:0,(anonymous_7)
FNDA:0,(anonymous_8)
FNDA:0,functionExpressionNamed01
FNDA:0,functionExpressionNamed02
FNDA:0,functionExpressionNamed11
FNDA:0,functionExpressionNamed12
FNDA:0,functionExpressionNamed21
FNDA:0,functionExpressionNamed22
FNDA:0,functionExpressionNamed31
FNDA:0,functionExpressionNamed32
DA:1,1
DA:4,1
DA:5,1
DA:6,0
DA:10,1
DA:11,1
DA:12,0
DA:16,1
DA:17,1
DA:18,0
DA:22,1
DA:23,1
DA:24,0
DA:29,1
DA:30,1
DA:31,0
DA:35,1
DA:36,1
DA:37,0
DA:41,1
DA:42,1
DA:43,0
DA:47,1
DA:48,1
DA:49,0
LF:25
LH:17
BRDA:22,0,0,0
BRDA:22,1,0,0
BRDA:23,2,0,0
BRDA:23,3,0,0
BRDA:47,4,0,0
BRDA:47,5,0,0
BRDA:48,6,0,0
BRDA:48,7,0,0
BRF:8
BRH:0
end_of_record
TN:
SF:/Users/thara/share/20190104_IstanbulJS_Coverage_Issue/20_Fix/typescript_v2/src/Test/2_Function/1_Split/ArrowFunction.tsx
FN:1,default_1
FN:3,(anonymous_1)
FN:6,(anonymous_2)
FN:11,(anonymous_3)
FN:14,(anonymous_4)
FN:17,(anonymous_5)
FN:24,(anonymous_6)
FN:27,(anonymous_7)
FN:32,(anonymous_8)
FN:35,(anonymous_9)
FN:38,(anonymous_10)
FN:45,(anonymous_11)
FN:49,(anonymous_12)
FN:55,(anonymous_13)
FN:59,(anonymous_14)
FN:63,(anonymous_15)
FN:71,(anonymous_16)
FN:75,(anonymous_17)
FN:81,(anonymous_18)
FN:85,(anonymous_19)
FN:89,(anonymous_20)
FNF:21
FNH:1
FNDA:1,default_1
FNDA:0,(anonymous_1)
FNDA:0,(anonymous_2)
FNDA:0,(anonymous_3)
FNDA:0,(anonymous_4)
FNDA:0,(anonymous_5)
FNDA:0,(anonymous_6)
FNDA:0,(anonymous_7)
FNDA:0,(anonymous_8)
FNDA:0,(anonymous_9)
FNDA:0,(anonymous_10)
FNDA:0,(anonymous_11)
FNDA:0,(anonymous_12)
FNDA:0,(anonymous_13)
FNDA:0,(anonymous_14)
FNDA:0,(anonymous_15)
FNDA:0,(anonymous_16)
FNDA:0,(anonymous_17)
FNDA:0,(anonymous_18)
FNDA:0,(anonymous_19)
FNDA:0,(anonymous_20)
DA:1,1
DA:3,1
DA:5,0
DA:6,1
DA:9,0
DA:11,1
DA:13,0
DA:14,1
DA:16,0
DA:17,1
DA:19,0
DA:24,1
DA:26,0
DA:27,1
DA:30,0
DA:32,1
DA:34,0
DA:35,1
DA:37,0
DA:38,1
DA:40,0
DA:45,1
DA:48,0
DA:49,1
DA:53,0
DA:55,1
DA:58,0
DA:59,1
DA:62,0
DA:63,1
DA:66,0
DA:71,1
DA:74,0
DA:75,1
DA:79,0
DA:81,1
DA:84,0
DA:85,1
DA:88,0
DA:89,1
DA:92,0
LF:41
LH:21
BRDA:72,0,0,0
BRDA:73,1,0,0
BRDA:76,2,0,0
BRDA:77,3,0,0
BRDA:82,4,0,0
BRDA:83,5,0,0
BRDA:86,6,0,0
BRDA:87,7,0,0
BRDA:90,8,0,0
BRDA:91,9,0,0
BRF:10
BRH:0
end_of_record
TN:
SF:/Users/thara/share/20190104_IstanbulJS_Coverage_Issue/20_Fix/typescript_v2/src/Test/2_Function/1_Split/ClassMethod.tsx
FN:3,classMethod01
FN:6,classMethod02
FN:13,classMethod11
FN:16,classMethod12
FN:23,classMethod21
FN:27,classMethod22
FN:35,classMethod31
FN:39,classMethod32
FN:46,default_1
FNF:9
FNH:1
FNDA:0,classMethod01
FNDA:0,classMethod02
FNDA:0,classMethod11
FNDA:0,classMethod12
FNDA:0,classMethod21
FNDA:0,classMethod22
FNDA:0,classMethod31
FNDA:0,classMethod32
FNDA:1,default_1
DA:5,0
DA:9,0
DA:15,0
DA:19,0
DA:26,0
DA:31,0
DA:38,0
DA:43,0
DA:46,1
LF:9
LH:1
BRDA:36,0,0,0
BRDA:37,1,0,0
BRDA:40,2,0,0
BRDA:41,3,0,0
BRF:4
BRH:0
end_of_record
TN:
SF:/Users/thara/share/20190104_IstanbulJS_Coverage_Issue/20_Fix/typescript_v2/src/Test/2_Function/1_Split/FunctionDeclaration.tsx
FN:1,default_1
FN:3,functionDeclaration01
FN:6,functionDeclaration02
FN:13,functionDeclaration11
FN:16,functionDeclaration12
FN:23,functionDeclaration21
FN:27,functionDeclaration22
FN:35,functionDeclaration31
FN:39,functionDeclaration32
FNF:9
FNH:1
FNDA:1,default_1
FNDA:0,functionDeclaration01
FNDA:0,functionDeclaration02
FNDA:0,functionDeclaration11
FNDA:0,functionDeclaration12
FNDA:0,functionDeclaration21
FNDA:0,functionDeclaration22
FNDA:0,functionDeclaration31
FNDA:0,functionDeclaration32
DA:1,1
DA:5,0
DA:9,0
DA:15,0
DA:19,0
DA:26,0
DA:31,0
DA:38,0
DA:43,0
LF:9
LH:1
BRDA:36,0,0,0
BRDA:37,1,0,0
BRDA:40,2,0,0
BRDA:41,3,0,0
BRF:4
BRH:0
end_of_record
TN:
SF:/Users/thara/share/20190104_IstanbulJS_Coverage_Issue/20_Fix/typescript_v2/src/Test/2_Function/1_Split/FunctionExpression.tsx
FN:1,default_1
FN:4,(anonymous_1)
FN:7,(anonymous_2)
FN:14,(anonymous_3)
FN:17,(anonymous_4)
FN:24,(anonymous_5)
FN:28,(anonymous_6)
FN:36,(anonymous_7)
FN:40,(anonymous_8)
FN:49,functionExpressionNamed01
FN:52,functionExpressionNamed02
FN:59,functionExpressionNamed11
FN:62,functionExpressionNamed12
FN:69,functionExpressionNamed21
FN:73,functionExpressionNamed22
FN:81,functionExpressionNamed31
FN:85,functionExpressionNamed32
FNF:17
FNH:1
FNDA:1,default_1
FNDA:0,(anonymous_1)
FNDA:0,(anonymous_2)
FNDA:0,(anonymous_3)
FNDA:0,(anonymous_4)
FNDA:0,(anonymous_5)
FNDA:0,(anonymous_6)
FNDA:0,(anonymous_7)
FNDA:0,(anonymous_8)
FNDA:0,functionExpressionNamed01
FNDA:0,functionExpressionNamed02
FNDA:0,functionExpressionNamed11
FNDA:0,functionExpressionNamed12
FNDA:0,functionExpressionNamed21
FNDA:0,functionExpressionNamed22
FNDA:0,functionExpressionNamed31
FNDA:0,functionExpressionNamed32
DA:1,1
DA:4,1
DA:6,0
DA:7,1
DA:10,0
DA:14,1
DA:16,0
DA:17,1
DA:20,0
DA:24,1
DA:27,0
DA:28,1
DA:32,0
DA:36,1
DA:39,0
DA:40,1
DA:44,0
DA:49,1
DA:51,0
DA:52,1
DA:55,0
DA:59,1
DA:61,0
DA:62,1
DA:65,0
DA:69,1
DA:72,0
DA:73,1
DA:77,0
DA:81,1
DA:84,0
DA:85,1
DA:89,0
LF:33
LH:17
BRDA:37,0,0,0
BRDA:38,1,0,0
BRDA:41,2,0,0
BRDA:42,3,0,0
BRDA:82,4,0,0
BRDA:83,5,0,0
BRDA:86,6,0,0
BRDA:87,7,0,0
BRF:8
BRH:0
end_of_record
TN:
SF:/Users/thara/share/20190104_IstanbulJS_Coverage_Issue/20_Fix/typescript_v2/src/Test/2_Function/2_Nested/ArrowFunction.tsx
FN:1,default_1
FN:3,(anonymous_1)
FN:4,(anonymous_2)
FN:6,(anonymous_3)
FN:7,(anonymous_4)
FN:11,(anonymous_5)
FN:12,(anonymous_6)
FN:14,(anonymous_7)
FN:15,(anonymous_8)
FN:17,(anonymous_9)
FN:18,(anonymous_10)
FN:24,(anonymous_11)
FN:25,(anonymous_12)
FN:27,(anonymous_13)
FN:28,(anonymous_14)
FN:32,(anonymous_15)
FN:33,(anonymous_16)
FN:35,(anonymous_17)
FN:36,(anonymous_18)
FN:38,(anonymous_19)
FN:39,(anonymous_20)
FN:45,(anonymous_21)
FN:46,(anonymous_22)
FN:48,(anonymous_23)
FN:49,(anonymous_24)
FN:53,(anonymous_25)
FN:54,(anonymous_26)
FN:56,(anonymous_27)
FN:57,(anonymous_28)
FN:59,(anonymous_29)
FN:60,(anonymous_30)
FN:66,(anonymous_31)
FN:67,(anonymous_32)
FN:69,(anonymous_33)
FN:70,(anonymous_34)
FN:74,(anonymous_35)
FN:75,(anonymous_36)
FN:77,(anonymous_37)
FN:78,(anonymous_38)
FN:80,(anonymous_39)
FN:81,(anonymous_40)
FNF:41
FNH:1
FNDA:1,default_1
FNDA:0,(anonymous_1)
FNDA:0,(anonymous_2)
FNDA:0,(anonymous_3)
FNDA:0,(anonymous_4)
FNDA:0,(anonymous_5)
FNDA:0,(anonymous_6)
FNDA:0,(anonymous_7)
FNDA:0,(anonymous_8)
FNDA:0,(anonymous_9)
FNDA:0,(anonymous_10)
FNDA:0,(anonymous_11)
FNDA:0,(anonymous_12)
FNDA:0,(anonymous_13)
FNDA:0,(anonymous_14)
FNDA:0,(anonymous_15)
FNDA:0,(anonymous_16)
FNDA:0,(anonymous_17)
FNDA:0,(anonymous_18)
FNDA:0,(anonymous_19)
FNDA:0,(anonymous_20)
FNDA:0,(anonymous_21)
FNDA:0,(anonymous_22)
FNDA:0,(anonymous_23)
FNDA:0,(anonymous_24)
FNDA:0,(anonymous_25)
FNDA:0,(anonymous_26)
FNDA:0,(anonymous_27)
FNDA:0,(anonymous_28)
FNDA:0,(anonymous_29)
FNDA:0,(anonymous_30)
FNDA:0,(anonymous_31)
FNDA:0,(anonymous_32)
FNDA:0,(anonymous_33)
FNDA:0,(anonymous_34)
FNDA:0,(anonymous_35)
FNDA:0,(anonymous_36)
FNDA:0,(anonymous_37)
FNDA:0,(anonymous_38)
FNDA:0,(anonymous_39)
FNDA:0,(anonymous_40)
DA:1,1
DA:3,1
DA:4,0
DA:6,1
DA:7,0
DA:8,0
DA:11,1
DA:12,0
DA:14,1
DA:15,0
DA:17,1
DA:18,0
DA:24,1
DA:25,0
DA:27,1
DA:28,0
DA:29,0
DA:32,1
DA:33,0
DA:35,1
DA:36,0
DA:38,1
DA:39,0
DA:45,1
DA:46,0
DA:48,1
DA:49,0
DA:50,0
DA:53,1
DA:54,0
DA:56,1
DA:57,0
DA:59,1
DA:60,0
DA:66,1
DA:67,0
DA:69,1
DA:70,0
DA:71,0
DA:74,1
DA:75,0
DA:77,1
DA:78,0
DA:80,1
DA:81,0
LF:45
LH:21
BRDA:67,0,0,0
BRDA:67,1,0,0
BRDA:70,2,0,0
BRDA:70,3,0,0
BRDA:75,4,0,0
BRDA:75,5,0,0
BRDA:78,6,0,0
BRDA:78,7,0,0
BRDA:81,8,0,0
BRDA:81,9,0,0
BRF:10
BRH:0
end_of_record
TN:
SF:/Users/thara/share/20190104_IstanbulJS_Coverage_Issue/20_Fix/typescript_v2/src/Test/2_Function/2_Nested/ClassMethod.tsx
FN:27,default_1
FNF:1
FNH:1
FNDA:1,default_1
DA:27,1
LF:1
LH:1
BRF:0
BRH:0
end_of_record
TN:
SF:/Users/thara/share/20190104_IstanbulJS_Coverage_Issue/20_Fix/typescript_v2/src/Test/2_Function/2_Nested/FunctionDeclaration.tsx
FN:1,default_1
FN:3,functionDeclaration01
FN:4,(anonymous_2)
FN:6,functionDeclaration02
FN:7,(anonymous_4)
FN:13,functionDeclaration11
FN:14,(anonymous_6)
FN:16,functionDeclaration12
FN:17,(anonymous_8)
FN:23,functionDeclaration21
FN:24,(anonymous_10)
FN:26,functionDeclaration22
FN:27,(anonymous_12)
FN:33,functionDeclaration31
FN:34,(anonymous_14)
FN:36,functionDeclaration32
FN:37,(anonymous_16)
FNF:17
FNH:1
FNDA:1,default_1
FNDA:0,functionDeclaration01
FNDA:0,(anonymous_2)
FNDA:0,functionDeclaration02
FNDA:0,(anonymous_4)
FNDA:0,functionDeclaration11
FNDA:0,(anonymous_6)
FNDA:0,functionDeclaration12
FNDA:0,(anonymous_8)
FNDA:0,functionDeclaration21
FNDA:0,(anonymous_10)
FNDA:0,functionDeclaration22
FNDA:0,(anonymous_12)
FNDA:0,functionDeclaration31
FNDA:0,(anonymous_14)
FNDA:0,functionDeclaration32
FNDA:0,(anonymous_16)
DA:1,1
DA:4,0
DA:7,0
DA:8,0
DA:14,0
DA:17,0
DA:18,0
DA:24,0
DA:27,0
DA:28,0
DA:34,0
DA:37,0
DA:38,0
LF:13
LH:1
BRDA:34,0,0,0
BRDA:34,1,0,0
BRDA:37,2,0,0
BRDA:37,3,0,0
BRF:4
BRH:0
end_of_record
TN:
SF:/Users/thara/share/20190104_IstanbulJS_Coverage_Issue/20_Fix/typescript_v2/src/Test/2_Function/2_Nested/FunctionExpression.tsx
FN:1,default_1
FN:4,(anonymous_1)
FN:5,(anonymous_2)
FN:7,(anonymous_3)
FN:8,(anonymous_4)
FN:14,(anonymous_5)
FN:15,(anonymous_6)
FN:17,(anonymous_7)
FN:18,(anonymous_8)
FN:24,(anonymous_9)
FN:25,(anonymous_10)
FN:27,(anonymous_11)
FN:28,(anonymous_12)
FN:34,(anonymous_13)
FN:35,(anonymous_14)
FN:37,(anonymous_15)
FN:38,(anonymous_16)
FN:45,(anonymous_17)
FN:46,functionExpressionNamed01
FN:48,(anonymous_19)
FN:49,functionExpressionNamed02
FN:55,(anonymous_21)
FN:56,functionExpressionNamed11
FN:58,(anonymous_23)
FN:59,functionExpressionNamed12
FN:65,(anonymous_25)
FN:66,functionExpressionNamed21
FN:68,(anonymous_27)
FN:69,functionExpressionNamed22
FN:75,(anonymous_29)
FN:76,functionExpressionNamed31
FN:78,(anonymous_31)
FN:79,functionExpressionNamed32
FNF:33
FNH:1
FNDA:1,default_1
FNDA:0,(anonymous_1)
FNDA:0,(anonymous_2)
FNDA:0,(anonymous_3)
FNDA:0,(anonymous_4)
FNDA:0,(anonymous_5)
FNDA:0,(anonymous_6)
FNDA:0,(anonymous_7)
FNDA:0,(anonymous_8)
FNDA:0,(anonymous_9)
FNDA:0,(anonymous_10)
FNDA:0,(anonymous_11)
FNDA:0,(anonymous_12)
FNDA:0,(anonymous_13)
FNDA:0,(anonymous_14)
FNDA:0,(anonymous_15)
FNDA:0,(anonymous_16)
FNDA:0,(anonymous_17)
FNDA:0,functionExpressionNamed01
FNDA:0,(anonymous_19)
FNDA:0,functionExpressionNamed02
FNDA:0,(anonymous_21)
FNDA:0,functionExpressionNamed11
FNDA:0,(anonymous_23)
FNDA:0,functionExpressionNamed12
FNDA:0,(anonymous_25)
FNDA:0,functionExpressionNamed21
FNDA:0,(anonymous_27)
FNDA:0,functionExpressionNamed22
FNDA:0,(anonymous_29)
FNDA:0,functionExpressionNamed31
FNDA:0,(anonymous_31)
FNDA:0,functionExpressionNamed32
DA:1,1
DA:4,1
DA:5,0
DA:7,1
DA:8,0
DA:9,0
DA:14,1
DA:15,0
DA:17,1
DA:18,0
DA:19,0
DA:24,1
DA:25,0
DA:27,1
DA:28,0
DA:29,0
DA:34,1
DA:35,0
DA:37,1
DA:38,0
DA:39,0
DA:45,1
DA:46,0
DA:48,1
DA:49,0
DA:50,0
DA:55,1
DA:56,0
DA:58,1
DA:59,0
DA:60,0
DA:65,1
DA:66,0
DA:68,1
DA:69,0
DA:70,0
DA:75,1
DA:76,0
DA:78,1
DA:79,0
DA:80,0
LF:41
LH:17
BRDA:35,0,0,0
BRDA:35,1,0,0
BRDA:38,2,0,0
BRDA:38,3,0,0
BRDA:76,4,0,0
BRDA:76,5,0,0
BRDA:79,6,0,0
BRDA:79,7,0,0
BRF:8
BRH:0
end_of_record
TN:
SF:/Users/thara/share/20190104_IstanbulJS_Coverage_Issue/20_Fix/typescript_v2/src/Test/2_Function/3_Abuse/ArrowFunction.tsx
FN:1,default_1
FN:3,(anonymous_1)
FN:3,(anonymous_2)
FN:4,(anonymous_3)
FN:6,(anonymous_4)
FN:9,(anonymous_5)
FN:9,(anonymous_6)
FN:10,(anonymous_7)
FN:10,(anonymous_8)
FN:11,(anonymous_9)
FN:13,(anonymous_10)
FN:18,(anonymous_11)
FN:18,(anonymous_12)
FN:19,(anonymous_13)
FN:21,(anonymous_14)
FN:24,(anonymous_15)
FN:24,(anonymous_16)
FN:25,(anonymous_17)
FN:25,(anonymous_18)
FN:26,(anonymous_19)
FN:28,(anonymous_20)
FN:33,(anonymous_21)
FN:33,(anonymous_22)
FN:34,(anonymous_23)
FN:36,(anonymous_24)
FN:39,(anonymous_25)
FN:39,(anonymous_26)
FN:40,(anonymous_27)
FN:40,(anonymous_28)
FN:41,(anonymous_29)
FN:43,(anonymous_30)
FN:48,(anonymous_31)
FN:48,(anonymous_32)
FN:49,(anonymous_33)
FN:51,(anonymous_34)
FN:54,(anonymous_35)
FN:54,(anonymous_36)
FN:55,(anonymous_37)
FN:55,(anonymous_38)
FN:56,(anonymous_39)
FN:58,(anonymous_40)
FNF:41
FNH:1
FNDA:1,default_1
FNDA:0,(anonymous_1)
FNDA:0,(anonymous_2)
FNDA:0,(anonymous_3)
FNDA:0,(anonymous_4)
FNDA:0,(anonymous_5)
FNDA:0,(anonymous_6)
FNDA:0,(anonymous_7)
FNDA:0,(anonymous_8)
FNDA:0,(anonymous_9)
FNDA:0,(anonymous_10)
FNDA:0,(anonymous_11)
FNDA:0,(anonymous_12)
FNDA:0,(anonymous_13)
FNDA:0,(anonymous_14)
FNDA:0,(anonymous_15)
FNDA:0,(anonymous_16)
FNDA:0,(anonymous_17)
FNDA:0,(anonymous_18)
FNDA:0,(anonymous_19)
FNDA:0,(anonymous_20)
FNDA:0,(anonymous_21)
FNDA:0,(anonymous_22)
FNDA:0,(anonymous_23)
FNDA:0,(anonymous_24)
FNDA:0,(anonymous_25)
FNDA:0,(anonymous_26)
FNDA:0,(anonymous_27)
FNDA:0,(anonymous_28)
FNDA:0,(anonymous_29)
FNDA:0,(anonymous_30)
FNDA:0,(anonymous_31)
FNDA:0,(anonymous_32)
FNDA:0,(anonymous_33)
FNDA:0,(anonymous_34)
FNDA:0,(anonymous_35)
FNDA:0,(anonymous_36)
FNDA:0,(anonymous_37)
FNDA:0,(anonymous_38)
FNDA:0,(anonymous_39)
FNDA:0,(anonymous_40)
DA:1,1
DA:3,1
DA:4,1
DA:5,0
DA:6,1
DA:7,0
DA:9,1
DA:10,1
DA:11,1
DA:13,1
DA:18,1
DA:19,1
DA:20,0
DA:21,1
DA:22,0
DA:24,1
DA:25,1
DA:26,1
DA:28,1
DA:33,1
DA:34,1
DA:35,0
DA:36,1
DA:37,0
DA:39,1
DA:40,1
DA:41,1
DA:43,1
DA:48,1
DA:49,1
DA:50,0
DA:51,1
DA:52,0
DA:54,1
DA:55,1
DA:56,1
DA:58,1
LF:37
LH:29
BRDA:48,0,0,0
BRDA:48,1,0,0
BRDA:48,2,0,0
BRDA:48,3,0,0
BRDA:49,4,0,0
BRDA:49,5,0,0
BRDA:51,6,0,0
BRDA:51,7,0,0
BRDA:54,8,0,0
BRDA:54,9,0,0
BRDA:54,10,0,0
BRDA:54,11,0,0
BRDA:55,12,0,0
BRDA:55,13,0,0
BRDA:55,14,0,0
BRDA:55,15,0,0
BRDA:56,16,0,0
BRDA:56,17,0,0
BRDA:58,18,0,0
BRDA:58,19,0,0
BRF:20
BRH:0
end_of_record
TN:
SF:/Users/thara/share/20190104_IstanbulJS_Coverage_Issue/20_Fix/typescript_v2/src/Test/2_Function/3_Abuse/ClassMethod.tsx
FN:3,classMethod01a
FN:3,classMethod01b
FN:4,classMethod02a
FN:6,classMethod02b
FN:11,classMethod11a
FN:11,classMethod11b
FN:12,classMethod12a
FN:14,classMethod12b
FN:19,classMethod21a
FN:19,classMethod21b
FN:20,classMethod22a
FN:22,classMethod22b
FN:27,classMethod31a
FN:27,classMethod31b
FN:28,classMethod32a
FN:30,classMethod32b
FN:34,default_1
FNF:17
FNH:1
FNDA:0,classMethod01a
FNDA:0,classMethod01b
FNDA:0,classMethod02a
FNDA:0,classMethod02b
FNDA:0,classMethod11a
FNDA:0,classMethod11b
FNDA:0,classMethod12a
FNDA:0,classMethod12b
FNDA:0,classMethod21a
FNDA:0,classMethod21b
FNDA:0,classMethod22a
FNDA:0,classMethod22b
FNDA:0,classMethod31a
FNDA:0,classMethod31b
FNDA:0,classMethod32a
FNDA:0,classMethod32b
FNDA:1,default_1
DA:3,0
DA:5,0
DA:7,0
DA:11,0
DA:13,0
DA:15,0
DA:19,0
DA:21,0
DA:23,0
DA:27,0
DA:29,0
DA:31,0
DA:34,1
LF:13
LH:1
BRDA:27,0,0,0
BRDA:27,1,0,0
BRDA:27,2,0,0
BRDA:27,3,0,0
BRDA:28,4,0,0
BRDA:28,5,0,0
BRDA:30,6,0,0
BRDA:30,7,0,0
BRF:8
BRH:0
end_of_record
TN:
SF:/Users/thara/share/20190104_IstanbulJS_Coverage_Issue/20_Fix/typescript_v2/src/Test/2_Function/3_Abuse/FunctionDeclaration.tsx
FN:1,default_1
FN:3,functionDeclaration01a
FN:3,functionDeclaration01b
FN:4,functionDeclaration02a
FN:6,functionDeclaration02b
FN:11,functionDeclaration11a
FN:11,functionDeclaration11b
FN:12,functionDeclaration12a
FN:14,functionDeclaration12b
FN:19,functionDeclaration21a
FN:19,functionDeclaration21b
FN:20,functionDeclaration22a
FN:22,functionDeclaration22b
FN:27,functionDeclaration31a
FN:27,functionDeclaration31b
FN:28,functionDeclaration32a
FN:30,functionDeclaration32b
FNF:17
FNH:1
FNDA:1,default_1
FNDA:0,functionDeclaration01a
FNDA:0,functionDeclaration01b
FNDA:0,functionDeclaration02a
FNDA:0,functionDeclaration02b
FNDA:0,functionDeclaration11a
FNDA:0,functionDeclaration11b
FNDA:0,functionDeclaration12a
FNDA:0,functionDeclaration12b
FNDA:0,functionDeclaration21a
FNDA:0,functionDeclaration21b
FNDA:0,functionDeclaration22a
FNDA:0,functionDeclaration22b
FNDA:0,functionDeclaration31a
FNDA:0,functionDeclaration31b
FNDA:0,functionDeclaration32a
FNDA:0,functionDeclaration32b
DA:1,1
DA:3,0
DA:5,0
DA:7,0
DA:11,0
DA:13,0
DA:15,0
DA:19,0
DA:21,0
DA:23,0
DA:27,0
DA:29,0
DA:31,0
LF:13
LH:1
BRDA:27,0,0,0
BRDA:27,1,0,0
BRDA:27,2,0,0
BRDA:27,3,0,0
BRDA:28,4,0,0
BRDA:28,5,0,0
BRDA:30,6,0,0
BRDA:30,7,0,0
BRF:8
BRH:0
end_of_record
TN:
SF:/Users/thara/share/20190104_IstanbulJS_Coverage_Issue/20_Fix/typescript_v2/src/Test/2_Function/3_Abuse/FunctionExpression.tsx
FN:1,default_1
FN:4,(anonymous_1)
FN:4,(anonymous_2)
FN:5,(anonymous_3)
FN:7,(anonymous_4)
FN:12,(anonymous_5)
FN:12,(anonymous_6)
FN:13,(anonymous_7)
FN:15,(anonymous_8)
FN:20,(anonymous_9)
FN:20,(anonymous_10)
FN:21,(anonymous_11)
FN:23,(anonymous_12)
FN:28,(anonymous_13)
FN:28,(anonymous_14)
FN:29,(anonymous_15)
FN:31,(anonymous_16)
FN:37,functionExpressionNamed01a
FN:37,functionExpressionNamed01b
FN:38,functionExpressionNamed02a
FN:40,functionExpressionNamed02b
FN:45,functionExpressionNamed11a
FN:45,functionExpressionNamed11b
FN:46,functionExpressionNamed12a
FN:48,functionExpressionNamed12b
FN:53,functionExpressionNamed21a
FN:53,functionExpressionNamed21b
FN:54,functionExpressionNamed22a
FN:56,functionExpressionNamed22b
FN:61,functionExpressionNamed31a
FN:61,functionExpressionNamed31b
FN:62,functionExpressionNamed32a
FN:64,functionExpressionNamed32b
FNF:33
FNH:1
FNDA:1,default_1
FNDA:0,(anonymous_1)
FNDA:0,(anonymous_2)
FNDA:0,(anonymous_3)
FNDA:0,(anonymous_4)
FNDA:0,(anonymous_5)
FNDA:0,(anonymous_6)
FNDA:0,(anonymous_7)
FNDA:0,(anonymous_8)
FNDA:0,(anonymous_9)
FNDA:0,(anonymous_10)
FNDA:0,(anonymous_11)
FNDA:0,(anonymous_12)
FNDA:0,(anonymous_13)
FNDA:0,(anonymous_14)
FNDA:0,(anonymous_15)
FNDA:0,(anonymous_16)
FNDA:0,functionExpressionNamed01a
FNDA:0,functionExpressionNamed01b
FNDA:0,functionExpressionNamed02a
FNDA:0,functionExpressionNamed02b
FNDA:0,functionExpressionNamed11a
FNDA:0,functionExpressionNamed11b
FNDA:0,functionExpressionNamed12a
FNDA:0,functionExpressionNamed12b
FNDA:0,functionExpressionNamed21a
FNDA:0,functionExpressionNamed21b
FNDA:0,functionExpressionNamed22a
FNDA:0,functionExpressionNamed22b
FNDA:0,functionExpressionNamed31a
FNDA:0,functionExpressionNamed31b
FNDA:0,functionExpressionNamed32a
FNDA:0,functionExpressionNamed32b
DA:1,1
DA:4,1
DA:5,1
DA:6,0
DA:7,1
DA:8,0
DA:12,1
DA:13,1
DA:14,0
DA:15,1
DA:16,0
DA:20,1
DA:21,1
DA:22,0
DA:23,1
DA:24,0
DA:28,1
DA:29,1
DA:30,0
DA:31,1
DA:32,0
DA:37,1
DA:38,1
DA:39,0
DA:40,1
DA:41,0
DA:45,1
DA:46,1
DA:47,0
DA:48,1
DA:49,0
DA:53,1
DA:54,1
DA:55,0
DA:56,1
DA:57,0
DA:61,1
DA:62,1
DA:63,0
DA:64,1
DA:65,0
LF:41
LH:25
BRDA:28,0,0,0
BRDA:28,1,0,0
BRDA:28,2,0,0
BRDA:28,3,0,0
BRDA:29,4,0,0
BRDA:29,5,0,0
BRDA:31,6,0,0
BRDA:31,7,0,0
BRDA:61,8,0,0
BRDA:61,9,0,0
BRDA:61,10,0,0
BRDA:61,11,0,0
BRDA:62,12,0,0
BRDA:62,13,0,0
BRDA:64,14,0,0
BRDA:64,15,0,0
BRF:16
BRH:0
end_of_record
