{"/Users/thara/Desktop/istanbul-report-issue/src/Test/0_Statement/0_Normal/Normal.js": {"path":"/Users/thara/Desktop/istanbul-report-issue/src/Test/0_Statement/0_Normal/Normal.js","statementMap":{"0":{"start":{"line":2,"column":2},"end":{"line":2,"column":9}},"1":{"start":{"line":3,"column":14},"end":{"line":3,"column":52}}},"fnMap":{"0":{"name":"(anonymous_0)","decl":{"start":{"line":1,"column":15},"end":{"line":1,"column":16}},"loc":{"start":{"line":1,"column":26},"end":{"line":4,"column":1}},"line":1}},"branchMap":{},"s":{"0":1,"1":0},"f":{"0":1},"b":{},"_coverageSchema":"332fd63041d2c1bcb487cc26dd0d5f7d97098a6c","hash":"c43df483c538b7a0ac3fd8b9c663577184ac2ef6"}
,"/Users/thara/Desktop/istanbul-report-issue/src/Test/0_Statement/1_Split/Split.js": {"path":"/Users/thara/Desktop/istanbul-report-issue/src/Test/0_Statement/1_Split/Split.js","statementMap":{"0":{"start":{"line":2,"column":2},"end":{"line":2,"column":9}},"1":{"start":{"line":3,"column":14},"end":{"line":6,"column":14}}},"fnMap":{"0":{"name":"(anonymous_0)","decl":{"start":{"line":1,"column":15},"end":{"line":1,"column":16}},"loc":{"start":{"line":1,"column":26},"end":{"line":7,"column":1}},"line":1}},"branchMap":{},"s":{"0":1,"1":0},"f":{"0":1},"b":{},"_coverageSchema":"332fd63041d2c1bcb487cc26dd0d5f7d97098a6c","hash":"76fc817e1ac63b7b33eeb88f9f828c4389cfa7dd"}
,"/Users/thara/Desktop/istanbul-report-issue/src/Test/0_Statement/2_Nested/Nested.js": {"path":"/Users/thara/Desktop/istanbul-report-issue/src/Test/0_Statement/2_Nested/Nested.js","statementMap":{"0":{"start":{"line":2,"column":2},"end":{"line":2,"column":9}}},"fnMap":{"0":{"name":"(anonymous_0)","decl":{"start":{"line":1,"column":15},"end":{"line":1,"column":16}},"loc":{"start":{"line":1,"column":26},"end":{"line":5,"column":1}},"line":1}},"branchMap":{},"s":{"0":1},"f":{"0":1},"b":{},"_coverageSchema":"332fd63041d2c1bcb487cc26dd0d5f7d97098a6c","hash":"4d205c45d8b5dec38b0ba029a56c85f7dd2c924c"}
,"/Users/thara/Desktop/istanbul-report-issue/src/Test/0_Statement/3_Abuse/Abuse.js": {"path":"/Users/thara/Desktop/istanbul-report-issue/src/Test/0_Statement/3_Abuse/Abuse.js","statementMap":{"0":{"start":{"line":2,"column":2},"end":{"line":2,"column":9}},"1":{"start":{"line":3,"column":14},"end":{"line":3,"column":52}},"2":{"start":{"line":3,"column":69},"end":{"line":3,"column":110}}},"fnMap":{"0":{"name":"(anonymous_0)","decl":{"start":{"line":1,"column":15},"end":{"line":1,"column":16}},"loc":{"start":{"line":1,"column":26},"end":{"line":4,"column":1}},"line":1}},"branchMap":{},"s":{"0":1,"1":0,"2":0},"f":{"0":1},"b":{},"_coverageSchema":"332fd63041d2c1bcb487cc26dd0d5f7d97098a6c","hash":"b767a369bfa4754ccb0a54e8e5574c6d7eb1a45d"}
,"/Users/thara/Desktop/istanbul-report-issue/src/Test/1_Branch/0_Normal/ConditionalOperator.js": {"path":"/Users/thara/Desktop/istanbul-report-issue/src/Test/1_Branch/0_Normal/ConditionalOperator.js","statementMap":{"0":{"start":{"line":2,"column":14},"end":{"line":2,"column":34}},"1":{"start":{"line":3,"column":14},"end":{"line":3,"column":34}}},"fnMap":{"0":{"name":"(anonymous_0)","decl":{"start":{"line":1,"column":15},"end":{"line":1,"column":16}},"loc":{"start":{"line":1,"column":26},"end":{"line":4,"column":1}},"line":1}},"branchMap":{"0":{"loc":{"start":{"line":2,"column":14},"end":{"line":2,"column":34}},"type":"cond-expr","locations":[{"start":{"line":2,"column":21},"end":{"line":2,"column":26}},{"start":{"line":2,"column":29},"end":{"line":2,"column":34}}],"line":2},"1":{"loc":{"start":{"line":3,"column":14},"end":{"line":3,"column":34}},"type":"cond-expr","locations":[{"start":{"line":3,"column":22},"end":{"line":3,"column":26}},{"start":{"line":3,"column":29},"end":{"line":3,"column":34}}],"line":3}},"s":{"0":1,"1":1},"f":{"0":1},"b":{"0":[1,0],"1":[0,1]},"_coverageSchema":"332fd63041d2c1bcb487cc26dd0d5f7d97098a6c","hash":"16db4682fafcc5f09c8f4b80fdb54b7f14d66ee9"}
,"/Users/thara/Desktop/istanbul-report-issue/src/Test/1_Branch/0_Normal/If.js": {"path":"/Users/thara/Desktop/istanbul-report-issue/src/Test/1_Branch/0_Normal/If.js","statementMap":{"0":{"start":{"line":3,"column":2},"end":{"line":5,"column":3}},"1":{"start":{"line":4,"column":4},"end":{"line":4,"column":10}},"2":{"start":{"line":8,"column":2},"end":{"line":12,"column":3}},"3":{"start":{"line":9,"column":4},"end":{"line":9,"column":10}},"4":{"start":{"line":11,"column":4},"end":{"line":11,"column":10}},"5":{"start":{"line":14,"column":2},"end":{"line":18,"column":3}},"6":{"start":{"line":15,"column":4},"end":{"line":15,"column":10}},"7":{"start":{"line":17,"column":4},"end":{"line":17,"column":10}},"8":{"start":{"line":21,"column":2},"end":{"line":25,"column":3}},"9":{"start":{"line":22,"column":4},"end":{"line":22,"column":10}},"10":{"start":{"line":23,"column":9},"end":{"line":25,"column":3}},"11":{"start":{"line":24,"column":4},"end":{"line":24,"column":10}},"12":{"start":{"line":27,"column":2},"end":{"line":31,"column":3}},"13":{"start":{"line":28,"column":4},"end":{"line":28,"column":10}},"14":{"start":{"line":29,"column":9},"end":{"line":31,"column":3}},"15":{"start":{"line":30,"column":4},"end":{"line":30,"column":10}},"16":{"start":{"line":33,"column":2},"end":{"line":37,"column":3}},"17":{"start":{"line":34,"column":4},"end":{"line":34,"column":10}},"18":{"start":{"line":35,"column":9},"end":{"line":37,"column":3}},"19":{"start":{"line":36,"column":4},"end":{"line":36,"column":10}},"20":{"start":{"line":40,"column":2},"end":{"line":46,"column":3}},"21":{"start":{"line":41,"column":4},"end":{"line":41,"column":10}},"22":{"start":{"line":42,"column":9},"end":{"line":46,"column":3}},"23":{"start":{"line":43,"column":4},"end":{"line":43,"column":10}},"24":{"start":{"line":45,"column":4},"end":{"line":45,"column":10}},"25":{"start":{"line":48,"column":2},"end":{"line":54,"column":3}},"26":{"start":{"line":49,"column":4},"end":{"line":49,"column":10}},"27":{"start":{"line":50,"column":9},"end":{"line":54,"column":3}},"28":{"start":{"line":51,"column":4},"end":{"line":51,"column":10}},"29":{"start":{"line":53,"column":4},"end":{"line":53,"column":10}},"30":{"start":{"line":56,"column":2},"end":{"line":62,"column":3}},"31":{"start":{"line":57,"column":4},"end":{"line":57,"column":10}},"32":{"start":{"line":58,"column":9},"end":{"line":62,"column":3}},"33":{"start":{"line":59,"column":4},"end":{"line":59,"column":10}},"34":{"start":{"line":61,"column":4},"end":{"line":61,"column":10}}},"fnMap":{"0":{"name":"(anonymous_0)","decl":{"start":{"line":1,"column":15},"end":{"line":1,"column":16}},"loc":{"start":{"line":1,"column":26},"end":{"line":63,"column":1}},"line":1}},"branchMap":{"0":{"loc":{"start":{"line":3,"column":2},"end":{"line":5,"column":3}},"type":"if","locations":[{"start":{"line":3,"column":2},"end":{"line":5,"column":3}},{"start":{"line":3,"column":2},"end":{"line":5,"column":3}}],"line":3},"1":{"loc":{"start":{"line":8,"column":2},"end":{"line":12,"column":3}},"type":"if","locations":[{"start":{"line":8,"column":2},"end":{"line":12,"column":3}},{"start":{"line":8,"column":2},"end":{"line":12,"column":3}}],"line":8},"2":{"loc":{"start":{"line":14,"column":2},"end":{"line":18,"column":3}},"type":"if","locations":[{"start":{"line":14,"column":2},"end":{"line":18,"column":3}},{"start":{"line":14,"column":2},"end":{"line":18,"column":3}}],"line":14},"3":{"loc":{"start":{"line":21,"column":2},"end":{"line":25,"column":3}},"type":"if","locations":[{"start":{"line":21,"column":2},"end":{"line":25,"column":3}},{"start":{"line":21,"column":2},"end":{"line":25,"column":3}}],"line":21},"4":{"loc":{"start":{"line":23,"column":9},"end":{"line":25,"column":3}},"type":"if","locations":[{"start":{"line":23,"column":9},"end":{"line":25,"column":3}},{"start":{"line":23,"column":9},"end":{"line":25,"column":3}}],"line":23},"5":{"loc":{"start":{"line":27,"column":2},"end":{"line":31,"column":3}},"type":"if","locations":[{"start":{"line":27,"column":2},"end":{"line":31,"column":3}},{"start":{"line":27,"column":2},"end":{"line":31,"column":3}}],"line":27},"6":{"loc":{"start":{"line":29,"column":9},"end":{"line":31,"column":3}},"type":"if","locations":[{"start":{"line":29,"column":9},"end":{"line":31,"column":3}},{"start":{"line":29,"column":9},"end":{"line":31,"column":3}}],"line":29},"7":{"loc":{"start":{"line":33,"column":2},"end":{"line":37,"column":3}},"type":"if","locations":[{"start":{"line":33,"column":2},"end":{"line":37,"column":3}},{"start":{"line":33,"column":2},"end":{"line":37,"column":3}}],"line":33},"8":{"loc":{"start":{"line":35,"column":9},"end":{"line":37,"column":3}},"type":"if","locations":[{"start":{"line":35,"column":9},"end":{"line":37,"column":3}},{"start":{"line":35,"column":9},"end":{"line":37,"column":3}}],"line":35},"9":{"loc":{"start":{"line":40,"column":2},"end":{"line":46,"column":3}},"type":"if","locations":[{"start":{"line":40,"column":2},"end":{"line":46,"column":3}},{"start":{"line":40,"column":2},"end":{"line":46,"column":3}}],"line":40},"10":{"loc":{"start":{"line":42,"column":9},"end":{"line":46,"column":3}},"type":"if","locations":[{"start":{"line":42,"column":9},"end":{"line":46,"column":3}},{"start":{"line":42,"column":9},"end":{"line":46,"column":3}}],"line":42},"11":{"loc":{"start":{"line":48,"column":2},"end":{"line":54,"column":3}},"type":"if","locations":[{"start":{"line":48,"column":2},"end":{"line":54,"column":3}},{"start":{"line":48,"column":2},"end":{"line":54,"column":3}}],"line":48},"12":{"loc":{"start":{"line":50,"column":9},"end":{"line":54,"column":3}},"type":"if","locations":[{"start":{"line":50,"column":9},"end":{"line":54,"column":3}},{"start":{"line":50,"column":9},"end":{"line":54,"column":3}}],"line":50},"13":{"loc":{"start":{"line":56,"column":2},"end":{"line":62,"column":3}},"type":"if","locations":[{"start":{"line":56,"column":2},"end":{"line":62,"column":3}},{"start":{"line":56,"column":2},"end":{"line":62,"column":3}}],"line":56},"14":{"loc":{"start":{"line":58,"column":9},"end":{"line":62,"column":3}},"type":"if","locations":[{"start":{"line":58,"column":9},"end":{"line":62,"column":3}},{"start":{"line":58,"column":9},"end":{"line":62,"column":3}}],"line":58}},"s":{"0":1,"1":0,"2":1,"3":0,"4":1,"5":1,"6":1,"7":0,"8":1,"9":0,"10":1,"11":0,"12":1,"13":0,"14":1,"15":1,"16":1,"17":1,"18":0,"19":0,"20":1,"21":0,"22":1,"23":0,"24":1,"25":1,"26":0,"27":1,"28":1,"29":0,"30":1,"31":1,"32":0,"33":0,"34":0},"f":{"0":1},"b":{"0":[0,1],"1":[0,1],"2":[1,0],"3":[0,1],"4":[0,1],"5":[0,1],"6":[1,0],"7":[1,0],"8":[0,0],"9":[0,1],"10":[0,1],"11":[0,1],"12":[1,0],"13":[1,0],"14":[0,0]},"_coverageSchema":"332fd63041d2c1bcb487cc26dd0d5f7d97098a6c","hash":"a6adfeacba69f03f39fd94bc9dda7e7b87263e0c"}
,"/Users/thara/Desktop/istanbul-report-issue/src/Test/1_Branch/0_Normal/ShortCircuitEvaluation.js": {"path":"/Users/thara/Desktop/istanbul-report-issue/src/Test/1_Branch/0_Normal/ShortCircuitEvaluation.js","statementMap":{"0":{"start":{"line":2,"column":14},"end":{"line":2,"column":28}}},"fnMap":{"0":{"name":"(anonymous_0)","decl":{"start":{"line":1,"column":15},"end":{"line":1,"column":16}},"loc":{"start":{"line":1,"column":26},"end":{"line":3,"column":1}},"line":1}},"branchMap":{"0":{"loc":{"start":{"line":2,"column":14},"end":{"line":2,"column":28}},"type":"binary-expr","locations":[{"start":{"line":2,"column":14},"end":{"line":2,"column":19}},{"start":{"line":2,"column":23},"end":{"line":2,"column":28}}],"line":2}},"s":{"0":1},"f":{"0":1},"b":{"0":[1,0]},"_coverageSchema":"332fd63041d2c1bcb487cc26dd0d5f7d97098a6c","hash":"d00bba292ab05acffe3f6b12e3d5cffbab720a50"}
,"/Users/thara/Desktop/istanbul-report-issue/src/Test/1_Branch/0_Normal/Switch.js": {"path":"/Users/thara/Desktop/istanbul-report-issue/src/Test/1_Branch/0_Normal/Switch.js","statementMap":{"0":{"start":{"line":2,"column":14},"end":{"line":4,"column":3}},"1":{"start":{"line":7,"column":2},"end":{"line":11,"column":3}},"2":{"start":{"line":9,"column":6},"end":{"line":9,"column":12}},"3":{"start":{"line":10,"column":6},"end":{"line":10,"column":12}},"4":{"start":{"line":14,"column":2},"end":{"line":21,"column":3}},"5":{"start":{"line":16,"column":6},"end":{"line":16,"column":12}},"6":{"start":{"line":17,"column":6},"end":{"line":17,"column":12}},"7":{"start":{"line":19,"column":6},"end":{"line":19,"column":12}},"8":{"start":{"line":20,"column":6},"end":{"line":20,"column":12}},"9":{"start":{"line":24,"column":2},"end":{"line":34,"column":3}},"10":{"start":{"line":26,"column":6},"end":{"line":26,"column":12}},"11":{"start":{"line":27,"column":6},"end":{"line":27,"column":12}},"12":{"start":{"line":29,"column":6},"end":{"line":29,"column":12}},"13":{"start":{"line":30,"column":6},"end":{"line":30,"column":12}},"14":{"start":{"line":32,"column":6},"end":{"line":32,"column":12}},"15":{"start":{"line":33,"column":6},"end":{"line":33,"column":12}}},"fnMap":{"0":{"name":"(anonymous_0)","decl":{"start":{"line":1,"column":15},"end":{"line":1,"column":16}},"loc":{"start":{"line":1,"column":26},"end":{"line":35,"column":1}},"line":1}},"branchMap":{"0":{"loc":{"start":{"line":7,"column":2},"end":{"line":11,"column":3}},"type":"switch","locations":[{"start":{"line":8,"column":4},"end":{"line":10,"column":12}}],"line":7},"1":{"loc":{"start":{"line":14,"column":2},"end":{"line":21,"column":3}},"type":"switch","locations":[{"start":{"line":15,"column":4},"end":{"line":17,"column":12}},{"start":{"line":18,"column":4},"end":{"line":20,"column":12}}],"line":14},"2":{"loc":{"start":{"line":24,"column":2},"end":{"line":34,"column":3}},"type":"switch","locations":[{"start":{"line":25,"column":4},"end":{"line":27,"column":12}},{"start":{"line":28,"column":4},"end":{"line":30,"column":12}},{"start":{"line":31,"column":4},"end":{"line":33,"column":12}}],"line":24}},"s":{"0":1,"1":1,"2":0,"3":0,"4":1,"5":1,"6":1,"7":0,"8":0,"9":1,"10":1,"11":1,"12":0,"13":0,"14":0,"15":0},"f":{"0":1},"b":{"0":[0],"1":[1,0],"2":[1,0,0]},"_coverageSchema":"332fd63041d2c1bcb487cc26dd0d5f7d97098a6c","hash":"84dd739e90d8377a920a34c17c29eb87e018984f"}
,"/Users/thara/Desktop/istanbul-report-issue/src/Test/1_Branch/1_Split/ConditionalOperator.js": {"path":"/Users/thara/Desktop/istanbul-report-issue/src/Test/1_Branch/1_Split/ConditionalOperator.js","statementMap":{},"fnMap":{"0":{"name":"(anonymous_0)","decl":{"start":{"line":1,"column":15},"end":{"line":1,"column":16}},"loc":{"start":{"line":1,"column":26},"end":{"line":5,"column":1}},"line":1}},"branchMap":{},"s":{},"f":{"0":1},"b":{},"_coverageSchema":"332fd63041d2c1bcb487cc26dd0d5f7d97098a6c","hash":"0abff0ab2def9907b4589f094efda43b98035adc"}
,"/Users/thara/Desktop/istanbul-report-issue/src/Test/1_Branch/1_Split/If.js": {"path":"/Users/thara/Desktop/istanbul-report-issue/src/Test/1_Branch/1_Split/If.js","statementMap":{"0":{"start":{"line":3,"column":2},"end":{"line":5,"column":3}},"1":{"start":{"line":4,"column":4},"end":{"line":4,"column":10}},"2":{"start":{"line":8,"column":2},"end":{"line":12,"column":3}},"3":{"start":{"line":9,"column":4},"end":{"line":9,"column":10}},"4":{"start":{"line":11,"column":4},"end":{"line":11,"column":10}},"5":{"start":{"line":14,"column":2},"end":{"line":18,"column":3}},"6":{"start":{"line":15,"column":4},"end":{"line":15,"column":10}},"7":{"start":{"line":17,"column":4},"end":{"line":17,"column":10}},"8":{"start":{"line":21,"column":2},"end":{"line":25,"column":3}},"9":{"start":{"line":22,"column":4},"end":{"line":22,"column":10}},"10":{"start":{"line":23,"column":9},"end":{"line":25,"column":3}},"11":{"start":{"line":24,"column":4},"end":{"line":24,"column":10}},"12":{"start":{"line":27,"column":2},"end":{"line":31,"column":3}},"13":{"start":{"line":28,"column":4},"end":{"line":28,"column":10}},"14":{"start":{"line":29,"column":9},"end":{"line":31,"column":3}},"15":{"start":{"line":30,"column":4},"end":{"line":30,"column":10}},"16":{"start":{"line":33,"column":2},"end":{"line":39,"column":3}},"17":{"start":{"line":34,"column":4},"end":{"line":34,"column":10}},"18":{"start":{"line":35,"column":9},"end":{"line":39,"column":3}},"19":{"start":{"line":38,"column":4},"end":{"line":38,"column":10}},"20":{"start":{"line":42,"column":2},"end":{"line":48,"column":3}},"21":{"start":{"line":43,"column":4},"end":{"line":43,"column":10}},"22":{"start":{"line":44,"column":9},"end":{"line":48,"column":3}},"23":{"start":{"line":45,"column":4},"end":{"line":45,"column":10}},"24":{"start":{"line":47,"column":4},"end":{"line":47,"column":10}},"25":{"start":{"line":50,"column":2},"end":{"line":56,"column":3}},"26":{"start":{"line":51,"column":4},"end":{"line":51,"column":10}},"27":{"start":{"line":52,"column":9},"end":{"line":56,"column":3}},"28":{"start":{"line":53,"column":4},"end":{"line":53,"column":10}},"29":{"start":{"line":55,"column":4},"end":{"line":55,"column":10}},"30":{"start":{"line":58,"column":2},"end":{"line":66,"column":3}},"31":{"start":{"line":59,"column":4},"end":{"line":59,"column":10}},"32":{"start":{"line":60,"column":9},"end":{"line":66,"column":3}},"33":{"start":{"line":63,"column":4},"end":{"line":63,"column":10}},"34":{"start":{"line":65,"column":4},"end":{"line":65,"column":10}}},"fnMap":{"0":{"name":"(anonymous_0)","decl":{"start":{"line":1,"column":15},"end":{"line":1,"column":16}},"loc":{"start":{"line":1,"column":26},"end":{"line":67,"column":1}},"line":1}},"branchMap":{"0":{"loc":{"start":{"line":3,"column":2},"end":{"line":5,"column":3}},"type":"if","locations":[{"start":{"line":3,"column":2},"end":{"line":5,"column":3}},{"start":{"line":3,"column":2},"end":{"line":5,"column":3}}],"line":3},"1":{"loc":{"start":{"line":8,"column":2},"end":{"line":12,"column":3}},"type":"if","locations":[{"start":{"line":8,"column":2},"end":{"line":12,"column":3}},{"start":{"line":8,"column":2},"end":{"line":12,"column":3}}],"line":8},"2":{"loc":{"start":{"line":14,"column":2},"end":{"line":18,"column":3}},"type":"if","locations":[{"start":{"line":14,"column":2},"end":{"line":18,"column":3}},{"start":{"line":14,"column":2},"end":{"line":18,"column":3}}],"line":14},"3":{"loc":{"start":{"line":21,"column":2},"end":{"line":25,"column":3}},"type":"if","locations":[{"start":{"line":21,"column":2},"end":{"line":25,"column":3}},{"start":{"line":21,"column":2},"end":{"line":25,"column":3}}],"line":21},"4":{"loc":{"start":{"line":23,"column":9},"end":{"line":25,"column":3}},"type":"if","locations":[{"start":{"line":23,"column":9},"end":{"line":25,"column":3}},{"start":{"line":23,"column":9},"end":{"line":25,"column":3}}],"line":23},"5":{"loc":{"start":{"line":27,"column":2},"end":{"line":31,"column":3}},"type":"if","locations":[{"start":{"line":27,"column":2},"end":{"line":31,"column":3}},{"start":{"line":27,"column":2},"end":{"line":31,"column":3}}],"line":27},"6":{"loc":{"start":{"line":29,"column":9},"end":{"line":31,"column":3}},"type":"if","locations":[{"start":{"line":29,"column":9},"end":{"line":31,"column":3}},{"start":{"line":29,"column":9},"end":{"line":31,"column":3}}],"line":29},"7":{"loc":{"start":{"line":33,"column":2},"end":{"line":39,"column":3}},"type":"if","locations":[{"start":{"line":33,"column":2},"end":{"line":39,"column":3}},{"start":{"line":33,"column":2},"end":{"line":39,"column":3}}],"line":33},"8":{"loc":{"start":{"line":35,"column":9},"end":{"line":39,"column":3}},"type":"if","locations":[{"start":{"line":35,"column":9},"end":{"line":39,"column":3}},{"start":{"line":35,"column":9},"end":{"line":39,"column":3}}],"line":35},"9":{"loc":{"start":{"line":42,"column":2},"end":{"line":48,"column":3}},"type":"if","locations":[{"start":{"line":42,"column":2},"end":{"line":48,"column":3}},{"start":{"line":42,"column":2},"end":{"line":48,"column":3}}],"line":42},"10":{"loc":{"start":{"line":44,"column":9},"end":{"line":48,"column":3}},"type":"if","locations":[{"start":{"line":44,"column":9},"end":{"line":48,"column":3}},{"start":{"line":44,"column":9},"end":{"line":48,"column":3}}],"line":44},"11":{"loc":{"start":{"line":50,"column":2},"end":{"line":56,"column":3}},"type":"if","locations":[{"start":{"line":50,"column":2},"end":{"line":56,"column":3}},{"start":{"line":50,"column":2},"end":{"line":56,"column":3}}],"line":50},"12":{"loc":{"start":{"line":52,"column":9},"end":{"line":56,"column":3}},"type":"if","locations":[{"start":{"line":52,"column":9},"end":{"line":56,"column":3}},{"start":{"line":52,"column":9},"end":{"line":56,"column":3}}],"line":52},"13":{"loc":{"start":{"line":58,"column":2},"end":{"line":66,"column":3}},"type":"if","locations":[{"start":{"line":58,"column":2},"end":{"line":66,"column":3}},{"start":{"line":58,"column":2},"end":{"line":66,"column":3}}],"line":58},"14":{"loc":{"start":{"line":60,"column":9},"end":{"line":66,"column":3}},"type":"if","locations":[{"start":{"line":60,"column":9},"end":{"line":66,"column":3}},{"start":{"line":60,"column":9},"end":{"line":66,"column":3}}],"line":60}},"s":{"0":1,"1":0,"2":1,"3":0,"4":1,"5":1,"6":1,"7":0,"8":1,"9":0,"10":1,"11":0,"12":1,"13":0,"14":1,"15":1,"16":1,"17":1,"18":0,"19":0,"20":1,"21":0,"22":1,"23":0,"24":1,"25":1,"26":0,"27":1,"28":1,"29":0,"30":1,"31":1,"32":0,"33":0,"34":0},"f":{"0":1},"b":{"0":[0,1],"1":[0,1],"2":[1,0],"3":[0,1],"4":[0,1],"5":[0,1],"6":[1,0],"7":[1,0],"8":[0,0],"9":[0,1],"10":[0,1],"11":[0,1],"12":[1,0],"13":[1,0],"14":[0,0]},"_coverageSchema":"332fd63041d2c1bcb487cc26dd0d5f7d97098a6c","hash":"3f122afac9c07eb469148a09042bc504cc47cb7c"}
,"/Users/thara/Desktop/istanbul-report-issue/src/Test/1_Branch/1_Split/ShortCircuitEvaluation.js": {"path":"/Users/thara/Desktop/istanbul-report-issue/src/Test/1_Branch/1_Split/ShortCircuitEvaluation.js","statementMap":{},"fnMap":{"0":{"name":"(anonymous_0)","decl":{"start":{"line":1,"column":15},"end":{"line":1,"column":16}},"loc":{"start":{"line":1,"column":26},"end":{"line":4,"column":1}},"line":1}},"branchMap":{},"s":{},"f":{"0":1},"b":{},"_coverageSchema":"332fd63041d2c1bcb487cc26dd0d5f7d97098a6c","hash":"9ce6e67812703bc3c0e43359e16ce08dcd5f2b06"}
,"/Users/thara/Desktop/istanbul-report-issue/src/Test/1_Branch/1_Split/Switch.js": {"path":"/Users/thara/Desktop/istanbul-report-issue/src/Test/1_Branch/1_Split/Switch.js","statementMap":{"0":{"start":{"line":2,"column":14},"end":{"line":4,"column":3}},"1":{"start":{"line":7,"column":2},"end":{"line":12,"column":3}},"2":{"start":{"line":10,"column":8},"end":{"line":10,"column":14}},"3":{"start":{"line":11,"column":8},"end":{"line":11,"column":14}},"4":{"start":{"line":15,"column":2},"end":{"line":24,"column":3}},"5":{"start":{"line":18,"column":8},"end":{"line":18,"column":14}},"6":{"start":{"line":19,"column":8},"end":{"line":19,"column":14}},"7":{"start":{"line":22,"column":8},"end":{"line":22,"column":14}},"8":{"start":{"line":23,"column":8},"end":{"line":23,"column":14}},"9":{"start":{"line":27,"column":2},"end":{"line":40,"column":3}},"10":{"start":{"line":30,"column":8},"end":{"line":30,"column":14}},"11":{"start":{"line":31,"column":8},"end":{"line":31,"column":14}},"12":{"start":{"line":34,"column":8},"end":{"line":34,"column":14}},"13":{"start":{"line":35,"column":8},"end":{"line":35,"column":14}},"14":{"start":{"line":38,"column":8},"end":{"line":38,"column":14}},"15":{"start":{"line":39,"column":8},"end":{"line":39,"column":14}}},"fnMap":{"0":{"name":"(anonymous_0)","decl":{"start":{"line":1,"column":15},"end":{"line":1,"column":16}},"loc":{"start":{"line":1,"column":26},"end":{"line":41,"column":1}},"line":1}},"branchMap":{"0":{"loc":{"start":{"line":7,"column":2},"end":{"line":12,"column":3}},"type":"switch","locations":[{"start":{"line":8,"column":4},"end":{"line":11,"column":14}}],"line":7},"1":{"loc":{"start":{"line":15,"column":2},"end":{"line":24,"column":3}},"type":"switch","locations":[{"start":{"line":16,"column":4},"end":{"line":19,"column":14}},{"start":{"line":20,"column":4},"end":{"line":23,"column":14}}],"line":15},"2":{"loc":{"start":{"line":27,"column":2},"end":{"line":40,"column":3}},"type":"switch","locations":[{"start":{"line":28,"column":4},"end":{"line":31,"column":14}},{"start":{"line":32,"column":4},"end":{"line":35,"column":14}},{"start":{"line":36,"column":4},"end":{"line":39,"column":14}}],"line":27}},"s":{"0":1,"1":1,"2":0,"3":0,"4":1,"5":1,"6":1,"7":0,"8":0,"9":1,"10":1,"11":1,"12":0,"13":0,"14":0,"15":0},"f":{"0":1},"b":{"0":[0],"1":[1,0],"2":[1,0,0]},"_coverageSchema":"332fd63041d2c1bcb487cc26dd0d5f7d97098a6c","hash":"79d00d739ed2b6c7feb399d9b993dfa53d34da94"}
,"/Users/thara/Desktop/istanbul-report-issue/src/Test/1_Branch/2_Nested/ConditionalOperator.js": {"path":"/Users/thara/Desktop/istanbul-report-issue/src/Test/1_Branch/2_Nested/ConditionalOperator.js","statementMap":{"0":{"start":{"line":2,"column":14},"end":{"line":2,"column":51}},"1":{"start":{"line":3,"column":14},"end":{"line":3,"column":51}}},"fnMap":{"0":{"name":"(anonymous_0)","decl":{"start":{"line":1,"column":15},"end":{"line":1,"column":16}},"loc":{"start":{"line":1,"column":26},"end":{"line":4,"column":1}},"line":1}},"branchMap":{"0":{"loc":{"start":{"line":2,"column":14},"end":{"line":2,"column":51}},"type":"cond-expr","locations":[{"start":{"line":2,"column":22},"end":{"line":2,"column":42}},{"start":{"line":2,"column":46},"end":{"line":2,"column":51}}],"line":2},"1":{"loc":{"start":{"line":2,"column":22},"end":{"line":2,"column":42}},"type":"cond-expr","locations":[{"start":{"line":2,"column":29},"end":{"line":2,"column":34}},{"start":{"line":2,"column":37},"end":{"line":2,"column":42}}],"line":2},"2":{"loc":{"start":{"line":3,"column":14},"end":{"line":3,"column":51}},"type":"cond-expr","locations":[{"start":{"line":3,"column":22},"end":{"line":3,"column":26}},{"start":{"line":3,"column":30},"end":{"line":3,"column":50}}],"line":3},"3":{"loc":{"start":{"line":3,"column":30},"end":{"line":3,"column":50}},"type":"cond-expr","locations":[{"start":{"line":3,"column":38},"end":{"line":3,"column":42}},{"start":{"line":3,"column":45},"end":{"line":3,"column":50}}],"line":3}},"s":{"0":1,"1":1},"f":{"0":1},"b":{"0":[1,0],"1":[1,0],"2":[0,1],"3":[0,1]},"_coverageSchema":"332fd63041d2c1bcb487cc26dd0d5f7d97098a6c","hash":"05c1b0b7abdd329da850d8827249efcbe159e8d0"}
,"/Users/thara/Desktop/istanbul-report-issue/src/Test/1_Branch/2_Nested/If.js": {"path":"/Users/thara/Desktop/istanbul-report-issue/src/Test/1_Branch/2_Nested/If.js","statementMap":{"0":{"start":{"line":3,"column":2},"end":{"line":7,"column":3}},"1":{"start":{"line":4,"column":4},"end":{"line":6,"column":5}},"2":{"start":{"line":5,"column":6},"end":{"line":5,"column":12}},"3":{"start":{"line":10,"column":2},"end":{"line":16,"column":3}},"4":{"start":{"line":11,"column":4},"end":{"line":15,"column":5}},"5":{"start":{"line":12,"column":6},"end":{"line":12,"column":12}},"6":{"start":{"line":14,"column":6},"end":{"line":14,"column":12}},"7":{"start":{"line":18,"column":2},"end":{"line":24,"column":3}},"8":{"start":{"line":19,"column":4},"end":{"line":23,"column":5}},"9":{"start":{"line":20,"column":6},"end":{"line":20,"column":12}},"10":{"start":{"line":22,"column":6},"end":{"line":22,"column":12}},"11":{"start":{"line":27,"column":2},"end":{"line":33,"column":3}},"12":{"start":{"line":28,"column":4},"end":{"line":32,"column":5}},"13":{"start":{"line":29,"column":6},"end":{"line":29,"column":12}},"14":{"start":{"line":30,"column":11},"end":{"line":32,"column":5}},"15":{"start":{"line":31,"column":6},"end":{"line":31,"column":12}},"16":{"start":{"line":35,"column":2},"end":{"line":41,"column":3}},"17":{"start":{"line":36,"column":4},"end":{"line":40,"column":5}},"18":{"start":{"line":37,"column":6},"end":{"line":37,"column":12}},"19":{"start":{"line":38,"column":11},"end":{"line":40,"column":5}},"20":{"start":{"line":39,"column":6},"end":{"line":39,"column":12}},"21":{"start":{"line":44,"column":2},"end":{"line":50,"column":3}},"22":{"start":{"line":45,"column":4},"end":{"line":49,"column":5}},"23":{"start":{"line":46,"column":6},"end":{"line":46,"column":12}},"24":{"start":{"line":47,"column":11},"end":{"line":49,"column":5}},"25":{"start":{"line":48,"column":6},"end":{"line":48,"column":12}},"26":{"start":{"line":53,"column":2},"end":{"line":61,"column":3}},"27":{"start":{"line":54,"column":4},"end":{"line":60,"column":5}},"28":{"start":{"line":55,"column":6},"end":{"line":55,"column":12}},"29":{"start":{"line":56,"column":11},"end":{"line":60,"column":5}},"30":{"start":{"line":57,"column":6},"end":{"line":57,"column":12}},"31":{"start":{"line":59,"column":6},"end":{"line":59,"column":12}},"32":{"start":{"line":63,"column":2},"end":{"line":71,"column":3}},"33":{"start":{"line":64,"column":4},"end":{"line":70,"column":5}},"34":{"start":{"line":65,"column":6},"end":{"line":65,"column":12}},"35":{"start":{"line":66,"column":11},"end":{"line":70,"column":5}},"36":{"start":{"line":67,"column":6},"end":{"line":67,"column":12}},"37":{"start":{"line":69,"column":6},"end":{"line":69,"column":12}},"38":{"start":{"line":73,"column":2},"end":{"line":81,"column":3}},"39":{"start":{"line":74,"column":4},"end":{"line":80,"column":5}},"40":{"start":{"line":75,"column":6},"end":{"line":75,"column":12}},"41":{"start":{"line":76,"column":11},"end":{"line":80,"column":5}},"42":{"start":{"line":77,"column":6},"end":{"line":77,"column":12}},"43":{"start":{"line":79,"column":6},"end":{"line":79,"column":12}}},"fnMap":{"0":{"name":"(anonymous_0)","decl":{"start":{"line":1,"column":15},"end":{"line":1,"column":16}},"loc":{"start":{"line":1,"column":26},"end":{"line":82,"column":1}},"line":1}},"branchMap":{"0":{"loc":{"start":{"line":3,"column":2},"end":{"line":7,"column":3}},"type":"if","locations":[{"start":{"line":3,"column":2},"end":{"line":7,"column":3}},{"start":{"line":3,"column":2},"end":{"line":7,"column":3}}],"line":3},"1":{"loc":{"start":{"line":4,"column":4},"end":{"line":6,"column":5}},"type":"if","locations":[{"start":{"line":4,"column":4},"end":{"line":6,"column":5}},{"start":{"line":4,"column":4},"end":{"line":6,"column":5}}],"line":4},"2":{"loc":{"start":{"line":10,"column":2},"end":{"line":16,"column":3}},"type":"if","locations":[{"start":{"line":10,"column":2},"end":{"line":16,"column":3}},{"start":{"line":10,"column":2},"end":{"line":16,"column":3}}],"line":10},"3":{"loc":{"start":{"line":11,"column":4},"end":{"line":15,"column":5}},"type":"if","locations":[{"start":{"line":11,"column":4},"end":{"line":15,"column":5}},{"start":{"line":11,"column":4},"end":{"line":15,"column":5}}],"line":11},"4":{"loc":{"start":{"line":18,"column":2},"end":{"line":24,"column":3}},"type":"if","locations":[{"start":{"line":18,"column":2},"end":{"line":24,"column":3}},{"start":{"line":18,"column":2},"end":{"line":24,"column":3}}],"line":18},"5":{"loc":{"start":{"line":19,"column":4},"end":{"line":23,"column":5}},"type":"if","locations":[{"start":{"line":19,"column":4},"end":{"line":23,"column":5}},{"start":{"line":19,"column":4},"end":{"line":23,"column":5}}],"line":19},"6":{"loc":{"start":{"line":27,"column":2},"end":{"line":33,"column":3}},"type":"if","locations":[{"start":{"line":27,"column":2},"end":{"line":33,"column":3}},{"start":{"line":27,"column":2},"end":{"line":33,"column":3}}],"line":27},"7":{"loc":{"start":{"line":28,"column":4},"end":{"line":32,"column":5}},"type":"if","locations":[{"start":{"line":28,"column":4},"end":{"line":32,"column":5}},{"start":{"line":28,"column":4},"end":{"line":32,"column":5}}],"line":28},"8":{"loc":{"start":{"line":30,"column":11},"end":{"line":32,"column":5}},"type":"if","locations":[{"start":{"line":30,"column":11},"end":{"line":32,"column":5}},{"start":{"line":30,"column":11},"end":{"line":32,"column":5}}],"line":30},"9":{"loc":{"start":{"line":35,"column":2},"end":{"line":41,"column":3}},"type":"if","locations":[{"start":{"line":35,"column":2},"end":{"line":41,"column":3}},{"start":{"line":35,"column":2},"end":{"line":41,"column":3}}],"line":35},"10":{"loc":{"start":{"line":36,"column":4},"end":{"line":40,"column":5}},"type":"if","locations":[{"start":{"line":36,"column":4},"end":{"line":40,"column":5}},{"start":{"line":36,"column":4},"end":{"line":40,"column":5}}],"line":36},"11":{"loc":{"start":{"line":38,"column":11},"end":{"line":40,"column":5}},"type":"if","locations":[{"start":{"line":38,"column":11},"end":{"line":40,"column":5}},{"start":{"line":38,"column":11},"end":{"line":40,"column":5}}],"line":38},"12":{"loc":{"start":{"line":44,"column":2},"end":{"line":50,"column":3}},"type":"if","locations":[{"start":{"line":44,"column":2},"end":{"line":50,"column":3}},{"start":{"line":44,"column":2},"end":{"line":50,"column":3}}],"line":44},"13":{"loc":{"start":{"line":45,"column":4},"end":{"line":49,"column":5}},"type":"if","locations":[{"start":{"line":45,"column":4},"end":{"line":49,"column":5}},{"start":{"line":45,"column":4},"end":{"line":49,"column":5}}],"line":45},"14":{"loc":{"start":{"line":47,"column":11},"end":{"line":49,"column":5}},"type":"if","locations":[{"start":{"line":47,"column":11},"end":{"line":49,"column":5}},{"start":{"line":47,"column":11},"end":{"line":49,"column":5}}],"line":47},"15":{"loc":{"start":{"line":53,"column":2},"end":{"line":61,"column":3}},"type":"if","locations":[{"start":{"line":53,"column":2},"end":{"line":61,"column":3}},{"start":{"line":53,"column":2},"end":{"line":61,"column":3}}],"line":53},"16":{"loc":{"start":{"line":54,"column":4},"end":{"line":60,"column":5}},"type":"if","locations":[{"start":{"line":54,"column":4},"end":{"line":60,"column":5}},{"start":{"line":54,"column":4},"end":{"line":60,"column":5}}],"line":54},"17":{"loc":{"start":{"line":56,"column":11},"end":{"line":60,"column":5}},"type":"if","locations":[{"start":{"line":56,"column":11},"end":{"line":60,"column":5}},{"start":{"line":56,"column":11},"end":{"line":60,"column":5}}],"line":56},"18":{"loc":{"start":{"line":63,"column":2},"end":{"line":71,"column":3}},"type":"if","locations":[{"start":{"line":63,"column":2},"end":{"line":71,"column":3}},{"start":{"line":63,"column":2},"end":{"line":71,"column":3}}],"line":63},"19":{"loc":{"start":{"line":64,"column":4},"end":{"line":70,"column":5}},"type":"if","locations":[{"start":{"line":64,"column":4},"end":{"line":70,"column":5}},{"start":{"line":64,"column":4},"end":{"line":70,"column":5}}],"line":64},"20":{"loc":{"start":{"line":66,"column":11},"end":{"line":70,"column":5}},"type":"if","locations":[{"start":{"line":66,"column":11},"end":{"line":70,"column":5}},{"start":{"line":66,"column":11},"end":{"line":70,"column":5}}],"line":66},"21":{"loc":{"start":{"line":73,"column":2},"end":{"line":81,"column":3}},"type":"if","locations":[{"start":{"line":73,"column":2},"end":{"line":81,"column":3}},{"start":{"line":73,"column":2},"end":{"line":81,"column":3}}],"line":73},"22":{"loc":{"start":{"line":74,"column":4},"end":{"line":80,"column":5}},"type":"if","locations":[{"start":{"line":74,"column":4},"end":{"line":80,"column":5}},{"start":{"line":74,"column":4},"end":{"line":80,"column":5}}],"line":74},"23":{"loc":{"start":{"line":76,"column":11},"end":{"line":80,"column":5}},"type":"if","locations":[{"start":{"line":76,"column":11},"end":{"line":80,"column":5}},{"start":{"line":76,"column":11},"end":{"line":80,"column":5}}],"line":76}},"s":{"0":1,"1":0,"2":0,"3":1,"4":0,"5":0,"6":0,"7":1,"8":0,"9":0,"10":0,"11":1,"12":0,"13":0,"14":0,"15":0,"16":1,"17":0,"18":0,"19":0,"20":0,"21":1,"22":0,"23":0,"24":0,"25":0,"26":1,"27":0,"28":0,"29":0,"30":0,"31":0,"32":1,"33":0,"34":0,"35":0,"36":0,"37":0,"38":1,"39":0,"40":0,"41":0,"42":0,"43":0},"f":{"0":1},"b":{"0":[0,1],"1":[0,0],"2":[0,1],"3":[0,0],"4":[0,1],"5":[0,0],"6":[0,1],"7":[0,0],"8":[0,0],"9":[0,1],"10":[0,0],"11":[0,0],"12":[0,1],"13":[0,0],"14":[0,0],"15":[0,1],"16":[0,0],"17":[0,0],"18":[0,1],"19":[0,0],"20":[0,0],"21":[0,1],"22":[0,0],"23":[0,0]},"_coverageSchema":"332fd63041d2c1bcb487cc26dd0d5f7d97098a6c","hash":"80937b43108ab747cf84891ed24e7274d9f9d65a"}
,"/Users/thara/Desktop/istanbul-report-issue/src/Test/1_Branch/2_Nested/ShortCircuitEvaluation.js": {"path":"/Users/thara/Desktop/istanbul-report-issue/src/Test/1_Branch/2_Nested/ShortCircuitEvaluation.js","statementMap":{"0":{"start":{"line":3,"column":14},"end":{"line":3,"column":28}}},"fnMap":{"0":{"name":"(anonymous_0)","decl":{"start":{"line":1,"column":15},"end":{"line":1,"column":16}},"loc":{"start":{"line":1,"column":26},"end":{"line":4,"column":1}},"line":1}},"branchMap":{"0":{"loc":{"start":{"line":3,"column":14},"end":{"line":3,"column":28}},"type":"binary-expr","locations":[{"start":{"line":3,"column":14},"end":{"line":3,"column":19}},{"start":{"line":3,"column":23},"end":{"line":3,"column":28}}],"line":3}},"s":{"0":1},"f":{"0":1},"b":{"0":[1,0]},"_coverageSchema":"332fd63041d2c1bcb487cc26dd0d5f7d97098a6c","hash":"63b8d4e21f88a323ba3dac82b252a654191a31d9"}
,"/Users/thara/Desktop/istanbul-report-issue/src/Test/1_Branch/2_Nested/Switch.js": {"path":"/Users/thara/Desktop/istanbul-report-issue/src/Test/1_Branch/2_Nested/Switch.js","statementMap":{"0":{"start":{"line":2,"column":14},"end":{"line":4,"column":3}},"1":{"start":{"line":7,"column":2},"end":{"line":15,"column":3}},"2":{"start":{"line":9,"column":6},"end":{"line":13,"column":7}},"3":{"start":{"line":11,"column":10},"end":{"line":11,"column":16}},"4":{"start":{"line":12,"column":10},"end":{"line":12,"column":16}},"5":{"start":{"line":14,"column":6},"end":{"line":14,"column":12}},"6":{"start":{"line":18,"column":2},"end":{"line":29,"column":3}},"7":{"start":{"line":20,"column":6},"end":{"line":27,"column":7}},"8":{"start":{"line":22,"column":10},"end":{"line":22,"column":16}},"9":{"start":{"line":23,"column":10},"end":{"line":23,"column":16}},"10":{"start":{"line":25,"column":10},"end":{"line":25,"column":16}},"11":{"start":{"line":26,"column":10},"end":{"line":26,"column":16}},"12":{"start":{"line":28,"column":6},"end":{"line":28,"column":12}},"13":{"start":{"line":32,"column":2},"end":{"line":46,"column":3}},"14":{"start":{"line":34,"column":6},"end":{"line":44,"column":7}},"15":{"start":{"line":36,"column":10},"end":{"line":36,"column":16}},"16":{"start":{"line":37,"column":10},"end":{"line":37,"column":16}},"17":{"start":{"line":39,"column":10},"end":{"line":39,"column":16}},"18":{"start":{"line":40,"column":10},"end":{"line":40,"column":16}},"19":{"start":{"line":42,"column":10},"end":{"line":42,"column":16}},"20":{"start":{"line":43,"column":10},"end":{"line":43,"column":16}},"21":{"start":{"line":45,"column":6},"end":{"line":45,"column":12}}},"fnMap":{"0":{"name":"(anonymous_0)","decl":{"start":{"line":1,"column":15},"end":{"line":1,"column":16}},"loc":{"start":{"line":1,"column":26},"end":{"line":47,"column":1}},"line":1}},"branchMap":{"0":{"loc":{"start":{"line":7,"column":2},"end":{"line":15,"column":3}},"type":"switch","locations":[{"start":{"line":8,"column":4},"end":{"line":14,"column":12}}],"line":7},"1":{"loc":{"start":{"line":9,"column":6},"end":{"line":13,"column":7}},"type":"switch","locations":[{"start":{"line":10,"column":8},"end":{"line":12,"column":16}}],"line":9},"2":{"loc":{"start":{"line":18,"column":2},"end":{"line":29,"column":3}},"type":"switch","locations":[{"start":{"line":19,"column":4},"end":{"line":28,"column":12}}],"line":18},"3":{"loc":{"start":{"line":20,"column":6},"end":{"line":27,"column":7}},"type":"switch","locations":[{"start":{"line":21,"column":8},"end":{"line":23,"column":16}},{"start":{"line":24,"column":8},"end":{"line":26,"column":16}}],"line":20},"4":{"loc":{"start":{"line":32,"column":2},"end":{"line":46,"column":3}},"type":"switch","locations":[{"start":{"line":33,"column":4},"end":{"line":45,"column":12}}],"line":32},"5":{"loc":{"start":{"line":34,"column":6},"end":{"line":44,"column":7}},"type":"switch","locations":[{"start":{"line":35,"column":8},"end":{"line":37,"column":16}},{"start":{"line":38,"column":8},"end":{"line":40,"column":16}},{"start":{"line":41,"column":8},"end":{"line":43,"column":16}}],"line":34}},"s":{"0":1,"1":1,"2":0,"3":0,"4":0,"5":0,"6":1,"7":0,"8":0,"9":0,"10":0,"11":0,"12":0,"13":1,"14":0,"15":0,"16":0,"17":0,"18":0,"19":0,"20":0,"21":0},"f":{"0":1},"b":{"0":[0],"1":[0],"2":[0],"3":[0,0],"4":[0],"5":[0,0,0]},"_coverageSchema":"332fd63041d2c1bcb487cc26dd0d5f7d97098a6c","hash":"efc5d80cf061d29c863d94ca4af2b62f5fa529a6"}
,"/Users/thara/Desktop/istanbul-report-issue/src/Test/1_Branch/3_Abuse/ConditionalOperator.js": {"path":"/Users/thara/Desktop/istanbul-report-issue/src/Test/1_Branch/3_Abuse/ConditionalOperator.js","statementMap":{"0":{"start":{"line":2,"column":14},"end":{"line":2,"column":34}},"1":{"start":{"line":2,"column":51},"end":{"line":2,"column":74}},"2":{"start":{"line":3,"column":14},"end":{"line":3,"column":34}},"3":{"start":{"line":3,"column":51},"end":{"line":3,"column":74}}},"fnMap":{"0":{"name":"(anonymous_0)","decl":{"start":{"line":1,"column":15},"end":{"line":1,"column":16}},"loc":{"start":{"line":1,"column":26},"end":{"line":4,"column":1}},"line":1}},"branchMap":{"0":{"loc":{"start":{"line":2,"column":14},"end":{"line":2,"column":34}},"type":"cond-expr","locations":[{"start":{"line":2,"column":21},"end":{"line":2,"column":26}},{"start":{"line":2,"column":29},"end":{"line":2,"column":34}}],"line":2},"1":{"loc":{"start":{"line":2,"column":51},"end":{"line":2,"column":74}},"type":"cond-expr","locations":[{"start":{"line":2,"column":58},"end":{"line":2,"column":66}},{"start":{"line":2,"column":69},"end":{"line":2,"column":74}}],"line":2},"2":{"loc":{"start":{"line":3,"column":14},"end":{"line":3,"column":34}},"type":"cond-expr","locations":[{"start":{"line":3,"column":22},"end":{"line":3,"column":26}},{"start":{"line":3,"column":29},"end":{"line":3,"column":34}}],"line":3},"3":{"loc":{"start":{"line":3,"column":51},"end":{"line":3,"column":74}},"type":"cond-expr","locations":[{"start":{"line":3,"column":59},"end":{"line":3,"column":63}},{"start":{"line":3,"column":66},"end":{"line":3,"column":74}}],"line":3}},"s":{"0":1,"1":1,"2":1,"3":1},"f":{"0":1},"b":{"0":[1,0],"1":[1,0],"2":[0,1],"3":[0,1]},"_coverageSchema":"332fd63041d2c1bcb487cc26dd0d5f7d97098a6c","hash":"62e8f45dbc1d111b12ffa266de32c5edab107f78"}
,"/Users/thara/Desktop/istanbul-report-issue/src/Test/1_Branch/3_Abuse/If.js": {"path":"/Users/thara/Desktop/istanbul-report-issue/src/Test/1_Branch/3_Abuse/If.js","statementMap":{"0":{"start":{"line":3,"column":2},"end":{"line":3,"column":23}},"1":{"start":{"line":3,"column":15},"end":{"line":3,"column":21}},"2":{"start":{"line":3,"column":24},"end":{"line":3,"column":45}},"3":{"start":{"line":3,"column":37},"end":{"line":3,"column":43}},"4":{"start":{"line":6,"column":2},"end":{"line":6,"column":39}},"5":{"start":{"line":6,"column":15},"end":{"line":6,"column":21}},"6":{"start":{"line":6,"column":31},"end":{"line":6,"column":37}},"7":{"start":{"line":6,"column":40},"end":{"line":6,"column":77}},"8":{"start":{"line":6,"column":53},"end":{"line":6,"column":59}},"9":{"start":{"line":6,"column":69},"end":{"line":6,"column":75}},"10":{"start":{"line":8,"column":2},"end":{"line":8,"column":38}},"11":{"start":{"line":8,"column":14},"end":{"line":8,"column":20}},"12":{"start":{"line":8,"column":30},"end":{"line":8,"column":36}},"13":{"start":{"line":8,"column":39},"end":{"line":8,"column":75}},"14":{"start":{"line":8,"column":51},"end":{"line":8,"column":57}},"15":{"start":{"line":8,"column":67},"end":{"line":8,"column":73}},"16":{"start":{"line":11,"column":2},"end":{"line":11,"column":50}},"17":{"start":{"line":11,"column":15},"end":{"line":11,"column":21}},"18":{"start":{"line":11,"column":29},"end":{"line":11,"column":50}},"19":{"start":{"line":11,"column":42},"end":{"line":11,"column":48}},"20":{"start":{"line":11,"column":51},"end":{"line":11,"column":99}},"21":{"start":{"line":11,"column":64},"end":{"line":11,"column":70}},"22":{"start":{"line":11,"column":78},"end":{"line":11,"column":99}},"23":{"start":{"line":11,"column":91},"end":{"line":11,"column":97}},"24":{"start":{"line":13,"column":2},"end":{"line":13,"column":49}},"25":{"start":{"line":13,"column":15},"end":{"line":13,"column":21}},"26":{"start":{"line":13,"column":29},"end":{"line":13,"column":49}},"27":{"start":{"line":13,"column":41},"end":{"line":13,"column":47}},"28":{"start":{"line":13,"column":50},"end":{"line":13,"column":97}},"29":{"start":{"line":13,"column":63},"end":{"line":13,"column":69}},"30":{"start":{"line":13,"column":77},"end":{"line":13,"column":97}},"31":{"start":{"line":13,"column":89},"end":{"line":13,"column":95}},"32":{"start":{"line":15,"column":2},"end":{"line":15,"column":49}},"33":{"start":{"line":15,"column":14},"end":{"line":15,"column":20}},"34":{"start":{"line":15,"column":28},"end":{"line":15,"column":49}},"35":{"start":{"line":15,"column":41},"end":{"line":15,"column":47}},"36":{"start":{"line":15,"column":50},"end":{"line":15,"column":97}},"37":{"start":{"line":15,"column":62},"end":{"line":15,"column":68}},"38":{"start":{"line":15,"column":76},"end":{"line":15,"column":97}},"39":{"start":{"line":15,"column":89},"end":{"line":15,"column":95}},"40":{"start":{"line":18,"column":2},"end":{"line":18,"column":66}},"41":{"start":{"line":18,"column":15},"end":{"line":18,"column":21}},"42":{"start":{"line":18,"column":29},"end":{"line":18,"column":66}},"43":{"start":{"line":18,"column":42},"end":{"line":18,"column":48}},"44":{"start":{"line":18,"column":58},"end":{"line":18,"column":64}},"45":{"start":{"line":18,"column":67},"end":{"line":18,"column":131}},"46":{"start":{"line":18,"column":80},"end":{"line":18,"column":86}},"47":{"start":{"line":18,"column":94},"end":{"line":18,"column":131}},"48":{"start":{"line":18,"column":107},"end":{"line":18,"column":113}},"49":{"start":{"line":18,"column":123},"end":{"line":18,"column":129}},"50":{"start":{"line":20,"column":2},"end":{"line":20,"column":65}},"51":{"start":{"line":20,"column":15},"end":{"line":20,"column":21}},"52":{"start":{"line":20,"column":29},"end":{"line":20,"column":65}},"53":{"start":{"line":20,"column":41},"end":{"line":20,"column":47}},"54":{"start":{"line":20,"column":57},"end":{"line":20,"column":63}},"55":{"start":{"line":20,"column":66},"end":{"line":20,"column":129}},"56":{"start":{"line":20,"column":79},"end":{"line":20,"column":85}},"57":{"start":{"line":20,"column":93},"end":{"line":20,"column":129}},"58":{"start":{"line":20,"column":105},"end":{"line":20,"column":111}},"59":{"start":{"line":20,"column":121},"end":{"line":20,"column":127}},"60":{"start":{"line":22,"column":2},"end":{"line":22,"column":65}},"61":{"start":{"line":22,"column":14},"end":{"line":22,"column":20}},"62":{"start":{"line":22,"column":28},"end":{"line":22,"column":65}},"63":{"start":{"line":22,"column":41},"end":{"line":22,"column":47}},"64":{"start":{"line":22,"column":57},"end":{"line":22,"column":63}},"65":{"start":{"line":22,"column":66},"end":{"line":22,"column":129}},"66":{"start":{"line":22,"column":78},"end":{"line":22,"column":84}},"67":{"start":{"line":22,"column":92},"end":{"line":22,"column":129}},"68":{"start":{"line":22,"column":105},"end":{"line":22,"column":111}},"69":{"start":{"line":22,"column":121},"end":{"line":22,"column":127}}},"fnMap":{"0":{"name":"(anonymous_0)","decl":{"start":{"line":1,"column":15},"end":{"line":1,"column":16}},"loc":{"start":{"line":1,"column":26},"end":{"line":23,"column":1}},"line":1}},"branchMap":{"0":{"loc":{"start":{"line":3,"column":2},"end":{"line":3,"column":23}},"type":"if","locations":[{"start":{"line":3,"column":2},"end":{"line":3,"column":23}},{"start":{"line":3,"column":2},"end":{"line":3,"column":23}}],"line":3},"1":{"loc":{"start":{"line":3,"column":24},"end":{"line":3,"column":45}},"type":"if","locations":[{"start":{"line":3,"column":24},"end":{"line":3,"column":45}},{"start":{"line":3,"column":24},"end":{"line":3,"column":45}}],"line":3},"2":{"loc":{"start":{"line":6,"column":2},"end":{"line":6,"column":39}},"type":"if","locations":[{"start":{"line":6,"column":2},"end":{"line":6,"column":39}},{"start":{"line":6,"column":2},"end":{"line":6,"column":39}}],"line":6},"3":{"loc":{"start":{"line":6,"column":40},"end":{"line":6,"column":77}},"type":"if","locations":[{"start":{"line":6,"column":40},"end":{"line":6,"column":77}},{"start":{"line":6,"column":40},"end":{"line":6,"column":77}}],"line":6},"4":{"loc":{"start":{"line":8,"column":2},"end":{"line":8,"column":38}},"type":"if","locations":[{"start":{"line":8,"column":2},"end":{"line":8,"column":38}},{"start":{"line":8,"column":2},"end":{"line":8,"column":38}}],"line":8},"5":{"loc":{"start":{"line":8,"column":39},"end":{"line":8,"column":75}},"type":"if","locations":[{"start":{"line":8,"column":39},"end":{"line":8,"column":75}},{"start":{"line":8,"column":39},"end":{"line":8,"column":75}}],"line":8},"6":{"loc":{"start":{"line":11,"column":2},"end":{"line":11,"column":50}},"type":"if","locations":[{"start":{"line":11,"column":2},"end":{"line":11,"column":50}},{"start":{"line":11,"column":2},"end":{"line":11,"column":50}}],"line":11},"7":{"loc":{"start":{"line":11,"column":29},"end":{"line":11,"column":50}},"type":"if","locations":[{"start":{"line":11,"column":29},"end":{"line":11,"column":50}},{"start":{"line":11,"column":29},"end":{"line":11,"column":50}}],"line":11},"8":{"loc":{"start":{"line":11,"column":51},"end":{"line":11,"column":99}},"type":"if","locations":[{"start":{"line":11,"column":51},"end":{"line":11,"column":99}},{"start":{"line":11,"column":51},"end":{"line":11,"column":99}}],"line":11},"9":{"loc":{"start":{"line":11,"column":78},"end":{"line":11,"column":99}},"type":"if","locations":[{"start":{"line":11,"column":78},"end":{"line":11,"column":99}},{"start":{"line":11,"column":78},"end":{"line":11,"column":99}}],"line":11},"10":{"loc":{"start":{"line":13,"column":2},"end":{"line":13,"column":49}},"type":"if","locations":[{"start":{"line":13,"column":2},"end":{"line":13,"column":49}},{"start":{"line":13,"column":2},"end":{"line":13,"column":49}}],"line":13},"11":{"loc":{"start":{"line":13,"column":29},"end":{"line":13,"column":49}},"type":"if","locations":[{"start":{"line":13,"column":29},"end":{"line":13,"column":49}},{"start":{"line":13,"column":29},"end":{"line":13,"column":49}}],"line":13},"12":{"loc":{"start":{"line":13,"column":50},"end":{"line":13,"column":97}},"type":"if","locations":[{"start":{"line":13,"column":50},"end":{"line":13,"column":97}},{"start":{"line":13,"column":50},"end":{"line":13,"column":97}}],"line":13},"13":{"loc":{"start":{"line":13,"column":77},"end":{"line":13,"column":97}},"type":"if","locations":[{"start":{"line":13,"column":77},"end":{"line":13,"column":97}},{"start":{"line":13,"column":77},"end":{"line":13,"column":97}}],"line":13},"14":{"loc":{"start":{"line":15,"column":2},"end":{"line":15,"column":49}},"type":"if","locations":[{"start":{"line":15,"column":2},"end":{"line":15,"column":49}},{"start":{"line":15,"column":2},"end":{"line":15,"column":49}}],"line":15},"15":{"loc":{"start":{"line":15,"column":28},"end":{"line":15,"column":49}},"type":"if","locations":[{"start":{"line":15,"column":28},"end":{"line":15,"column":49}},{"start":{"line":15,"column":28},"end":{"line":15,"column":49}}],"line":15},"16":{"loc":{"start":{"line":15,"column":50},"end":{"line":15,"column":97}},"type":"if","locations":[{"start":{"line":15,"column":50},"end":{"line":15,"column":97}},{"start":{"line":15,"column":50},"end":{"line":15,"column":97}}],"line":15},"17":{"loc":{"start":{"line":15,"column":76},"end":{"line":15,"column":97}},"type":"if","locations":[{"start":{"line":15,"column":76},"end":{"line":15,"column":97}},{"start":{"line":15,"column":76},"end":{"line":15,"column":97}}],"line":15},"18":{"loc":{"start":{"line":18,"column":2},"end":{"line":18,"column":66}},"type":"if","locations":[{"start":{"line":18,"column":2},"end":{"line":18,"column":66}},{"start":{"line":18,"column":2},"end":{"line":18,"column":66}}],"line":18},"19":{"loc":{"start":{"line":18,"column":29},"end":{"line":18,"column":66}},"type":"if","locations":[{"start":{"line":18,"column":29},"end":{"line":18,"column":66}},{"start":{"line":18,"column":29},"end":{"line":18,"column":66}}],"line":18},"20":{"loc":{"start":{"line":18,"column":67},"end":{"line":18,"column":131}},"type":"if","locations":[{"start":{"line":18,"column":67},"end":{"line":18,"column":131}},{"start":{"line":18,"column":67},"end":{"line":18,"column":131}}],"line":18},"21":{"loc":{"start":{"line":18,"column":94},"end":{"line":18,"column":131}},"type":"if","locations":[{"start":{"line":18,"column":94},"end":{"line":18,"column":131}},{"start":{"line":18,"column":94},"end":{"line":18,"column":131}}],"line":18},"22":{"loc":{"start":{"line":20,"column":2},"end":{"line":20,"column":65}},"type":"if","locations":[{"start":{"line":20,"column":2},"end":{"line":20,"column":65}},{"start":{"line":20,"column":2},"end":{"line":20,"column":65}}],"line":20},"23":{"loc":{"start":{"line":20,"column":29},"end":{"line":20,"column":65}},"type":"if","locations":[{"start":{"line":20,"column":29},"end":{"line":20,"column":65}},{"start":{"line":20,"column":29},"end":{"line":20,"column":65}}],"line":20},"24":{"loc":{"start":{"line":20,"column":66},"end":{"line":20,"column":129}},"type":"if","locations":[{"start":{"line":20,"column":66},"end":{"line":20,"column":129}},{"start":{"line":20,"column":66},"end":{"line":20,"column":129}}],"line":20},"25":{"loc":{"start":{"line":20,"column":93},"end":{"line":20,"column":129}},"type":"if","locations":[{"start":{"line":20,"column":93},"end":{"line":20,"column":129}},{"start":{"line":20,"column":93},"end":{"line":20,"column":129}}],"line":20},"26":{"loc":{"start":{"line":22,"column":2},"end":{"line":22,"column":65}},"type":"if","locations":[{"start":{"line":22,"column":2},"end":{"line":22,"column":65}},{"start":{"line":22,"column":2},"end":{"line":22,"column":65}}],"line":22},"27":{"loc":{"start":{"line":22,"column":28},"end":{"line":22,"column":65}},"type":"if","locations":[{"start":{"line":22,"column":28},"end":{"line":22,"column":65}},{"start":{"line":22,"column":28},"end":{"line":22,"column":65}}],"line":22},"28":{"loc":{"start":{"line":22,"column":66},"end":{"line":22,"column":129}},"type":"if","locations":[{"start":{"line":22,"column":66},"end":{"line":22,"column":129}},{"start":{"line":22,"column":66},"end":{"line":22,"column":129}}],"line":22},"29":{"loc":{"start":{"line":22,"column":92},"end":{"line":22,"column":129}},"type":"if","locations":[{"start":{"line":22,"column":92},"end":{"line":22,"column":129}},{"start":{"line":22,"column":92},"end":{"line":22,"column":129}}],"line":22}},"s":{"0":1,"1":0,"2":1,"3":0,"4":1,"5":0,"6":1,"7":1,"8":0,"9":1,"10":1,"11":1,"12":0,"13":1,"14":1,"15":0,"16":1,"17":0,"18":1,"19":0,"20":1,"21":0,"22":1,"23":0,"24":1,"25":0,"26":1,"27":1,"28":1,"29":0,"30":1,"31":1,"32":1,"33":1,"34":0,"35":0,"36":1,"37":1,"38":0,"39":0,"40":1,"41":0,"42":1,"43":0,"44":1,"45":1,"46":0,"47":1,"48":0,"49":1,"50":1,"51":0,"52":1,"53":1,"54":0,"55":1,"56":0,"57":1,"58":1,"59":0,"60":1,"61":1,"62":0,"63":0,"64":0,"65":1,"66":1,"67":0,"68":0,"69":0},"f":{"0":1},"b":{"0":[0,1],"1":[0,1],"2":[0,1],"3":[0,1],"4":[1,0],"5":[1,0],"6":[0,1],"7":[0,1],"8":[0,1],"9":[0,1],"10":[0,1],"11":[1,0],"12":[0,1],"13":[1,0],"14":[1,0],"15":[0,0],"16":[1,0],"17":[0,0],"18":[0,1],"19":[0,1],"20":[0,1],"21":[0,1],"22":[0,1],"23":[1,0],"24":[0,1],"25":[1,0],"26":[1,0],"27":[0,0],"28":[1,0],"29":[0,0]},"_coverageSchema":"332fd63041d2c1bcb487cc26dd0d5f7d97098a6c","hash":"18d72bea00ba5c0d71f0006f4e3f591302080ff6"}
,"/Users/thara/Desktop/istanbul-report-issue/src/Test/1_Branch/3_Abuse/ShortCircuitEvaluation.js": {"path":"/Users/thara/Desktop/istanbul-report-issue/src/Test/1_Branch/3_Abuse/ShortCircuitEvaluation.js","statementMap":{"0":{"start":{"line":2,"column":14},"end":{"line":2,"column":28}},"1":{"start":{"line":2,"column":45},"end":{"line":2,"column":62}}},"fnMap":{"0":{"name":"(anonymous_0)","decl":{"start":{"line":1,"column":15},"end":{"line":1,"column":16}},"loc":{"start":{"line":1,"column":26},"end":{"line":3,"column":1}},"line":1}},"branchMap":{"0":{"loc":{"start":{"line":2,"column":14},"end":{"line":2,"column":28}},"type":"binary-expr","locations":[{"start":{"line":2,"column":14},"end":{"line":2,"column":19}},{"start":{"line":2,"column":23},"end":{"line":2,"column":28}}],"line":2},"1":{"loc":{"start":{"line":2,"column":45},"end":{"line":2,"column":62}},"type":"binary-expr","locations":[{"start":{"line":2,"column":45},"end":{"line":2,"column":53}},{"start":{"line":2,"column":57},"end":{"line":2,"column":62}}],"line":2}},"s":{"0":1,"1":1},"f":{"0":1},"b":{"0":[1,0],"1":[1,0]},"_coverageSchema":"332fd63041d2c1bcb487cc26dd0d5f7d97098a6c","hash":"1349b9a14dfc2bb16f0c71f08c7cd699b2b25620"}
,"/Users/thara/Desktop/istanbul-report-issue/src/Test/1_Branch/3_Abuse/Switch.js": {"path":"/Users/thara/Desktop/istanbul-report-issue/src/Test/1_Branch/3_Abuse/Switch.js","statementMap":{"0":{"start":{"line":2,"column":14},"end":{"line":4,"column":3}},"1":{"start":{"line":7,"column":2},"end":{"line":7,"column":47}},"2":{"start":{"line":7,"column":32},"end":{"line":7,"column":38}},"3":{"start":{"line":7,"column":39},"end":{"line":7,"column":45}},"4":{"start":{"line":7,"column":48},"end":{"line":7,"column":93}},"5":{"start":{"line":7,"column":78},"end":{"line":7,"column":84}},"6":{"start":{"line":7,"column":85},"end":{"line":7,"column":91}},"7":{"start":{"line":10,"column":2},"end":{"line":10,"column":70}},"8":{"start":{"line":10,"column":32},"end":{"line":10,"column":38}},"9":{"start":{"line":10,"column":39},"end":{"line":10,"column":45}},"10":{"start":{"line":10,"column":55},"end":{"line":10,"column":61}},"11":{"start":{"line":10,"column":62},"end":{"line":10,"column":68}},"12":{"start":{"line":10,"column":71},"end":{"line":10,"column":139}},"13":{"start":{"line":10,"column":101},"end":{"line":10,"column":107}},"14":{"start":{"line":10,"column":108},"end":{"line":10,"column":114}},"15":{"start":{"line":10,"column":124},"end":{"line":10,"column":130}},"16":{"start":{"line":10,"column":131},"end":{"line":10,"column":137}},"17":{"start":{"line":13,"column":2},"end":{"line":13,"column":109}},"18":{"start":{"line":13,"column":32},"end":{"line":13,"column":38}},"19":{"start":{"line":13,"column":39},"end":{"line":13,"column":45}},"20":{"start":{"line":13,"column":71},"end":{"line":13,"column":77}},"21":{"start":{"line":13,"column":78},"end":{"line":13,"column":84}},"22":{"start":{"line":13,"column":94},"end":{"line":13,"column":100}},"23":{"start":{"line":13,"column":101},"end":{"line":13,"column":107}},"24":{"start":{"line":13,"column":110},"end":{"line":13,"column":217}},"25":{"start":{"line":13,"column":140},"end":{"line":13,"column":146}},"26":{"start":{"line":13,"column":147},"end":{"line":13,"column":153}},"27":{"start":{"line":13,"column":179},"end":{"line":13,"column":185}},"28":{"start":{"line":13,"column":186},"end":{"line":13,"column":192}},"29":{"start":{"line":13,"column":202},"end":{"line":13,"column":208}},"30":{"start":{"line":13,"column":209},"end":{"line":13,"column":215}}},"fnMap":{"0":{"name":"(anonymous_0)","decl":{"start":{"line":1,"column":15},"end":{"line":1,"column":16}},"loc":{"start":{"line":1,"column":26},"end":{"line":14,"column":1}},"line":1}},"branchMap":{"0":{"loc":{"start":{"line":7,"column":2},"end":{"line":7,"column":47}},"type":"switch","locations":[{"start":{"line":7,"column":20},"end":{"line":7,"column":45}}],"line":7},"1":{"loc":{"start":{"line":7,"column":48},"end":{"line":7,"column":93}},"type":"switch","locations":[{"start":{"line":7,"column":66},"end":{"line":7,"column":91}}],"line":7},"2":{"loc":{"start":{"line":10,"column":2},"end":{"line":10,"column":70}},"type":"switch","locations":[{"start":{"line":10,"column":20},"end":{"line":10,"column":45}},{"start":{"line":10,"column":46},"end":{"line":10,"column":68}}],"line":10},"3":{"loc":{"start":{"line":10,"column":71},"end":{"line":10,"column":139}},"type":"switch","locations":[{"start":{"line":10,"column":89},"end":{"line":10,"column":114}},{"start":{"line":10,"column":115},"end":{"line":10,"column":137}}],"line":10},"4":{"loc":{"start":{"line":13,"column":2},"end":{"line":13,"column":109}},"type":"switch","locations":[{"start":{"line":13,"column":20},"end":{"line":13,"column":45}},{"start":{"line":13,"column":46},"end":{"line":13,"column":84}},{"start":{"line":13,"column":85},"end":{"line":13,"column":107}}],"line":13},"5":{"loc":{"start":{"line":13,"column":110},"end":{"line":13,"column":217}},"type":"switch","locations":[{"start":{"line":13,"column":128},"end":{"line":13,"column":153}},{"start":{"line":13,"column":154},"end":{"line":13,"column":192}},{"start":{"line":13,"column":193},"end":{"line":13,"column":215}}],"line":13}},"s":{"0":1,"1":1,"2":0,"3":0,"4":1,"5":0,"6":0,"7":1,"8":1,"9":1,"10":0,"11":0,"12":1,"13":1,"14":1,"15":0,"16":0,"17":1,"18":1,"19":1,"20":0,"21":0,"22":0,"23":0,"24":1,"25":1,"26":1,"27":0,"28":0,"29":0,"30":0},"f":{"0":1},"b":{"0":[0],"1":[0],"2":[1,0],"3":[1,0],"4":[1,0,0],"5":[1,0,0]},"_coverageSchema":"332fd63041d2c1bcb487cc26dd0d5f7d97098a6c","hash":"7be896befb29eb9cbfde74558c34b4faa99d5634"}
,"/Users/thara/Desktop/istanbul-report-issue/src/Test/2_Function/0_Normal/ArrowFunction.js": {"path":"/Users/thara/Desktop/istanbul-report-issue/src/Test/2_Function/0_Normal/ArrowFunction.js","statementMap":{"0":{"start":{"line":2,"column":25},"end":{"line":2,"column":48}},"1":{"start":{"line":2,"column":33},"end":{"line":2,"column":46}},"2":{"start":{"line":3,"column":25},"end":{"line":5,"column":3}},"3":{"start":{"line":4,"column":4},"end":{"line":4,"column":17}},"4":{"start":{"line":6,"column":25},"end":{"line":6,"column":36}},"5":{"start":{"line":6,"column":31},"end":{"line":6,"column":36}},"6":{"start":{"line":7,"column":25},"end":{"line":7,"column":47}},"7":{"start":{"line":7,"column":32},"end":{"line":7,"column":46}},"8":{"start":{"line":8,"column":25},"end":{"line":10,"column":4}},"9":{"start":{"line":8,"column":32},"end":{"line":10,"column":3}},"10":{"start":{"line":12,"column":26},"end":{"line":12,"column":57}},"11":{"start":{"line":12,"column":42},"end":{"line":12,"column":55}},"12":{"start":{"line":13,"column":26},"end":{"line":15,"column":3}},"13":{"start":{"line":14,"column":4},"end":{"line":14,"column":17}},"14":{"start":{"line":16,"column":26},"end":{"line":16,"column":45}},"15":{"start":{"line":16,"column":40},"end":{"line":16,"column":45}},"16":{"start":{"line":17,"column":26},"end":{"line":17,"column":56}},"17":{"start":{"line":17,"column":41},"end":{"line":17,"column":55}},"18":{"start":{"line":18,"column":26},"end":{"line":20,"column":4}},"19":{"start":{"line":18,"column":41},"end":{"line":20,"column":3}},"20":{"start":{"line":22,"column":26},"end":{"line":22,"column":50}},"21":{"start":{"line":22,"column":35},"end":{"line":22,"column":48}},"22":{"start":{"line":23,"column":26},"end":{"line":25,"column":3}},"23":{"start":{"line":24,"column":4},"end":{"line":24,"column":17}},"24":{"start":{"line":26,"column":26},"end":{"line":26,"column":38}},"25":{"start":{"line":26,"column":33},"end":{"line":26,"column":38}},"26":{"start":{"line":27,"column":26},"end":{"line":27,"column":49}},"27":{"start":{"line":27,"column":34},"end":{"line":27,"column":48}},"28":{"start":{"line":28,"column":26},"end":{"line":30,"column":4}},"29":{"start":{"line":28,"column":34},"end":{"line":30,"column":3}},"30":{"start":{"line":32,"column":26},"end":{"line":32,"column":57}},"31":{"start":{"line":32,"column":42},"end":{"line":32,"column":55}},"32":{"start":{"line":33,"column":26},"end":{"line":35,"column":3}},"33":{"start":{"line":34,"column":4},"end":{"line":34,"column":17}},"34":{"start":{"line":36,"column":26},"end":{"line":36,"column":45}},"35":{"start":{"line":36,"column":40},"end":{"line":36,"column":45}},"36":{"start":{"line":37,"column":26},"end":{"line":37,"column":56}},"37":{"start":{"line":37,"column":41},"end":{"line":37,"column":55}},"38":{"start":{"line":38,"column":26},"end":{"line":40,"column":4}},"39":{"start":{"line":38,"column":41},"end":{"line":40,"column":3}},"40":{"start":{"line":42,"column":26},"end":{"line":42,"column":49}},"41":{"start":{"line":42,"column":34},"end":{"line":42,"column":47}},"42":{"start":{"line":43,"column":26},"end":{"line":45,"column":3}},"43":{"start":{"line":44,"column":4},"end":{"line":44,"column":17}},"44":{"start":{"line":46,"column":26},"end":{"line":46,"column":37}},"45":{"start":{"line":46,"column":32},"end":{"line":46,"column":37}},"46":{"start":{"line":47,"column":26},"end":{"line":47,"column":48}},"47":{"start":{"line":47,"column":33},"end":{"line":47,"column":47}},"48":{"start":{"line":48,"column":26},"end":{"line":50,"column":4}},"49":{"start":{"line":48,"column":33},"end":{"line":50,"column":3}},"50":{"start":{"line":52,"column":26},"end":{"line":52,"column":57}},"51":{"start":{"line":52,"column":42},"end":{"line":52,"column":55}},"52":{"start":{"line":53,"column":26},"end":{"line":55,"column":3}},"53":{"start":{"line":54,"column":4},"end":{"line":54,"column":17}},"54":{"start":{"line":56,"column":26},"end":{"line":56,"column":45}},"55":{"start":{"line":56,"column":40},"end":{"line":56,"column":45}},"56":{"start":{"line":57,"column":26},"end":{"line":57,"column":56}},"57":{"start":{"line":57,"column":41},"end":{"line":57,"column":55}},"58":{"start":{"line":58,"column":26},"end":{"line":60,"column":4}},"59":{"start":{"line":58,"column":41},"end":{"line":60,"column":3}},"60":{"start":{"line":62,"column":26},"end":{"line":62,"column":71}},"61":{"start":{"line":62,"column":56},"end":{"line":62,"column":69}},"62":{"start":{"line":63,"column":26},"end":{"line":65,"column":3}},"63":{"start":{"line":64,"column":4},"end":{"line":64,"column":17}},"64":{"start":{"line":66,"column":26},"end":{"line":66,"column":59}},"65":{"start":{"line":66,"column":54},"end":{"line":66,"column":59}},"66":{"start":{"line":67,"column":26},"end":{"line":67,"column":70}},"67":{"start":{"line":67,"column":55},"end":{"line":67,"column":69}},"68":{"start":{"line":68,"column":26},"end":{"line":70,"column":4}},"69":{"start":{"line":68,"column":55},"end":{"line":70,"column":3}}},"fnMap":{"0":{"name":"(anonymous_0)","decl":{"start":{"line":1,"column":15},"end":{"line":1,"column":16}},"loc":{"start":{"line":1,"column":26},"end":{"line":71,"column":1}},"line":1},"1":{"name":"(anonymous_1)","decl":{"start":{"line":2,"column":25},"end":{"line":2,"column":26}},"loc":{"start":{"line":2,"column":31},"end":{"line":2,"column":48}},"line":2},"2":{"name":"(anonymous_2)","decl":{"start":{"line":3,"column":25},"end":{"line":3,"column":26}},"loc":{"start":{"line":3,"column":31},"end":{"line":5,"column":3}},"line":3},"3":{"name":"(anonymous_3)","decl":{"start":{"line":6,"column":25},"end":{"line":6,"column":26}},"loc":{"start":{"line":6,"column":31},"end":{"line":6,"column":36}},"line":6},"4":{"name":"(anonymous_4)","decl":{"start":{"line":7,"column":25},"end":{"line":7,"column":26}},"loc":{"start":{"line":7,"column":32},"end":{"line":7,"column":46}},"line":7},"5":{"name":"(anonymous_5)","decl":{"start":{"line":8,"column":25},"end":{"line":8,"column":26}},"loc":{"start":{"line":8,"column":32},"end":{"line":10,"column":3}},"line":8},"6":{"name":"(anonymous_6)","decl":{"start":{"line":12,"column":26},"end":{"line":12,"column":27}},"loc":{"start":{"line":12,"column":40},"end":{"line":12,"column":57}},"line":12},"7":{"name":"(anonymous_7)","decl":{"start":{"line":13,"column":26},"end":{"line":13,"column":27}},"loc":{"start":{"line":13,"column":40},"end":{"line":15,"column":3}},"line":13},"8":{"name":"(anonymous_8)","decl":{"start":{"line":16,"column":26},"end":{"line":16,"column":27}},"loc":{"start":{"line":16,"column":40},"end":{"line":16,"column":45}},"line":16},"9":{"name":"(anonymous_9)","decl":{"start":{"line":17,"column":26},"end":{"line":17,"column":27}},"loc":{"start":{"line":17,"column":41},"end":{"line":17,"column":55}},"line":17},"10":{"name":"(anonymous_10)","decl":{"start":{"line":18,"column":26},"end":{"line":18,"column":27}},"loc":{"start":{"line":18,"column":41},"end":{"line":20,"column":3}},"line":18},"11":{"name":"(anonymous_11)","decl":{"start":{"line":22,"column":26},"end":{"line":22,"column":27}},"loc":{"start":{"line":22,"column":33},"end":{"line":22,"column":50}},"line":22},"12":{"name":"(anonymous_12)","decl":{"start":{"line":23,"column":26},"end":{"line":23,"column":27}},"loc":{"start":{"line":23,"column":33},"end":{"line":25,"column":3}},"line":23},"13":{"name":"(anonymous_13)","decl":{"start":{"line":26,"column":26},"end":{"line":26,"column":27}},"loc":{"start":{"line":26,"column":33},"end":{"line":26,"column":38}},"line":26},"14":{"name":"(anonymous_14)","decl":{"start":{"line":27,"column":26},"end":{"line":27,"column":27}},"loc":{"start":{"line":27,"column":34},"end":{"line":27,"column":48}},"line":27},"15":{"name":"(anonymous_15)","decl":{"start":{"line":28,"column":26},"end":{"line":28,"column":27}},"loc":{"start":{"line":28,"column":34},"end":{"line":30,"column":3}},"line":28},"16":{"name":"(anonymous_16)","decl":{"start":{"line":32,"column":26},"end":{"line":32,"column":27}},"loc":{"start":{"line":32,"column":40},"end":{"line":32,"column":57}},"line":32},"17":{"name":"(anonymous_17)","decl":{"start":{"line":33,"column":26},"end":{"line":33,"column":27}},"loc":{"start":{"line":33,"column":40},"end":{"line":35,"column":3}},"line":33},"18":{"name":"(anonymous_18)","decl":{"start":{"line":36,"column":26},"end":{"line":36,"column":27}},"loc":{"start":{"line":36,"column":40},"end":{"line":36,"column":45}},"line":36},"19":{"name":"(anonymous_19)","decl":{"start":{"line":37,"column":26},"end":{"line":37,"column":27}},"loc":{"start":{"line":37,"column":41},"end":{"line":37,"column":55}},"line":37},"20":{"name":"(anonymous_20)","decl":{"start":{"line":38,"column":26},"end":{"line":38,"column":27}},"loc":{"start":{"line":38,"column":41},"end":{"line":40,"column":3}},"line":38},"21":{"name":"(anonymous_21)","decl":{"start":{"line":42,"column":26},"end":{"line":42,"column":27}},"loc":{"start":{"line":42,"column":32},"end":{"line":42,"column":49}},"line":42},"22":{"name":"(anonymous_22)","decl":{"start":{"line":43,"column":26},"end":{"line":43,"column":27}},"loc":{"start":{"line":43,"column":32},"end":{"line":45,"column":3}},"line":43},"23":{"name":"(anonymous_23)","decl":{"start":{"line":46,"column":26},"end":{"line":46,"column":27}},"loc":{"start":{"line":46,"column":32},"end":{"line":46,"column":37}},"line":46},"24":{"name":"(anonymous_24)","decl":{"start":{"line":47,"column":26},"end":{"line":47,"column":27}},"loc":{"start":{"line":47,"column":33},"end":{"line":47,"column":47}},"line":47},"25":{"name":"(anonymous_25)","decl":{"start":{"line":48,"column":26},"end":{"line":48,"column":27}},"loc":{"start":{"line":48,"column":33},"end":{"line":50,"column":3}},"line":48},"26":{"name":"(anonymous_26)","decl":{"start":{"line":52,"column":26},"end":{"line":52,"column":27}},"loc":{"start":{"line":52,"column":40},"end":{"line":52,"column":57}},"line":52},"27":{"name":"(anonymous_27)","decl":{"start":{"line":53,"column":26},"end":{"line":53,"column":27}},"loc":{"start":{"line":53,"column":40},"end":{"line":55,"column":3}},"line":53},"28":{"name":"(anonymous_28)","decl":{"start":{"line":56,"column":26},"end":{"line":56,"column":27}},"loc":{"start":{"line":56,"column":40},"end":{"line":56,"column":45}},"line":56},"29":{"name":"(anonymous_29)","decl":{"start":{"line":57,"column":26},"end":{"line":57,"column":27}},"loc":{"start":{"line":57,"column":41},"end":{"line":57,"column":55}},"line":57},"30":{"name":"(anonymous_30)","decl":{"start":{"line":58,"column":26},"end":{"line":58,"column":27}},"loc":{"start":{"line":58,"column":41},"end":{"line":60,"column":3}},"line":58},"31":{"name":"(anonymous_31)","decl":{"start":{"line":62,"column":26},"end":{"line":62,"column":27}},"loc":{"start":{"line":62,"column":54},"end":{"line":62,"column":71}},"line":62},"32":{"name":"(anonymous_32)","decl":{"start":{"line":63,"column":26},"end":{"line":63,"column":27}},"loc":{"start":{"line":63,"column":54},"end":{"line":65,"column":3}},"line":63},"33":{"name":"(anonymous_33)","decl":{"start":{"line":66,"column":26},"end":{"line":66,"column":27}},"loc":{"start":{"line":66,"column":54},"end":{"line":66,"column":59}},"line":66},"34":{"name":"(anonymous_34)","decl":{"start":{"line":67,"column":26},"end":{"line":67,"column":27}},"loc":{"start":{"line":67,"column":55},"end":{"line":67,"column":69}},"line":67},"35":{"name":"(anonymous_35)","decl":{"start":{"line":68,"column":26},"end":{"line":68,"column":27}},"loc":{"start":{"line":68,"column":55},"end":{"line":70,"column":3}},"line":68}},"branchMap":{"0":{"loc":{"start":{"line":62,"column":27},"end":{"line":62,"column":37}},"type":"default-arg","locations":[{"start":{"line":62,"column":33},"end":{"line":62,"column":37}}],"line":62},"1":{"loc":{"start":{"line":62,"column":39},"end":{"line":62,"column":49}},"type":"default-arg","locations":[{"start":{"line":62,"column":45},"end":{"line":62,"column":49}}],"line":62},"2":{"loc":{"start":{"line":63,"column":27},"end":{"line":63,"column":37}},"type":"default-arg","locations":[{"start":{"line":63,"column":33},"end":{"line":63,"column":37}}],"line":63},"3":{"loc":{"start":{"line":63,"column":39},"end":{"line":63,"column":49}},"type":"default-arg","locations":[{"start":{"line":63,"column":45},"end":{"line":63,"column":49}}],"line":63},"4":{"loc":{"start":{"line":66,"column":27},"end":{"line":66,"column":37}},"type":"default-arg","locations":[{"start":{"line":66,"column":33},"end":{"line":66,"column":37}}],"line":66},"5":{"loc":{"start":{"line":66,"column":39},"end":{"line":66,"column":49}},"type":"default-arg","locations":[{"start":{"line":66,"column":45},"end":{"line":66,"column":49}}],"line":66},"6":{"loc":{"start":{"line":67,"column":27},"end":{"line":67,"column":37}},"type":"default-arg","locations":[{"start":{"line":67,"column":33},"end":{"line":67,"column":37}}],"line":67},"7":{"loc":{"start":{"line":67,"column":39},"end":{"line":67,"column":49}},"type":"default-arg","locations":[{"start":{"line":67,"column":45},"end":{"line":67,"column":49}}],"line":67},"8":{"loc":{"start":{"line":68,"column":27},"end":{"line":68,"column":37}},"type":"default-arg","locations":[{"start":{"line":68,"column":33},"end":{"line":68,"column":37}}],"line":68},"9":{"loc":{"start":{"line":68,"column":39},"end":{"line":68,"column":49}},"type":"default-arg","locations":[{"start":{"line":68,"column":45},"end":{"line":68,"column":49}}],"line":68}},"s":{"0":1,"1":0,"2":1,"3":0,"4":1,"5":0,"6":1,"7":0,"8":1,"9":0,"10":1,"11":0,"12":1,"13":0,"14":1,"15":0,"16":1,"17":0,"18":1,"19":0,"20":1,"21":0,"22":1,"23":0,"24":1,"25":0,"26":1,"27":0,"28":1,"29":0,"30":1,"31":0,"32":1,"33":0,"34":1,"35":0,"36":1,"37":0,"38":1,"39":0,"40":1,"41":0,"42":1,"43":0,"44":1,"45":0,"46":1,"47":0,"48":1,"49":0,"50":1,"51":0,"52":1,"53":0,"54":1,"55":0,"56":1,"57":0,"58":1,"59":0,"60":1,"61":0,"62":1,"63":0,"64":1,"65":0,"66":1,"67":0,"68":1,"69":0},"f":{"0":1,"1":0,"2":0,"3":0,"4":0,"5":0,"6":0,"7":0,"8":0,"9":0,"10":0,"11":0,"12":0,"13":0,"14":0,"15":0,"16":0,"17":0,"18":0,"19":0,"20":0,"21":0,"22":0,"23":0,"24":0,"25":0,"26":0,"27":0,"28":0,"29":0,"30":0,"31":0,"32":0,"33":0,"34":0,"35":0},"b":{"0":[0],"1":[0],"2":[0],"3":[0],"4":[0],"5":[0],"6":[0],"7":[0],"8":[0],"9":[0]},"_coverageSchema":"332fd63041d2c1bcb487cc26dd0d5f7d97098a6c","hash":"84bc7ad00a959fe0ba7dd07c85013c38cacb6113"}
,"/Users/thara/Desktop/istanbul-report-issue/src/Test/2_Function/0_Normal/ClassMethod.js": {"path":"/Users/thara/Desktop/istanbul-report-issue/src/Test/2_Function/0_Normal/ClassMethod.js","statementMap":{"0":{"start":{"line":2,"column":19},"end":{"line":2,"column":32}},"1":{"start":{"line":4,"column":4},"end":{"line":4,"column":17}},"2":{"start":{"line":7,"column":28},"end":{"line":7,"column":41}},"3":{"start":{"line":9,"column":4},"end":{"line":9,"column":17}},"4":{"start":{"line":12,"column":28},"end":{"line":12,"column":41}},"5":{"start":{"line":14,"column":4},"end":{"line":14,"column":17}},"6":{"start":{"line":17,"column":20},"end":{"line":17,"column":33}},"7":{"start":{"line":19,"column":4},"end":{"line":19,"column":17}},"8":{"start":{"line":22,"column":28},"end":{"line":22,"column":41}},"9":{"start":{"line":24,"column":4},"end":{"line":24,"column":17}},"10":{"start":{"line":27,"column":42},"end":{"line":27,"column":55}},"11":{"start":{"line":29,"column":4},"end":{"line":29,"column":17}}},"fnMap":{"0":{"name":"(anonymous_0)","decl":{"start":{"line":2,"column":2},"end":{"line":2,"column":3}},"loc":{"start":{"line":2,"column":17},"end":{"line":2,"column":34}},"line":2},"1":{"name":"(anonymous_1)","decl":{"start":{"line":3,"column":2},"end":{"line":3,"column":3}},"loc":{"start":{"line":3,"column":17},"end":{"line":5,"column":3}},"line":3},"2":{"name":"(anonymous_2)","decl":{"start":{"line":7,"column":2},"end":{"line":7,"column":3}},"loc":{"start":{"line":7,"column":26},"end":{"line":7,"column":43}},"line":7},"3":{"name":"(anonymous_3)","decl":{"start":{"line":8,"column":2},"end":{"line":8,"column":3}},"loc":{"start":{"line":8,"column":26},"end":{"line":10,"column":3}},"line":8},"4":{"name":"(anonymous_4)","decl":{"start":{"line":12,"column":2},"end":{"line":12,"column":3}},"loc":{"start":{"line":12,"column":26},"end":{"line":12,"column":43}},"line":12},"5":{"name":"(anonymous_5)","decl":{"start":{"line":13,"column":2},"end":{"line":13,"column":3}},"loc":{"start":{"line":13,"column":26},"end":{"line":15,"column":3}},"line":13},"6":{"name":"(anonymous_6)","decl":{"start":{"line":17,"column":2},"end":{"line":17,"column":3}},"loc":{"start":{"line":17,"column":18},"end":{"line":17,"column":35}},"line":17},"7":{"name":"(anonymous_7)","decl":{"start":{"line":18,"column":2},"end":{"line":18,"column":3}},"loc":{"start":{"line":18,"column":18},"end":{"line":20,"column":3}},"line":18},"8":{"name":"(anonymous_8)","decl":{"start":{"line":22,"column":2},"end":{"line":22,"column":3}},"loc":{"start":{"line":22,"column":26},"end":{"line":22,"column":43}},"line":22},"9":{"name":"(anonymous_9)","decl":{"start":{"line":23,"column":2},"end":{"line":23,"column":3}},"loc":{"start":{"line":23,"column":26},"end":{"line":25,"column":3}},"line":23},"10":{"name":"(anonymous_10)","decl":{"start":{"line":27,"column":2},"end":{"line":27,"column":3}},"loc":{"start":{"line":27,"column":40},"end":{"line":27,"column":57}},"line":27},"11":{"name":"(anonymous_11)","decl":{"start":{"line":28,"column":2},"end":{"line":28,"column":3}},"loc":{"start":{"line":28,"column":40},"end":{"line":30,"column":3}},"line":28},"12":{"name":"(anonymous_12)","decl":{"start":{"line":32,"column":15},"end":{"line":32,"column":16}},"loc":{"start":{"line":32,"column":26},"end":{"line":34,"column":1}},"line":32}},"branchMap":{"0":{"loc":{"start":{"line":27,"column":16},"end":{"line":27,"column":26}},"type":"default-arg","locations":[{"start":{"line":27,"column":22},"end":{"line":27,"column":26}}],"line":27},"1":{"loc":{"start":{"line":27,"column":28},"end":{"line":27,"column":38}},"type":"default-arg","locations":[{"start":{"line":27,"column":34},"end":{"line":27,"column":38}}],"line":27},"2":{"loc":{"start":{"line":28,"column":16},"end":{"line":28,"column":26}},"type":"default-arg","locations":[{"start":{"line":28,"column":22},"end":{"line":28,"column":26}}],"line":28},"3":{"loc":{"start":{"line":28,"column":28},"end":{"line":28,"column":38}},"type":"default-arg","locations":[{"start":{"line":28,"column":34},"end":{"line":28,"column":38}}],"line":28}},"s":{"0":0,"1":0,"2":0,"3":0,"4":0,"5":0,"6":0,"7":0,"8":0,"9":0,"10":0,"11":0},"f":{"0":0,"1":0,"2":0,"3":0,"4":0,"5":0,"6":0,"7":0,"8":0,"9":0,"10":0,"11":0,"12":1},"b":{"0":[0],"1":[0],"2":[0],"3":[0]},"_coverageSchema":"332fd63041d2c1bcb487cc26dd0d5f7d97098a6c","hash":"58a247027fa40616a86ea1359e47fd6772b283d2"}
[...]
mn":68}},"1":{"start":{"line":3,"column":53},"end":{"line":3,"column":66}},"2":{"start":{"line":3,"column":108},"end":{"line":3,"column":136}},"3":{"start":{"line":3,"column":121},"end":{"line":3,"column":134}},"4":{"start":{"line":4,"column":40},"end":{"line":6,"column":3}},"5":{"start":{"line":5,"column":4},"end":{"line":5,"column":17}},"6":{"start":{"line":6,"column":43},"end":{"line":8,"column":3}},"7":{"start":{"line":7,"column":4},"end":{"line":7,"column":17}},"8":{"start":{"line":10,"column":41},"end":{"line":10,"column":77}},"9":{"start":{"line":10,"column":62},"end":{"line":10,"column":75}},"10":{"start":{"line":10,"column":118},"end":{"line":10,"column":154}},"11":{"start":{"line":10,"column":139},"end":{"line":10,"column":152}},"12":{"start":{"line":11,"column":41},"end":{"line":13,"column":3}},"13":{"start":{"line":12,"column":4},"end":{"line":12,"column":17}},"14":{"start":{"line":13,"column":44},"end":{"line":15,"column":3}},"15":{"start":{"line":14,"column":4},"end":{"line":14,"column":17}},"16":{"start":{"line":17,"column":41},"end":{"line":17,"column":77}},"17":{"start":{"line":17,"column":62},"end":{"line":17,"column":75}},"18":{"start":{"line":17,"column":118},"end":{"line":17,"column":154}},"19":{"start":{"line":17,"column":139},"end":{"line":17,"column":152}},"20":{"start":{"line":18,"column":41},"end":{"line":20,"column":3}},"21":{"start":{"line":19,"column":4},"end":{"line":19,"column":17}},"22":{"start":{"line":20,"column":44},"end":{"line":22,"column":3}},"23":{"start":{"line":21,"column":4},"end":{"line":21,"column":17}},"24":{"start":{"line":24,"column":41},"end":{"line":24,"column":69}},"25":{"start":{"line":24,"column":54},"end":{"line":24,"column":67}},"26":{"start":{"line":24,"column":110},"end":{"line":24,"column":138}},"27":{"start":{"line":24,"column":123},"end":{"line":24,"column":136}},"28":{"start":{"line":25,"column":41},"end":{"line":27,"column":3}},"29":{"start":{"line":26,"column":4},"end":{"line":26,"column":17}},"30":{"start":{"line":27,"column":44},"end":{"line":29,"column":3}},"31":{"start":{"line":28,"column":4},"end":{"line":28,"column":17}},"32":{"start":{"line":31,"column":41},"end":{"line":31,"column":77}},"33":{"start":{"line":31,"column":62},"end":{"line":31,"column":75}},"34":{"start":{"line":31,"column":118},"end":{"line":31,"column":154}},"35":{"start":{"line":31,"column":139},"end":{"line":31,"column":152}},"36":{"start":{"line":32,"column":41},"end":{"line":34,"column":3}},"37":{"start":{"line":33,"column":4},"end":{"line":33,"column":17}},"38":{"start":{"line":34,"column":44},"end":{"line":36,"column":3}},"39":{"start":{"line":35,"column":4},"end":{"line":35,"column":17}},"40":{"start":{"line":38,"column":41},"end":{"line":38,"column":91}},"41":{"start":{"line":38,"column":76},"end":{"line":38,"column":89}},"42":{"start":{"line":38,"column":132},"end":{"line":38,"column":182}},"43":{"start":{"line":38,"column":167},"end":{"line":38,"column":180}},"44":{"start":{"line":39,"column":41},"end":{"line":41,"column":3}},"45":{"start":{"line":40,"column":4},"end":{"line":40,"column":17}},"46":{"start":{"line":41,"column":44},"end":{"line":43,"column":3}},"47":{"start":{"line":42,"column":4},"end":{"line":42,"column":17}},"48":{"start":{"line":46,"column":36},"end":{"line":46,"column":90}},"49":{"start":{"line":46,"column":75},"end":{"line":46,"column":88}},"50":{"start":{"line":46,"column":126},"end":{"line":46,"column":180}},"51":{"start":{"line":46,"column":165},"end":{"line":46,"column":178}},"52":{"start":{"line":47,"column":36},"end":{"line":49,"column":3}},"53":{"start":{"line":48,"column":4},"end":{"line":48,"column":17}},"54":{"start":{"line":49,"column":39},"end":{"line":51,"column":3}},"55":{"start":{"line":50,"column":4},"end":{"line":50,"column":17}},"56":{"start":{"line":53,"column":37},"end":{"line":53,"column":100}},"57":{"start":{"line":53,"column":85},"end":{"line":53,"column":98}},"58":{"start":{"line":53,"column":137},"end":{"line":53,"column":200}},"59":{"start":{"line":53,"column":185},"end":{"line":53,"column":198}},"60":{"start":{"line":54,"column":37},"end":{"line":56,"column":3}},"61":{"start":{"line":55,"column":4},"end":{"line":55,"column":17}},"62":{"start":{"line":56,"column":40},"end":{"line":58,"column":3}},"63":{"start":{"line":57,"column":4},"end":{"line":57,"column":17}},"64":{"start":{"line":60,"column":37},"end":{"line":60,"column":100}},"65":{"start":{"line":60,"column":85},"end":{"line":60,"column":98}},"66":{"start":{"line":60,"column":137},"end":{"line":60,"column":200}},"67":{"start":{"line":60,"column":185},"end":{"line":60,"column":198}},"68":{"start":{"line":61,"column":37},"end":{"line":63,"column":3}},"69":{"start":{"line":62,"column":4},"end":{"line":62,"column":17}},"70":{"start":{"line":63,"column":40},"end":{"line":65,"column":3}},"71":{"start":{"line":64,"column":4},"end":{"line":64,"column":17}},"72":{"start":{"line":67,"column":37},"end":{"line":67,"column":92}},"73":{"start":{"line":67,"column":77},"end":{"line":67,"column":90}},"74":{"start":{"line":67,"column":129},"end":{"line":67,"column":184}},"75":{"start":{"line":67,"column":169},"end":{"line":67,"column":182}},"76":{"start":{"line":68,"column":37},"end":{"line":70,"column":3}},"77":{"start":{"line":69,"column":4},"end":{"line":69,"column":17}},"78":{"start":{"line":70,"column":40},"end":{"line":72,"column":3}},"79":{"start":{"line":71,"column":4},"end":{"line":71,"column":17}},"80":{"start":{"line":74,"column":37},"end":{"line":74,"column":100}},"81":{"start":{"line":74,"column":85},"end":{"line":74,"column":98}},"82":{"start":{"line":74,"column":137},"end":{"line":74,"column":200}},"83":{"start":{"line":74,"column":185},"end":{"line":74,"column":198}},"84":{"start":{"line":75,"column":37},"end":{"line":77,"column":3}},"85":{"start":{"line":76,"column":4},"end":{"line":76,"column":17}},"86":{"start":{"line":77,"column":40},"end":{"line":79,"column":3}},"87":{"start":{"line":78,"column":4},"end":{"line":78,"column":17}},"88":{"start":{"line":81,"column":37},"end":{"line":81,"column":114}},"89":{"start":{"line":81,"column":99},"end":{"line":81,"column":112}},"90":{"start":{"line":81,"column":151},"end":{"line":81,"column":228}},"91":{"start":{"line":81,"column":213},"end":{"line":81,"column":226}},"92":{"start":{"line":82,"column":37},"end":{"line":84,"column":3}},"93":{"start":{"line":83,"column":4},"end":{"line":83,"column":17}},"94":{"start":{"line":84,"column":40},"end":{"line":86,"column":3}},"95":{"start":{"line":85,"column":4},"end":{"line":85,"column":17}}},"fnMap":{"0":{"name":"(anonymous_0)","decl":{"start":{"line":1,"column":15},"end":{"line":1,"column":16}},"loc":{"start":{"line":1,"column":26},"end":{"line":87,"column":1}},"line":1},"1":{"name":"(anonymous_1)","decl":{"start":{"line":3,"column":40},"end":{"line":3,"column":41}},"loc":{"start":{"line":3,"column":51},"end":{"line":3,"column":68}},"line":3},"2":{"name":"(anonymous_2)","decl":{"start":{"line":3,"column":108},"end":{"line":3,"column":109}},"loc":{"start":{"line":3,"column":119},"end":{"line":3,"column":136}},"line":3},"3":{"name":"(anonymous_3)","decl":{"start":{"line":4,"column":40},"end":{"line":4,"column":41}},"loc":{"start":{"line":4,"column":51},"end":{"line":6,"column":3}},"line":4},"4":{"name":"(anonymous_4)","decl":{"start":{"line":6,"column":43},"end":{"line":6,"column":44}},"loc":{"start":{"line":6,"column":54},"end":{"line":8,"column":3}},"line":6},"5":{"name":"(anonymous_5)","decl":{"start":{"line":10,"column":41},"end":{"line":10,"column":42}},"loc":{"start":{"line":10,"column":60},"end":{"line":10,"column":77}},"line":10},"6":{"name":"(anonymous_6)","decl":{"start":{"line":10,"column":118},"end":{"line":10,"column":119}},"loc":{"start":{"line":10,"column":137},"end":{"line":10,"column":154}},"line":10},"7":{"name":"(anonymous_7)","decl":{"start":{"line":11,"column":41},"end":{"line":11,"column":42}},"loc":{"start":{"line":11,"column":60},"end":{"line":13,"column":3}},"line":11},"8":{"name":"(anonymous_8)","decl":{"start":{"line":13,"column":44},"end":{"line":13,"column":45}},"loc":{"start":{"line":13,"column":63},"end":{"line":15,"column":3}},"line":13},"9":{"name":"(anonymous_9)","decl":{"start":{"line":17,"column":41},"end":{"line":17,"column":42}},"loc":{"start":{"line":17,"column":60},"end":{"line":17,"column":77}},"line":17},"10":{"name":"(anonymous_10)","decl":{"start":{"line":17,"column":118},"end":{"line":17,"column":119}},"loc":{"start":{"line":17,"column":137},"end":{"line":17,"column":154}},"line":17},"11":{"name":"(anonymous_11)","decl":{"start":{"line":18,"column":41},"end":{"line":18,"column":42}},"loc":{"start":{"line":18,"column":60},"end":{"line":20,"column":3}},"line":18},"12":{"name":"(anonymous_12)","decl":{"start":{"line":20,"column":44},"end":{"line":20,"column":45}},"loc":{"start":{"line":20,"column":63},"end":{"line":22,"column":3}},"line":20},"13":{"name":"(anonymous_13)","decl":{"start":{"line":24,"column":41},"end":{"line":24,"column":42}},"loc":{"start":{"line":24,"column":52},"end":{"line":24,"column":69}},"line":24},"14":{"name":"(anonymous_14)","decl":{"start":{"line":24,"column":110},"end":{"line":24,"column":111}},"loc":{"start":{"line":24,"column":121},"end":{"line":24,"column":138}},"line":24},"15":{"name":"(anonymous_15)","decl":{"start":{"line":25,"column":41},"end":{"line":25,"column":42}},"loc":{"start":{"line":25,"column":52},"end":{"line":27,"column":3}},"line":25},"16":{"name":"(anonymous_16)","decl":{"start":{"line":27,"column":44},"end":{"line":27,"column":45}},"loc":{"start":{"line":27,"column":55},"end":{"line":29,"column":3}},"line":27},"17":{"name":"(anonymous_17)","decl":{"start":{"line":31,"column":41},"end":{"line":31,"column":42}},"loc":{"start":{"line":31,"column":60},"end":{"line":31,"column":77}},"line":31},"18":{"name":"(anonymous_18)","decl":{"start":{"line":31,"column":118},"end":{"line":31,"column":119}},"loc":{"start":{"line":31,"column":137},"end":{"line":31,"column":154}},"line":31},"19":{"name":"(anonymous_19)","decl":{"start":{"line":32,"column":41},"end":{"line":32,"column":42}},"loc":{"start":{"line":32,"column":60},"end":{"line":34,"column":3}},"line":32},"20":{"name":"(anonymous_20)","decl":{"start":{"line":34,"column":44},"end":{"line":34,"column":45}},"loc":{"start":{"line":34,"column":63},"end":{"line":36,"column":3}},"line":34},"21":{"name":"(anonymous_21)","decl":{"start":{"line":38,"column":41},"end":{"line":38,"column":42}},"loc":{"start":{"line":38,"column":74},"end":{"line":38,"column":91}},"line":38},"22":{"name":"(anonymous_22)","decl":{"start":{"line":38,"column":132},"end":{"line":38,"column":133}},"loc":{"start":{"line":38,"column":165},"end":{"line":38,"column":182}},"line":38},"23":{"name":"(anonymous_23)","decl":{"start":{"line":39,"column":41},"end":{"line":39,"column":42}},"loc":{"start":{"line":39,"column":74},"end":{"line":41,"column":3}},"line":39},"24":{"name":"(anonymous_24)","decl":{"start":{"line":41,"column":44},"end":{"line":41,"column":45}},"loc":{"start":{"line":41,"column":77},"end":{"line":43,"column":3}},"line":41},"25":{"name":"functionExpressionNamed1a","decl":{"start":{"line":46,"column":45},"end":{"line":46,"column":70}},"loc":{"start":{"line":46,"column":73},"end":{"line":46,"column":90}},"line":46},"26":{"name":"functionExpressionNamed1b","decl":{"start":{"line":46,"column":135},"end":{"line":46,"column":160}},"loc":{"start":{"line":46,"column":163},"end":{"line":46,"column":180}},"line":46},"27":{"name":"functionExpressionNamed2a","decl":{"start":{"line":47,"column":45},"end":{"line":47,"column":70}},"loc":{"start":{"line":47,"column":73},"end":{"line":49,"column":3}},"line":47},"28":{"name":"functionExpressionNamed2b","decl":{"start":{"line":49,"column":48},"end":{"line":49,"column":73}},"loc":{"start":{"line":49,"column":76},"end":{"line":51,"column":3}},"line":49},"29":{"name":"functionExpressionNamed11a","decl":{"start":{"line":53,"column":46},"end":{"line":53,"column":72}},"loc":{"start":{"line":53,"column":83},"end":{"line":53,"column":100}},"line":53},"30":{"name":"functionExpressionNamed11b","decl":{"start":{"line":53,"column":146},"end":{"line":53,"column":172}},"loc":{"start":{"line":53,"column":183},"end":{"line":53,"column":200}},"line":53},"31":{"name":"functionExpressionNamed12a","decl":{"start":{"line":54,"column":46},"end":{"line":54,"column":72}},"loc":{"start":{"line":54,"column":83},"end":{"line":56,"column":3}},"line":54},"32":{"name":"functionExpressionNamed12b","decl":{"start":{"line":56,"column":49},"end":{"line":56,"column":75}},"loc":{"start":{"line":56,"column":86},"end":{"line":58,"column":3}},"line":56},"33":{"name":"functionExpressionNamed21a","decl":{"start":{"line":60,"column":46},"end":{"line":60,"column":72}},"loc":{"start":{"line":60,"column":83},"end":{"line":60,"column":100}},"line":60},"34":{"name":"functionExpressionNamed21b","decl":{"start":{"line":60,"column":146},"end":{"line":60,"column":172}},"loc":{"start":{"line":60,"column":183},"end":{"line":60,"column":200}},"line":60},"35":{"name":"functionExpressionNamed22a","decl":{"start":{"line":61,"column":46},"end":{"line":61,"column":72}},"loc":{"start":{"line":61,"column":83},"end":{"line":63,"column":3}},"line":61},"36":{"name":"functionExpressionNamed22b","decl":{"start":{"line":63,"column":49},"end":{"line":63,"column":75}},"loc":{"start":{"line":63,"column":86},"end":{"line":65,"column":3}},"line":63},"37":{"name":"functionExpressionNamed31a","decl":{"start":{"line":67,"column":46},"end":{"line":67,"column":72}},"loc":{"start":{"line":67,"column":75},"end":{"line":67,"column":92}},"line":67},"38":{"name":"functionExpressionNamed31b","decl":{"start":{"line":67,"column":138},"end":{"line":67,"column":164}},"loc":{"start":{"line":67,"column":167},"end":{"line":67,"column":184}},"line":67},"39":{"name":"functionExpressionNamed32a","decl":{"start":{"line":68,"column":46},"end":{"line":68,"column":72}},"loc":{"start":{"line":68,"column":75},"end":{"line":70,"column":3}},"line":68},"40":{"name":"functionExpressionNamed32b","decl":{"start":{"line":70,"column":49},"end":{"line":70,"column":75}},"loc":{"start":{"line":70,"column":78},"end":{"line":72,"column":3}},"line":70},"41":{"name":"functionExpressionNamed41a","decl":{"start":{"line":74,"column":46},"end":{"line":74,"column":72}},"loc":{"start":{"line":74,"column":83},"end":{"line":74,"column":100}},"line":74},"42":{"name":"functionExpressionNamed41b","decl":{"start":{"line":74,"column":146},"end":{"line":74,"column":172}},"loc":{"start":{"line":74,"column":183},"end":{"line":74,"column":200}},"line":74},"43":{"name":"functionExpressionNamed42a","decl":{"start":{"line":75,"column":46},"end":{"line":75,"column":72}},"loc":{"start":{"line":75,"column":83},"end":{"line":77,"column":3}},"line":75},"44":{"name":"functionExpressionNamed42b","decl":{"start":{"line":77,"column":49},"end":{"line":77,"column":75}},"loc":{"start":{"line":77,"column":86},"end":{"line":79,"column":3}},"line":77},"45":{"name":"functionExpressionNamed51a","decl":{"start":{"line":81,"column":46},"end":{"line":81,"column":72}},"loc":{"start":{"line":81,"column":97},"end":{"line":81,"column":114}},"line":81},"46":{"name":"functionExpressionNamed51b","decl":{"start":{"line":81,"column":160},"end":{"line":81,"column":186}},"loc":{"start":{"line":81,"column":211},"end":{"line":81,"column":228}},"line":81},"47":{"name":"functionExpressionNamed52a","decl":{"start":{"line":82,"column":46},"end":{"line":82,"column":72}},"loc":{"start":{"line":82,"column":97},"end":{"line":84,"column":3}},"line":82},"48":{"name":"functionExpressionNamed52b","decl":{"start":{"line":84,"column":49},"end":{"line":84,"column":75}},"loc":{"start":{"line":84,"column":100},"end":{"line":86,"column":3}},"line":84}},"branchMap":{"0":{"loc":{"start":{"line":38,"column":50},"end":{"line":38,"column":60}},"type":"default-arg","locations":[{"start":{"line":38,"column":56},"end":{"line":38,"column":60}}],"line":38},"1":{"loc":{"start":{"line":38,"column":62},"end":{"line":38,"column":72}},"type":"default-arg","locations":[{"start":{"line":38,"column":68},"end":{"line":38,"column":72}}],"line":38},"2":{"loc":{"start":{"line":38,"column":141},"end":{"line":38,"column":151}},"type":"default-arg","locations":[{"start":{"line":38,"column":147},"end":{"line":38,"column":151}}],"line":38},"3":{"loc":{"start":{"line":38,"column":153},"end":{"line":38,"column":163}},"type":"default-arg","locations":[{"start":{"line":38,"column":159},"end":{"line":38,"column":163}}],"line":38},"4":{"loc":{"start":{"line":39,"column":50},"end":{"line":39,"column":60}},"type":"default-arg","locations":[{"start":{"line":39,"column":56},"end":{"line":39,"column":60}}],"line":39},"5":{"loc":{"start":{"line":39,"column":62},"end":{"line":39,"column":72}},"type":"default-arg","locations":[{"start":{"line":39,"column":68},"end":{"line":39,"column":72}}],"line":39},"6":{"loc":{"start":{"line":41,"column":53},"end":{"line":41,"column":63}},"type":"default-arg","locations":[{"start":{"line":41,"column":59},"end":{"line":41,"column":63}}],"line":41},"7":{"loc":{"start":{"line":41,"column":65},"end":{"line":41,"column":75}},"type":"default-arg","locations":[{"start":{"line":41,"column":71},"end":{"line":41,"column":75}}],"line":41},"8":{"loc":{"start":{"line":81,"column":73},"end":{"line":81,"column":83}},"type":"default-arg","locations":[{"start":{"line":81,"column":79},"end":{"line":81,"column":83}}],"line":81},"9":{"loc":{"start":{"line":81,"column":85},"end":{"line":81,"column":95}},"type":"default-arg","locations":[{"start":{"line":81,"column":91},"end":{"line":81,"column":95}}],"line":81},"10":{"loc":{"start":{"line":81,"column":187},"end":{"line":81,"column":197}},"type":"default-arg","locations":[{"start":{"line":81,"column":193},"end":{"line":81,"column":197}}],"line":81},"11":{"loc":{"start":{"line":81,"column":199},"end":{"line":81,"column":209}},"type":"default-arg","locations":[{"start":{"line":81,"column":205},"end":{"line":81,"column":209}}],"line":81},"12":{"loc":{"start":{"line":82,"column":73},"end":{"line":82,"column":83}},"type":"default-arg","locations":[{"start":{"line":82,"column":79},"end":{"line":82,"column":83}}],"line":82},"13":{"loc":{"start":{"line":82,"column":85},"end":{"line":82,"column":95}},"type":"default-arg","locations":[{"start":{"line":82,"column":91},"end":{"line":82,"column":95}}],"line":82},"14":{"loc":{"start":{"line":84,"column":76},"end":{"line":84,"column":86}},"type":"default-arg","locations":[{"start":{"line":84,"column":82},"end":{"line":84,"column":86}}],"line":84},"15":{"loc":{"start":{"line":84,"column":88},"end":{"line":84,"column":98}},"type":"default-arg","locations":[{"start":{"line":84,"column":94},"end":{"line":84,"column":98}}],"line":84}},"s":{"0":1,"1":0,"2":1,"3":0,"4":1,"5":0,"6":1,"7":0,"8":1,"9":0,"10":1,"11":0,"12":1,"13":0,"14":1,"15":0,"16":1,"17":0,"18":1,"19":0,"20":1,"21":0,"22":1,"23":0,"24":1,"25":0,"26":1,"27":0,"28":1,"29":0,"30":1,"31":0,"32":1,"33":0,"34":1,"35":0,"36":1,"37":0,"38":1,"39":0,"40":1,"41":0,"42":1,"43":0,"44":1,"45":0,"46":1,"47":0,"48":1,"49":0,"50":1,"51":0,"52":1,"53":0,"54":1,"55":0,"56":1,"57":0,"58":1,"59":0,"60":1,"61":0,"62":1,"63":0,"64":1,"65":0,"66":1,"67":0,"68":1,"69":0,"70":1,"71":0,"72":1,"73":0,"74":1,"75":0,"76":1,"77":0,"78":1,"79":0,"80":1,"81":0,"82":1,"83":0,"84":1,"85":0,"86":1,"87":0,"88":1,"89":0,"90":1,"91":0,"92":1,"93":0,"94":1,"95":0},"f":{"0":1,"1":0,"2":0,"3":0,"4":0,"5":0,"6":0,"7":0,"8":0,"9":0,"10":0,"11":0,"12":0,"13":0,"14":0,"15":0,"16":0,"17":0,"18":0,"19":0,"20":0,"21":0,"22":0,"23":0,"24":0,"25":0,"26":0,"27":0,"28":0,"29":0,"30":0,"31":0,"32":0,"33":0,"34":0,"35":0,"36":0,"37":0,"38":0,"39":0,"40":0,"41":0,"42":0,"43":0,"44":0,"45":0,"46":0,"47":0,"48":0},"b":{"0":[0],"1":[0],"2":[0],"3":[0],"4":[0],"5":[0],"6":[0],"7":[0],"8":[0],"9":[0],"10":[0],"11":[0],"12":[0],"13":[0],"14":[0],"15":[0]},"_coverageSchema":"332fd63041d2c1bcb487cc26dd0d5f7d97098a6c","hash":"079fd212573e825d5467d9aa5df733dcf954ccbd"}
}
