TN:
SF:/Users/thara/Desktop/istanbul-report-issue/src/Test/0_Statement/0_Normal/Normal.js
FN:1,(anonymous_0)
FNF:1
FNH:1
FNDA:1,(anonymous_0)
DA:2,1
DA:3,0
LF:2
LH:1
BRF:0
BRH:0
end_of_record
TN:
SF:/Users/thara/Desktop/istanbul-report-issue/src/Test/0_Statement/1_Split/Split.js
FN:1,(anonymous_0)
FNF:1
FNH:1
FNDA:1,(anonymous_0)
DA:2,1
DA:3,0
LF:2
LH:1
BRF:0
BRH:0
end_of_record
TN:
SF:/Users/thara/Desktop/istanbul-report-issue/src/Test/0_Statement/2_Nested/Nested.js
FN:1,(anonymous_0)
FNF:1
FNH:1
FNDA:1,(anonymous_0)
DA:2,1
LF:1
LH:1
BRF:0
BRH:0
end_of_record
TN:
SF:/Users/thara/Desktop/istanbul-report-issue/src/Test/0_Statement/3_Abuse/Abuse.js
FN:1,(anonymous_0)
FNF:1
FNH:1
FNDA:1,(anonymous_0)
DA:2,1
DA:3,0
LF:2
LH:1
BRF:0
BRH:0
end_of_record
TN:
SF:/Users/thara/Desktop/istanbul-report-issue/src/Test/1_Branch/0_Normal/ConditionalOperator.js
FN:1,(anonymous_0)
FNF:1
FNH:1
FNDA:1,(anonymous_0)
DA:2,1
DA:3,1
LF:2
LH:2
BRDA:2,0,0,1
BRDA:2,0,1,0
BRDA:3,1,0,0
BRDA:3,1,1,1
BRF:4
BRH:2
end_of_record
TN:
SF:/Users/thara/Desktop/istanbul-report-issue/src/Test/1_Branch/0_Normal/If.js
FN:1,(anonymous_0)
FNF:1
FNH:1
FNDA:1,(anonymous_0)
DA:3,1
DA:4,0
DA:8,1
DA:9,0
DA:11,1
DA:14,1
DA:15,1
DA:17,0
DA:21,1
DA:22,0
DA:23,1
DA:24,0
DA:27,1
DA:28,0
DA:29,1
DA:30,1
DA:33,1
DA:34,1
DA:35,0
DA:36,0
DA:40,1
DA:41,0
DA:42,1
DA:43,0
DA:45,1
DA:48,1
DA:49,0
DA:50,1
DA:51,1
DA:53,0
DA:56,1
DA:57,1
DA:58,0
DA:59,0
DA:61,0
LF:35
LH:20
BRDA:3,0,0,0
BRDA:3,0,1,1
BRDA:8,1,0,0
BRDA:8,1,1,1
BRDA:14,2,0,1
BRDA:14,2,1,0
BRDA:21,3,0,0
BRDA:21,3,1,1
BRDA:23,4,0,0
BRDA:23,4,1,1
BRDA:27,5,0,0
BRDA:27,5,1,1
BRDA:29,6,0,1
BRDA:29,6,1,0
BRDA:33,7,0,1
BRDA:33,7,1,0
BRDA:35,8,0,0
BRDA:35,8,1,0
BRDA:40,9,0,0
BRDA:40,9,1,1
BRDA:42,10,0,0
BRDA:42,10,1,1
BRDA:48,11,0,0
BRDA:48,11,1,1
BRDA:50,12,0,1
BRDA:50,12,1,0
BRDA:56,13,0,1
BRDA:56,13,1,0
BRDA:58,14,0,0
BRDA:58,14,1,0
BRF:30
BRH:13
end_of_record
TN:
SF:/Users/thara/Desktop/istanbul-report-issue/src/Test/1_Branch/0_Normal/ShortCircuitEvaluation.js
FN:1,(anonymous_0)
FNF:1
FNH:1
FNDA:1,(anonymous_0)
DA:2,1
LF:1
LH:1
BRDA:2,0,0,1
BRDA:2,0,1,0
BRF:2
BRH:1
end_of_record
TN:
SF:/Users/thara/Desktop/istanbul-report-issue/src/Test/1_Branch/0_Normal/Switch.js
FN:1,(anonymous_0)
FNF:1
FNH:1
FNDA:1,(anonymous_0)
DA:2,1
DA:7,1
DA:9,0
DA:10,0
DA:14,1
DA:16,1
DA:17,1
DA:19,0
DA:20,0
DA:24,1
DA:26,1
DA:27,1
DA:29,0
DA:30,0
DA:32,0
DA:33,0
LF:16
LH:8
BRDA:7,0,0,0
BRDA:14,1,0,1
BRDA:14,1,1,0
BRDA:24,2,0,1
BRDA:24,2,1,0
BRDA:24,2,2,0
BRF:6
BRH:2
end_of_record
TN:
SF:/Users/thara/Desktop/istanbul-report-issue/src/Test/1_Branch/1_Split/ConditionalOperator.js
FN:1,(anonymous_0)
FNF:1
FNH:1
FNDA:1,(anonymous_0)
LF:0
LH:0
BRF:0
BRH:0
end_of_record
TN:
SF:/Users/thara/Desktop/istanbul-report-issue/src/Test/1_Branch/1_Split/If.js
FN:1,(anonymous_0)
FNF:1
FNH:1
FNDA:1,(anonymous_0)
DA:3,1
DA:4,0
DA:8,1
DA:9,0
DA:11,1
DA:14,1
DA:15,1
DA:17,0
DA:21,1
DA:22,0
DA:23,1
DA:24,0
DA:27,1
DA:28,0
DA:29,1
DA:30,1
DA:33,1
DA:34,1
DA:35,0
DA:38,0
DA:42,1
DA:43,0
DA:44,1
DA:45,0
DA:47,1
DA:50,1
DA:51,0
DA:52,1
DA:53,1
DA:55,0
DA:58,1
DA:59,1
DA:60,0
DA:63,0
DA:65,0
LF:35
LH:20
BRDA:3,0,0,0
BRDA:3,0,1,1
BRDA:8,1,0,0
BRDA:8,1,1,1
BRDA:14,2,0,1
BRDA:14,2,1,0
BRDA:21,3,0,0
BRDA:21,3,1,1
BRDA:23,4,0,0
BRDA:23,4,1,1
BRDA:27,5,0,0
BRDA:27,5,1,1
BRDA:29,6,0,1
BRDA:29,6,1,0
BRDA:33,7,0,1
BRDA:33,7,1,0
BRDA:35,8,0,0
BRDA:35,8,1,0
BRDA:42,9,0,0
BRDA:42,9,1,1
BRDA:44,10,0,0
BRDA:44,10,1,1
BRDA:50,11,0,0
BRDA:50,11,1,1
BRDA:52,12,0,1
BRDA:52,12,1,0
BRDA:58,13,0,1
BRDA:58,13,1,0
BRDA:60,14,0,0
BRDA:60,14,1,0
BRF:30
BRH:13
end_of_record
TN:
SF:/Users/thara/Desktop/istanbul-report-issue/src/Test/1_Branch/1_Split/ShortCircuitEvaluation.js
FN:1,(anonymous_0)
FNF:1
FNH:1
FNDA:1,(anonymous_0)
LF:0
LH:0
BRF:0
BRH:0
end_of_record
TN:
SF:/Users/thara/Desktop/istanbul-report-issue/src/Test/1_Branch/1_Split/Switch.js
FN:1,(anonymous_0)
FNF:1
FNH:1
FNDA:1,(anonymous_0)
DA:2,1
DA:7,1
DA:10,0
DA:11,0
DA:15,1
DA:18,1
DA:19,1
DA:22,0
DA:23,0
DA:27,1
DA:30,1
DA:31,1
DA:34,0
DA:35,0
DA:38,0
DA:39,0
LF:16
LH:8
BRDA:7,0,0,0
BRDA:15,1,0,1
BRDA:15,1,1,0
BRDA:27,2,0,1
BRDA:27,2,1,0
BRDA:27,2,2,0
BRF:6
BRH:2
end_of_record
TN:
SF:/Users/thara/Desktop/istanbul-report-issue/src/Test/1_Branch/2_Nested/ConditionalOperator.js
FN:1,(anonymous_0)
FNF:1
FNH:1
FNDA:1,(anonymous_0)
DA:2,1
DA:3,1
LF:2
LH:2
BRDA:2,0,0,1
BRDA:2,0,1,0
BRDA:2,1,0,1
BRDA:2,1,1,0
BRDA:3,2,0,0
BRDA:3,2,1,1
BRDA:3,3,0,0
BRDA:3,3,1,1
BRF:8
BRH:4
end_of_record
TN:
SF:/Users/thara/Desktop/istanbul-report-issue/src/Test/1_Branch/2_Nested/If.js
FN:1,(anonymous_0)
FNF:1
FNH:1
FNDA:1,(anonymous_0)
DA:3,1
DA:4,0
DA:5,0
DA:10,1
DA:11,0
DA:12,0
DA:14,0
DA:18,1
DA:19,0
DA:20,0
DA:22,0
DA:27,1
DA:28,0
DA:29,0
DA:30,0
DA:31,0
DA:35,1
DA:36,0
DA:37,0
DA:38,0
DA:39,0
DA:44,1
DA:45,0
DA:46,0
DA:47,0
DA:48,0
DA:53,1
DA:54,0
DA:55,0
DA:56,0
DA:57,0
DA:59,0
DA:63,1
DA:64,0
DA:65,0
DA:66,0
DA:67,0
DA:69,0
DA:73,1
DA:74,0
DA:75,0
DA:76,0
DA:77,0
DA:79,0
LF:44
LH:9
BRDA:3,0,0,0
BRDA:3,0,1,1
BRDA:4,1,0,0
BRDA:4,1,1,0
BRDA:10,2,0,0
BRDA:10,2,1,1
BRDA:11,3,0,0
BRDA:11,3,1,0
BRDA:18,4,0,0
BRDA:18,4,1,1
BRDA:19,5,0,0
BRDA:19,5,1,0
BRDA:27,6,0,0
BRDA:27,6,1,1
BRDA:28,7,0,0
BRDA:28,7,1,0
BRDA:30,8,0,0
BRDA:30,8,1,0
BRDA:35,9,0,0
BRDA:35,9,1,1
BRDA:36,10,0,0
BRDA:36,10,1,0
BRDA:38,11,0,0
BRDA:38,11,1,0
BRDA:44,12,0,0
BRDA:44,12,1,1
BRDA:45,13,0,0
BRDA:45,13,1,0
BRDA:47,14,0,0
BRDA:47,14,1,0
BRDA:53,15,0,0
BRDA:53,15,1,1
BRDA:54,16,0,0
BRDA:54,16,1,0
BRDA:56,17,0,0
BRDA:56,17,1,0
BRDA:63,18,0,0
BRDA:63,18,1,1
BRDA:64,19,0,0
BRDA:64,19,1,0
BRDA:66,20,0,0
BRDA:66,20,1,0
BRDA:73,21,0,0
BRDA:73,21,1,1
BRDA:74,22,0,0
BRDA:74,22,1,0
BRDA:76,23,0,0
BRDA:76,23,1,0
BRF:48
BRH:9
end_of_record
TN:
SF:/Users/thara/Desktop/istanbul-report-issue/src/Test/1_Branch/2_Nested/ShortCircuitEvaluation.js
FN:1,(anonymous_0)
FNF:1
FNH:1
FNDA:1,(anonymous_0)
DA:3,1
LF:1
LH:1
BRDA:3,0,0,1
BRDA:3,0,1,0
BRF:2
BRH:1
end_of_record
TN:
SF:/Users/thara/Desktop/istanbul-report-issue/src/Test/1_Branch/2_Nested/Switch.js
FN:1,(anonymous_0)
FNF:1
FNH:1
FNDA:1,(anonymous_0)
DA:2,1
DA:7,1
DA:9,0
DA:11,0
DA:12,0
DA:14,0
DA:18,1
DA:20,0
DA:22,0
DA:23,0
DA:25,0
DA:26,0
DA:28,0
DA:32,1
DA:34,0
DA:36,0
DA:37,0
DA:39,0
DA:40,0
DA:42,0
DA:43,0
DA:45,0
LF:22
LH:4
BRDA:7,0,0,0
BRDA:9,1,0,0
BRDA:18,2,0,0
BRDA:20,3,0,0
BRDA:20,3,1,0
BRDA:32,4,0,0
BRDA:34,5,0,0
BRDA:34,5,1,0
BRDA:34,5,2,0
BRF:9
BRH:0
end_of_record
TN:
SF:/Users/thara/Desktop/istanbul-report-issue/src/Test/1_Branch/3_Abuse/ConditionalOperator.js
FN:1,(anonymous_0)
FNF:1
FNH:1
FNDA:1,(anonymous_0)
DA:2,1
DA:3,1
LF:2
LH:2
BRDA:2,0,0,1
BRDA:2,0,1,0
BRDA:2,1,0,1
BRDA:2,1,1,0
BRDA:3,2,0,0
BRDA:3,2,1,1
BRDA:3,3,0,0
BRDA:3,3,1,1
BRF:8
BRH:4
end_of_record
TN:
SF:/Users/thara/Desktop/istanbul-report-issue/src/Test/1_Branch/3_Abuse/If.js
FN:1,(anonymous_0)
FNF:1
FNH:1
FNDA:1,(anonymous_0)
DA:3,1
DA:6,1
DA:8,1
DA:11,1
DA:13,1
DA:15,1
DA:18,1
DA:20,1
DA:22,1
LF:9
LH:9
BRDA:3,0,0,0
BRDA:3,0,1,1
BRDA:3,1,0,0
BRDA:3,1,1,1
BRDA:6,2,0,0
BRDA:6,2,1,1
BRDA:6,3,0,0
BRDA:6,3,1,1
BRDA:8,4,0,1
BRDA:8,4,1,0
BRDA:8,5,0,1
BRDA:8,5,1,0
BRDA:11,6,0,0
BRDA:11,6,1,1
BRDA:11,7,0,0
BRDA:11,7,1,1
BRDA:11,8,0,0
BRDA:11,8,1,1
BRDA:11,9,0,0
BRDA:11,9,1,1
BRDA:13,10,0,0
BRDA:13,10,1,1
BRDA:13,11,0,1
BRDA:13,11,1,0
BRDA:13,12,0,0
BRDA:13,12,1,1
BRDA:13,13,0,1
BRDA:13,13,1,0
BRDA:15,14,0,1
BRDA:15,14,1,0
BRDA:15,15,0,0
BRDA:15,15,1,0
BRDA:15,16,0,1
BRDA:15,16,1,0
BRDA:15,17,0,0
BRDA:15,17,1,0
BRDA:18,18,0,0
BRDA:18,18,1,1
BRDA:18,19,0,0
BRDA:18,19,1,1
BRDA:18,20,0,0
BRDA:18,20,1,1
BRDA:18,21,0,0
BRDA:18,21,1,1
BRDA:20,22,0,0
BRDA:20,22,1,1
BRDA:20,23,0,1
BRDA:20,23,1,0
BRDA:20,24,0,0
BRDA:20,24,1,1
BRDA:20,25,0,1
BRDA:20,25,1,0
BRDA:22,26,0,1
BRDA:22,26,1,0
BRDA:22,27,0,0
BRDA:22,27,1,0
BRDA:22,28,0,1
BRDA:22,28,1,0
BRDA:22,29,0,0
BRDA:22,29,1,0
BRF:60
BRH:26
end_of_record
TN:
SF:/Users/thara/Desktop/istanbul-report-issue/src/Test/1_Branch/3_Abuse/ShortCircuitEvaluation.js
FN:1,(anonymous_0)
FNF:1
FNH:1
FNDA:1,(anonymous_0)
DA:2,1
LF:1
LH:1
BRDA:2,0,0,1
BRDA:2,0,1,0
BRDA:2,1,0,1
BRDA:2,1,1,0
BRF:4
BRH:2
end_of_record
TN:
SF:/Users/thara/Desktop/istanbul-report-issue/src/Test/1_Branch/3_Abuse/Switch.js
FN:1,(anonymous_0)
FNF:1
FNH:1
FNDA:1,(anonymous_0)
DA:2,1
DA:7,1
DA:10,1
DA:13,1
LF:4
LH:4
BRDA:7,0,0,0
BRDA:7,1,0,0
BRDA:10,2,0,1
BRDA:10,2,1,0
BRDA:10,3,0,1
BRDA:10,3,1,0
BRDA:13,4,0,1
BRDA:13,4,1,0
BRDA:13,4,2,0
BRDA:13,5,0,1
BRDA:13,5,1,0
BRDA:13,5,2,0
BRF:12
BRH:4
end_of_record
TN:
SF:/Users/thara/Desktop/istanbul-report-issue/src/Test/2_Function/0_Normal/ArrowFunction.js
FN:1,(anonymous_0)
FN:2,(anonymous_1)
FN:3,(anonymous_2)
FN:6,(anonymous_3)
FN:7,(anonymous_4)
FN:8,(anonymous_5)
FN:12,(anonymous_6)
FN:13,(anonymous_7)
FN:16,(anonymous_8)
FN:17,(anonymous_9)
FN:18,(anonymous_10)
FN:22,(anonymous_11)
FN:23,(anonymous_12)
FN:26,(anonymous_13)
FN:27,(anonymous_14)
FN:28,(anonymous_15)
FN:32,(anonymous_16)
FN:33,(anonymous_17)
FN:36,(anonymous_18)
FN:37,(anonymous_19)
FN:38,(anonymous_20)
FN:42,(anonymous_21)
FN:43,(anonymous_22)
FN:46,(anonymous_23)
FN:47,(anonymous_24)
FN:48,(anonymous_25)
FN:52,(anonymous_26)
FN:53,(anonymous_27)
FN:56,(anonymous_28)
FN:57,(anonymous_29)
FN:58,(anonymous_30)
FN:62,(anonymous_31)
FN:63,(anonymous_32)
FN:66,(anonymous_33)
FN:67,(anonymous_34)
FN:68,(anonymous_35)
FNF:36
FNH:1
FNDA:1,(anonymous_0)
FNDA:0,(anonymous_1)
FNDA:0,(anonymous_2)
FNDA:0,(anonymous_3)
FNDA:0,(anonymous_4)
FNDA:0,(anonymous_5)
FNDA:0,(anonymous_6)
FNDA:0,(anonymous_7)
FNDA:0,(anonymous_8)
FNDA:0,(anonymous_9)
FNDA:0,(anonymous_10)
FNDA:0,(anonymous_11)
FNDA:0,(anonymous_12)
FNDA:0,(anonymous_13)
FNDA:0,(anonymous_14)
FNDA:0,(anonymous_15)
FNDA:0,(anonymous_16)
FNDA:0,(anonymous_17)
FNDA:0,(anonymous_18)
FNDA:0,(anonymous_19)
FNDA:0,(anonymous_20)
FNDA:0,(anonymous_21)
FNDA:0,(anonymous_22)
FNDA:0,(anonymous_23)
FNDA:0,(anonymous_24)
FNDA:0,(anonymous_25)
FNDA:0,(anonymous_26)
FNDA:0,(anonymous_27)
FNDA:0,(anonymous_28)
FNDA:0,(anonymous_29)
FNDA:0,(anonymous_30)
FNDA:0,(anonymous_31)
FNDA:0,(anonymous_32)
FNDA:0,(anonymous_33)
FNDA:0,(anonymous_34)
FNDA:0,(anonymous_35)
DA:2,1
DA:3,1
DA:4,0
DA:6,1
DA:7,1
DA:8,1
DA:12,1
DA:13,1
DA:14,0
DA:16,1
DA:17,1
DA:18,1
DA:22,1
DA:23,1
DA:24,0
DA:26,1
DA:27,1
DA:28,1
DA:32,1
DA:33,1
DA:34,0
DA:36,1
DA:37,1
DA:38,1
DA:42,1
DA:43,1
DA:44,0
DA:46,1
DA:47,1
DA:48,1
DA:52,1
DA:53,1
DA:54,0
DA:56,1
DA:57,1
DA:58,1
DA:62,1
DA:63,1
DA:64,0
DA:66,1
DA:67,1
DA:68,1
LF:42
LH:35
BRDA:62,0,0,0
BRDA:62,1,0,0
BRDA:63,2,0,0
BRDA:63,3,0,0
BRDA:66,4,0,0
BRDA:66,5,0,0
BRDA:67,6,0,0
BRDA:67,7,0,0
BRDA:68,8,0,0
BRDA:68,9,0,0
BRF:10
BRH:0
end_of_record
TN:
SF:/Users/thara/Desktop/istanbul-report-issue/src/Test/2_Function/0_Normal/ClassMethod.js
FN:2,(anonymous_0)
FN:3,(anonymous_1)
FN:7,(anonymous_2)
FN:8,(anonymous_3)
FN:12,(anonymous_4)
FN:13,(anonymous_5)
FN:17,(anonymous_6)
FN:18,(anonymous_7)
FN:22,(anonymous_8)
FN:23,(anonymous_9)
FN:27,(anonymous_10)
FN:28,(anonymous_11)
FN:32,(anonymous_12)
FNF:13
FNH:1
FNDA:0,(anonymous_0)
FNDA:0,(anonymous_1)
FNDA:0,(anonymous_2)
FNDA:0,(anonymous_3)
FNDA:0,(anonymous_4)
FNDA:0,(anonymous_5)
FNDA:0,(anonymous_6)
FNDA:0,(anonymous_7)
FNDA:0,(anonymous_8)
FNDA:0,(anonymous_9)
FNDA:0,(anonymous_10)
FNDA:0,(anonymous_11)
FNDA:1,(anonymous_12)
DA:2,0
DA:4,0
DA:7,0
DA:9,0
DA:12,0
DA:14,0
DA:17,0
DA:19,0
DA:22,0
DA:24,0
DA:27,0
DA:29,0
LF:12
LH:0
BRDA:27,0,0,0
BRDA:27,1,0,0
BRDA:28,2,0,0
BRDA:28,3,0,0
BRF:4
BRH:0
end_of_record
TN:
SF:/Users/thara/Desktop/istanbul-report-issue/src/Test/2_Function/0_Normal/FunctionDeclaration.js
FN:1,(anonymous_0)
FN:2,functionDeclaration1
FN:3,functionDeclaration2
FN:7,functionDeclaration11
FN:8,functionDeclaration12
FN:12,functionDeclaration21
FN:13,functionDeclaration22
FN:17,functionDeclaration31
FN:18,functionDeclaration32
FN:22,functionDeclaration41
FN:23,functionDeclaration42
FN:27,functionDeclaration51
FN:28,functionDeclaration52
FNF:13
FNH:1
FNDA:1,(anonymous_0)
FNDA:0,functionDeclaration1
FNDA:0,functionDeclaration2
FNDA:0,functionDeclaration11
FNDA:0,functionDeclaration12
FNDA:0,functionDeclaration21
FNDA:0,functionDeclaration22
FNDA:0,functionDeclaration31
FNDA:0,functionDeclaration32
FNDA:0,functionDeclaration41
FNDA:0,functionDeclaration42
FNDA:0,functionDeclaration51
FNDA:0,functionDeclaration52
DA:2,0
DA:4,0
DA:7,0
DA:9,0
DA:12,0
DA:14,0
DA:17,0
DA:19,0
DA:22,0
DA:24,0
DA:27,0
DA:29,0
LF:12
LH:0
BRDA:27,0,0,0
BRDA:27,1,0,0
BRDA:28,2,0,0
BRDA:28,3,0,0
BRF:4
BRH:0
end_of_record
TN:
SF:/Users/thara/Desktop/istanbul-report-issue/src/Test/2_Function/0_Normal/FunctionExpression.js
FN:1,(anonymous_0)
FN:3,(anonymous_1)
FN:4,(anonymous_2)
FN:8,(anonymous_3)
FN:9,(anonymous_4)
FN:13,(anonymous_5)
FN:14,(anonymous_6)
FN:18,(anonymous_7)
FN:19,(anonymous_8)
FN:23,(anonymous_9)
FN:24,(anonymous_10)
FN:28,(anonymous_11)
FN:29,(anonymous_12)
FN:34,functionExpressionNamed1
FN:35,functionExpressionNamed2
FN:39,functionExpressionNamed11
FN:40,functionExpressionNamed12
FN:44,functionExpressionNamed21
FN:45,functionExpressionNamed22
FN:49,functionExpressionNamed31
FN:50,functionExpressionNamed32
FN:54,functionExpressionNamed41
FN:55,functionExpressionNamed42
FN:59,functionExpressionNamed51
FN:60,functionExpressionNamed52
FNF:25
FNH:1
FNDA:1,(anonymous_0)
FNDA:0,(anonymous_1)
FNDA:0,(anonymous_2)
FNDA:0,(anonymous_3)
FNDA:0,(anonymous_4)
FNDA:0,(anonymous_5)
FNDA:0,(anonymous_6)
FNDA:0,(anonymous_7)
FNDA:0,(anonymous_8)
FNDA:0,(anonymous_9)
FNDA:0,(anonymous_10)
FNDA:0,(anonymous_11)
FNDA:0,(anonymous_12)
FNDA:0,functionExpressionNamed1
FNDA:0,functionExpressionNamed2
FNDA:0,functionExpressionNamed11
FNDA:0,functionExpressionNamed12
FNDA:0,functionExpressionNamed21
FNDA:0,functionExpressionNamed22
FNDA:0,functionExpressionNamed31
FNDA:0,functionExpressionNamed32
FNDA:0,functionExpressionNamed41
FNDA:0,functionExpressionNamed42
FNDA:0,functionExpressionNamed51
FNDA:0,functionExpressionNamed52
DA:3,1
DA:4,1
DA:5,0
DA:8,1
DA:9,1
DA:10,0
DA:13,1
DA:14,1
DA:15,0
DA:18,1
DA:19,1
DA:20,0
DA:23,1
DA:24,1
DA:25,0
DA:28,1
DA:29,1
DA:30,0
DA:34,1
DA:35,1
DA:36,0
DA:39,1
DA:40,1
DA:41,0
DA:44,1
DA:45,1
DA:46,0
DA:49,1
DA:50,1
DA:51,0
DA:54,1
DA:55,1
DA:56,0
DA:59,1
DA:60,1
DA:61,0
LF:36
LH:24
BRDA:28,0,0,0
BRDA:28,1,0,0
BRDA:29,2,0,0
BRDA:29,3,0,0
BRDA:59,4,0,0
BRDA:59,5,0,0
BRDA:60,6,0,0
BRDA:60,7,0,0
BRF:8
BRH:0
end_of_record
TN:
SF:/Users/thara/Desktop/istanbul-report-issue/src/Test/2_Function/1_Split/ArrowFunction.js
FN:1,(anonymous_0)
FN:2,(anonymous_1)
FN:5,(anonymous_2)
FN:10,(anonymous_3)
FN:13,(anonymous_4)
FN:16,(anonymous_5)
FN:22,(anonymous_6)
FN:26,(anonymous_7)
FN:32,(anonymous_8)
FN:36,(anonymous_9)
FN:40,(anonymous_10)
FN:58,(anonymous_11)
FN:62,(anonymous_12)
FN:68,(anonymous_13)
FN:72,(anonymous_14)
FN:76,(anonymous_15)
FN:83,(anonymous_16)
FN:86,(anonymous_17)
FN:91,(anonymous_18)
FN:94,(anonymous_19)
FN:97,(anonymous_20)
FN:103,(anonymous_21)
FN:107,(anonymous_22)
FN:113,(anonymous_23)
FN:117,(anonymous_24)
FN:121,(anonymous_25)
FN:128,(anonymous_26)
FN:132,(anonymous_27)
FN:138,(anonymous_28)
FN:142,(anonymous_29)
FN:146,(anonymous_30)
FNF:31
FNH:1
FNDA:1,(anonymous_0)
FNDA:0,(anonymous_1)
FNDA:0,(anonymous_2)
FNDA:0,(anonymous_3)
FNDA:0,(anonymous_4)
FNDA:0,(anonymous_5)
FNDA:0,(anonymous_6)
FNDA:0,(anonymous_7)
FNDA:0,(anonymous_8)
FNDA:0,(anonymous_9)
FNDA:0,(anonymous_10)
FNDA:0,(anonymous_11)
FNDA:0,(anonymous_12)
FNDA:0,(anonymous_13)
FNDA:0,(anonymous_14)
FNDA:0,(anonymous_15)
FNDA:0,(anonymous_16)
FNDA:0,(anonymous_17)
FNDA:0,(anonymous_18)
FNDA:0,(anonymous_19)
FNDA:0,(anonymous_20)
FNDA:0,(anonymous_21)
FNDA:0,(anonymous_22)
FNDA:0,(anonymous_23)
FNDA:0,(anonymous_24)
FNDA:0,(anonymous_25)
FNDA:0,(anonymous_26)
FNDA:0,(anonymous_27)
FNDA:0,(anonymous_28)
FNDA:0,(anonymous_29)
FNDA:0,(anonymous_30)
DA:2,1
DA:4,0
DA:5,1
DA:8,0
DA:10,1
DA:12,0
DA:13,1
DA:15,0
DA:16,1
DA:18,0
DA:22,1
DA:25,0
DA:26,1
DA:30,0
DA:32,1
DA:35,0
DA:36,1
DA:39,0
DA:40,1
DA:43,0
DA:58,1
DA:61,0
DA:62,1
DA:66,0
DA:68,1
DA:71,0
DA:72,1
DA:75,0
DA:76,1
DA:79,0
DA:83,1
DA:85,0
DA:86,1
DA:89,0
DA:91,1
DA:93,0
DA:94,1
DA:96,0
DA:97,1
DA:99,0
DA:103,1
DA:106,0
DA:107,1
DA:111,0
DA:113,1
DA:116,0
DA:117,1
DA:120,0
DA:121,1
DA:124,0
DA:128,1
DA:131,0
DA:132,1
DA:136,0
DA:138,1
DA:141,0
DA:142,1
DA:145,0
DA:146,1
DA:149,0
LF:60
LH:30
BRDA:129,0,0,0
BRDA:130,1,0,0
BRDA:133,2,0,0
BRDA:134,3,0,0
BRDA:139,4,0,0
BRDA:140,5,0,0
BRDA:143,6,0,0
BRDA:144,7,0,0
BRDA:147,8,0,0
BRDA:148,9,0,0
BRF:10
BRH:0
end_of_record
TN:
SF:/Users/thara/Desktop/istanbul-report-issue/src/Test/2_Function/1_Split/ClassMethod.js
FN:2,(anonymous_0)
FN:5,(anonymous_1)
FN:11,(anonymous_2)
FN:15,(anonymous_3)
FN:22,(anonymous_4)
FN:26,(anonymous_5)
FN:33,(anonymous_6)
FN:36,(anonymous_7)
FN:42,(anonymous_8)
FN:46,(anonymous_9)
FN:53,(anonymous_10)
FN:57,(anonymous_11)
FN:64,(anonymous_12)
FNF:13
FNH:1
FNDA:0,(anonymous_0)
FNDA:0,(anonymous_1)
FNDA:0,(anonymous_2)
FNDA:0,(anonymous_3)
FNDA:0,(anonymous_4)
FNDA:0,(anonymous_5)
FNDA:0,(anonymous_6)
FNDA:0,(anonymous_7)
FNDA:0,(anonymous_8)
FNDA:0,(anonymous_9)
FNDA:0,(anonymous_10)
FNDA:0,(anonymous_11)
FNDA:1,(anonymous_12)
DA:4,0
DA:8,0
DA:14,0
DA:19,0
DA:25,0
DA:30,0
DA:35,0
DA:39,0
DA:45,0
DA:50,0
DA:56,0
DA:61,0
LF:12
LH:0
BRDA:54,0,0,0
BRDA:55,1,0,0
BRDA:58,2,0,0
BRDA:59,3,0,0
BRF:4
BRH:0
end_of_record
TN:
SF:/Users/thara/Desktop/istanbul-report-issue/src/Test/2_Function/1_Split/FunctionDeclaration.js
FN:1,(anonymous_0)
FN:2,functionDeclaration1
FN:5,functionDeclaration2
FN:11,functionDeclaration11
FN:15,functionDeclaration12
FN:22,functionDeclaration21
FN:26,functionDeclaration22
FN:33,functionDeclaration31
FN:36,functionDeclaration32
FN:42,functionDeclaration41
FN:46,functionDeclaration42
FN:53,functionDeclaration51
FN:57,functionDeclaration52
FNF:13
FNH:1
FNDA:1,(anonymous_0)
FNDA:0,functionDeclaration1
FNDA:0,functionDeclaration2
FNDA:0,functionDeclaration11
FNDA:0,functionDeclaration12
FNDA:0,functionDeclaration21
FNDA:0,functionDeclaration22
FNDA:0,functionDeclaration31
FNDA:0,functionDeclaration32
FNDA:0,functionDeclaration41
FNDA:0,functionDeclaration42
FNDA:0,functionDeclaration51
FNDA:0,functionDeclaration52
DA:4,0
DA:8,0
DA:14,0
DA:19,0
DA:25,0
DA:30,0
DA:35,0
DA:39,0
DA:45,0
DA:50,0
DA:56,0
DA:61,0
LF:12
LH:0
BRDA:54,0,0,0
BRDA:55,1,0,0
BRDA:58,2,0,0
BRDA:59,3,0,0
BRF:4
BRH:0
end_of_record
TN:
SF:/Users/thara/Desktop/istanbul-report-issue/src/Test/2_Function/1_Split/FunctionExpression.js
FN:1,(anonymous_0)
FN:3,(anonymous_1)
FN:6,(anonymous_2)
FN:12,(anonymous_3)
FN:16,(anonymous_4)
FN:23,(anonymous_5)
FN:27,(anonymous_6)
FN:34,(anonymous_7)
FN:37,(anonymous_8)
FN:43,(anonymous_9)
FN:47,(anonymous_10)
FN:54,(anonymous_11)
FN:58,(anonymous_12)
FN:66,functionExpressionNamed1
FN:69,functionExpressionNamed2
FN:75,functionExpressionNamed11
FN:79,functionExpressionNamed12
FN:86,functionExpressionNamed21
FN:90,functionExpressionNamed22
FN:97,functionExpressionNamed31
FN:100,functionExpressionNamed32
FN:106,functionExpressionNamed41
FN:110,functionExpressionNamed42
FN:117,functionExpressionNamed51
FN:121,functionExpressionNamed52
FNF:25
FNH:1
FNDA:1,(anonymous_0)
FNDA:0,(anonymous_1)
FNDA:0,(anonymous_2)
FNDA:0,(anonymous_3)
FNDA:0,(anonymous_4)
FNDA:0,(anonymous_5)
FNDA:0,(anonymous_6)
FNDA:0,(anonymous_7)
FNDA:0,(anonymous_8)
FNDA:0,(anonymous_9)
FNDA:0,(anonymous_10)
FNDA:0,(anonymous_11)
FNDA:0,(anonymous_12)
FNDA:0,functionExpressionNamed1
FNDA:0,functionExpressionNamed2
FNDA:0,functionExpressionNamed11
FNDA:0,functionExpressionNamed12
FNDA:0,functionExpressionNamed21
FNDA:0,functionExpressionNamed22
FNDA:0,functionExpressionNamed31
FNDA:0,functionExpressionNamed32
FNDA:0,functionExpressionNamed41
FNDA:0,functionExpressionNamed42
FNDA:0,functionExpressionNamed51
FNDA:0,functionExpressionNamed52
DA:3,1
DA:5,0
DA:6,1
DA:9,0
DA:12,1
DA:15,0
DA:16,1
DA:20,0
DA:23,1
DA:26,0
DA:27,1
DA:31,0
DA:34,1
DA:36,0
DA:37,1
DA:40,0
DA:43,1
DA:46,0
DA:47,1
DA:51,0
DA:54,1
DA:57,0
DA:58,1
DA:62,0
DA:66,1
DA:68,0
DA:69,1
DA:72,0
DA:75,1
DA:78,0
DA:79,1
DA:83,0
DA:86,1
DA:89,0
DA:90,1
DA:94,0
DA:97,1
DA:99,0
DA:100,1
DA:103,0
DA:106,1
DA:109,0
DA:110,1
DA:114,0
DA:117,1
DA:120,0
DA:121,1
DA:125,0
LF:48
LH:24
BRDA:55,0,0,0
BRDA:56,1,0,0
BRDA:59,2,0,0
BRDA:60,3,0,0
BRDA:118,4,0,0
BRDA:119,5,0,0
BRDA:122,6,0,0
BRDA:123,7,0,0
BRF:8
BRH:0
end_of_record
TN:
SF:/Users/thara/Desktop/istanbul-report-issue/src/Test/2_Function/2_Nested/ArrowFunction.js
FN:1,(anonymous_0)
FN:2,(anonymous_1)
FN:3,(anonymous_2)
FN:5,(anonymous_3)
FN:6,(anonymous_4)
FN:10,(anonymous_5)
FN:11,(anonymous_6)
FN:13,(anonymous_7)
FN:14,(anonymous_8)
FN:16,(anonymous_9)
FN:17,(anonymous_10)
FN:22,(anonymous_11)
FN:23,(anonymous_12)
FN:25,(anonymous_13)
FN:26,(anonymous_14)
FN:30,(anonymous_15)
FN:31,(anonymous_16)
FN:33,(anonymous_17)
FN:34,(anonymous_18)
FN:36,(anonymous_19)
FN:37,(anonymous_20)
FN:42,(anonymous_21)
FN:43,(anonymous_22)
FN:45,(anonymous_23)
FN:46,(anonymous_24)
FN:50,(anonymous_25)
FN:51,(anonymous_26)
FN:53,(anonymous_27)
FN:54,(anonymous_28)
FN:56,(anonymous_29)
FN:57,(anonymous_30)
FN:62,(anonymous_31)
FN:63,(anonymous_32)
FN:65,(anonymous_33)
FN:66,(anonymous_34)
FN:70,(anonymous_35)
FN:71,(anonymous_36)
FN:73,(anonymous_37)
FN:74,(anonymous_38)
FN:76,(anonymous_39)
FN:77,(anonymous_40)
FN:82,(anonymous_41)
FN:83,(anonymous_42)
FN:85,(anonymous_43)
FN:86,(anonymous_44)
FN:90,(anonymous_45)
FN:91,(anonymous_46)
FN:93,(anonymous_47)
FN:94,(anonymous_48)
FN:96,(anonymous_49)
FN:97,(anonymous_50)
FN:102,(anonymous_51)
FN:103,(anonymous_52)
FN:105,(anonymous_53)
FN:106,(anonymous_54)
FN:110,(anonymous_55)
FN:111,(anonymous_56)
FN:113,(anonymous_57)
FN:114,(anonymous_58)
FN:116,(anonymous_59)
FN:117,(anonymous_60)
FN:122,(anonymous_61)
FN:123,(anonymous_62)
FN:125,(anonymous_63)
FN:126,(anonymous_64)
FN:130,(anonymous_65)
FN:131,(anonymous_66)
FN:133,(anonymous_67)
FN:134,(anonymous_68)
FN:136,(anonymous_69)
FN:137,(anonymous_70)
FNF:71
FNH:1
FNDA:1,(anonymous_0)
FNDA:0,(anonymous_1)
FNDA:0,(anonymous_2)
FNDA:0,(anonymous_3)
FNDA:0,(anonymous_4)
FNDA:0,(anonymous_5)
FNDA:0,(anonymous_6)
FNDA:0,(anonymous_7)
FNDA:0,(anonymous_8)
FNDA:0,(anonymous_9)
FNDA:0,(anonymous_10)
FNDA:0,(anonymous_11)
FNDA:0,(anonymous_12)
FNDA:0,(anonymous_13)
FNDA:0,(anonymous_14)
FNDA:0,(anonymous_15)
FNDA:0,(anonymous_16)
FNDA:0,(anonymous_17)
FNDA:0,(anonymous_18)
FNDA:0,(anonymous_19)
FNDA:0,(anonymous_20)
FNDA:0,(anonymous_21)
FNDA:0,(anonymous_22)
FNDA:0,(anonymous_23)
FNDA:0,(anonymous_24)
FNDA:0,(anonymous_25)
FNDA:0,(anonymous_26)
FNDA:0,(anonymous_27)
FNDA:0,(anonymous_28)
FNDA:0,(anonymous_29)
FNDA:0,(anonymous_30)
FNDA:0,(anonymous_31)
FNDA:0,(anonymous_32)
FNDA:0,(anonymous_33)
FNDA:0,(anonymous_34)
FNDA:0,(anonymous_35)
FNDA:0,(anonymous_36)
FNDA:0,(anonymous_37)
FNDA:0,(anonymous_38)
FNDA:0,(anonymous_39)
FNDA:0,(anonymous_40)
FNDA:0,(anonymous_41)
FNDA:0,(anonymous_42)
FNDA:0,(anonymous_43)
FNDA:0,(anonymous_44)
FNDA:0,(anonymous_45)
FNDA:0,(anonymous_46)
FNDA:0,(anonymous_47)
FNDA:0,(anonymous_48)
FNDA:0,(anonymous_49)
FNDA:0,(anonymous_50)
FNDA:0,(anonymous_51)
FNDA:0,(anonymous_52)
FNDA:0,(anonymous_53)
FNDA:0,(anonymous_54)
FNDA:0,(anonymous_55)
FNDA:0,(anonymous_56)
FNDA:0,(anonymous_57)
FNDA:0,(anonymous_58)
FNDA:0,(anonymous_59)
FNDA:0,(anonymous_60)
FNDA:0,(anonymous_61)
FNDA:0,(anonymous_62)
FNDA:0,(anonymous_63)
FNDA:0,(anonymous_64)
FNDA:0,(anonymous_65)
FNDA:0,(anonymous_66)
FNDA:0,(anonymous_67)
FNDA:0,(anonymous_68)
FNDA:0,(anonymous_69)
FNDA:0,(anonymous_70)
DA:2,1
DA:3,0
DA:5,1
DA:6,0
DA:7,0
DA:10,1
DA:11,0
DA:13,1
DA:14,0
DA:16,1
DA:17,0
DA:22,1
DA:23,0
DA:25,1
DA:26,0
DA:27,0
DA:30,1
DA:31,0
DA:33,1
DA:34,0
DA:36,1
DA:37,0
DA:42,1
DA:43,0
DA:45,1
DA:46,0
DA:47,0
DA:50,1
DA:51,0
DA:53,1
DA:54,0
DA:56,1
DA:57,0
DA:62,1
DA:63,0
DA:65,1
DA:66,0
DA:67,0
DA:70,1
DA:71,0
DA:73,1
DA:74,0
DA:76,1
DA:77,0
DA:82,1
DA:83,0
DA:85,1
DA:86,0
DA:87,0
DA:90,1
DA:91,0
DA:93,1
DA:94,0
DA:96,1
DA:97,0
DA:102,1
DA:103,0
DA:105,1
DA:106,0
DA:107,0
DA:110,1
DA:111,0
DA:113,1
DA:114,0
DA:116,1
DA:117,0
DA:122,1
DA:123,0
DA:125,1
DA:126,0
DA:127,0
DA:130,1
DA:131,0
DA:133,1
DA:134,0
DA:136,1
DA:137,0
LF:77
LH:35
BRDA:123,0,0,0
BRDA:123,1,0,0
BRDA:126,2,0,0
BRDA:126,3,0,0
BRDA:131,4,0,0
BRDA:131,5,0,0
BRDA:134,6,0,0
BRDA:134,7,0,0
BRDA:137,8,0,0
BRDA:137,9,0,0
BRF:10
BRH:0
end_of_record
TN:
SF:/Users/thara/Desktop/istanbul-report-issue/src/Test/2_Function/2_Nested/ClassMethod.js
FN:33,(anonymous_0)
FNF:1
FNH:1
FNDA:1,(anonymous_0)
LF:0
LH:0
BRF:0
BRH:0
end_of_record
TN:
SF:/Users/thara/Desktop/istanbul-report-issue/src/Test/2_Function/2_Nested/FunctionDeclaration.js
FN:1,(anonymous_0)
FN:2,functionDeclaration1
FN:2,(anonymous_2)
FN:3,functionDeclaration2
FN:4,(anonymous_4)
FN:9,functionDeclaration11
FN:9,(anonymous_6)
FN:10,functionDeclaration12
FN:11,(anonymous_8)
FN:16,functionDeclaration21
FN:16,(anonymous_10)
FN:17,functionDeclaration22
FN:18,(anonymous_12)
FN:23,functionDeclaration31
FN:23,(anonymous_14)
FN:24,functionDeclaration32
FN:25,(anonymous_16)
FN:30,functionDeclaration41
FN:30,(anonymous_18)
FN:31,functionDeclaration42
FN:32,(anonymous_20)
FN:37,functionDeclaration51
FN:37,(anonymous_22)
FN:38,functionDeclaration52
FN:39,(anonymous_24)
FNF:25
FNH:1
FNDA:1,(anonymous_0)
FNDA:0,functionDeclaration1
FNDA:0,(anonymous_2)
FNDA:0,functionDeclaration2
FNDA:0,(anonymous_4)
FNDA:0,functionDeclaration11
FNDA:0,(anonymous_6)
FNDA:0,functionDeclaration12
FNDA:0,(anonymous_8)
FNDA:0,functionDeclaration21
FNDA:0,(anonymous_10)
FNDA:0,functionDeclaration22
FNDA:0,(anonymous_12)
FNDA:0,functionDeclaration31
FNDA:0,(anonymous_14)
FNDA:0,functionDeclaration32
FNDA:0,(anonymous_16)
FNDA:0,functionDeclaration41
FNDA:0,(anonymous_18)
FNDA:0,functionDeclaration42
FNDA:0,(anonymous_20)
FNDA:0,functionDeclaration51
FNDA:0,(anonymous_22)
FNDA:0,functionDeclaration52
FNDA:0,(anonymous_24)
DA:2,0
DA:4,0
DA:5,0
DA:9,0
DA:11,0
DA:12,0
DA:16,0
DA:18,0
DA:19,0
DA:23,0
DA:25,0
DA:26,0
DA:30,0
DA:32,0
DA:33,0
DA:37,0
DA:39,0
DA:40,0
LF:18
LH:0
BRDA:37,0,0,0
BRDA:37,1,0,0
BRDA:37,2,0,0
BRDA:37,3,0,0
BRDA:38,4,0,0
BRDA:38,5,0,0
BRDA:39,6,0,0
BRDA:39,7,0,0
BRF:8
BRH:0
end_of_record
TN:
SF:/Users/thara/Desktop/istanbul-report-issue/src/Test/2_Function/2_Nested/FunctionExpression.js
FN:1,(anonymous_0)
FN:3,(anonymous_1)
FN:4,(anonymous_2)
FN:6,(anonymous_3)
FN:7,(anonymous_4)
FN:12,(anonymous_5)
FN:13,(anonymous_6)
FN:15,(anonymous_7)
FN:16,(anonymous_8)
FN:21,(anonymous_9)
FN:22,(anonymous_10)
FN:24,(anonymous_11)
FN:25,(anonymous_12)
FN:30,(anonymous_13)
FN:31,(anonymous_14)
FN:33,(anonymous_15)
FN:34,(anonymous_16)
FN:39,(anonymous_17)
FN:40,(anonymous_18)
FN:42,(anonymous_19)
FN:43,(anonymous_20)
FN:48,(anonymous_21)
FN:49,(anonymous_22)
FN:51,(anonymous_23)
FN:52,(anonymous_24)
FN:58,(anonymous_25)
FN:59,functionExpressionNamed1
FN:61,(anonymous_27)
FN:62,functionExpressionNamed2
FN:67,(anonymous_29)
FN:68,functionExpressionNamed11
FN:70,(anonymous_31)
FN:71,functionExpressionNamed12
FN:76,(anonymous_33)
FN:77,functionExpressionNamed21
FN:79,(anonymous_35)
FN:80,functionExpressionNamed22
FN:85,(anonymous_37)
FN:86,functionExpressionNamed31
FN:88,(anonymous_39)
FN:89,functionExpressionNamed32
FN:94,(anonymous_41)
FN:95,functionExpressionNamed41
FN:97,(anonymous_43)
FN:98,functionExpressionNamed42
FN:103,(anonymous_45)
FN:104,functionExpressionNamed51
FN:106,(anonymous_47)
FN:107,functionExpressionNamed52
FNF:49
FNH:1
FNDA:1,(anonymous_0)
FNDA:0,(anonymous_1)
FNDA:0,(anonymous_2)
FNDA:0,(anonymous_3)
FNDA:0,(anonymous_4)
FNDA:0,(anonymous_5)
FNDA:0,(anonymous_6)
FNDA:0,(anonymous_7)
FNDA:0,(anonymous_8)
FNDA:0,(anonymous_9)
FNDA:0,(anonymous_10)
FNDA:0,(anonymous_11)
FNDA:0,(anonymous_12)
FNDA:0,(anonymous_13)
FNDA:0,(anonymous_14)
FNDA:0,(anonymous_15)
FNDA:0,(anonymous_16)
FNDA:0,(anonymous_17)
FNDA:0,(anonymous_18)
FNDA:0,(anonymous_19)
FNDA:0,(anonymous_20)
FNDA:0,(anonymous_21)
FNDA:0,(anonymous_22)
FNDA:0,(anonymous_23)
FNDA:0,(anonymous_24)
FNDA:0,(anonymous_25)
FNDA:0,functionExpressionNamed1
FNDA:0,(anonymous_27)
FNDA:0,functionExpressionNamed2
FNDA:0,(anonymous_29)
FNDA:0,functionExpressionNamed11
FNDA:0,(anonymous_31)
FNDA:0,functionExpressionNamed12
FNDA:0,(anonymous_33)
FNDA:0,functionExpressionNamed21
FNDA:0,(anonymous_35)
FNDA:0,functionExpressionNamed22
FNDA:0,(anonymous_37)
FNDA:0,functionExpressionNamed31
FNDA:0,(anonymous_39)
FNDA:0,functionExpressionNamed32
FNDA:0,(anonymous_41)
FNDA:0,functionExpressionNamed41
FNDA:0,(anonymous_43)
FNDA:0,functionExpressionNamed42
FNDA:0,(anonymous_45)
FNDA:0,functionExpressionNamed51
FNDA:0,(anonymous_47)
FNDA:0,functionExpressionNamed52
DA:3,1
DA:4,0
DA:6,1
DA:7,0
DA:8,0
DA:12,1
DA:13,0
DA:15,1
DA:16,0
DA:17,0
DA:21,1
DA:22,0
DA:24,1
DA:25,0
DA:26,0
DA:30,1
DA:31,0
DA:33,1
DA:34,0
DA:35,0
DA:39,1
DA:40,0
DA:42,1
DA:43,0
DA:44,0
DA:48,1
DA:49,0
DA:51,1
DA:52,0
DA:53,0
DA:58,1
DA:59,0
DA:61,1
DA:62,0
DA:63,0
DA:67,1
DA:68,0
DA:70,1
DA:71,0
DA:72,0
DA:76,1
DA:77,0
DA:79,1
DA:80,0
DA:81,0
DA:85,1
DA:86,0
DA:88,1
DA:89,0
DA:90,0
DA:94,1
DA:95,0
DA:97,1
DA:98,0
DA:99,0
DA:103,1
DA:104,0
DA:106,1
DA:107,0
DA:108,0
LF:60
LH:24
BRDA:49,0,0,0
BRDA:49,1,0,0
BRDA:52,2,0,0
BRDA:52,3,0,0
BRDA:104,4,0,0
BRDA:104,5,0,0
BRDA:107,6,0,0
BRDA:107,7,0,0
BRF:8
BRH:0
end_of_record
TN:
SF:/Users/thara/Desktop/istanbul-report-issue/src/Test/2_Function/3_Abuse/ArrowFunction.js
FN:1,(anonymous_0)
FN:2,(anonymous_1)
FN:2,(anonymous_2)
FN:3,(anonymous_3)
FN:5,(anonymous_4)
FN:8,(anonymous_5)
FN:8,(anonymous_6)
FN:9,(anonymous_7)
FN:9,(anonymous_8)
FN:10,(anonymous_9)
FN:12,(anonymous_10)
FN:16,(anonymous_11)
FN:16,(anonymous_12)
FN:17,(anonymous_13)
FN:19,(anonymous_14)
FN:22,(anonymous_15)
FN:22,(anonymous_16)
FN:23,(anonymous_17)
FN:23,(anonymous_18)
FN:24,(anonymous_19)
FN:26,(anonymous_20)
FN:30,(anonymous_21)
FN:30,(anonymous_22)
FN:31,(anonymous_23)
FN:33,(anonymous_24)
FN:36,(anonymous_25)
FN:36,(anonymous_26)
FN:37,(anonymous_27)
FN:37,(anonymous_28)
FN:38,(anonymous_29)
FN:40,(anonymous_30)
FN:44,(anonymous_31)
FN:44,(anonymous_32)
FN:45,(anonymous_33)
FN:47,(anonymous_34)
FN:50,(anonymous_35)
FN:50,(anonymous_36)
FN:51,(anonymous_37)
FN:51,(anonymous_38)
FN:52,(anonymous_39)
FN:54,(anonymous_40)
FN:58,(anonymous_41)
FN:58,(anonymous_42)
FN:59,(anonymous_43)
FN:61,(anonymous_44)
FN:64,(anonymous_45)
FN:64,(anonymous_46)
FN:65,(anonymous_47)
FN:65,(anonymous_48)
FN:66,(anonymous_49)
FN:68,(anonymous_50)
FN:72,(anonymous_51)
FN:72,(anonymous_52)
FN:73,(anonymous_53)
FN:75,(anonymous_54)
FN:78,(anonymous_55)
FN:78,(anonymous_56)
FN:79,(anonymous_57)
FN:79,(anonymous_58)
FN:80,(anonymous_59)
FN:82,(anonymous_60)
FN:86,(anonymous_61)
FN:86,(anonymous_62)
FN:87,(anonymous_63)
FN:89,(anonymous_64)
FN:92,(anonymous_65)
FN:92,(anonymous_66)
FN:93,(anonymous_67)
FN:93,(anonymous_68)
FN:94,(anonymous_69)
FN:96,(anonymous_70)
FNF:71
FNH:1
FNDA:1,(anonymous_0)
FNDA:0,(anonymous_1)
FNDA:0,(anonymous_2)
FNDA:0,(anonymous_3)
FNDA:0,(anonymous_4)
FNDA:0,(anonymous_5)
FNDA:0,(anonymous_6)
FNDA:0,(anonymous_7)
FNDA:0,(anonymous_8)
FNDA:0,(anonymous_9)
FNDA:0,(anonymous_10)
FNDA:0,(anonymous_11)
FNDA:0,(anonymous_12)
FNDA:0,(anonymous_13)
FNDA:0,(anonymous_14)
FNDA:0,(anonymous_15)
FNDA:0,(anonymous_16)
FNDA:0,(anonymous_17)
FNDA:0,(anonymous_18)
FNDA:0,(anonymous_19)
FNDA:0,(anonymous_20)
FNDA:0,(anonymous_21)
FNDA:0,(anonymous_22)
FNDA:0,(anonymous_23)
FNDA:0,(anonymous_24)
FNDA:0,(anonymous_25)
FNDA:0,(anonymous_26)
FNDA:0,(anonymous_27)
FNDA:0,(anonymous_28)
FNDA:0,(anonymous_29)
FNDA:0,(anonymous_30)
FNDA:0,(anonymous_31)
FNDA:0,(anonymous_32)
FNDA:0,(anonymous_33)
FNDA:0,(anonymous_34)
FNDA:0,(anonymous_35)
FNDA:0,(anonymous_36)
FNDA:0,(anonymous_37)
FNDA:0,(anonymous_38)
FNDA:0,(anonymous_39)
FNDA:0,(anonymous_40)
FNDA:0,(anonymous_41)
FNDA:0,(anonymous_42)
FNDA:0,(anonymous_43)
FNDA:0,(anonymous_44)
FNDA:0,(anonymous_45)
FNDA:0,(anonymous_46)
FNDA:0,(anonymous_47)
FNDA:0,(anonymous_48)
FNDA:0,(anonymous_49)
FNDA:0,(anonymous_50)
FNDA:0,(anonymous_51)
FNDA:0,(anonymous_52)
FNDA:0,(anonymous_53)
FNDA:0,(anonymous_54)
FNDA:0,(anonymous_55)
FNDA:0,(anonymous_56)
FNDA:0,(anonymous_57)
FNDA:0,(anonymous_58)
FNDA:0,(anonymous_59)
FNDA:0,(anonymous_60)
FNDA:0,(anonymous_61)
FNDA:0,(anonymous_62)
FNDA:0,(anonymous_63)
FNDA:0,(anonymous_64)
FNDA:0,(anonymous_65)
FNDA:0,(anonymous_66)
FNDA:0,(anonymous_67)
FNDA:0,(anonymous_68)
FNDA:0,(anonymous_69)
FNDA:0,(anonymous_70)
DA:2,1
DA:3,1
DA:4,0
DA:5,1
DA:6,0
DA:8,1
DA:9,1
DA:10,1
DA:12,1
DA:16,1
DA:17,1
DA:18,0
DA:19,1
DA:20,0
DA:22,1
DA:23,1
DA:24,1
DA:26,1
DA:30,1
DA:31,1
DA:32,0
DA:33,1
DA:34,0
DA:36,1
DA:37,1
DA:38,1
DA:40,1
DA:44,1
DA:45,1
DA:46,0
DA:47,1
DA:48,0
DA:50,1
DA:51,1
DA:52,1
DA:54,1
DA:58,1
DA:59,1
DA:60,0
DA:61,1
DA:62,0
DA:64,1
DA:65,1
DA:66,1
DA:68,1
DA:72,1
DA:73,1
DA:74,0
DA:75,1
DA:76,0
DA:78,1
DA:79,1
DA:80,1
DA:82,1
DA:86,1
DA:87,1
DA:88,0
DA:89,1
DA:90,0
DA:92,1
DA:93,1
DA:94,1
DA:96,1
LF:63
LH:49
BRDA:86,0,0,0
BRDA:86,1,0,0
BRDA:86,2,0,0
BRDA:86,3,0,0
BRDA:87,4,0,0
BRDA:87,5,0,0
BRDA:89,6,0,0
BRDA:89,7,0,0
BRDA:92,8,0,0
BRDA:92,9,0,0
BRDA:92,10,0,0
BRDA:92,11,0,0
BRDA:93,12,0,0
BRDA:93,13,0,0
BRDA:93,14,0,0
BRDA:93,15,0,0
BRDA:94,16,0,0
BRDA:94,17,0,0
BRDA:96,18,0,0
BRDA:96,19,0,0
BRF:20
BRH:0
end_of_record
TN:
SF:/Users/thara/Desktop/istanbul-report-issue/src/Test/2_Function/3_Abuse/ClassMethod.js
FN:2,(anonymous_0)
FN:2,(anonymous_1)
FN:3,(anonymous_2)
FN:5,(anonymous_3)
FN:9,(anonymous_4)
FN:9,(anonymous_5)
FN:10,(anonymous_6)
FN:12,(anonymous_7)
FN:16,(anonymous_8)
FN:16,(anonymous_9)
FN:17,(anonymous_10)
FN:19,(anonymous_11)
FN:23,(anonymous_12)
FN:23,(anonymous_13)
FN:24,(anonymous_14)
FN:26,(anonymous_15)
FN:30,(anonymous_16)
FN:30,(anonymous_17)
FN:31,(anonymous_18)
FN:33,(anonymous_19)
FN:37,(anonymous_20)
FN:37,(anonymous_21)
FN:38,(anonymous_22)
FN:40,(anonymous_23)
FN:44,(anonymous_24)
FNF:25
FNH:1
FNDA:0,(anonymous_0)
FNDA:0,(anonymous_1)
FNDA:0,(anonymous_2)
FNDA:0,(anonymous_3)
FNDA:0,(anonymous_4)
FNDA:0,(anonymous_5)
FNDA:0,(anonymous_6)
FNDA:0,(anonymous_7)
FNDA:0,(anonymous_8)
FNDA:0,(anonymous_9)
FNDA:0,(anonymous_10)
FNDA:0,(anonymous_11)
FNDA:0,(anonymous_12)
FNDA:0,(anonymous_13)
FNDA:0,(anonymous_14)
FNDA:0,(anonymous_15)
FNDA:0,(anonymous_16)
FNDA:0,(anonymous_17)
FNDA:0,(anonymous_18)
FNDA:0,(anonymous_19)
FNDA:0,(anonymous_20)
FNDA:0,(anonymous_21)
FNDA:0,(anonymous_22)
FNDA:0,(anonymous_23)
FNDA:1,(anonymous_24)
DA:2,0
DA:4,0
DA:6,0
DA:9,0
DA:11,0
DA:13,0
DA:16,0
DA:18,0
DA:20,0
DA:23,0
DA:25,0
DA:27,0
DA:30,0
DA:32,0
DA:34,0
DA:37,0
DA:39,0
DA:41,0
LF:18
LH:0
BRDA:37,0,0,0
BRDA:37,1,0,0
BRDA:37,2,0,0
BRDA:37,3,0,0
BRDA:38,4,0,0
BRDA:38,5,0,0
BRDA:40,6,0,0
BRDA:40,7,0,0
BRF:8
BRH:0
end_of_record
TN:
SF:/Users/thara/Desktop/istanbul-report-issue/src/Test/2_Function/3_Abuse/FunctionDeclaration.js
FN:1,(anonymous_0)
FN:2,functionDeclaration1a
FN:2,functionDeclaration1b
FN:3,functionDeclaration2a
FN:5,functionDeclaration2b
FN:9,functionDeclaration11a
FN:9,functionDeclaration11b
FN:10,functionDeclaration12a
FN:12,functionDeclaration12b
FN:16,functionDeclaration21a
FN:16,functionDeclaration21b
FN:17,functionDeclaration22a
FN:19,functionDeclaration22b
FN:23,functionDeclaration31a
FN:23,functionDeclaration31b
FN:24,functionDeclaration32a
FN:26,functionDeclaration32b
FN:30,functionDeclaration41a
FN:30,functionDeclaration41b
FN:31,functionDeclaration42a
FN:33,functionDeclaration42b
FN:37,functionDeclaration51a
FN:37,functionDeclaration51b
FN:38,functionDeclaration52a
FN:40,functionDeclaration52b
FNF:25
FNH:1
FNDA:1,(anonymous_0)
FNDA:0,functionDeclaration1a
FNDA:0,functionDeclaration1b
FNDA:0,functionDeclaration2a
FNDA:0,functionDeclaration2b
FNDA:0,functionDeclaration11a
FNDA:0,functionDeclaration11b
FNDA:0,functionDeclaration12a
FNDA:0,functionDeclaration12b
FNDA:0,functionDeclaration21a
FNDA:0,functionDeclaration21b
FNDA:0,functionDeclaration22a
FNDA:0,functionDeclaration22b
FNDA:0,functionDeclaration31a
FNDA:0,functionDeclaration31b
FNDA:0,functionDeclaration32a
FNDA:0,functionDeclaration32b
FNDA:0,functionDeclaration41a
FNDA:0,functionDeclaration41b
FNDA:0,functionDeclaration42a
FNDA:0,functionDeclaration42b
FNDA:0,functionDeclaration51a
FNDA:0,functionDeclaration51b
FNDA:0,functionDeclaration52a
FNDA:0,functionDeclaration52b
DA:2,0
DA:4,0
DA:6,0
DA:9,0
DA:11,0
DA:13,0
DA:16,0
DA:18,0
DA:20,0
DA:23,0
DA:25,0
DA:27,0
DA:30,0
DA:32,0
DA:34,0
DA:37,0
DA:39,0
DA:41,0
LF:18
LH:0
BRDA:37,0,0,0
BRDA:37,1,0,0
BRDA:37,2,0,0
BRDA:37,3,0,0
BRDA:38,4,0,0
BRDA:38,5,0,0
BRDA:40,6,0,0
BRDA:40,7,0,0
BRF:8
BRH:0
end_of_record
TN:
SF:/Users/thara/Desktop/istanbul-report-issue/src/Test/2_Function/3_Abuse/FunctionExpression.js
FN:1,(anonymous_0)
FN:3,(anonymous_1)
FN:3,(anonymous_2)
FN:4,(anonymous_3)
FN:6,(anonymous_4)
FN:10,(anonymous_5)
FN:10,(anonymous_6)
FN:11,(anonymous_7)
FN:13,(anonymous_8)
FN:17,(anonymous_9)
FN:17,(anonymous_10)
FN:18,(anonymous_11)
FN:20,(anonymous_12)
FN:24,(anonymous_13)
FN:24,(anonymous_14)
FN:25,(anonymous_15)
FN:27,(anonymous_16)
FN:31,(anonymous_17)
FN:31,(anonymous_18)
FN:32,(anonymous_19)
FN:34,(anonymous_20)
FN:38,(anonymous_21)
FN:38,(anonymous_22)
FN:39,(anonymous_23)
FN:41,(anonymous_24)
FN:46,functionExpressionNamed1a
FN:46,functionExpressionNamed1b
FN:47,functionExpressionNamed2a
FN:49,functionExpressionNamed2b
FN:53,functionExpressionNamed11a
FN:53,functionExpressionNamed11b
FN:54,functionExpressionNamed12a
FN:56,functionExpressionNamed12b
FN:60,functionExpressionNamed21a
FN:60,functionExpressionNamed21b
FN:61,functionExpressionNamed22a
FN:63,functionExpressionNamed22b
FN:67,functionExpressionNamed31a
FN:67,functionExpressionNamed31b
FN:68,functionExpressionNamed32a
FN:70,functionExpressionNamed32b
FN:74,functionExpressionNamed41a
FN:74,functionExpressionNamed41b
FN:75,functionExpressionNamed42a
FN:77,functionExpressionNamed42b
FN:81,functionExpressionNamed51a
FN:81,functionExpressionNamed51b
FN:82,functionExpressionNamed52a
FN:84,functionExpressionNamed52b
FNF:49
FNH:1
FNDA:1,(anonymous_0)
FNDA:0,(anonymous_1)
FNDA:0,(anonymous_2)
FNDA:0,(anonymous_3)
FNDA:0,(anonymous_4)
FNDA:0,(anonymous_5)
FNDA:0,(anonymous_6)
FNDA:0,(anonymous_7)
FNDA:0,(anonymous_8)
FNDA:0,(anonymous_9)
FNDA:0,(anonymous_10)
FNDA:0,(anonymous_11)
FNDA:0,(anonymous_12)
FNDA:0,(anonymous_13)
FNDA:0,(anonymous_14)
FNDA:0,(anonymous_15)
FNDA:0,(anonymous_16)
FNDA:0,(anonymous_17)
FNDA:0,(anonymous_18)
FNDA:0,(anonymous_19)
FNDA:0,(anonymous_20)
FNDA:0,(anonymous_21)
FNDA:0,(anonymous_22)
FNDA:0,(anonymous_23)
FNDA:0,(anonymous_24)
FNDA:0,functionExpressionNamed1a
FNDA:0,functionExpressionNamed1b
FNDA:0,functionExpressionNamed2a
FNDA:0,functionExpressionNamed2b
FNDA:0,functionExpressionNamed11a
FNDA:0,functionExpressionNamed11b
FNDA:0,functionExpressionNamed12a
FNDA:0,functionExpressionNamed12b
FNDA:0,functionExpressionNamed21a
FNDA:0,functionExpressionNamed21b
FNDA:0,functionExpressionNamed22a
FNDA:0,functionExpressionNamed22b
FNDA:0,functionExpressionNamed31a
FNDA:0,functionExpressionNamed31b
FNDA:0,functionExpressionNamed32a
FNDA:0,functionExpressionNamed32b
FNDA:0,functionExpressionNamed41a
FNDA:0,functionExpressionNamed41b
FNDA:0,functionExpressionNamed42a
FNDA:0,functionExpressionNamed42b
FNDA:0,functionExpressionNamed51a
FNDA:0,functionExpressionNamed51b
FNDA:0,functionExpressionNamed52a
FNDA:0,functionExpressionNamed52b
DA:3,1
DA:4,1
DA:5,0
DA:6,1
DA:7,0
DA:10,1
DA:11,1
DA:12,0
DA:13,1
DA:14,0
DA:17,1
DA:18,1
DA:19,0
DA:20,1
DA:21,0
DA:24,1
DA:25,1
DA:26,0
DA:27,1
DA:28,0
DA:31,1
DA:32,1
DA:33,0
DA:34,1
DA:35,0
DA:38,1
DA:39,1
DA:40,0
DA:41,1
DA:42,0
DA:46,1
DA:47,1
DA:48,0
DA:49,1
DA:50,0
DA:53,1
DA:54,1
DA:55,0
DA:56,1
DA:57,0
DA:60,1
DA:61,1
DA:62,0
DA:63,1
DA:64,0
DA:67,1
DA:68,1
DA:69,0
DA:70,1
DA:71,0
DA:74,1
DA:75,1
DA:76,0
DA:77,1
DA:78,0
DA:81,1
DA:82,1
DA:83,0
DA:84,1
DA:85,0
LF:60
LH:36
BRDA:38,0,0,0
BRDA:38,1,0,0
BRDA:38,2,0,0
BRDA:38,3,0,0
BRDA:39,4,0,0
BRDA:39,5,0,0
BRDA:41,6,0,0
BRDA:41,7,0,0
BRDA:81,8,0,0
BRDA:81,9,0,0
BRDA:81,10,0,0
BRDA:81,11,0,0
BRDA:82,12,0,0
BRDA:82,13,0,0
BRDA:84,14,0,0
BRDA:84,15,0,0
BRF:16
BRH:0
end_of_record
