TN:
SF:/Users/thara/Desktop/share/20190104_IstanbulJS_Coverage_Issue/0_Problem/javascript_v2/src/Test/0_Statement/0_Normal/Normal.js
FN:1,(anonymous_0)
FNF:1
FNH:1
FNDA:1,(anonymous_0)
DA:2,1
DA:3,0
LF:2
LH:1
BRF:0
BRH:0
end_of_record
TN:
SF:/Users/thara/Desktop/share/20190104_IstanbulJS_Coverage_Issue/0_Problem/javascript_v2/src/Test/0_Statement/1_Split/Split.js
FN:1,(anonymous_0)
FNF:1
FNH:1
FNDA:1,(anonymous_0)
DA:2,1
DA:3,0
LF:2
LH:1
BRF:0
BRH:0
end_of_record
TN:
SF:/Users/thara/Desktop/share/20190104_IstanbulJS_Coverage_Issue/0_Problem/javascript_v2/src/Test/0_Statement/2_Nested/Nested.js
FN:1,(anonymous_0)
FNF:1
FNH:1
FNDA:1,(anonymous_0)
DA:2,1
LF:1
LH:1
BRF:0
BRH:0
end_of_record
TN:
SF:/Users/thara/Desktop/share/20190104_IstanbulJS_Coverage_Issue/0_Problem/javascript_v2/src/Test/0_Statement/3_Abuse/Abuse.js
FN:1,(anonymous_0)
FNF:1
FNH:1
FNDA:1,(anonymous_0)
DA:2,1
DA:3,0
LF:2
LH:1
BRF:0
BRH:0
end_of_record
TN:
SF:/Users/thara/Desktop/share/20190104_IstanbulJS_Coverage_Issue/0_Problem/javascript_v2/src/Test/1_Branch/0_Normal/ConditionalOperator.js
FN:1,(anonymous_0)
FNF:1
FNH:1
FNDA:1,(anonymous_0)
DA:2,1
DA:3,1
LF:2
LH:2
BRDA:2,0,0,1
BRDA:2,0,1,0
BRDA:3,1,0,0
BRDA:3,1,1,1
BRF:4
BRH:2
end_of_record
TN:
SF:/Users/thara/Desktop/share/20190104_IstanbulJS_Coverage_Issue/0_Problem/javascript_v2/src/Test/1_Branch/0_Normal/If.js
FN:1,(anonymous_0)
FNF:1
FNH:1
FNDA:1,(anonymous_0)
DA:3,1
DA:4,0
DA:8,1
DA:9,0
DA:11,1
DA:14,1
DA:15,1
DA:17,0
DA:21,1
DA:22,0
DA:23,1
DA:24,0
DA:27,1
DA:28,0
DA:29,1
DA:30,1
DA:33,1
DA:34,1
DA:35,0
DA:36,0
DA:40,1
DA:41,0
DA:42,1
DA:43,0
DA:45,1
DA:48,1
DA:49,0
DA:50,1
DA:51,1
DA:53,0
DA:56,1
DA:57,1
DA:58,0
DA:59,0
DA:61,0
LF:35
LH:20
BRDA:3,0,0,0
BRDA:3,0,1,1
BRDA:8,1,0,0
BRDA:8,1,1,1
BRDA:14,2,0,1
BRDA:14,2,1,0
BRDA:21,3,0,0
BRDA:21,3,1,1
BRDA:23,4,0,0
BRDA:23,4,1,1
BRDA:27,5,0,0
BRDA:27,5,1,1
BRDA:29,6,0,1
BRDA:29,6,1,0
BRDA:33,7,0,1
BRDA:33,7,1,0
BRDA:35,8,0,0
BRDA:35,8,1,0
BRDA:40,9,0,0
BRDA:40,9,1,1
BRDA:42,10,0,0
BRDA:42,10,1,1
BRDA:48,11,0,0
BRDA:48,11,1,1
BRDA:50,12,0,1
BRDA:50,12,1,0
BRDA:56,13,0,1
BRDA:56,13,1,0
BRDA:58,14,0,0
BRDA:58,14,1,0
BRF:30
BRH:13
end_of_record
TN:
SF:/Users/thara/Desktop/share/20190104_IstanbulJS_Coverage_Issue/0_Problem/javascript_v2/src/Test/1_Branch/0_Normal/ShortCircuitEvaluation.js
FN:1,(anonymous_0)
FNF:1
FNH:1
FNDA:1,(anonymous_0)
DA:2,1
LF:1
LH:1
BRDA:2,0,0,1
BRDA:2,0,1,0
BRF:2
BRH:1
end_of_record
TN:
SF:/Users/thara/Desktop/share/20190104_IstanbulJS_Coverage_Issue/0_Problem/javascript_v2/src/Test/1_Branch/0_Normal/Switch.js
FN:1,(anonymous_0)
FNF:1
FNH:1
FNDA:1,(anonymous_0)
DA:2,1
DA:7,1
DA:9,0
DA:10,0
DA:14,1
DA:16,1
DA:17,1
DA:19,0
DA:20,0
DA:24,1
DA:26,1
DA:27,1
DA:29,0
DA:30,0
DA:32,0
DA:33,0
LF:16
LH:8
BRDA:7,0,0,0
BRDA:14,1,0,1
BRDA:14,1,1,0
BRDA:24,2,0,1
BRDA:24,2,1,0
BRDA:24,2,2,0
BRF:6
BRH:2
end_of_record
TN:
SF:/Users/thara/Desktop/share/20190104_IstanbulJS_Coverage_Issue/0_Problem/javascript_v2/src/Test/1_Branch/1_Split/ConditionalOperator.js
FN:1,(anonymous_0)
FNF:1
FNH:1
FNDA:1,(anonymous_0)
LF:0
LH:0
BRF:0
BRH:0
end_of_record
TN:
SF:/Users/thara/Desktop/share/20190104_IstanbulJS_Coverage_Issue/0_Problem/javascript_v2/src/Test/1_Branch/1_Split/If.js
FN:1,(anonymous_0)
FNF:1
FNH:1
FNDA:1,(anonymous_0)
DA:3,1
DA:4,0
DA:8,1
DA:9,0
DA:11,1
DA:14,1
DA:15,1
DA:17,0
DA:21,1
DA:22,0
DA:23,1
DA:24,0
DA:27,1
DA:28,0
DA:29,1
DA:30,1
DA:33,1
DA:34,1
DA:35,0
DA:38,0
DA:42,1
DA:43,0
DA:44,1
DA:45,0
DA:47,1
DA:50,1
DA:51,0
DA:52,1
DA:53,1
DA:55,0
DA:58,1
DA:59,1
DA:60,0
DA:63,0
DA:65,0
LF:35
LH:20
BRDA:3,0,0,0
BRDA:3,0,1,1
BRDA:8,1,0,0
BRDA:8,1,1,1
BRDA:14,2,0,1
BRDA:14,2,1,0
BRDA:21,3,0,0
BRDA:21,3,1,1
BRDA:23,4,0,0
BRDA:23,4,1,1
BRDA:27,5,0,0
BRDA:27,5,1,1
BRDA:29,6,0,1
BRDA:29,6,1,0
BRDA:33,7,0,1
BRDA:33,7,1,0
BRDA:35,8,0,0
BRDA:35,8,1,0
BRDA:42,9,0,0
BRDA:42,9,1,1
BRDA:44,10,0,0
BRDA:44,10,1,1
BRDA:50,11,0,0
BRDA:50,11,1,1
BRDA:52,12,0,1
BRDA:52,12,1,0
BRDA:58,13,0,1
BRDA:58,13,1,0
BRDA:60,14,0,0
BRDA:60,14,1,0
BRF:30
BRH:13
end_of_record
TN:
SF:/Users/thara/Desktop/share/20190104_IstanbulJS_Coverage_Issue/0_Problem/javascript_v2/src/Test/1_Branch/1_Split/ShortCircuitEvaluation.js
FN:1,(anonymous_0)
FNF:1
FNH:1
FNDA:1,(anonymous_0)
LF:0
LH:0
BRF:0
BRH:0
end_of_record
TN:
SF:/Users/thara/Desktop/share/20190104_IstanbulJS_Coverage_Issue/0_Problem/javascript_v2/src/Test/1_Branch/1_Split/Switch.js
FN:1,(anonymous_0)
FNF:1
FNH:1
FNDA:1,(anonymous_0)
DA:2,1
DA:7,1
DA:10,0
DA:11,0
DA:15,1
DA:18,1
DA:19,1
DA:22,0
DA:23,0
DA:27,1
DA:30,1
DA:31,1
DA:34,0
DA:35,0
DA:38,0
DA:39,0
LF:16
LH:8
BRDA:7,0,0,0
BRDA:15,1,0,1
BRDA:15,1,1,0
BRDA:27,2,0,1
BRDA:27,2,1,0
BRDA:27,2,2,0
BRF:6
BRH:2
end_of_record
TN:
SF:/Users/thara/Desktop/share/20190104_IstanbulJS_Coverage_Issue/0_Problem/javascript_v2/src/Test/1_Branch/2_Nested/ConditionalOperator.js
FN:1,(anonymous_0)
FNF:1
FNH:1
FNDA:1,(anonymous_0)
DA:2,1
DA:3,1
LF:2
LH:2
BRDA:2,0,0,1
BRDA:2,0,1,0
BRDA:2,1,0,1
BRDA:2,1,1,0
BRDA:3,2,0,0
BRDA:3,2,1,1
BRDA:3,3,0,0
BRDA:3,3,1,1
BRF:8
BRH:4
end_of_record
TN:
SF:/Users/thara/Desktop/share/20190104_IstanbulJS_Coverage_Issue/0_Problem/javascript_v2/src/Test/1_Branch/2_Nested/If.js
FN:1,(anonymous_0)
FNF:1
FNH:1
FNDA:1,(anonymous_0)
DA:3,1
DA:4,0
DA:5,0
DA:10,1
DA:11,0
DA:12,0
DA:14,0
DA:18,1
DA:19,0
DA:20,0
DA:22,0
DA:27,1
DA:28,0
DA:29,0
DA:30,0
DA:31,0
DA:35,1
DA:36,0
DA:37,0
DA:38,0
DA:39,0
DA:44,1
DA:45,0
DA:46,0
DA:47,0
DA:48,0
DA:53,1
DA:54,0
DA:55,0
DA:56,0
DA:57,0
DA:59,0
DA:63,1
DA:64,0
DA:65,0
DA:66,0
DA:67,0
DA:69,0
DA:73,1
DA:74,0
DA:75,0
DA:76,0
DA:77,0
DA:79,0
LF:44
LH:9
BRDA:3,0,0,0
BRDA:3,0,1,1
BRDA:4,1,0,0
BRDA:4,1,1,0
BRDA:10,2,0,0
BRDA:10,2,1,1
BRDA:11,3,0,0
BRDA:11,3,1,0
BRDA:18,4,0,0
BRDA:18,4,1,1
BRDA:19,5,0,0
BRDA:19,5,1,0
BRDA:27,6,0,0
BRDA:27,6,1,1
BRDA:28,7,0,0
BRDA:28,7,1,0
BRDA:30,8,0,0
BRDA:30,8,1,0
BRDA:35,9,0,0
BRDA:35,9,1,1
BRDA:36,10,0,0
BRDA:36,10,1,0
BRDA:38,11,0,0
BRDA:38,11,1,0
BRDA:44,12,0,0
BRDA:44,12,1,1
BRDA:45,13,0,0
BRDA:45,13,1,0
BRDA:47,14,0,0
BRDA:47,14,1,0
BRDA:53,15,0,0
BRDA:53,15,1,1
BRDA:54,16,0,0
BRDA:54,16,1,0
BRDA:56,17,0,0
BRDA:56,17,1,0
BRDA:63,18,0,0
BRDA:63,18,1,1
BRDA:64,19,0,0
BRDA:64,19,1,0
BRDA:66,20,0,0
BRDA:66,20,1,0
BRDA:73,21,0,0
BRDA:73,21,1,1
BRDA:74,22,0,0
BRDA:74,22,1,0
BRDA:76,23,0,0
BRDA:76,23,1,0
BRF:48
BRH:9
end_of_record
TN:
SF:/Users/thara/Desktop/share/20190104_IstanbulJS_Coverage_Issue/0_Problem/javascript_v2/src/Test/1_Branch/2_Nested/ShortCircuitEvaluation.js
FN:1,(anonymous_0)
FNF:1
FNH:1
FNDA:1,(anonymous_0)
LF:0
LH:0
BRF:0
BRH:0
end_of_record
TN:
SF:/Users/thara/Desktop/share/20190104_IstanbulJS_Coverage_Issue/0_Problem/javascript_v2/src/Test/1_Branch/2_Nested/Switch.js
FN:1,(anonymous_0)
FNF:1
FNH:1
FNDA:1,(anonymous_0)
DA:2,1
DA:7,1
DA:9,0
DA:11,0
DA:12,0
DA:14,0
DA:18,1
DA:20,0
DA:22,0
DA:23,0
DA:25,0
DA:26,0
DA:28,0
DA:32,1
DA:34,0
DA:36,0
DA:37,0
DA:39,0
DA:40,0
DA:42,0
DA:43,0
DA:45,0
LF:22
LH:4
BRDA:7,0,0,0
BRDA:9,1,0,0
BRDA:18,2,0,0
BRDA:20,3,0,0
BRDA:20,3,1,0
BRDA:32,4,0,0
BRDA:34,5,0,0
BRDA:34,5,1,0
BRDA:34,5,2,0
BRF:9
BRH:0
end_of_record
TN:
SF:/Users/thara/Desktop/share/20190104_IstanbulJS_Coverage_Issue/0_Problem/javascript_v2/src/Test/1_Branch/3_Abuse/ConditionalOperator.js
FN:1,(anonymous_0)
FNF:1
FNH:1
FNDA:1,(anonymous_0)
DA:2,1
DA:3,1
LF:2
LH:2
BRDA:2,0,0,1
BRDA:2,0,1,0
BRDA:2,1,0,1
BRDA:2,1,1,0
BRDA:3,2,0,0
BRDA:3,2,1,1
BRDA:3,3,0,0
BRDA:3,3,1,1
BRF:8
BRH:4
end_of_record
TN:
SF:/Users/thara/Desktop/share/20190104_IstanbulJS_Coverage_Issue/0_Problem/javascript_v2/src/Test/1_Branch/3_Abuse/If.js
FN:1,(anonymous_0)
FNF:1
FNH:1
FNDA:1,(anonymous_0)
DA:3,1
DA:6,1
DA:8,1
DA:11,1
DA:13,1
DA:15,1
DA:18,1
DA:20,1
DA:22,1
LF:9
LH:9
BRDA:3,0,0,0
BRDA:3,0,1,1
BRDA:3,1,0,0
BRDA:3,1,1,1
BRDA:6,2,0,0
BRDA:6,2,1,1
BRDA:6,3,0,0
BRDA:6,3,1,1
BRDA:8,4,0,1
BRDA:8,4,1,0
BRDA:8,5,0,1
BRDA:8,5,1,0
BRDA:11,6,0,0
BRDA:11,6,1,1
BRDA:11,7,0,0
BRDA:11,7,1,1
BRDA:11,8,0,0
BRDA:11,8,1,1
BRDA:11,9,0,0
BRDA:11,9,1,1
BRDA:13,10,0,0
BRDA:13,10,1,1
BRDA:13,11,0,1
BRDA:13,11,1,0
BRDA:13,12,0,0
BRDA:13,12,1,1
BRDA:13,13,0,1
BRDA:13,13,1,0
BRDA:15,14,0,1
BRDA:15,14,1,0
BRDA:15,15,0,0
BRDA:15,15,1,0
BRDA:15,16,0,1
BRDA:15,16,1,0
BRDA:15,17,0,0
BRDA:15,17,1,0
BRDA:18,18,0,0
BRDA:18,18,1,1
BRDA:18,19,0,0
BRDA:18,19,1,1
BRDA:18,20,0,0
BRDA:18,20,1,1
BRDA:18,21,0,0
BRDA:18,21,1,1
BRDA:20,22,0,0
BRDA:20,22,1,1
BRDA:20,23,0,1
BRDA:20,23,1,0
BRDA:20,24,0,0
BRDA:20,24,1,1
BRDA:20,25,0,1
BRDA:20,25,1,0
BRDA:22,26,0,1
BRDA:22,26,1,0
BRDA:22,27,0,0
BRDA:22,27,1,0
BRDA:22,28,0,1
BRDA:22,28,1,0
BRDA:22,29,0,0
BRDA:22,29,1,0
BRF:60
BRH:26
end_of_record
TN:
SF:/Users/thara/Desktop/share/20190104_IstanbulJS_Coverage_Issue/0_Problem/javascript_v2/src/Test/1_Branch/3_Abuse/ShortCircuitEvaluation.js
FN:1,(anonymous_0)
FNF:1
FNH:1
FNDA:1,(anonymous_0)
DA:2,1
LF:1
LH:1
BRDA:2,0,0,1
BRDA:2,0,1,0
BRDA:2,1,0,1
BRDA:2,1,1,0
BRF:4
BRH:2
end_of_record
TN:
SF:/Users/thara/Desktop/share/20190104_IstanbulJS_Coverage_Issue/0_Problem/javascript_v2/src/Test/1_Branch/3_Abuse/Switch.js
FN:1,(anonymous_0)
FNF:1
FNH:1
FNDA:1,(anonymous_0)
DA:2,1
DA:7,1
DA:10,1
DA:13,1
LF:4
LH:4
BRDA:7,0,0,0
BRDA:7,1,0,0
BRDA:10,2,0,1
BRDA:10,2,1,0
BRDA:10,3,0,1
BRDA:10,3,1,0
BRDA:13,4,0,1
BRDA:13,4,1,0
BRDA:13,4,2,0
BRDA:13,5,0,1
BRDA:13,5,1,0
BRDA:13,5,2,0
BRF:12
BRH:4
end_of_record
TN:
SF:/Users/thara/Desktop/share/20190104_IstanbulJS_Coverage_Issue/0_Problem/javascript_v2/src/Test/2_Function/0_Normal/ArrowFunction.js
FN:1,(anonymous_0)
FN:3,(anonymous_1)
FN:4,(anonymous_2)
FN:7,(anonymous_3)
FN:8,(anonymous_4)
FN:9,(anonymous_5)
FN:14,(anonymous_6)
FN:15,(anonymous_7)
FN:18,(anonymous_8)
FN:19,(anonymous_9)
FN:20,(anonymous_10)
FN:25,(anonymous_11)
FN:26,(anonymous_12)
FN:29,(anonymous_13)
FN:30,(anonymous_14)
FN:31,(anonymous_15)
FN:36,(anonymous_16)
FN:37,(anonymous_17)
FN:40,(anonymous_18)
FN:41,(anonymous_19)
FN:42,(anonymous_20)
FN:47,(anonymous_21)
FN:48,(anonymous_22)
FN:51,(anonymous_23)
FN:52,(anonymous_24)
FN:53,(anonymous_25)
FNF:26
FNH:1
FNDA:1,(anonymous_0)
FNDA:0,(anonymous_1)
FNDA:0,(anonymous_2)
FNDA:0,(anonymous_3)
FNDA:0,(anonymous_4)
FNDA:0,(anonymous_5)
FNDA:0,(anonymous_6)
FNDA:0,(anonymous_7)
FNDA:0,(anonymous_8)
FNDA:0,(anonymous_9)
FNDA:0,(anonymous_10)
FNDA:0,(anonymous_11)
FNDA:0,(anonymous_12)
FNDA:0,(anonymous_13)
FNDA:0,(anonymous_14)
FNDA:0,(anonymous_15)
FNDA:0,(anonymous_16)
FNDA:0,(anonymous_17)
FNDA:0,(anonymous_18)
FNDA:0,(anonymous_19)
FNDA:0,(anonymous_20)
FNDA:0,(anonymous_21)
FNDA:0,(anonymous_22)
FNDA:0,(anonymous_23)
FNDA:0,(anonymous_24)
FNDA:0,(anonymous_25)
DA:3,1
DA:4,1
DA:5,0
DA:7,1
DA:8,1
DA:9,1
DA:14,1
DA:15,1
DA:16,0
DA:18,1
DA:19,1
DA:20,1
DA:25,1
DA:26,1
DA:27,0
DA:29,1
DA:30,1
DA:31,1
DA:36,1
DA:37,1
DA:38,0
DA:40,1
DA:41,1
DA:42,1
DA:47,1
DA:48,1
DA:49,0
DA:51,1
DA:52,1
DA:53,1
LF:30
LH:25
BRDA:47,0,0,0
BRDA:47,1,0,0
BRDA:48,2,0,0
BRDA:48,3,0,0
BRDA:51,4,0,0
BRDA:51,5,0,0
BRDA:52,6,0,0
BRDA:52,7,0,0
BRDA:53,8,0,0
BRDA:53,9,0,0
BRF:10
BRH:0
end_of_record
TN:
SF:/Users/thara/Desktop/share/20190104_IstanbulJS_Coverage_Issue/0_Problem/javascript_v2/src/Test/2_Function/0_Normal/ClassMethod.js
FN:3,(anonymous_0)
FN:4,(anonymous_1)
FN:9,(anonymous_2)
FN:10,(anonymous_3)
FN:15,(anonymous_4)
FN:16,(anonymous_5)
FN:21,(anonymous_6)
FN:22,(anonymous_7)
FN:26,(anonymous_8)
FNF:9
FNH:1
FNDA:0,(anonymous_0)
FNDA:0,(anonymous_1)
FNDA:0,(anonymous_2)
FNDA:0,(anonymous_3)
FNDA:0,(anonymous_4)
FNDA:0,(anonymous_5)
FNDA:0,(anonymous_6)
FNDA:0,(anonymous_7)
FNDA:1,(anonymous_8)
DA:3,0
DA:5,0
DA:9,0
DA:11,0
DA:15,0
DA:17,0
DA:21,0
DA:23,0
LF:8
LH:0
BRDA:21,0,0,0
BRDA:21,1,0,0
BRDA:22,2,0,0
BRDA:22,3,0,0
BRF:4
BRH:0
end_of_record
TN:
SF:/Users/thara/Desktop/share/20190104_IstanbulJS_Coverage_Issue/0_Problem/javascript_v2/src/Test/2_Function/0_Normal/FunctionDeclaration.js
FN:1,(anonymous_0)
FN:3,functionDeclaration01
FN:4,functionDeclaration02
FN:9,functionDeclaration11
FN:10,functionDeclaration12
FN:15,functionDeclaration21
FN:16,functionDeclaration22
FN:21,functionDeclaration31
FN:22,functionDeclaration32
FNF:9
FNH:1
FNDA:1,(anonymous_0)
FNDA:0,functionDeclaration01
FNDA:0,functionDeclaration02
FNDA:0,functionDeclaration11
FNDA:0,functionDeclaration12
FNDA:0,functionDeclaration21
FNDA:0,functionDeclaration22
FNDA:0,functionDeclaration31
FNDA:0,functionDeclaration32
DA:3,0
DA:5,0
DA:9,0
DA:11,0
DA:15,0
DA:17,0
DA:21,0
DA:23,0
LF:8
LH:0
BRDA:21,0,0,0
BRDA:21,1,0,0
BRDA:22,2,0,0
BRDA:22,3,0,0
BRF:4
BRH:0
end_of_record
TN:
SF:/Users/thara/Desktop/share/20190104_IstanbulJS_Coverage_Issue/0_Problem/javascript_v2/src/Test/2_Function/0_Normal/FunctionExpression.js
FN:1,(anonymous_0)
FN:4,(anonymous_1)
FN:5,(anonymous_2)
FN:10,(anonymous_3)
FN:11,(anonymous_4)
FN:16,(anonymous_5)
FN:17,(anonymous_6)
FN:22,(anonymous_7)
FN:23,(anonymous_8)
FN:29,functionExpressionNamed01
FN:30,functionExpressionNamed02
FN:35,functionExpressionNamed11
FN:36,functionExpressionNamed12
FN:41,functionExpressionNamed21
FN:42,functionExpressionNamed22
FN:47,functionExpressionNamed31
FN:48,functionExpressionNamed32
FNF:17
FNH:1
FNDA:1,(anonymous_0)
FNDA:0,(anonymous_1)
FNDA:0,(anonymous_2)
FNDA:0,(anonymous_3)
FNDA:0,(anonymous_4)
FNDA:0,(anonymous_5)
FNDA:0,(anonymous_6)
FNDA:0,(anonymous_7)
FNDA:0,(anonymous_8)
FNDA:0,functionExpressionNamed01
FNDA:0,functionExpressionNamed02
FNDA:0,functionExpressionNamed11
FNDA:0,functionExpressionNamed12
FNDA:0,functionExpressionNamed21
FNDA:0,functionExpressionNamed22
FNDA:0,functionExpressionNamed31
FNDA:0,functionExpressionNamed32
DA:4,1
DA:5,1
DA:6,0
DA:10,1
DA:11,1
DA:12,0
DA:16,1
DA:17,1
DA:18,0
DA:22,1
DA:23,1
DA:24,0
DA:29,1
DA:30,1
DA:31,0
DA:35,1
DA:36,1
DA:37,0
DA:41,1
DA:42,1
DA:43,0
DA:47,1
DA:48,1
DA:49,0
LF:24
LH:16
BRDA:22,0,0,0
BRDA:22,1,0,0
BRDA:23,2,0,0
BRDA:23,3,0,0
BRDA:47,4,0,0
BRDA:47,5,0,0
BRDA:48,6,0,0
BRDA:48,7,0,0
BRF:8
BRH:0
end_of_record
TN:
SF:/Users/thara/Desktop/share/20190104_IstanbulJS_Coverage_Issue/0_Problem/javascript_v2/src/Test/2_Function/1_Split/ArrowFunction.js
FN:1,(anonymous_0)
FN:3,(anonymous_1)
FN:6,(anonymous_2)
FN:11,(anonymous_3)
FN:14,(anonymous_4)
FN:17,(anonymous_5)
FN:36,(anonymous_6)
FN:39,(anonymous_7)
FN:44,(anonymous_8)
FN:47,(anonymous_9)
FN:50,(anonymous_10)
FN:57,(anonymous_11)
FN:61,(anonymous_12)
FN:67,(anonymous_13)
FN:71,(anonymous_14)
FN:75,(anonymous_15)
FN:83,(anonymous_16)
FN:87,(anonymous_17)
FN:93,(anonymous_18)
FN:97,(anonymous_19)
FN:101,(anonymous_20)
FNF:21
FNH:1
FNDA:1,(anonymous_0)
FNDA:0,(anonymous_1)
FNDA:0,(anonymous_2)
FNDA:0,(anonymous_3)
FNDA:0,(anonymous_4)
FNDA:0,(anonymous_5)
FNDA:0,(anonymous_6)
FNDA:0,(anonymous_7)
FNDA:0,(anonymous_8)
FNDA:0,(anonymous_9)
FNDA:0,(anonymous_10)
FNDA:0,(anonymous_11)
FNDA:0,(anonymous_12)
FNDA:0,(anonymous_13)
FNDA:0,(anonymous_14)
FNDA:0,(anonymous_15)
FNDA:0,(anonymous_16)
FNDA:0,(anonymous_17)
FNDA:0,(anonymous_18)
FNDA:0,(anonymous_19)
FNDA:0,(anonymous_20)
DA:3,1
DA:5,0
DA:6,1
DA:9,0
DA:11,1
DA:13,0
DA:14,1
DA:16,0
DA:17,1
DA:19,0
DA:36,1
DA:38,0
DA:39,1
DA:42,0
DA:44,1
DA:46,0
DA:47,1
DA:49,0
DA:50,1
DA:52,0
DA:57,1
DA:60,0
DA:61,1
DA:65,0
DA:67,1
DA:70,0
DA:71,1
DA:74,0
DA:75,1
DA:78,0
DA:83,1
DA:86,0
DA:87,1
DA:91,0
DA:93,1
DA:96,0
DA:97,1
DA:100,0
DA:101,1
DA:104,0
LF:40
LH:20
BRDA:84,0,0,0
BRDA:85,1,0,0
BRDA:88,2,0,0
BRDA:89,3,0,0
BRDA:94,4,0,0
BRDA:95,5,0,0
BRDA:98,6,0,0
BRDA:99,7,0,0
BRDA:102,8,0,0
BRDA:103,9,0,0
BRF:10
BRH:0
end_of_record
TN:
SF:/Users/thara/Desktop/share/20190104_IstanbulJS_Coverage_Issue/0_Problem/javascript_v2/src/Test/2_Function/1_Split/ClassMethod.js
FN:3,(anonymous_0)
FN:6,(anonymous_1)
FN:13,(anonymous_2)
FN:16,(anonymous_3)
FN:23,(anonymous_4)
FN:27,(anonymous_5)
FN:35,(anonymous_6)
FN:39,(anonymous_7)
FN:46,(anonymous_8)
FNF:9
FNH:1
FNDA:0,(anonymous_0)
FNDA:0,(anonymous_1)
FNDA:0,(anonymous_2)
FNDA:0,(anonymous_3)
FNDA:0,(anonymous_4)
FNDA:0,(anonymous_5)
FNDA:0,(anonymous_6)
FNDA:0,(anonymous_7)
FNDA:1,(anonymous_8)
DA:5,0
DA:9,0
DA:15,0
DA:19,0
DA:26,0
DA:31,0
DA:38,0
DA:43,0
LF:8
LH:0
BRDA:36,0,0,0
BRDA:37,1,0,0
BRDA:40,2,0,0
BRDA:41,3,0,0
BRF:4
BRH:0
end_of_record
TN:
SF:/Users/thara/Desktop/share/20190104_IstanbulJS_Coverage_Issue/0_Problem/javascript_v2/src/Test/2_Function/1_Split/FunctionDeclaration.js
FN:1,(anonymous_0)
FN:3,functionDeclaration01
FN:6,functionDeclaration02
FN:13,functionDeclaration11
FN:16,functionDeclaration12
FN:23,functionDeclaration21
FN:27,functionDeclaration22
FN:35,functionDeclaration31
FN:39,functionDeclaration32
FNF:9
FNH:1
FNDA:1,(anonymous_0)
FNDA:0,functionDeclaration01
FNDA:0,functionDeclaration02
FNDA:0,functionDeclaration11
FNDA:0,functionDeclaration12
FNDA:0,functionDeclaration21
FNDA:0,functionDeclaration22
FNDA:0,functionDeclaration31
FNDA:0,functionDeclaration32
DA:5,0
DA:9,0
DA:15,0
DA:19,0
DA:26,0
DA:31,0
DA:38,0
DA:43,0
LF:8
LH:0
BRDA:36,0,0,0
BRDA:37,1,0,0
BRDA:40,2,0,0
BRDA:41,3,0,0
BRF:4
BRH:0
end_of_record
TN:
SF:/Users/thara/Desktop/share/20190104_IstanbulJS_Coverage_Issue/0_Problem/javascript_v2/src/Test/2_Function/1_Split/FunctionExpression.js
FN:1,(anonymous_0)
FN:4,(anonymous_1)
FN:7,(anonymous_2)
FN:14,(anonymous_3)
FN:17,(anonymous_4)
FN:24,(anonymous_5)
FN:28,(anonymous_6)
FN:36,(anonymous_7)
FN:40,(anonymous_8)
FN:49,functionExpressionNamed01
FN:52,functionExpressionNamed02
FN:59,functionExpressionNamed11
FN:62,functionExpressionNamed12
FN:69,functionExpressionNamed21
FN:73,functionExpressionNamed22
FN:81,functionExpressionNamed31
FN:85,functionExpressionNamed32
FNF:17
FNH:1
FNDA:1,(anonymous_0)
FNDA:0,(anonymous_1)
FNDA:0,(anonymous_2)
FNDA:0,(anonymous_3)
FNDA:0,(anonymous_4)
FNDA:0,(anonymous_5)
FNDA:0,(anonymous_6)
FNDA:0,(anonymous_7)
FNDA:0,(anonymous_8)
FNDA:0,functionExpressionNamed01
FNDA:0,functionExpressionNamed02
FNDA:0,functionExpressionNamed11
FNDA:0,functionExpressionNamed12
FNDA:0,functionExpressionNamed21
FNDA:0,functionExpressionNamed22
FNDA:0,functionExpressionNamed31
FNDA:0,functionExpressionNamed32
DA:4,1
DA:6,0
DA:7,1
DA:10,0
DA:14,1
DA:16,0
DA:17,1
DA:20,0
DA:24,1
DA:27,0
DA:28,1
DA:32,0
DA:36,1
DA:39,0
DA:40,1
DA:44,0
DA:49,1
DA:51,0
DA:52,1
DA:55,0
DA:59,1
DA:61,0
DA:62,1
DA:65,0
DA:69,1
DA:72,0
DA:73,1
DA:77,0
DA:81,1
DA:84,0
DA:85,1
DA:89,0
LF:32
LH:16
BRDA:37,0,0,0
BRDA:38,1,0,0
BRDA:41,2,0,0
BRDA:42,3,0,0
BRDA:82,4,0,0
BRDA:83,5,0,0
BRDA:86,6,0,0
BRDA:87,7,0,0
BRF:8
BRH:0
end_of_record
TN:
SF:/Users/thara/Desktop/share/20190104_IstanbulJS_Coverage_Issue/0_Problem/javascript_v2/src/Test/2_Function/2_Nested/ArrowFunction.js
FN:1,(anonymous_0)
FN:3,(anonymous_1)
FN:4,(anonymous_2)
FN:6,(anonymous_3)
FN:7,(anonymous_4)
FN:11,(anonymous_5)
FN:12,(anonymous_6)
FN:14,(anonymous_7)
FN:15,(anonymous_8)
FN:17,(anonymous_9)
FN:18,(anonymous_10)
FN:24,(anonymous_11)
FN:25,(anonymous_12)
FN:27,(anonymous_13)
FN:28,(anonymous_14)
FN:32,(anonymous_15)
FN:33,(anonymous_16)
FN:35,(anonymous_17)
FN:36,(anonymous_18)
FN:38,(anonymous_19)
FN:39,(anonymous_20)
FN:45,(anonymous_21)
FN:46,(anonymous_22)
FN:48,(anonymous_23)
FN:49,(anonymous_24)
FN:53,(anonymous_25)
FN:54,(anonymous_26)
FN:56,(anonymous_27)
FN:57,(anonymous_28)
FN:59,(anonymous_29)
FN:60,(anonymous_30)
FN:66,(anonymous_31)
FN:67,(anonymous_32)
FN:69,(anonymous_33)
FN:70,(anonymous_34)
FN:74,(anonymous_35)
FN:75,(anonymous_36)
FN:77,(anonymous_37)
FN:78,(anonymous_38)
FN:80,(anonymous_39)
FN:81,(anonymous_40)
FN:87,(anonymous_41)
FN:88,(anonymous_42)
FN:90,(anonymous_43)
FN:91,(anonymous_44)
FN:95,(anonymous_45)
FN:96,(anonymous_46)
FN:98,(anonymous_47)
FN:99,(anonymous_48)
FN:101,(anonymous_49)
FN:102,(anonymous_50)
FNF:51
FNH:1
FNDA:1,(anonymous_0)
FNDA:0,(anonymous_1)
FNDA:0,(anonymous_2)
FNDA:0,(anonymous_3)
FNDA:0,(anonymous_4)
FNDA:0,(anonymous_5)
FNDA:0,(anonymous_6)
FNDA:0,(anonymous_7)
FNDA:0,(anonymous_8)
FNDA:0,(anonymous_9)
FNDA:0,(anonymous_10)
FNDA:0,(anonymous_11)
FNDA:0,(anonymous_12)
FNDA:0,(anonymous_13)
FNDA:0,(anonymous_14)
FNDA:0,(anonymous_15)
FNDA:0,(anonymous_16)
FNDA:0,(anonymous_17)
FNDA:0,(anonymous_18)
FNDA:0,(anonymous_19)
FNDA:0,(anonymous_20)
FNDA:0,(anonymous_21)
FNDA:0,(anonymous_22)
FNDA:0,(anonymous_23)
FNDA:0,(anonymous_24)
FNDA:0,(anonymous_25)
FNDA:0,(anonymous_26)
FNDA:0,(anonymous_27)
FNDA:0,(anonymous_28)
FNDA:0,(anonymous_29)
FNDA:0,(anonymous_30)
FNDA:0,(anonymous_31)
FNDA:0,(anonymous_32)
FNDA:0,(anonymous_33)
FNDA:0,(anonymous_34)
FNDA:0,(anonymous_35)
FNDA:0,(anonymous_36)
FNDA:0,(anonymous_37)
FNDA:0,(anonymous_38)
FNDA:0,(anonymous_39)
FNDA:0,(anonymous_40)
FNDA:0,(anonymous_41)
FNDA:0,(anonymous_42)
FNDA:0,(anonymous_43)
FNDA:0,(anonymous_44)
FNDA:0,(anonymous_45)
FNDA:0,(anonymous_46)
FNDA:0,(anonymous_47)
FNDA:0,(anonymous_48)
FNDA:0,(anonymous_49)
FNDA:0,(anonymous_50)
DA:3,1
DA:4,0
DA:6,1
DA:7,0
DA:8,0
DA:11,1
DA:12,0
DA:14,1
DA:15,0
DA:17,1
DA:18,0
DA:24,1
DA:25,0
DA:27,1
DA:28,0
DA:29,0
DA:32,1
DA:33,0
DA:35,1
DA:36,0
DA:38,1
DA:39,0
DA:45,1
DA:46,0
DA:48,1
DA:49,0
DA:50,0
DA:53,1
DA:54,0
DA:56,1
DA:57,0
DA:59,1
DA:60,0
DA:66,1
DA:67,0
DA:69,1
DA:70,0
DA:71,0
DA:74,1
DA:75,0
DA:77,1
DA:78,0
DA:80,1
DA:81,0
DA:87,1
DA:88,0
DA:90,1
DA:91,0
DA:92,0
DA:95,1
DA:96,0
DA:98,1
DA:99,0
DA:101,1
DA:102,0
LF:55
LH:25
BRDA:88,0,0,0
BRDA:88,1,0,0
BRDA:91,2,0,0
BRDA:91,3,0,0
BRDA:96,4,0,0
BRDA:96,5,0,0
BRDA:99,6,0,0
BRDA:99,7,0,0
BRDA:102,8,0,0
BRDA:102,9,0,0
BRF:10
BRH:0
end_of_record
TN:
SF:/Users/thara/Desktop/share/20190104_IstanbulJS_Coverage_Issue/0_Problem/javascript_v2/src/Test/2_Function/2_Nested/ClassMethod.js
FN:27,(anonymous_0)
FNF:1
FNH:1
FNDA:1,(anonymous_0)
LF:0
LH:0
BRF:0
BRH:0
end_of_record
TN:
SF:/Users/thara/Desktop/share/20190104_IstanbulJS_Coverage_Issue/0_Problem/javascript_v2/src/Test/2_Function/2_Nested/FunctionDeclaration.js
FN:1,(anonymous_0)
FN:3,functionDeclaration01
FN:4,(anonymous_2)
FN:6,functionDeclaration02
FN:7,(anonymous_4)
FN:13,functionDeclaration11
FN:14,(anonymous_6)
FN:16,functionDeclaration12
FN:17,(anonymous_8)
FN:23,functionDeclaration21
FN:24,(anonymous_10)
FN:26,functionDeclaration22
FN:27,(anonymous_12)
FN:33,functionDeclaration31
FN:34,(anonymous_14)
FN:36,functionDeclaration32
FN:37,(anonymous_16)
FNF:17
FNH:1
FNDA:1,(anonymous_0)
FNDA:0,functionDeclaration01
FNDA:0,(anonymous_2)
FNDA:0,functionDeclaration02
FNDA:0,(anonymous_4)
FNDA:0,functionDeclaration11
FNDA:0,(anonymous_6)
FNDA:0,functionDeclaration12
FNDA:0,(anonymous_8)
FNDA:0,functionDeclaration21
FNDA:0,(anonymous_10)
FNDA:0,functionDeclaration22
FNDA:0,(anonymous_12)
FNDA:0,functionDeclaration31
FNDA:0,(anonymous_14)
FNDA:0,functionDeclaration32
FNDA:0,(anonymous_16)
DA:4,0
DA:7,0
DA:8,0
DA:14,0
DA:17,0
DA:18,0
DA:24,0
DA:27,0
DA:28,0
DA:34,0
DA:37,0
DA:38,0
LF:12
LH:0
BRDA:34,0,0,0
BRDA:34,1,0,0
BRDA:37,2,0,0
BRDA:37,3,0,0
BRF:4
BRH:0
end_of_record
TN:
SF:/Users/thara/Desktop/share/20190104_IstanbulJS_Coverage_Issue/0_Problem/javascript_v2/src/Test/2_Function/2_Nested/FunctionExpression.js
FN:1,(anonymous_0)
FN:4,(anonymous_1)
FN:5,(anonymous_2)
FN:7,(anonymous_3)
FN:8,(anonymous_4)
FN:14,(anonymous_5)
FN:15,(anonymous_6)
FN:17,(anonymous_7)
FN:18,(anonymous_8)
FN:24,(anonymous_9)
FN:25,(anonymous_10)
FN:27,(anonymous_11)
FN:28,(anonymous_12)
FN:34,(anonymous_13)
FN:35,(anonymous_14)
FN:37,(anonymous_15)
FN:38,(anonymous_16)
FN:45,(anonymous_17)
FN:46,functionExpressionNamed01
FN:48,(anonymous_19)
FN:49,functionExpressionNamed02
FN:55,(anonymous_21)
FN:56,functionExpressionNamed11
FN:58,(anonymous_23)
FN:59,functionExpressionNamed12
FN:65,(anonymous_25)
FN:66,functionExpressionNamed21
FN:68,(anonymous_27)
FN:69,functionExpressionNamed22
FN:75,(anonymous_29)
FN:76,functionExpressionNamed31
FN:78,(anonymous_31)
FN:79,functionExpressionNamed32
FNF:33
FNH:1
FNDA:1,(anonymous_0)
FNDA:0,(anonymous_1)
FNDA:0,(anonymous_2)
FNDA:0,(anonymous_3)
FNDA:0,(anonymous_4)
FNDA:0,(anonymous_5)
FNDA:0,(anonymous_6)
FNDA:0,(anonymous_7)
FNDA:0,(anonymous_8)
FNDA:0,(anonymous_9)
FNDA:0,(anonymous_10)
FNDA:0,(anonymous_11)
FNDA:0,(anonymous_12)
FNDA:0,(anonymous_13)
FNDA:0,(anonymous_14)
FNDA:0,(anonymous_15)
FNDA:0,(anonymous_16)
FNDA:0,(anonymous_17)
FNDA:0,functionExpressionNamed01
FNDA:0,(anonymous_19)
FNDA:0,functionExpressionNamed02
FNDA:0,(anonymous_21)
FNDA:0,functionExpressionNamed11
FNDA:0,(anonymous_23)
FNDA:0,functionExpressionNamed12
FNDA:0,(anonymous_25)
FNDA:0,functionExpressionNamed21
FNDA:0,(anonymous_27)
FNDA:0,functionExpressionNamed22
FNDA:0,(anonymous_29)
FNDA:0,functionExpressionNamed31
FNDA:0,(anonymous_31)
FNDA:0,functionExpressionNamed32
DA:4,1
DA:5,0
DA:7,1
DA:8,0
DA:9,0
DA:14,1
DA:15,0
DA:17,1
DA:18,0
DA:19,0
DA:24,1
DA:25,0
DA:27,1
DA:28,0
DA:29,0
DA:34,1
DA:35,0
DA:37,1
DA:38,0
DA:39,0
DA:45,1
DA:46,0
DA:48,1
DA:49,0
DA:50,0
DA:55,1
DA:56,0
DA:58,1
DA:59,0
DA:60,0
DA:65,1
DA:66,0
DA:68,1
DA:69,0
DA:70,0
DA:75,1
DA:76,0
DA:78,1
DA:79,0
DA:80,0
LF:40
LH:16
BRDA:35,0,0,0
BRDA:35,1,0,0
BRDA:38,2,0,0
BRDA:38,3,0,0
BRDA:76,4,0,0
BRDA:76,5,0,0
BRDA:79,6,0,0
BRDA:79,7,0,0
BRF:8
BRH:0
end_of_record
TN:
SF:/Users/thara/Desktop/share/20190104_IstanbulJS_Coverage_Issue/0_Problem/javascript_v2/src/Test/2_Function/3_Abuse/ArrowFunction.js
FN:1,(anonymous_0)
FN:3,(anonymous_1)
FN:3,(anonymous_2)
FN:4,(anonymous_3)
FN:6,(anonymous_4)
FN:9,(anonymous_5)
FN:9,(anonymous_6)
FN:10,(anonymous_7)
FN:10,(anonymous_8)
FN:11,(anonymous_9)
FN:13,(anonymous_10)
FN:18,(anonymous_11)
FN:18,(anonymous_12)
FN:19,(anonymous_13)
FN:21,(anonymous_14)
FN:24,(anonymous_15)
FN:24,(anonymous_16)
FN:25,(anonymous_17)
FN:25,(anonymous_18)
FN:26,(anonymous_19)
FN:28,(anonymous_20)
FN:33,(anonymous_21)
FN:33,(anonymous_22)
FN:34,(anonymous_23)
FN:36,(anonymous_24)
FN:39,(anonymous_25)
FN:39,(anonymous_26)
FN:40,(anonymous_27)
FN:40,(anonymous_28)
FN:41,(anonymous_29)
FN:43,(anonymous_30)
FN:48,(anonymous_31)
FN:48,(anonymous_32)
FN:49,(anonymous_33)
FN:51,(anonymous_34)
FN:54,(anonymous_35)
FN:54,(anonymous_36)
FN:55,(anonymous_37)
FN:55,(anonymous_38)
FN:56,(anonymous_39)
FN:58,(anonymous_40)
FN:63,(anonymous_41)
FN:63,(anonymous_42)
FN:64,(anonymous_43)
FN:66,(anonymous_44)
FN:69,(anonymous_45)
FN:69,(anonymous_46)
FN:70,(anonymous_47)
FN:70,(anonymous_48)
FN:71,(anonymous_49)
FN:73,(anonymous_50)
FNF:51
FNH:1
FNDA:1,(anonymous_0)
FNDA:0,(anonymous_1)
FNDA:0,(anonymous_2)
FNDA:0,(anonymous_3)
FNDA:0,(anonymous_4)
FNDA:0,(anonymous_5)
FNDA:0,(anonymous_6)
FNDA:0,(anonymous_7)
FNDA:0,(anonymous_8)
FNDA:0,(anonymous_9)
FNDA:0,(anonymous_10)
FNDA:0,(anonymous_11)
FNDA:0,(anonymous_12)
FNDA:0,(anonymous_13)
FNDA:0,(anonymous_14)
FNDA:0,(anonymous_15)
FNDA:0,(anonymous_16)
FNDA:0,(anonymous_17)
FNDA:0,(anonymous_18)
FNDA:0,(anonymous_19)
FNDA:0,(anonymous_20)
FNDA:0,(anonymous_21)
FNDA:0,(anonymous_22)
FNDA:0,(anonymous_23)
FNDA:0,(anonymous_24)
FNDA:0,(anonymous_25)
FNDA:0,(anonymous_26)
FNDA:0,(anonymous_27)
FNDA:0,(anonymous_28)
FNDA:0,(anonymous_29)
FNDA:0,(anonymous_30)
FNDA:0,(anonymous_31)
FNDA:0,(anonymous_32)
FNDA:0,(anonymous_33)
FNDA:0,(anonymous_34)
FNDA:0,(anonymous_35)
FNDA:0,(anonymous_36)
FNDA:0,(anonymous_37)
FNDA:0,(anonymous_38)
FNDA:0,(anonymous_39)
FNDA:0,(anonymous_40)
FNDA:0,(anonymous_41)
FNDA:0,(anonymous_42)
FNDA:0,(anonymous_43)
FNDA:0,(anonymous_44)
FNDA:0,(anonymous_45)
FNDA:0,(anonymous_46)
FNDA:0,(anonymous_47)
FNDA:0,(anonymous_48)
FNDA:0,(anonymous_49)
FNDA:0,(anonymous_50)
DA:3,1
DA:4,1
DA:5,0
DA:6,1
DA:7,0
DA:9,1
DA:10,1
DA:11,1
DA:13,1
DA:18,1
DA:19,1
DA:20,0
DA:21,1
DA:22,0
DA:24,1
DA:25,1
DA:26,1
DA:28,1
DA:33,1
DA:34,1
DA:35,0
DA:36,1
DA:37,0
DA:39,1
DA:40,1
DA:41,1
DA:43,1
DA:48,1
DA:49,1
DA:50,0
DA:51,1
DA:52,0
DA:54,1
DA:55,1
DA:56,1
DA:58,1
DA:63,1
DA:64,1
DA:65,0
DA:66,1
DA:67,0
DA:69,1
DA:70,1
DA:71,1
DA:73,1
LF:45
LH:35
BRDA:63,0,0,0
BRDA:63,1,0,0
BRDA:63,2,0,0
BRDA:63,3,0,0
BRDA:64,4,0,0
BRDA:64,5,0,0
BRDA:66,6,0,0
BRDA:66,7,0,0
BRDA:69,8,0,0
BRDA:69,9,0,0
BRDA:69,10,0,0
BRDA:69,11,0,0
BRDA:70,12,0,0
BRDA:70,13,0,0
BRDA:70,14,0,0
BRDA:70,15,0,0
BRDA:71,16,0,0
BRDA:71,17,0,0
BRDA:73,18,0,0
BRDA:73,19,0,0
BRF:20
BRH:0
end_of_record
TN:
SF:/Users/thara/Desktop/share/20190104_IstanbulJS_Coverage_Issue/0_Problem/javascript_v2/src/Test/2_Function/3_Abuse/ClassMethod.js
FN:3,(anonymous_0)
FN:3,(anonymous_1)
FN:4,(anonymous_2)
FN:6,(anonymous_3)
FN:11,(anonymous_4)
FN:11,(anonymous_5)
FN:12,(anonymous_6)
FN:14,(anonymous_7)
FN:19,(anonymous_8)
FN:19,(anonymous_9)
FN:20,(anonymous_10)
FN:22,(anonymous_11)
FN:27,(anonymous_12)
FN:27,(anonymous_13)
FN:28,(anonymous_14)
FN:30,(anonymous_15)
FN:34,(anonymous_16)
FNF:17
FNH:1
FNDA:0,(anonymous_0)
FNDA:0,(anonymous_1)
FNDA:0,(anonymous_2)
FNDA:0,(anonymous_3)
FNDA:0,(anonymous_4)
FNDA:0,(anonymous_5)
FNDA:0,(anonymous_6)
FNDA:0,(anonymous_7)
FNDA:0,(anonymous_8)
FNDA:0,(anonymous_9)
FNDA:0,(anonymous_10)
FNDA:0,(anonymous_11)
FNDA:0,(anonymous_12)
FNDA:0,(anonymous_13)
FNDA:0,(anonymous_14)
FNDA:0,(anonymous_15)
FNDA:1,(anonymous_16)
DA:3,0
DA:5,0
DA:7,0
DA:11,0
DA:13,0
DA:15,0
DA:19,0
DA:21,0
DA:23,0
DA:27,0
DA:29,0
DA:31,0
LF:12
LH:0
BRDA:27,0,0,0
BRDA:27,1,0,0
BRDA:27,2,0,0
BRDA:27,3,0,0
BRDA:28,4,0,0
BRDA:28,5,0,0
BRDA:30,6,0,0
BRDA:30,7,0,0
BRF:8
BRH:0
end_of_record
TN:
SF:/Users/thara/Desktop/share/20190104_IstanbulJS_Coverage_Issue/0_Problem/javascript_v2/src/Test/2_Function/3_Abuse/FunctionDeclaration.js
FN:1,(anonymous_0)
FN:3,functionDeclaration01a
FN:3,functionDeclaration01b
FN:4,functionDeclaration02a
FN:6,functionDeclaration02b
FN:11,functionDeclaration11a
FN:11,functionDeclaration11b
FN:12,functionDeclaration12a
FN:14,functionDeclaration12b
FN:19,functionDeclaration21a
FN:19,functionDeclaration21b
FN:20,functionDeclaration22a
FN:22,functionDeclaration22b
FN:27,functionDeclaration31a
FN:27,functionDeclaration31b
FN:28,functionDeclaration32a
FN:30,functionDeclaration32b
FNF:17
FNH:1
FNDA:1,(anonymous_0)
FNDA:0,functionDeclaration01a
FNDA:0,functionDeclaration01b
FNDA:0,functionDeclaration02a
FNDA:0,functionDeclaration02b
FNDA:0,functionDeclaration11a
FNDA:0,functionDeclaration11b
FNDA:0,functionDeclaration12a
FNDA:0,functionDeclaration12b
FNDA:0,functionDeclaration21a
FNDA:0,functionDeclaration21b
FNDA:0,functionDeclaration22a
FNDA:0,functionDeclaration22b
FNDA:0,functionDeclaration31a
FNDA:0,functionDeclaration31b
FNDA:0,functionDeclaration32a
FNDA:0,functionDeclaration32b
DA:3,0
DA:5,0
DA:7,0
DA:11,0
DA:13,0
DA:15,0
DA:19,0
DA:21,0
DA:23,0
DA:27,0
DA:29,0
DA:31,0
LF:12
LH:0
BRDA:27,0,0,0
BRDA:27,1,0,0
BRDA:27,2,0,0
BRDA:27,3,0,0
BRDA:28,4,0,0
BRDA:28,5,0,0
BRDA:30,6,0,0
BRDA:30,7,0,0
BRF:8
BRH:0
end_of_record
TN:
SF:/Users/thara/Desktop/share/20190104_IstanbulJS_Coverage_Issue/0_Problem/javascript_v2/src/Test/2_Function/3_Abuse/FunctionExpression.js
FN:1,(anonymous_0)
FN:4,(anonymous_1)
FN:4,(anonymous_2)
FN:5,(anonymous_3)
FN:7,(anonymous_4)
FN:12,(anonymous_5)
FN:12,(anonymous_6)
FN:13,(anonymous_7)
FN:15,(anonymous_8)
FN:20,(anonymous_9)
FN:20,(anonymous_10)
FN:21,(anonymous_11)
FN:23,(anonymous_12)
FN:28,(anonymous_13)
FN:28,(anonymous_14)
FN:29,(anonymous_15)
FN:31,(anonymous_16)
FN:37,functionExpressionNamed01a
FN:37,functionExpressionNamed01b
FN:38,functionExpressionNamed02a
FN:40,functionExpressionNamed02b
FN:45,functionExpressionNamed11a
FN:45,functionExpressionNamed11b
FN:46,functionExpressionNamed12a
FN:48,functionExpressionNamed12b
FN:53,functionExpressionNamed21a
FN:53,functionExpressionNamed21b
FN:54,functionExpressionNamed22a
FN:56,functionExpressionNamed22b
FN:61,functionExpressionNamed31a
FN:61,functionExpressionNamed31b
FN:62,functionExpressionNamed32a
FN:64,functionExpressionNamed32b
FNF:33
FNH:1
FNDA:1,(anonymous_0)
FNDA:0,(anonymous_1)
FNDA:0,(anonymous_2)
FNDA:0,(anonymous_3)
FNDA:0,(anonymous_4)
FNDA:0,(anonymous_5)
FNDA:0,(anonymous_6)
FNDA:0,(anonymous_7)
FNDA:0,(anonymous_8)
FNDA:0,(anonymous_9)
FNDA:0,(anonymous_10)
FNDA:0,(anonymous_11)
FNDA:0,(anonymous_12)
FNDA:0,(anonymous_13)
FNDA:0,(anonymous_14)
FNDA:0,(anonymous_15)
FNDA:0,(anonymous_16)
FNDA:0,functionExpressionNamed01a
FNDA:0,functionExpressionNamed01b
FNDA:0,functionExpressionNamed02a
FNDA:0,functionExpressionNamed02b
FNDA:0,functionExpressionNamed11a
FNDA:0,functionExpressionNamed11b
FNDA:0,functionExpressionNamed12a
FNDA:0,functionExpressionNamed12b
FNDA:0,functionExpressionNamed21a
FNDA:0,functionExpressionNamed21b
FNDA:0,functionExpressionNamed22a
FNDA:0,functionExpressionNamed22b
FNDA:0,functionExpressionNamed31a
FNDA:0,functionExpressionNamed31b
FNDA:0,functionExpressionNamed32a
FNDA:0,functionExpressionNamed32b
DA:4,1
DA:5,1
DA:6,0
DA:7,1
DA:8,0
DA:12,1
DA:13,1
DA:14,0
DA:15,1
DA:16,0
DA:20,1
DA:21,1
DA:22,0
DA:23,1
DA:24,0
DA:28,1
DA:29,1
DA:30,0
DA:31,1
DA:32,0
DA:37,1
DA:38,1
DA:39,0
DA:40,1
DA:41,0
DA:45,1
DA:46,1
DA:47,0
DA:48,1
DA:49,0
DA:53,1
DA:54,1
DA:55,0
DA:56,1
DA:57,0
DA:61,1
DA:62,1
DA:63,0
DA:64,1
DA:65,0
LF:40
LH:24
BRDA:28,0,0,0
BRDA:28,1,0,0
BRDA:28,2,0,0
BRDA:28,3,0,0
BRDA:29,4,0,0
BRDA:29,5,0,0
BRDA:31,6,0,0
BRDA:31,7,0,0
BRDA:61,8,0,0
BRDA:61,9,0,0
BRDA:61,10,0,0
BRDA:61,11,0,0
BRDA:62,12,0,0
BRDA:62,13,0,0
BRDA:64,14,0,0
BRDA:64,15,0,0
BRF:16
BRH:0
end_of_record
